[0.057s] Invoking command in '/root/PILI_stealth_killer/pili_stealth_ws/build/more_interfaces': CMAKE_PREFIX_PATH=${CMAKE_PREFIX_PATH}:/opt/ros/humble /usr/bin/cmake --build /root/PILI_stealth_killer/pili_stealth_ws/build/more_interfaces -- -j8 -l8
[0.151s] [  2%] Built target more_interfaces__cpp
[0.173s] [ 12%] Built target more_interfaces__rosidl_generator_c
[0.192s] [ 12%] Built target ament_cmake_python_copy_more_interfaces
[0.256s] [ 23%] Built target more_interfaces__rosidl_typesupport_cpp
[0.273s] [ 33%] Built target more_interfaces__rosidl_typesupport_introspection_c
[0.275s] [ 43%] Built target more_interfaces__rosidl_typesupport_fastrtps_c
[0.293s] [ 53%] Built target more_interfaces__rosidl_typesupport_c
[0.308s] [ 64%] Built target more_interfaces__rosidl_typesupport_fastrtps_cpp
[0.326s] [ 74%] Built target more_interfaces__rosidl_typesupport_introspection_cpp
[0.390s] [ 74%] Built target more_interfaces
[0.431s] [ 76%] Built target more_interfaces__py
[0.482s] [ 84%] Built target more_interfaces__rosidl_generator_py
[0.540s] running egg_info
[0.542s] writing more_interfaces.egg-info/PKG-INFO
[0.542s] writing dependency_links to more_interfaces.egg-info/dependency_links.txt
[0.542s] writing top-level names to more_interfaces.egg-info/top_level.txt
[0.546s] reading manifest file 'more_interfaces.egg-info/SOURCES.txt'
[0.547s] writing manifest file 'more_interfaces.egg-info/SOURCES.txt'
[0.586s] [ 84%] Built target ament_cmake_python_build_more_interfaces_egg
[0.603s] [ 89%] Built target more_interfaces__rosidl_typesupport_c__pyext
[0.605s] [ 94%] Built target more_interfaces__rosidl_typesupport_introspection_c__pyext
[0.614s] [100%] Built target more_interfaces__rosidl_typesupport_fastrtps_c__pyext
[0.631s] Invoked command in '/root/PILI_stealth_killer/pili_stealth_ws/build/more_interfaces' returned '0': CMAKE_PREFIX_PATH=${CMAKE_PREFIX_PATH}:/opt/ros/humble /usr/bin/cmake --build /root/PILI_stealth_killer/pili_stealth_ws/build/more_interfaces -- -j8 -l8
[1.028s] Invoking command in '/root/PILI_stealth_killer/pili_stealth_ws/build/more_interfaces': CMAKE_PREFIX_PATH=${CMAKE_PREFIX_PATH}:/opt/ros/humble /usr/bin/cmake --install /root/PILI_stealth_killer/pili_stealth_ws/build/more_interfaces
[1.039s] -- Install configuration: ""
[1.040s] -- Up-to-date: /root/PILI_stealth_killer/pili_stealth_ws/install/more_interfaces/share/ament_index/resource_index/rosidl_interfaces/more_interfaces
[1.040s] -- Up-to-date: /root/PILI_stealth_killer/pili_stealth_ws/install/more_interfaces/include/more_interfaces/more_interfaces
[1.040s] -- Up-to-date: /root/PILI_stealth_killer/pili_stealth_ws/install/more_interfaces/include/more_interfaces/more_interfaces/msg
[1.040s] -- Up-to-date: /root/PILI_stealth_killer/pili_stealth_ws/install/more_interfaces/include/more_interfaces/more_interfaces/msg/rosidl_generator_c__visibility_control.h
[1.041s] -- Up-to-date: /root/PILI_stealth_killer/pili_stealth_ws/install/more_interfaces/include/more_interfaces/more_interfaces/msg/detail
[1.041s] -- Up-to-date: /root/PILI_stealth_killer/pili_stealth_ws/install/more_interfaces/include/more_interfaces/more_interfaces/msg/detail/command__functions.c
[1.041s] -- Up-to-date: /root/PILI_stealth_killer/pili_stealth_ws/install/more_interfaces/include/more_interfaces/more_interfaces/msg/detail/command__struct.h
[1.041s] -- Up-to-date: /root/PILI_stealth_killer/pili_stealth_ws/install/more_interfaces/include/more_interfaces/more_interfaces/msg/detail/command__functions.h
[1.041s] -- Up-to-date: /root/PILI_stealth_killer/pili_stealth_ws/install/more_interfaces/include/more_interfaces/more_interfaces/msg/detail/command__type_support.h
[1.041s] -- Up-to-date: /root/PILI_stealth_killer/pili_stealth_ws/install/more_interfaces/include/more_interfaces/more_interfaces/msg/command.h
[1.042s] -- Up-to-date: /root/PILI_stealth_killer/pili_stealth_ws/install/more_interfaces/include/more_interfaces/more_interfaces/srv
[1.042s] -- Up-to-date: /root/PILI_stealth_killer/pili_stealth_ws/install/more_interfaces/include/more_interfaces/more_interfaces/srv/detail
[1.042s] -- Up-to-date: /root/PILI_stealth_killer/pili_stealth_ws/install/more_interfaces/include/more_interfaces/more_interfaces/srv/detail/command_service__type_support.h
[1.042s] -- Up-to-date: /root/PILI_stealth_killer/pili_stealth_ws/install/more_interfaces/include/more_interfaces/more_interfaces/srv/detail/command_service__struct.h
[1.042s] -- Up-to-date: /root/PILI_stealth_killer/pili_stealth_ws/install/more_interfaces/include/more_interfaces/more_interfaces/srv/detail/command_service__functions.c
[1.042s] -- Up-to-date: /root/PILI_stealth_killer/pili_stealth_ws/install/more_interfaces/include/more_interfaces/more_interfaces/srv/detail/command_service__functions.h
[1.043s] -- Up-to-date: /root/PILI_stealth_killer/pili_stealth_ws/install/more_interfaces/include/more_interfaces/more_interfaces/srv/command_service.h
[1.043s] -- Up-to-date: /root/PILI_stealth_killer/pili_stealth_ws/install/more_interfaces/share/more_interfaces/environment/library_path.sh
[1.043s] -- Up-to-date: /root/PILI_stealth_killer/pili_stealth_ws/install/more_interfaces/share/more_interfaces/environment/library_path.dsv
[1.043s] -- Up-to-date: /root/PILI_stealth_killer/pili_stealth_ws/install/more_interfaces/lib/libmore_interfaces__rosidl_generator_c.so
[1.044s] -- Up-to-date: /root/PILI_stealth_killer/pili_stealth_ws/install/more_interfaces/include/more_interfaces/more_interfaces
[1.044s] -- Up-to-date: /root/PILI_stealth_killer/pili_stealth_ws/install/more_interfaces/include/more_interfaces/more_interfaces/msg
[1.044s] -- Up-to-date: /root/PILI_stealth_killer/pili_stealth_ws/install/more_interfaces/include/more_interfaces/more_interfaces/msg/rosidl_typesupport_fastrtps_c__visibility_control.h
[1.044s] -- Up-to-date: /root/PILI_stealth_killer/pili_stealth_ws/install/more_interfaces/include/more_interfaces/more_interfaces/msg/detail
[1.045s] -- Up-to-date: /root/PILI_stealth_killer/pili_stealth_ws/install/more_interfaces/include/more_interfaces/more_interfaces/msg/detail/command__rosidl_typesupport_fastrtps_c.h
[1.045s] -- Up-to-date: /root/PILI_stealth_killer/pili_stealth_ws/install/more_interfaces/include/more_interfaces/more_interfaces/srv
[1.045s] -- Up-to-date: /root/PILI_stealth_killer/pili_stealth_ws/install/more_interfaces/include/more_interfaces/more_interfaces/srv/detail
[1.045s] -- Up-to-date: /root/PILI_stealth_killer/pili_stealth_ws/install/more_interfaces/include/more_interfaces/more_interfaces/srv/detail/command_service__rosidl_typesupport_fastrtps_c.h
[1.045s] -- Up-to-date: /root/PILI_stealth_killer/pili_stealth_ws/install/more_interfaces/lib/libmore_interfaces__rosidl_typesupport_fastrtps_c.so
[1.046s] -- Up-to-date: /root/PILI_stealth_killer/pili_stealth_ws/install/more_interfaces/include/more_interfaces/more_interfaces
[1.046s] -- Up-to-date: /root/PILI_stealth_killer/pili_stealth_ws/install/more_interfaces/include/more_interfaces/more_interfaces/msg
[1.046s] -- Up-to-date: /root/PILI_stealth_killer/pili_stealth_ws/install/more_interfaces/include/more_interfaces/more_interfaces/msg/detail
[1.046s] -- Up-to-date: /root/PILI_stealth_killer/pili_stealth_ws/install/more_interfaces/include/more_interfaces/more_interfaces/msg/detail/command__rosidl_typesupport_introspection_c.h
[1.047s] -- Up-to-date: /root/PILI_stealth_killer/pili_stealth_ws/install/more_interfaces/include/more_interfaces/more_interfaces/msg/detail/command__type_support.c
[1.047s] -- Up-to-date: /root/PILI_stealth_killer/pili_stealth_ws/install/more_interfaces/include/more_interfaces/more_interfaces/msg/rosidl_typesupport_introspection_c__visibility_control.h
[1.047s] -- Up-to-date: /root/PILI_stealth_killer/pili_stealth_ws/install/more_interfaces/include/more_interfaces/more_interfaces/srv
[1.047s] -- Up-to-date: /root/PILI_stealth_killer/pili_stealth_ws/install/more_interfaces/include/more_interfaces/more_interfaces/srv/detail
[1.047s] -- Up-to-date: /root/PILI_stealth_killer/pili_stealth_ws/install/more_interfaces/include/more_interfaces/more_interfaces/srv/detail/command_service__type_support.c
[1.047s] -- Up-to-date: /root/PILI_stealth_killer/pili_stealth_ws/install/more_interfaces/include/more_interfaces/more_interfaces/srv/detail/command_service__rosidl_typesupport_introspection_c.h
[1.048s] -- Up-to-date: /root/PILI_stealth_killer/pili_stealth_ws/install/more_interfaces/lib/libmore_interfaces__rosidl_typesupport_introspection_c.so
[1.048s] -- Up-to-date: /root/PILI_stealth_killer/pili_stealth_ws/install/more_interfaces/lib/libmore_interfaces__rosidl_typesupport_c.so
[1.049s] -- Up-to-date: /root/PILI_stealth_killer/pili_stealth_ws/install/more_interfaces/include/more_interfaces/more_interfaces
[1.049s] -- Up-to-date: /root/PILI_stealth_killer/pili_stealth_ws/install/more_interfaces/include/more_interfaces/more_interfaces/msg
[1.049s] -- Up-to-date: /root/PILI_stealth_killer/pili_stealth_ws/install/more_interfaces/include/more_interfaces/more_interfaces/msg/command.hpp
[1.049s] -- Up-to-date: /root/PILI_stealth_killer/pili_stealth_ws/install/more_interfaces/include/more_interfaces/more_interfaces/msg/detail
[1.049s] -- Up-to-date: /root/PILI_stealth_killer/pili_stealth_ws/install/more_interfaces/include/more_interfaces/more_interfaces/msg/detail/command__traits.hpp
[1.050s] -- Up-to-date: /root/PILI_stealth_killer/pili_stealth_ws/install/more_interfaces/include/more_interfaces/more_interfaces/msg/detail/command__struct.hpp
[1.050s] -- Up-to-date: /root/PILI_stealth_killer/pili_stealth_ws/install/more_interfaces/include/more_interfaces/more_interfaces/msg/detail/command__builder.hpp
[1.050s] -- Up-to-date: /root/PILI_stealth_killer/pili_stealth_ws/install/more_interfaces/include/more_interfaces/more_interfaces/srv
[1.050s] -- Up-to-date: /root/PILI_stealth_killer/pili_stealth_ws/install/more_interfaces/include/more_interfaces/more_interfaces/srv/detail
[1.050s] -- Up-to-date: /root/PILI_stealth_killer/pili_stealth_ws/install/more_interfaces/include/more_interfaces/more_interfaces/srv/detail/command_service__traits.hpp
[1.050s] -- Up-to-date: /root/PILI_stealth_killer/pili_stealth_ws/install/more_interfaces/include/more_interfaces/more_interfaces/srv/detail/command_service__builder.hpp
[1.051s] -- Up-to-date: /root/PILI_stealth_killer/pili_stealth_ws/install/more_interfaces/include/more_interfaces/more_interfaces/srv/detail/command_service__struct.hpp
[1.051s] -- Up-to-date: /root/PILI_stealth_killer/pili_stealth_ws/install/more_interfaces/include/more_interfaces/more_interfaces/srv/command_service.hpp
[1.051s] -- Up-to-date: /root/PILI_stealth_killer/pili_stealth_ws/install/more_interfaces/include/more_interfaces/more_interfaces
[1.051s] -- Up-to-date: /root/PILI_stealth_killer/pili_stealth_ws/install/more_interfaces/include/more_interfaces/more_interfaces/msg
[1.051s] -- Up-to-date: /root/PILI_stealth_killer/pili_stealth_ws/install/more_interfaces/include/more_interfaces/more_interfaces/msg/detail
[1.051s] -- Up-to-date: /root/PILI_stealth_killer/pili_stealth_ws/install/more_interfaces/include/more_interfaces/more_interfaces/msg/detail/command__rosidl_typesupport_fastrtps_cpp.hpp
[1.052s] -- Up-to-date: /root/PILI_stealth_killer/pili_stealth_ws/install/more_interfaces/include/more_interfaces/more_interfaces/msg/detail/dds_fastrtps
[1.052s] -- Up-to-date: /root/PILI_stealth_killer/pili_stealth_ws/install/more_interfaces/include/more_interfaces/more_interfaces/msg/rosidl_typesupport_fastrtps_cpp__visibility_control.h
[1.052s] -- Up-to-date: /root/PILI_stealth_killer/pili_stealth_ws/install/more_interfaces/include/more_interfaces/more_interfaces/srv
[1.052s] -- Up-to-date: /root/PILI_stealth_killer/pili_stealth_ws/install/more_interfaces/include/more_interfaces/more_interfaces/srv/detail
[1.052s] -- Up-to-date: /root/PILI_stealth_killer/pili_stealth_ws/install/more_interfaces/include/more_interfaces/more_interfaces/srv/detail/dds_fastrtps
[1.053s] -- Up-to-date: /root/PILI_stealth_killer/pili_stealth_ws/install/more_interfaces/include/more_interfaces/more_interfaces/srv/detail/command_service__rosidl_typesupport_fastrtps_cpp.hpp
[1.053s] -- Up-to-date: /root/PILI_stealth_killer/pili_stealth_ws/install/more_interfaces/lib/libmore_interfaces__rosidl_typesupport_fastrtps_cpp.so
[1.053s] -- Up-to-date: /root/PILI_stealth_killer/pili_stealth_ws/install/more_interfaces/include/more_interfaces/more_interfaces
[1.053s] -- Up-to-date: /root/PILI_stealth_killer/pili_stealth_ws/install/more_interfaces/include/more_interfaces/more_interfaces/msg
[1.054s] -- Up-to-date: /root/PILI_stealth_killer/pili_stealth_ws/install/more_interfaces/include/more_interfaces/more_interfaces/msg/detail
[1.054s] -- Up-to-date: /root/PILI_stealth_killer/pili_stealth_ws/install/more_interfaces/include/more_interfaces/more_interfaces/msg/detail/command__rosidl_typesupport_introspection_cpp.hpp
[1.054s] -- Up-to-date: /root/PILI_stealth_killer/pili_stealth_ws/install/more_interfaces/include/more_interfaces/more_interfaces/msg/detail/command__type_support.cpp
[1.054s] -- Up-to-date: /root/PILI_stealth_killer/pili_stealth_ws/install/more_interfaces/include/more_interfaces/more_interfaces/srv
[1.054s] -- Up-to-date: /root/PILI_stealth_killer/pili_stealth_ws/install/more_interfaces/include/more_interfaces/more_interfaces/srv/detail
[1.054s] -- Up-to-date: /root/PILI_stealth_killer/pili_stealth_ws/install/more_interfaces/include/more_interfaces/more_interfaces/srv/detail/command_service__type_support.cpp
[1.055s] -- Up-to-date: /root/PILI_stealth_killer/pili_stealth_ws/install/more_interfaces/include/more_interfaces/more_interfaces/srv/detail/command_service__rosidl_typesupport_introspection_cpp.hpp
[1.055s] -- Up-to-date: /root/PILI_stealth_killer/pili_stealth_ws/install/more_interfaces/lib/libmore_interfaces__rosidl_typesupport_introspection_cpp.so
[1.055s] -- Up-to-date: /root/PILI_stealth_killer/pili_stealth_ws/install/more_interfaces/lib/libmore_interfaces__rosidl_typesupport_cpp.so
[1.056s] -- Up-to-date: /root/PILI_stealth_killer/pili_stealth_ws/install/more_interfaces/share/more_interfaces/environment/pythonpath.sh
[1.056s] -- Up-to-date: /root/PILI_stealth_killer/pili_stealth_ws/install/more_interfaces/share/more_interfaces/environment/pythonpath.dsv
[1.056s] -- Up-to-date: /root/PILI_stealth_killer/pili_stealth_ws/install/more_interfaces/local/lib/python3.10/dist-packages/more_interfaces-0.0.0-py3.10.egg-info
[1.056s] -- Installing: /root/PILI_stealth_killer/pili_stealth_ws/install/more_interfaces/local/lib/python3.10/dist-packages/more_interfaces-0.0.0-py3.10.egg-info/SOURCES.txt
[1.057s] -- Installing: /root/PILI_stealth_killer/pili_stealth_ws/install/more_interfaces/local/lib/python3.10/dist-packages/more_interfaces-0.0.0-py3.10.egg-info/top_level.txt
[1.057s] -- Installing: /root/PILI_stealth_killer/pili_stealth_ws/install/more_interfaces/local/lib/python3.10/dist-packages/more_interfaces-0.0.0-py3.10.egg-info/dependency_links.txt
[1.058s] -- Installing: /root/PILI_stealth_killer/pili_stealth_ws/install/more_interfaces/local/lib/python3.10/dist-packages/more_interfaces-0.0.0-py3.10.egg-info/PKG-INFO
[1.058s] -- Up-to-date: /root/PILI_stealth_killer/pili_stealth_ws/install/more_interfaces/local/lib/python3.10/dist-packages/more_interfaces
[1.058s] -- Up-to-date: /root/PILI_stealth_killer/pili_stealth_ws/install/more_interfaces/local/lib/python3.10/dist-packages/more_interfaces/__init__.py
[1.058s] -- Up-to-date: /root/PILI_stealth_killer/pili_stealth_ws/install/more_interfaces/local/lib/python3.10/dist-packages/more_interfaces/more_interfaces_s__rosidl_typesupport_introspection_c.cpython-310-x86_64-linux-gnu.so
[1.059s] -- Up-to-date: /root/PILI_stealth_killer/pili_stealth_ws/install/more_interfaces/local/lib/python3.10/dist-packages/more_interfaces/more_interfaces_s__rosidl_typesupport_c.cpython-310-x86_64-linux-gnu.so
[1.059s] -- Up-to-date: /root/PILI_stealth_killer/pili_stealth_ws/install/more_interfaces/local/lib/python3.10/dist-packages/more_interfaces/msg
[1.059s] -- Up-to-date: /root/PILI_stealth_killer/pili_stealth_ws/install/more_interfaces/local/lib/python3.10/dist-packages/more_interfaces/msg/_command.py
[1.059s] -- Up-to-date: /root/PILI_stealth_killer/pili_stealth_ws/install/more_interfaces/local/lib/python3.10/dist-packages/more_interfaces/msg/_command_s.c
[1.059s] -- Up-to-date: /root/PILI_stealth_killer/pili_stealth_ws/install/more_interfaces/local/lib/python3.10/dist-packages/more_interfaces/msg/__init__.py
[1.059s] -- Up-to-date: /root/PILI_stealth_killer/pili_stealth_ws/install/more_interfaces/local/lib/python3.10/dist-packages/more_interfaces/more_interfaces_s__rosidl_typesupport_fastrtps_c.cpython-310-x86_64-linux-gnu.so
[1.060s] -- Up-to-date: /root/PILI_stealth_killer/pili_stealth_ws/install/more_interfaces/local/lib/python3.10/dist-packages/more_interfaces/srv
[1.060s] -- Up-to-date: /root/PILI_stealth_killer/pili_stealth_ws/install/more_interfaces/local/lib/python3.10/dist-packages/more_interfaces/srv/__init__.py
[1.060s] -- Up-to-date: /root/PILI_stealth_killer/pili_stealth_ws/install/more_interfaces/local/lib/python3.10/dist-packages/more_interfaces/srv/_command_service_s.c
[1.060s] -- Up-to-date: /root/PILI_stealth_killer/pili_stealth_ws/install/more_interfaces/local/lib/python3.10/dist-packages/more_interfaces/srv/_command_service.py
[1.060s] -- Up-to-date: /root/PILI_stealth_killer/pili_stealth_ws/install/more_interfaces/local/lib/python3.10/dist-packages/more_interfaces/libmore_interfaces__rosidl_generator_py.so
[1.060s] -- Up-to-date: /root/PILI_stealth_killer/pili_stealth_ws/install/more_interfaces/local/lib/python3.10/dist-packages/more_interfaces/_more_interfaces_s.ep.rosidl_typesupport_introspection_c.c
[1.061s] -- Up-to-date: /root/PILI_stealth_killer/pili_stealth_ws/install/more_interfaces/local/lib/python3.10/dist-packages/more_interfaces/_more_interfaces_s.ep.rosidl_typesupport_fastrtps_c.c
[1.066s] -- Up-to-date: /root/PILI_stealth_killer/pili_stealth_ws/install/more_interfaces/local/lib/python3.10/dist-packages/more_interfaces/_more_interfaces_s.ep.rosidl_typesupport_c.c
[1.102s] Listing '/root/PILI_stealth_killer/pili_stealth_ws/install/more_interfaces/local/lib/python3.10/dist-packages/more_interfaces'...
[1.102s] Listing '/root/PILI_stealth_killer/pili_stealth_ws/install/more_interfaces/local/lib/python3.10/dist-packages/more_interfaces/msg'...
[1.102s] Listing '/root/PILI_stealth_killer/pili_stealth_ws/install/more_interfaces/local/lib/python3.10/dist-packages/more_interfaces/srv'...
[1.108s] -- Up-to-date: /root/PILI_stealth_killer/pili_stealth_ws/install/more_interfaces/local/lib/python3.10/dist-packages/more_interfaces/more_interfaces_s__rosidl_typesupport_fastrtps_c.cpython-310-x86_64-linux-gnu.so
[1.108s] -- Up-to-date: /root/PILI_stealth_killer/pili_stealth_ws/install/more_interfaces/local/lib/python3.10/dist-packages/more_interfaces/more_interfaces_s__rosidl_typesupport_introspection_c.cpython-310-x86_64-linux-gnu.so
[1.109s] -- Up-to-date: /root/PILI_stealth_killer/pili_stealth_ws/install/more_interfaces/local/lib/python3.10/dist-packages/more_interfaces/more_interfaces_s__rosidl_typesupport_c.cpython-310-x86_64-linux-gnu.so
[1.110s] -- Up-to-date: /root/PILI_stealth_killer/pili_stealth_ws/install/more_interfaces/lib/libmore_interfaces__rosidl_generator_py.so
[1.110s] -- Up-to-date: /root/PILI_stealth_killer/pili_stealth_ws/install/more_interfaces/share/more_interfaces/msg/Command.idl
[1.110s] -- Up-to-date: /root/PILI_stealth_killer/pili_stealth_ws/install/more_interfaces/share/more_interfaces/srv/CommandService.idl
[1.111s] -- Up-to-date: /root/PILI_stealth_killer/pili_stealth_ws/install/more_interfaces/share/more_interfaces/msg/Command.msg
[1.111s] -- Up-to-date: /root/PILI_stealth_killer/pili_stealth_ws/install/more_interfaces/share/more_interfaces/srv/CommandService.srv
[1.111s] -- Up-to-date: /root/PILI_stealth_killer/pili_stealth_ws/install/more_interfaces/share/more_interfaces/srv/CommandService_Request.msg
[1.111s] -- Up-to-date: /root/PILI_stealth_killer/pili_stealth_ws/install/more_interfaces/share/more_interfaces/srv/CommandService_Response.msg
[1.111s] -- Up-to-date: /root/PILI_stealth_killer/pili_stealth_ws/install/more_interfaces/share/ament_index/resource_index/package_run_dependencies/more_interfaces
[1.112s] -- Up-to-date: /root/PILI_stealth_killer/pili_stealth_ws/install/more_interfaces/share/ament_index/resource_index/parent_prefix_path/more_interfaces
[1.112s] -- Up-to-date: /root/PILI_stealth_killer/pili_stealth_ws/install/more_interfaces/share/more_interfaces/environment/ament_prefix_path.sh
[1.112s] -- Up-to-date: /root/PILI_stealth_killer/pili_stealth_ws/install/more_interfaces/share/more_interfaces/environment/ament_prefix_path.dsv
[1.112s] -- Up-to-date: /root/PILI_stealth_killer/pili_stealth_ws/install/more_interfaces/share/more_interfaces/environment/path.sh
[1.113s] -- Up-to-date: /root/PILI_stealth_killer/pili_stealth_ws/install/more_interfaces/share/more_interfaces/environment/path.dsv
[1.113s] -- Up-to-date: /root/PILI_stealth_killer/pili_stealth_ws/install/more_interfaces/share/more_interfaces/local_setup.bash
[1.113s] -- Up-to-date: /root/PILI_stealth_killer/pili_stealth_ws/install/more_interfaces/share/more_interfaces/local_setup.sh
[1.113s] -- Up-to-date: /root/PILI_stealth_killer/pili_stealth_ws/install/more_interfaces/share/more_interfaces/local_setup.zsh
[1.113s] -- Up-to-date: /root/PILI_stealth_killer/pili_stealth_ws/install/more_interfaces/share/more_interfaces/local_setup.dsv
[1.114s] -- Installing: /root/PILI_stealth_killer/pili_stealth_ws/install/more_interfaces/share/more_interfaces/package.dsv
[1.114s] -- Up-to-date: /root/PILI_stealth_killer/pili_stealth_ws/install/more_interfaces/share/ament_index/resource_index/packages/more_interfaces
[1.115s] -- Up-to-date: /root/PILI_stealth_killer/pili_stealth_ws/install/more_interfaces/share/more_interfaces/cmake/export_more_interfaces__rosidl_generator_cExport.cmake
[1.115s] -- Up-to-date: /root/PILI_stealth_killer/pili_stealth_ws/install/more_interfaces/share/more_interfaces/cmake/export_more_interfaces__rosidl_generator_cExport-noconfig.cmake
[1.115s] -- Up-to-date: /root/PILI_stealth_killer/pili_stealth_ws/install/more_interfaces/share/more_interfaces/cmake/export_more_interfaces__rosidl_typesupport_fastrtps_cExport.cmake
[1.115s] -- Up-to-date: /root/PILI_stealth_killer/pili_stealth_ws/install/more_interfaces/share/more_interfaces/cmake/export_more_interfaces__rosidl_typesupport_fastrtps_cExport-noconfig.cmake
[1.116s] -- Up-to-date: /root/PILI_stealth_killer/pili_stealth_ws/install/more_interfaces/share/more_interfaces/cmake/more_interfaces__rosidl_typesupport_introspection_cExport.cmake
[1.116s] -- Up-to-date: /root/PILI_stealth_killer/pili_stealth_ws/install/more_interfaces/share/more_interfaces/cmake/more_interfaces__rosidl_typesupport_introspection_cExport-noconfig.cmake
[1.116s] -- Up-to-date: /root/PILI_stealth_killer/pili_stealth_ws/install/more_interfaces/share/more_interfaces/cmake/more_interfaces__rosidl_typesupport_cExport.cmake
[1.116s] -- Up-to-date: /root/PILI_stealth_killer/pili_stealth_ws/install/more_interfaces/share/more_interfaces/cmake/more_interfaces__rosidl_typesupport_cExport-noconfig.cmake
[1.117s] -- Up-to-date: /root/PILI_stealth_killer/pili_stealth_ws/install/more_interfaces/share/more_interfaces/cmake/export_more_interfaces__rosidl_generator_cppExport.cmake
[1.117s] -- Up-to-date: /root/PILI_stealth_killer/pili_stealth_ws/install/more_interfaces/share/more_interfaces/cmake/export_more_interfaces__rosidl_typesupport_fastrtps_cppExport.cmake
[1.117s] -- Up-to-date: /root/PILI_stealth_killer/pili_stealth_ws/install/more_interfaces/share/more_interfaces/cmake/export_more_interfaces__rosidl_typesupport_fastrtps_cppExport-noconfig.cmake
[1.117s] -- Up-to-date: /root/PILI_stealth_killer/pili_stealth_ws/install/more_interfaces/share/more_interfaces/cmake/more_interfaces__rosidl_typesupport_introspection_cppExport.cmake
[1.118s] -- Up-to-date: /root/PILI_stealth_killer/pili_stealth_ws/install/more_interfaces/share/more_interfaces/cmake/more_interfaces__rosidl_typesupport_introspection_cppExport-noconfig.cmake
[1.118s] -- Up-to-date: /root/PILI_stealth_killer/pili_stealth_ws/install/more_interfaces/share/more_interfaces/cmake/more_interfaces__rosidl_typesupport_cppExport.cmake
[1.118s] -- Up-to-date: /root/PILI_stealth_killer/pili_stealth_ws/install/more_interfaces/share/more_interfaces/cmake/more_interfaces__rosidl_typesupport_cppExport-noconfig.cmake
[1.118s] -- Up-to-date: /root/PILI_stealth_killer/pili_stealth_ws/install/more_interfaces/share/more_interfaces/cmake/export_more_interfaces__rosidl_generator_pyExport.cmake
[1.119s] -- Up-to-date: /root/PILI_stealth_killer/pili_stealth_ws/install/more_interfaces/share/more_interfaces/cmake/export_more_interfaces__rosidl_generator_pyExport-noconfig.cmake
[1.119s] -- Up-to-date: /root/PILI_stealth_killer/pili_stealth_ws/install/more_interfaces/share/more_interfaces/cmake/rosidl_cmake-extras.cmake
[1.119s] -- Up-to-date: /root/PILI_stealth_killer/pili_stealth_ws/install/more_interfaces/share/more_interfaces/cmake/ament_cmake_export_include_directories-extras.cmake
[1.119s] -- Up-to-date: /root/PILI_stealth_killer/pili_stealth_ws/install/more_interfaces/share/more_interfaces/cmake/ament_cmake_export_libraries-extras.cmake
[1.119s] -- Up-to-date: /root/PILI_stealth_killer/pili_stealth_ws/install/more_interfaces/share/more_interfaces/cmake/ament_cmake_export_targets-extras.cmake
[1.120s] -- Up-to-date: /root/PILI_stealth_killer/pili_stealth_ws/install/more_interfaces/share/more_interfaces/cmake/rosidl_cmake_export_typesupport_targets-extras.cmake
[1.120s] -- Up-to-date: /root/PILI_stealth_killer/pili_stealth_ws/install/more_interfaces/share/more_interfaces/cmake/ament_cmake_export_dependencies-extras.cmake
[1.120s] -- Up-to-date: /root/PILI_stealth_killer/pili_stealth_ws/install/more_interfaces/share/more_interfaces/cmake/rosidl_cmake_export_typesupport_libraries-extras.cmake
[1.120s] -- Up-to-date: /root/PILI_stealth_killer/pili_stealth_ws/install/more_interfaces/share/more_interfaces/cmake/more_interfacesConfig.cmake
[1.121s] -- Up-to-date: /root/PILI_stealth_killer/pili_stealth_ws/install/more_interfaces/share/more_interfaces/cmake/more_interfacesConfig-version.cmake
[1.121s] -- Up-to-date: /root/PILI_stealth_killer/pili_stealth_ws/install/more_interfaces/share/more_interfaces/package.xml
[1.124s] Invoked command in '/root/PILI_stealth_killer/pili_stealth_ws/build/more_interfaces' returned '0': CMAKE_PREFIX_PATH=${CMAKE_PREFIX_PATH}:/opt/ros/humble /usr/bin/cmake --install /root/PILI_stealth_killer/pili_stealth_ws/build/more_interfaces
