[0.489s] DEBUG:colcon:Command line arguments: ['/usr/bin/colcon', 'build']
[0.489s] DEBUG:colcon:Parsed command line arguments: Namespace(log_base=None, log_level=None, verb_name='build', build_base='build', install_base='install', merge_install=False, symlink_install=False, test_result_base=None, continue_on_error=False, executor='parallel', parallel_workers=8, event_handlers=None, ignore_user_meta=False, metas=['./colcon.meta'], base_paths=['.'], packages_ignore=None, packages_ignore_regex=None, paths=None, packages_up_to=None, packages_up_to_regex=None, packages_above=None, packages_above_and_dependencies=None, packages_above_depth=None, packages_select_by_dep=None, packages_skip_by_dep=None, packages_skip_up_to=None, packages_select_build_failed=False, packages_skip_build_finished=False, packages_select_test_failures=False, packages_skip_test_passed=False, packages_select=None, packages_skip=None, packages_select_regex=None, packages_skip_regex=None, packages_start=None, packages_end=None, cmake_args=None, cmake_target=None, cmake_target_skip_unavailable=False, cmake_clean_cache=False, cmake_clean_first=False, cmake_force_configure=False, ament_cmake_args=None, catkin_cmake_args=None, catkin_skip_building_tests=False, mixin_files=None, mixin=None, verb_parser=<colcon_mixin.mixin.mixin_argument.MixinArgumentDecorator object at 0x7fd75cebc9d0>, verb_extension=<colcon_core.verb.build.BuildVerb object at 0x7fd75cce4b50>, main=<bound method BuildVerb.main of <colcon_core.verb.build.BuildVerb object at 0x7fd75cce4b50>>, mixin_verb=('build',))
[0.512s] Level 1:colcon.colcon_core.package_discovery:discover_packages(colcon_meta) check parameters
[0.513s] INFO:colcon.colcon_metadata.package_discovery.colcon_meta:Using configuration from '/root/.colcon/metadata/default/Gazebo.meta'
[0.513s] INFO:colcon.colcon_metadata.package_discovery.colcon_meta:Using configuration from '/root/.colcon/metadata/default/fastrtps.meta'
[0.513s] Level 1:colcon.colcon_core.package_discovery:discover_packages(recursive) check parameters
[0.513s] Level 1:colcon.colcon_core.package_discovery:discover_packages(ignore) check parameters
[0.513s] Level 1:colcon.colcon_core.package_discovery:discover_packages(path) check parameters
[0.513s] Level 1:colcon.colcon_core.package_discovery:discover_packages(colcon_meta) discover
[0.513s] Level 1:colcon.colcon_core.package_discovery:discover_packages(recursive) discover
[0.513s] INFO:colcon.colcon_core.package_discovery:Crawling recursively for packages in '/root/PILI_stealth_killer/pili_stealth_ws'
[0.513s] Level 1:colcon.colcon_core.package_identification:_identify(.) by extensions ['ignore', 'ignore_ament_install']
[0.513s] Level 1:colcon.colcon_core.package_identification:_identify(.) by extension 'ignore'
[0.513s] Level 1:colcon.colcon_core.package_identification:_identify(.) by extension 'ignore_ament_install'
[0.513s] Level 1:colcon.colcon_core.package_identification:_identify(.) by extensions ['colcon_pkg']
[0.513s] Level 1:colcon.colcon_core.package_identification:_identify(.) by extension 'colcon_pkg'
[0.513s] Level 1:colcon.colcon_core.package_identification:_identify(.) by extensions ['colcon_meta']
[0.513s] Level 1:colcon.colcon_core.package_identification:_identify(.) by extension 'colcon_meta'
[0.514s] Level 1:colcon.colcon_core.package_identification:_identify(.) by extensions ['ros']
[0.514s] Level 1:colcon.colcon_core.package_identification:_identify(.) by extension 'ros'
[0.521s] Level 1:colcon.colcon_core.package_identification:_identify(.) by extensions ['cmake', 'python']
[0.521s] Level 1:colcon.colcon_core.package_identification:_identify(.) by extension 'cmake'
[0.521s] Level 1:colcon.colcon_core.package_identification:_identify(.) by extension 'python'
[0.521s] Level 1:colcon.colcon_core.package_identification:_identify(.) by extensions ['python_setup_py']
[0.521s] Level 1:colcon.colcon_core.package_identification:_identify(.) by extension 'python_setup_py'
[0.521s] Level 1:colcon.colcon_core.package_identification:_identify(build) by extensions ['ignore', 'ignore_ament_install']
[0.521s] Level 1:colcon.colcon_core.package_identification:_identify(build) by extension 'ignore'
[0.521s] Level 1:colcon.colcon_core.package_identification:_identify(build) ignored
[0.521s] Level 1:colcon.colcon_core.package_identification:_identify(install) by extensions ['ignore', 'ignore_ament_install']
[0.521s] Level 1:colcon.colcon_core.package_identification:_identify(install) by extension 'ignore'
[0.521s] Level 1:colcon.colcon_core.package_identification:_identify(install) ignored
[0.521s] Level 1:colcon.colcon_core.package_identification:_identify(log) by extensions ['ignore', 'ignore_ament_install']
[0.521s] Level 1:colcon.colcon_core.package_identification:_identify(log) by extension 'ignore'
[0.521s] Level 1:colcon.colcon_core.package_identification:_identify(log) ignored
[0.521s] Level 1:colcon.colcon_core.package_identification:_identify(src) by extensions ['ignore', 'ignore_ament_install']
[0.521s] Level 1:colcon.colcon_core.package_identification:_identify(src) by extension 'ignore'
[0.522s] Level 1:colcon.colcon_core.package_identification:_identify(src) by extension 'ignore_ament_install'
[0.522s] Level 1:colcon.colcon_core.package_identification:_identify(src) by extensions ['colcon_pkg']
[0.522s] Level 1:colcon.colcon_core.package_identification:_identify(src) by extension 'colcon_pkg'
[0.522s] Level 1:colcon.colcon_core.package_identification:_identify(src) by extensions ['colcon_meta']
[0.522s] Level 1:colcon.colcon_core.package_identification:_identify(src) by extension 'colcon_meta'
[0.522s] Level 1:colcon.colcon_core.package_identification:_identify(src) by extensions ['ros']
[0.522s] Level 1:colcon.colcon_core.package_identification:_identify(src) by extension 'ros'
[0.522s] Level 1:colcon.colcon_core.package_identification:_identify(src) by extensions ['cmake', 'python']
[0.522s] Level 1:colcon.colcon_core.package_identification:_identify(src) by extension 'cmake'
[0.522s] Level 1:colcon.colcon_core.package_identification:_identify(src) by extension 'python'
[0.522s] Level 1:colcon.colcon_core.package_identification:_identify(src) by extensions ['python_setup_py']
[0.522s] Level 1:colcon.colcon_core.package_identification:_identify(src) by extension 'python_setup_py'
[0.522s] Level 1:colcon.colcon_core.package_identification:_identify(src/more_interfaces) by extensions ['ignore', 'ignore_ament_install']
[0.522s] Level 1:colcon.colcon_core.package_identification:_identify(src/more_interfaces) by extension 'ignore'
[0.522s] Level 1:colcon.colcon_core.package_identification:_identify(src/more_interfaces) by extension 'ignore_ament_install'
[0.522s] Level 1:colcon.colcon_core.package_identification:_identify(src/more_interfaces) by extensions ['colcon_pkg']
[0.522s] Level 1:colcon.colcon_core.package_identification:_identify(src/more_interfaces) by extension 'colcon_pkg'
[0.522s] Level 1:colcon.colcon_core.package_identification:_identify(src/more_interfaces) by extensions ['colcon_meta']
[0.522s] Level 1:colcon.colcon_core.package_identification:_identify(src/more_interfaces) by extension 'colcon_meta'
[0.522s] Level 1:colcon.colcon_core.package_identification:_identify(src/more_interfaces) by extensions ['ros']
[0.522s] Level 1:colcon.colcon_core.package_identification:_identify(src/more_interfaces) by extension 'ros'
[0.524s] DEBUG:colcon.colcon_core.package_identification:Package 'src/more_interfaces' with type 'ros.ament_cmake' and name 'more_interfaces'
[0.524s] Level 1:colcon.colcon_core.package_identification:_identify(src/userPkg) by extensions ['ignore', 'ignore_ament_install']
[0.524s] Level 1:colcon.colcon_core.package_identification:_identify(src/userPkg) by extension 'ignore'
[0.524s] Level 1:colcon.colcon_core.package_identification:_identify(src/userPkg) by extension 'ignore_ament_install'
[0.524s] Level 1:colcon.colcon_core.package_identification:_identify(src/userPkg) by extensions ['colcon_pkg']
[0.524s] Level 1:colcon.colcon_core.package_identification:_identify(src/userPkg) by extension 'colcon_pkg'
[0.524s] Level 1:colcon.colcon_core.package_identification:_identify(src/userPkg) by extensions ['colcon_meta']
[0.524s] Level 1:colcon.colcon_core.package_identification:_identify(src/userPkg) by extension 'colcon_meta'
[0.524s] Level 1:colcon.colcon_core.package_identification:_identify(src/userPkg) by extensions ['ros']
[0.524s] Level 1:colcon.colcon_core.package_identification:_identify(src/userPkg) by extension 'ros'
[0.525s] DEBUG:colcon.colcon_core.package_identification:Package 'src/userPkg' with type 'ros.ament_cmake' and name 'userPkg'
[0.525s] Level 1:colcon.colcon_core.package_discovery:discover_packages(recursive) using defaults
[0.525s] Level 1:colcon.colcon_core.package_discovery:discover_packages(ignore) discover
[0.525s] Level 1:colcon.colcon_core.package_discovery:discover_packages(ignore) using defaults
[0.525s] Level 1:colcon.colcon_core.package_discovery:discover_packages(path) discover
[0.525s] Level 1:colcon.colcon_core.package_discovery:discover_packages(path) using defaults
[0.561s] Level 5:colcon.colcon_core.verb:set package 'more_interfaces' build argument 'cmake_args' from command line to 'None'
[0.561s] Level 5:colcon.colcon_core.verb:set package 'more_interfaces' build argument 'cmake_target' from command line to 'None'
[0.561s] Level 5:colcon.colcon_core.verb:set package 'more_interfaces' build argument 'cmake_target_skip_unavailable' from command line to 'False'
[0.561s] Level 5:colcon.colcon_core.verb:set package 'more_interfaces' build argument 'cmake_clean_cache' from command line to 'False'
[0.561s] Level 5:colcon.colcon_core.verb:set package 'more_interfaces' build argument 'cmake_clean_first' from command line to 'False'
[0.561s] Level 5:colcon.colcon_core.verb:set package 'more_interfaces' build argument 'cmake_force_configure' from command line to 'False'
[0.561s] Level 5:colcon.colcon_core.verb:set package 'more_interfaces' build argument 'ament_cmake_args' from command line to 'None'
[0.561s] Level 5:colcon.colcon_core.verb:set package 'more_interfaces' build argument 'catkin_cmake_args' from command line to 'None'
[0.561s] Level 5:colcon.colcon_core.verb:set package 'more_interfaces' build argument 'catkin_skip_building_tests' from command line to 'False'
[0.561s] DEBUG:colcon.colcon_core.verb:Building package 'more_interfaces' with the following arguments: {'ament_cmake_args': None, 'build_base': '/root/PILI_stealth_killer/pili_stealth_ws/build/more_interfaces', 'catkin_cmake_args': None, 'catkin_skip_building_tests': False, 'cmake_args': None, 'cmake_clean_cache': False, 'cmake_clean_first': False, 'cmake_force_configure': False, 'cmake_target': None, 'cmake_target_skip_unavailable': False, 'install_base': '/root/PILI_stealth_killer/pili_stealth_ws/install/more_interfaces', 'merge_install': False, 'path': '/root/PILI_stealth_killer/pili_stealth_ws/src/more_interfaces', 'symlink_install': False, 'test_result_base': None}
[0.566s] Level 5:colcon.colcon_core.verb:set package 'userPkg' build argument 'cmake_args' from command line to 'None'
[0.566s] Level 5:colcon.colcon_core.verb:set package 'userPkg' build argument 'cmake_target' from command line to 'None'
[0.566s] Level 5:colcon.colcon_core.verb:set package 'userPkg' build argument 'cmake_target_skip_unavailable' from command line to 'False'
[0.566s] Level 5:colcon.colcon_core.verb:set package 'userPkg' build argument 'cmake_clean_cache' from command line to 'False'
[0.567s] Level 5:colcon.colcon_core.verb:set package 'userPkg' build argument 'cmake_clean_first' from command line to 'False'
[0.567s] Level 5:colcon.colcon_core.verb:set package 'userPkg' build argument 'cmake_force_configure' from command line to 'False'
[0.567s] Level 5:colcon.colcon_core.verb:set package 'userPkg' build argument 'ament_cmake_args' from command line to 'None'
[0.567s] Level 5:colcon.colcon_core.verb:set package 'userPkg' build argument 'catkin_cmake_args' from command line to 'None'
[0.567s] Level 5:colcon.colcon_core.verb:set package 'userPkg' build argument 'catkin_skip_building_tests' from command line to 'False'
[0.567s] DEBUG:colcon.colcon_core.verb:Building package 'userPkg' with the following arguments: {'ament_cmake_args': None, 'build_base': '/root/PILI_stealth_killer/pili_stealth_ws/build/userPkg', 'catkin_cmake_args': None, 'catkin_skip_building_tests': False, 'cmake_args': None, 'cmake_clean_cache': False, 'cmake_clean_first': False, 'cmake_force_configure': False, 'cmake_target': None, 'cmake_target_skip_unavailable': False, 'install_base': '/root/PILI_stealth_killer/pili_stealth_ws/install/userPkg', 'merge_install': False, 'path': '/root/PILI_stealth_killer/pili_stealth_ws/src/userPkg', 'symlink_install': False, 'test_result_base': None}
[0.572s] INFO:colcon.colcon_core.executor:Executing jobs using 'parallel' executor
[0.578s] DEBUG:colcon.colcon_parallel_executor.executor.parallel:run_until_complete
[0.578s] INFO:colcon.colcon_ros.task.ament_cmake.build:Building ROS package in '/root/PILI_stealth_killer/pili_stealth_ws/src/more_interfaces' with build type 'ament_cmake'
[0.578s] INFO:colcon.colcon_cmake.task.cmake.build:Building CMake package in '/root/PILI_stealth_killer/pili_stealth_ws/src/more_interfaces'
[0.586s] INFO:colcon.colcon_core.plugin_system:Skipping extension 'colcon_core.shell.bat': Not used on non-Windows systems
[0.586s] INFO:colcon.colcon_core.shell:Skip shell extension 'powershell' for command environment: Not usable outside of PowerShell
[0.586s] DEBUG:colcon.colcon_core.shell:Skip shell extension 'dsv' for command environment
[0.611s] DEBUG:colcon.colcon_core.event_handler.log_command:Invoking command in '/root/PILI_stealth_killer/pili_stealth_ws/build/more_interfaces': CMAKE_PREFIX_PATH=${CMAKE_PREFIX_PATH}:/opt/ros/humble /usr/bin/cmake --build /root/PILI_stealth_killer/pili_stealth_ws/build/more_interfaces -- -j8 -l8
[0.835s] DEBUG:colcon.colcon_core.event_handler.log_command:Invoked command in '/root/PILI_stealth_killer/pili_stealth_ws/build/more_interfaces' returned '0': CMAKE_PREFIX_PATH=${CMAKE_PREFIX_PATH}:/opt/ros/humble /usr/bin/cmake --build /root/PILI_stealth_killer/pili_stealth_ws/build/more_interfaces -- -j8 -l8
[0.892s] DEBUG:colcon.colcon_core.event_handler.log_command:Invoking command in '/root/PILI_stealth_killer/pili_stealth_ws/build/more_interfaces': CMAKE_PREFIX_PATH=${CMAKE_PREFIX_PATH}:/opt/ros/humble /usr/bin/cmake --install /root/PILI_stealth_killer/pili_stealth_ws/build/more_interfaces
[0.934s] Level 1:colcon.colcon_core.environment:create_environment_scripts_only(more_interfaces)
[0.935s] DEBUG:colcon.colcon_core.event_handler.log_command:Invoked command in '/root/PILI_stealth_killer/pili_stealth_ws/build/more_interfaces' returned '0': CMAKE_PREFIX_PATH=${CMAKE_PREFIX_PATH}:/opt/ros/humble /usr/bin/cmake --install /root/PILI_stealth_killer/pili_stealth_ws/build/more_interfaces
[0.942s] Level 1:colcon.colcon_core.environment:checking '/root/PILI_stealth_killer/pili_stealth_ws/install/more_interfaces' for CMake module files
[0.942s] Level 1:colcon.colcon_core.environment:checking '/root/PILI_stealth_killer/pili_stealth_ws/install/more_interfaces' for CMake config files
[0.942s] Level 1:colcon.colcon_core.shell:create_environment_hook('more_interfaces', 'cmake_prefix_path')
[0.948s] INFO:colcon.colcon_core.shell:Creating environment hook '/root/PILI_stealth_killer/pili_stealth_ws/install/more_interfaces/share/more_interfaces/hook/cmake_prefix_path.ps1'
[0.948s] INFO:colcon.colcon_core.shell:Creating environment descriptor '/root/PILI_stealth_killer/pili_stealth_ws/install/more_interfaces/share/more_interfaces/hook/cmake_prefix_path.dsv'
[0.948s] INFO:colcon.colcon_core.shell:Creating environment hook '/root/PILI_stealth_killer/pili_stealth_ws/install/more_interfaces/share/more_interfaces/hook/cmake_prefix_path.sh'
[0.949s] Level 1:colcon.colcon_core.environment:checking '/root/PILI_stealth_killer/pili_stealth_ws/install/more_interfaces/lib'
[0.949s] Level 1:colcon.colcon_core.shell:create_environment_hook('more_interfaces', 'ld_library_path_lib')
[0.954s] INFO:colcon.colcon_core.shell:Creating environment hook '/root/PILI_stealth_killer/pili_stealth_ws/install/more_interfaces/share/more_interfaces/hook/ld_library_path_lib.ps1'
[0.954s] INFO:colcon.colcon_core.shell:Creating environment descriptor '/root/PILI_stealth_killer/pili_stealth_ws/install/more_interfaces/share/more_interfaces/hook/ld_library_path_lib.dsv'
[0.954s] INFO:colcon.colcon_core.shell:Creating environment hook '/root/PILI_stealth_killer/pili_stealth_ws/install/more_interfaces/share/more_interfaces/hook/ld_library_path_lib.sh'
[0.955s] Level 1:colcon.colcon_core.environment:checking '/root/PILI_stealth_killer/pili_stealth_ws/install/more_interfaces/bin'
[0.955s] Level 1:colcon.colcon_core.environment:checking '/root/PILI_stealth_killer/pili_stealth_ws/install/more_interfaces/lib/pkgconfig/more_interfaces.pc'
[0.956s] Level 1:colcon.colcon_core.environment:checking '/root/PILI_stealth_killer/pili_stealth_ws/install/more_interfaces/lib/python3.10/site-packages'
[0.956s] Level 1:colcon.colcon_core.environment:checking '/root/PILI_stealth_killer/pili_stealth_ws/install/more_interfaces/bin'
[0.962s] INFO:colcon.colcon_core.shell:Creating package script '/root/PILI_stealth_killer/pili_stealth_ws/install/more_interfaces/share/more_interfaces/package.ps1'
[0.962s] INFO:colcon.colcon_core.shell:Creating package descriptor '/root/PILI_stealth_killer/pili_stealth_ws/install/more_interfaces/share/more_interfaces/package.dsv'
[0.963s] INFO:colcon.colcon_core.shell:Creating package script '/root/PILI_stealth_killer/pili_stealth_ws/install/more_interfaces/share/more_interfaces/package.sh'
[0.963s] INFO:colcon.colcon_core.shell:Creating package script '/root/PILI_stealth_killer/pili_stealth_ws/install/more_interfaces/share/more_interfaces/package.bash'
[0.963s] INFO:colcon.colcon_core.shell:Creating package script '/root/PILI_stealth_killer/pili_stealth_ws/install/more_interfaces/share/more_interfaces/package.zsh'
[0.964s] Level 1:colcon.colcon_core.environment:create_file_with_runtime_dependencies(/root/PILI_stealth_killer/pili_stealth_ws/install/more_interfaces/share/colcon-core/packages/more_interfaces)
[1.023s] Level 1:colcon.colcon_core.environment:create_environment_scripts_only(more_interfaces)
[1.029s] Level 1:colcon.colcon_core.environment:checking '/root/PILI_stealth_killer/pili_stealth_ws/install/more_interfaces' for CMake module files
[1.029s] Level 1:colcon.colcon_core.environment:checking '/root/PILI_stealth_killer/pili_stealth_ws/install/more_interfaces' for CMake config files
[1.029s] Level 1:colcon.colcon_core.shell:create_environment_hook('more_interfaces', 'cmake_prefix_path')
[1.034s] INFO:colcon.colcon_core.shell:Creating environment hook '/root/PILI_stealth_killer/pili_stealth_ws/install/more_interfaces/share/more_interfaces/hook/cmake_prefix_path.ps1'
[1.035s] INFO:colcon.colcon_core.shell:Creating environment descriptor '/root/PILI_stealth_killer/pili_stealth_ws/install/more_interfaces/share/more_interfaces/hook/cmake_prefix_path.dsv'
[1.035s] INFO:colcon.colcon_core.shell:Creating environment hook '/root/PILI_stealth_killer/pili_stealth_ws/install/more_interfaces/share/more_interfaces/hook/cmake_prefix_path.sh'
[1.035s] Level 1:colcon.colcon_core.environment:checking '/root/PILI_stealth_killer/pili_stealth_ws/install/more_interfaces/lib'
[1.035s] Level 1:colcon.colcon_core.shell:create_environment_hook('more_interfaces', 'ld_library_path_lib')
[1.041s] INFO:colcon.colcon_core.shell:Creating environment hook '/root/PILI_stealth_killer/pili_stealth_ws/install/more_interfaces/share/more_interfaces/hook/ld_library_path_lib.ps1'
[1.041s] INFO:colcon.colcon_core.shell:Creating environment descriptor '/root/PILI_stealth_killer/pili_stealth_ws/install/more_interfaces/share/more_interfaces/hook/ld_library_path_lib.dsv'
[1.041s] INFO:colcon.colcon_core.shell:Creating environment hook '/root/PILI_stealth_killer/pili_stealth_ws/install/more_interfaces/share/more_interfaces/hook/ld_library_path_lib.sh'
[1.041s] Level 1:colcon.colcon_core.environment:checking '/root/PILI_stealth_killer/pili_stealth_ws/install/more_interfaces/bin'
[1.041s] Level 1:colcon.colcon_core.environment:checking '/root/PILI_stealth_killer/pili_stealth_ws/install/more_interfaces/lib/pkgconfig/more_interfaces.pc'
[1.042s] Level 1:colcon.colcon_core.environment:checking '/root/PILI_stealth_killer/pili_stealth_ws/install/more_interfaces/lib/python3.10/site-packages'
[1.042s] Level 1:colcon.colcon_core.environment:checking '/root/PILI_stealth_killer/pili_stealth_ws/install/more_interfaces/bin'
[1.047s] INFO:colcon.colcon_core.shell:Creating package script '/root/PILI_stealth_killer/pili_stealth_ws/install/more_interfaces/share/more_interfaces/package.ps1'
[1.047s] INFO:colcon.colcon_core.shell:Creating package descriptor '/root/PILI_stealth_killer/pili_stealth_ws/install/more_interfaces/share/more_interfaces/package.dsv'
[1.048s] INFO:colcon.colcon_core.shell:Creating package script '/root/PILI_stealth_killer/pili_stealth_ws/install/more_interfaces/share/more_interfaces/package.sh'
[1.048s] INFO:colcon.colcon_core.shell:Creating package script '/root/PILI_stealth_killer/pili_stealth_ws/install/more_interfaces/share/more_interfaces/package.bash'
[1.048s] INFO:colcon.colcon_core.shell:Creating package script '/root/PILI_stealth_killer/pili_stealth_ws/install/more_interfaces/share/more_interfaces/package.zsh'
[1.048s] Level 1:colcon.colcon_core.environment:create_file_with_runtime_dependencies(/root/PILI_stealth_killer/pili_stealth_ws/install/more_interfaces/share/colcon-core/packages/more_interfaces)
[1.049s] INFO:colcon.colcon_ros.task.ament_cmake.build:Building ROS package in '/root/PILI_stealth_killer/pili_stealth_ws/src/userPkg' with build type 'ament_cmake'
[1.049s] INFO:colcon.colcon_cmake.task.cmake.build:Building CMake package in '/root/PILI_stealth_killer/pili_stealth_ws/src/userPkg'
[1.055s] INFO:colcon.colcon_core.shell:Skip shell extension 'powershell' for command environment: Not usable outside of PowerShell
[1.055s] DEBUG:colcon.colcon_core.shell:Skip shell extension 'dsv' for command environment
[1.081s] DEBUG:colcon.colcon_core.event_handler.log_command:Invoking command in '/root/PILI_stealth_killer/pili_stealth_ws/build/userPkg': CMAKE_PREFIX_PATH=/root/PILI_stealth_killer/pili_stealth_ws/install/more_interfaces:/root/PILI_stealth_killer/pili_stealth_ws/install/userPkg:/opt/ros/humble /usr/bin/cmake --build /root/PILI_stealth_killer/pili_stealth_ws/build/userPkg -- -j8 -l8
[3.694s] DEBUG:colcon.colcon_core.event_handler.log_command:Invoked command in '/root/PILI_stealth_killer/pili_stealth_ws/build/userPkg' returned '0': CMAKE_PREFIX_PATH=/root/PILI_stealth_killer/pili_stealth_ws/install/more_interfaces:/root/PILI_stealth_killer/pili_stealth_ws/install/userPkg:/opt/ros/humble /usr/bin/cmake --build /root/PILI_stealth_killer/pili_stealth_ws/build/userPkg -- -j8 -l8
[3.715s] DEBUG:colcon.colcon_core.event_handler.log_command:Invoking command in '/root/PILI_stealth_killer/pili_stealth_ws/build/userPkg': CMAKE_PREFIX_PATH=/root/PILI_stealth_killer/pili_stealth_ws/install/more_interfaces:/root/PILI_stealth_killer/pili_stealth_ws/install/userPkg:/opt/ros/humble /usr/bin/cmake --install /root/PILI_stealth_killer/pili_stealth_ws/build/userPkg
[3.723s] Level 1:colcon.colcon_core.environment:create_environment_scripts_only(userPkg)
[3.723s] DEBUG:colcon.colcon_core.event_handler.log_command:Invoked command in '/root/PILI_stealth_killer/pili_stealth_ws/build/userPkg' returned '0': CMAKE_PREFIX_PATH=/root/PILI_stealth_killer/pili_stealth_ws/install/more_interfaces:/root/PILI_stealth_killer/pili_stealth_ws/install/userPkg:/opt/ros/humble /usr/bin/cmake --install /root/PILI_stealth_killer/pili_stealth_ws/build/userPkg
[3.729s] Level 1:colcon.colcon_core.environment:checking '/root/PILI_stealth_killer/pili_stealth_ws/install/userPkg' for CMake module files
[3.730s] Level 1:colcon.colcon_core.environment:checking '/root/PILI_stealth_killer/pili_stealth_ws/install/userPkg' for CMake config files
[3.730s] Level 1:colcon.colcon_core.shell:create_environment_hook('userPkg', 'cmake_prefix_path')
[3.736s] INFO:colcon.colcon_core.shell:Creating environment hook '/root/PILI_stealth_killer/pili_stealth_ws/install/userPkg/share/userPkg/hook/cmake_prefix_path.ps1'
[3.736s] INFO:colcon.colcon_core.shell:Creating environment descriptor '/root/PILI_stealth_killer/pili_stealth_ws/install/userPkg/share/userPkg/hook/cmake_prefix_path.dsv'
[3.736s] INFO:colcon.colcon_core.shell:Creating environment hook '/root/PILI_stealth_killer/pili_stealth_ws/install/userPkg/share/userPkg/hook/cmake_prefix_path.sh'
[3.737s] Level 1:colcon.colcon_core.environment:checking '/root/PILI_stealth_killer/pili_stealth_ws/install/userPkg/lib'
[3.737s] Level 1:colcon.colcon_core.environment:checking '/root/PILI_stealth_killer/pili_stealth_ws/install/userPkg/bin'
[3.737s] Level 1:colcon.colcon_core.environment:checking '/root/PILI_stealth_killer/pili_stealth_ws/install/userPkg/lib/pkgconfig/userPkg.pc'
[3.737s] Level 1:colcon.colcon_core.environment:checking '/root/PILI_stealth_killer/pili_stealth_ws/install/userPkg/lib/python3.10/site-packages'
[3.737s] Level 1:colcon.colcon_core.environment:checking '/root/PILI_stealth_killer/pili_stealth_ws/install/userPkg/bin'
[3.743s] INFO:colcon.colcon_core.shell:Creating package script '/root/PILI_stealth_killer/pili_stealth_ws/install/userPkg/share/userPkg/package.ps1'
[3.743s] INFO:colcon.colcon_core.shell:Creating package descriptor '/root/PILI_stealth_killer/pili_stealth_ws/install/userPkg/share/userPkg/package.dsv'
[3.743s] INFO:colcon.colcon_core.shell:Creating package script '/root/PILI_stealth_killer/pili_stealth_ws/install/userPkg/share/userPkg/package.sh'
[3.743s] INFO:colcon.colcon_core.shell:Creating package script '/root/PILI_stealth_killer/pili_stealth_ws/install/userPkg/share/userPkg/package.bash'
[3.744s] INFO:colcon.colcon_core.shell:Creating package script '/root/PILI_stealth_killer/pili_stealth_ws/install/userPkg/share/userPkg/package.zsh'
[3.744s] Level 1:colcon.colcon_core.environment:create_file_with_runtime_dependencies(/root/PILI_stealth_killer/pili_stealth_ws/install/userPkg/share/colcon-core/packages/userPkg)
[3.770s] Level 1:colcon.colcon_core.environment:create_environment_scripts_only(userPkg)
[3.775s] Level 1:colcon.colcon_core.environment:checking '/root/PILI_stealth_killer/pili_stealth_ws/install/userPkg' for CMake module files
[3.775s] Level 1:colcon.colcon_core.environment:checking '/root/PILI_stealth_killer/pili_stealth_ws/install/userPkg' for CMake config files
[3.775s] Level 1:colcon.colcon_core.shell:create_environment_hook('userPkg', 'cmake_prefix_path')
[3.781s] INFO:colcon.colcon_core.shell:Creating environment hook '/root/PILI_stealth_killer/pili_stealth_ws/install/userPkg/share/userPkg/hook/cmake_prefix_path.ps1'
[3.781s] INFO:colcon.colcon_core.shell:Creating environment descriptor '/root/PILI_stealth_killer/pili_stealth_ws/install/userPkg/share/userPkg/hook/cmake_prefix_path.dsv'
[3.781s] INFO:colcon.colcon_core.shell:Creating environment hook '/root/PILI_stealth_killer/pili_stealth_ws/install/userPkg/share/userPkg/hook/cmake_prefix_path.sh'
[3.781s] Level 1:colcon.colcon_core.environment:checking '/root/PILI_stealth_killer/pili_stealth_ws/install/userPkg/lib'
[3.782s] Level 1:colcon.colcon_core.environment:checking '/root/PILI_stealth_killer/pili_stealth_ws/install/userPkg/bin'
[3.782s] Level 1:colcon.colcon_core.environment:checking '/root/PILI_stealth_killer/pili_stealth_ws/install/userPkg/lib/pkgconfig/userPkg.pc'
[3.782s] Level 1:colcon.colcon_core.environment:checking '/root/PILI_stealth_killer/pili_stealth_ws/install/userPkg/lib/python3.10/site-packages'
[3.782s] Level 1:colcon.colcon_core.environment:checking '/root/PILI_stealth_killer/pili_stealth_ws/install/userPkg/bin'
[3.787s] INFO:colcon.colcon_core.shell:Creating package script '/root/PILI_stealth_killer/pili_stealth_ws/install/userPkg/share/userPkg/package.ps1'
[3.787s] INFO:colcon.colcon_core.shell:Creating package descriptor '/root/PILI_stealth_killer/pili_stealth_ws/install/userPkg/share/userPkg/package.dsv'
[3.788s] INFO:colcon.colcon_core.shell:Creating package script '/root/PILI_stealth_killer/pili_stealth_ws/install/userPkg/share/userPkg/package.sh'
[3.788s] INFO:colcon.colcon_core.shell:Creating package script '/root/PILI_stealth_killer/pili_stealth_ws/install/userPkg/share/userPkg/package.bash'
[3.788s] INFO:colcon.colcon_core.shell:Creating package script '/root/PILI_stealth_killer/pili_stealth_ws/install/userPkg/share/userPkg/package.zsh'
[3.789s] Level 1:colcon.colcon_core.environment:create_file_with_runtime_dependencies(/root/PILI_stealth_killer/pili_stealth_ws/install/userPkg/share/colcon-core/packages/userPkg)
[3.789s] DEBUG:colcon.colcon_parallel_executor.executor.parallel:closing loop
[3.789s] DEBUG:colcon.colcon_parallel_executor.executor.parallel:loop closed
[3.789s] DEBUG:colcon.colcon_parallel_executor.executor.parallel:run_until_complete finished with '0'
[3.789s] DEBUG:colcon.colcon_core.event_reactor:joining thread
[3.799s] INFO:colcon.colcon_core.plugin_system:Skipping extension 'colcon_notification.desktop_notification.notify_send': Could not find 'notify-send'
[3.799s] INFO:colcon.colcon_core.plugin_system:Skipping extension 'colcon_notification.desktop_notification.terminal_notifier': Not used on non-Darwin systems
[3.799s] INFO:colcon.colcon_core.plugin_system:Skipping extension 'colcon_notification.desktop_notification.win32': Not used on non-Windows systems
[3.799s] INFO:colcon.colcon_notification.desktop_notification:Sending desktop notification using 'notify2'
[3.799s] DEBUG:colcon.colcon_notification.desktop_notification.notify2:Failed to initialize notify2: org.freedesktop.DBus.Error.NotSupported: Unable to autolaunch a dbus-daemon without a $DISPLAY for X11
[3.799s] DEBUG:colcon.colcon_core.event_reactor:joined thread
[3.807s] INFO:colcon.colcon_core.shell:Creating prefix script '/root/PILI_stealth_killer/pili_stealth_ws/install/local_setup.ps1'
[3.808s] INFO:colcon.colcon_core.shell:Creating prefix util module '/root/PILI_stealth_killer/pili_stealth_ws/install/_local_setup_util_ps1.py'
[3.809s] INFO:colcon.colcon_core.shell:Creating prefix chain script '/root/PILI_stealth_killer/pili_stealth_ws/install/setup.ps1'
[3.815s] INFO:colcon.colcon_core.shell:Creating prefix script '/root/PILI_stealth_killer/pili_stealth_ws/install/local_setup.sh'
[3.815s] INFO:colcon.colcon_core.shell:Creating prefix util module '/root/PILI_stealth_killer/pili_stealth_ws/install/_local_setup_util_sh.py'
[3.815s] INFO:colcon.colcon_core.shell:Creating prefix chain script '/root/PILI_stealth_killer/pili_stealth_ws/install/setup.sh'
[3.822s] INFO:colcon.colcon_core.shell:Creating prefix script '/root/PILI_stealth_killer/pili_stealth_ws/install/local_setup.bash'
[3.823s] INFO:colcon.colcon_core.shell:Creating prefix chain script '/root/PILI_stealth_killer/pili_stealth_ws/install/setup.bash'
[3.828s] INFO:colcon.colcon_core.shell:Creating prefix script '/root/PILI_stealth_killer/pili_stealth_ws/install/local_setup.zsh'
[3.829s] INFO:colcon.colcon_core.shell:Creating prefix chain script '/root/PILI_stealth_killer/pili_stealth_ws/install/setup.zsh'
