[0.014s] Invoking command in '/root/PILI_stealth_killer/pili_stealth_ws/build/command_interfaces': CMAKE_PREFIX_PATH=${CMAKE_PREFIX_PATH}:/opt/ros/humble /usr/bin/cmake --build /root/PILI_stealth_killer/pili_stealth_ws/build/command_interfaces -- -j4 -l4
[0.075s] [  2%] Built target command_interfaces__cpp
[0.076s] [ 11%] Built target command_interfaces__rosidl_generator_c
[0.088s] [ 11%] Built target ament_cmake_python_copy_command_interfaces
[0.089s] [ 17%] Built target server
[0.090s] [35m[1mConsolidate compiler generated dependencies of target client[0m
[0.105s] [ 25%] Built target command_interfaces__rosidl_typesupport_cpp
[0.121s] [ 42%] Built target command_interfaces__rosidl_typesupport_fastrtps_c
[0.122s] [ 42%] Built target command_interfaces__rosidl_typesupport_fastrtps_cpp
[0.122s] [ 45%] [32mBuilding CXX object CMakeFiles/client.dir/src/send_command_client.cpp.o[0m
[0.139s] [ 54%] Built target command_interfaces__rosidl_typesupport_introspection_c
[0.148s] [ 71%] Built target command_interfaces__rosidl_typesupport_introspection_cpp
[0.148s] [ 71%] Built target command_interfaces__rosidl_typesupport_c
[0.169s] [ 71%] Built target command_interfaces
[0.192s] [ 74%] Built target command_interfaces__py
[0.217s] [ 80%] Built target command_interfaces__rosidl_generator_py
[0.248s] [ 91%] Built target command_interfaces__rosidl_typesupport_introspection_c__pyext
[0.248s] [ 91%] Built target command_interfaces__rosidl_typesupport_fastrtps_c__pyext
[0.272s] [ 97%] Built target command_interfaces__rosidl_typesupport_c__pyext
[0.397s] running egg_info
[0.398s] writing command_interfaces.egg-info/PKG-INFO
[0.398s] writing dependency_links to command_interfaces.egg-info/dependency_links.txt
[0.402s] writing top-level names to command_interfaces.egg-info/top_level.txt
[0.406s] reading manifest file 'command_interfaces.egg-info/SOURCES.txt'
[0.407s] writing manifest file 'command_interfaces.egg-info/SOURCES.txt'
[0.464s] [ 97%] Built target ament_cmake_python_build_command_interfaces_egg
[4.473s] [100%] [32m[1mLinking CXX executable client[0m
[4.686s] [100%] Built target client
[4.697s] Invoked command in '/root/PILI_stealth_killer/pili_stealth_ws/build/command_interfaces' returned '0': CMAKE_PREFIX_PATH=${CMAKE_PREFIX_PATH}:/opt/ros/humble /usr/bin/cmake --build /root/PILI_stealth_killer/pili_stealth_ws/build/command_interfaces -- -j4 -l4
[4.749s] Invoking command in '/root/PILI_stealth_killer/pili_stealth_ws/build/command_interfaces': CMAKE_PREFIX_PATH=${CMAKE_PREFIX_PATH}:/opt/ros/humble /usr/bin/cmake --install /root/PILI_stealth_killer/pili_stealth_ws/build/command_interfaces
[4.758s] -- Install configuration: ""
[4.759s] -- Up-to-date: /root/PILI_stealth_killer/pili_stealth_ws/install/command_interfaces/share/ament_index/resource_index/rosidl_interfaces/command_interfaces
[4.759s] -- Up-to-date: /root/PILI_stealth_killer/pili_stealth_ws/install/command_interfaces/include/command_interfaces/command_interfaces
[4.759s] -- Up-to-date: /root/PILI_stealth_killer/pili_stealth_ws/install/command_interfaces/include/command_interfaces/command_interfaces/msg
[4.759s] -- Up-to-date: /root/PILI_stealth_killer/pili_stealth_ws/install/command_interfaces/include/command_interfaces/command_interfaces/msg/rosidl_generator_c__visibility_control.h
[4.759s] -- Up-to-date: /root/PILI_stealth_killer/pili_stealth_ws/install/command_interfaces/include/command_interfaces/command_interfaces/srv
[4.759s] -- Up-to-date: /root/PILI_stealth_killer/pili_stealth_ws/install/command_interfaces/include/command_interfaces/command_interfaces/srv/command.h
[4.759s] -- Up-to-date: /root/PILI_stealth_killer/pili_stealth_ws/install/command_interfaces/include/command_interfaces/command_interfaces/srv/detail
[4.759s] -- Up-to-date: /root/PILI_stealth_killer/pili_stealth_ws/install/command_interfaces/include/command_interfaces/command_interfaces/srv/detail/command__struct.h
[4.759s] -- Up-to-date: /root/PILI_stealth_killer/pili_stealth_ws/install/command_interfaces/include/command_interfaces/command_interfaces/srv/detail/command__functions.c
[4.759s] -- Up-to-date: /root/PILI_stealth_killer/pili_stealth_ws/install/command_interfaces/include/command_interfaces/command_interfaces/srv/detail/command__functions.h
[4.759s] -- Up-to-date: /root/PILI_stealth_killer/pili_stealth_ws/install/command_interfaces/include/command_interfaces/command_interfaces/srv/detail/command__type_support.h
[4.760s] -- Up-to-date: /root/PILI_stealth_killer/pili_stealth_ws/install/command_interfaces/share/command_interfaces/environment/library_path.sh
[4.760s] -- Installing: /root/PILI_stealth_killer/pili_stealth_ws/install/command_interfaces/share/command_interfaces/environment/library_path.dsv
[4.760s] -- Up-to-date: /root/PILI_stealth_killer/pili_stealth_ws/install/command_interfaces/lib/libcommand_interfaces__rosidl_generator_c.so
[4.760s] -- Up-to-date: /root/PILI_stealth_killer/pili_stealth_ws/install/command_interfaces/include/command_interfaces/command_interfaces
[4.760s] -- Up-to-date: /root/PILI_stealth_killer/pili_stealth_ws/install/command_interfaces/include/command_interfaces/command_interfaces/msg
[4.760s] -- Up-to-date: /root/PILI_stealth_killer/pili_stealth_ws/install/command_interfaces/include/command_interfaces/command_interfaces/msg/rosidl_typesupport_fastrtps_c__visibility_control.h
[4.760s] -- Up-to-date: /root/PILI_stealth_killer/pili_stealth_ws/install/command_interfaces/include/command_interfaces/command_interfaces/srv
[4.760s] -- Up-to-date: /root/PILI_stealth_killer/pili_stealth_ws/install/command_interfaces/include/command_interfaces/command_interfaces/srv/detail
[4.760s] -- Up-to-date: /root/PILI_stealth_killer/pili_stealth_ws/install/command_interfaces/include/command_interfaces/command_interfaces/srv/detail/command__rosidl_typesupport_fastrtps_c.h
[4.760s] -- Up-to-date: /root/PILI_stealth_killer/pili_stealth_ws/install/command_interfaces/lib/libcommand_interfaces__rosidl_typesupport_fastrtps_c.so
[4.760s] -- Up-to-date: /root/PILI_stealth_killer/pili_stealth_ws/install/command_interfaces/include/command_interfaces/command_interfaces
[4.761s] -- Up-to-date: /root/PILI_stealth_killer/pili_stealth_ws/install/command_interfaces/include/command_interfaces/command_interfaces/srv
[4.761s] -- Up-to-date: /root/PILI_stealth_killer/pili_stealth_ws/install/command_interfaces/include/command_interfaces/command_interfaces/srv/command.hpp
[4.761s] -- Up-to-date: /root/PILI_stealth_killer/pili_stealth_ws/install/command_interfaces/include/command_interfaces/command_interfaces/srv/detail
[4.761s] -- Up-to-date: /root/PILI_stealth_killer/pili_stealth_ws/install/command_interfaces/include/command_interfaces/command_interfaces/srv/detail/command__traits.hpp
[4.761s] -- Up-to-date: /root/PILI_stealth_killer/pili_stealth_ws/install/command_interfaces/include/command_interfaces/command_interfaces/srv/detail/command__builder.hpp
[4.761s] -- Up-to-date: /root/PILI_stealth_killer/pili_stealth_ws/install/command_interfaces/include/command_interfaces/command_interfaces/srv/detail/command__struct.hpp
[4.761s] -- Up-to-date: /root/PILI_stealth_killer/pili_stealth_ws/install/command_interfaces/include/command_interfaces/command_interfaces
[4.761s] -- Up-to-date: /root/PILI_stealth_killer/pili_stealth_ws/install/command_interfaces/include/command_interfaces/command_interfaces/msg
[4.761s] -- Up-to-date: /root/PILI_stealth_killer/pili_stealth_ws/install/command_interfaces/include/command_interfaces/command_interfaces/msg/rosidl_typesupport_fastrtps_cpp__visibility_control.h
[4.761s] -- Up-to-date: /root/PILI_stealth_killer/pili_stealth_ws/install/command_interfaces/include/command_interfaces/command_interfaces/srv
[4.761s] -- Up-to-date: /root/PILI_stealth_killer/pili_stealth_ws/install/command_interfaces/include/command_interfaces/command_interfaces/srv/detail
[4.761s] -- Up-to-date: /root/PILI_stealth_killer/pili_stealth_ws/install/command_interfaces/include/command_interfaces/command_interfaces/srv/detail/dds_fastrtps
[4.761s] -- Up-to-date: /root/PILI_stealth_killer/pili_stealth_ws/install/command_interfaces/include/command_interfaces/command_interfaces/srv/detail/command__rosidl_typesupport_fastrtps_cpp.hpp
[4.761s] -- Up-to-date: /root/PILI_stealth_killer/pili_stealth_ws/install/command_interfaces/lib/libcommand_interfaces__rosidl_typesupport_fastrtps_cpp.so
[4.761s] -- Up-to-date: /root/PILI_stealth_killer/pili_stealth_ws/install/command_interfaces/include/command_interfaces/command_interfaces
[4.761s] -- Up-to-date: /root/PILI_stealth_killer/pili_stealth_ws/install/command_interfaces/include/command_interfaces/command_interfaces/msg
[4.762s] -- Up-to-date: /root/PILI_stealth_killer/pili_stealth_ws/install/command_interfaces/include/command_interfaces/command_interfaces/msg/rosidl_typesupport_introspection_c__visibility_control.h
[4.762s] -- Up-to-date: /root/PILI_stealth_killer/pili_stealth_ws/install/command_interfaces/include/command_interfaces/command_interfaces/srv
[4.762s] -- Up-to-date: /root/PILI_stealth_killer/pili_stealth_ws/install/command_interfaces/include/command_interfaces/command_interfaces/srv/detail
[4.762s] -- Up-to-date: /root/PILI_stealth_killer/pili_stealth_ws/install/command_interfaces/include/command_interfaces/command_interfaces/srv/detail/command__rosidl_typesupport_introspection_c.h
[4.762s] -- Up-to-date: /root/PILI_stealth_killer/pili_stealth_ws/install/command_interfaces/include/command_interfaces/command_interfaces/srv/detail/command__type_support.c
[4.762s] -- Up-to-date: /root/PILI_stealth_killer/pili_stealth_ws/install/command_interfaces/lib/libcommand_interfaces__rosidl_typesupport_introspection_c.so
[4.762s] -- Up-to-date: /root/PILI_stealth_killer/pili_stealth_ws/install/command_interfaces/lib/libcommand_interfaces__rosidl_typesupport_c.so
[4.762s] -- Up-to-date: /root/PILI_stealth_killer/pili_stealth_ws/install/command_interfaces/include/command_interfaces/command_interfaces
[4.762s] -- Up-to-date: /root/PILI_stealth_killer/pili_stealth_ws/install/command_interfaces/include/command_interfaces/command_interfaces/srv
[4.762s] -- Up-to-date: /root/PILI_stealth_killer/pili_stealth_ws/install/command_interfaces/include/command_interfaces/command_interfaces/srv/detail
[4.762s] -- Up-to-date: /root/PILI_stealth_killer/pili_stealth_ws/install/command_interfaces/include/command_interfaces/command_interfaces/srv/detail/command__rosidl_typesupport_introspection_cpp.hpp
[4.763s] -- Up-to-date: /root/PILI_stealth_killer/pili_stealth_ws/install/command_interfaces/include/command_interfaces/command_interfaces/srv/detail/command__type_support.cpp
[4.763s] -- Up-to-date: /root/PILI_stealth_killer/pili_stealth_ws/install/command_interfaces/lib/libcommand_interfaces__rosidl_typesupport_introspection_cpp.so
[4.763s] -- Up-to-date: /root/PILI_stealth_killer/pili_stealth_ws/install/command_interfaces/lib/libcommand_interfaces__rosidl_typesupport_cpp.so
[4.763s] -- Up-to-date: /root/PILI_stealth_killer/pili_stealth_ws/install/command_interfaces/share/command_interfaces/environment/pythonpath.sh
[4.763s] -- Installing: /root/PILI_stealth_killer/pili_stealth_ws/install/command_interfaces/share/command_interfaces/environment/pythonpath.dsv
[4.763s] -- Up-to-date: /root/PILI_stealth_killer/pili_stealth_ws/install/command_interfaces/local/lib/python3.10/dist-packages/command_interfaces-0.0.0-py3.10.egg-info
[4.763s] -- Installing: /root/PILI_stealth_killer/pili_stealth_ws/install/command_interfaces/local/lib/python3.10/dist-packages/command_interfaces-0.0.0-py3.10.egg-info/PKG-INFO
[4.763s] -- Installing: /root/PILI_stealth_killer/pili_stealth_ws/install/command_interfaces/local/lib/python3.10/dist-packages/command_interfaces-0.0.0-py3.10.egg-info/top_level.txt
[4.763s] -- Installing: /root/PILI_stealth_killer/pili_stealth_ws/install/command_interfaces/local/lib/python3.10/dist-packages/command_interfaces-0.0.0-py3.10.egg-info/dependency_links.txt
[4.763s] -- Installing: /root/PILI_stealth_killer/pili_stealth_ws/install/command_interfaces/local/lib/python3.10/dist-packages/command_interfaces-0.0.0-py3.10.egg-info/SOURCES.txt
[4.763s] -- Up-to-date: /root/PILI_stealth_killer/pili_stealth_ws/install/command_interfaces/local/lib/python3.10/dist-packages/command_interfaces
[4.764s] -- Up-to-date: /root/PILI_stealth_killer/pili_stealth_ws/install/command_interfaces/local/lib/python3.10/dist-packages/command_interfaces/libcommand_interfaces__rosidl_generator_py.so
[4.764s] -- Up-to-date: /root/PILI_stealth_killer/pili_stealth_ws/install/command_interfaces/local/lib/python3.10/dist-packages/command_interfaces/_command_interfaces_s.ep.rosidl_typesupport_introspection_c.c
[4.764s] -- Up-to-date: /root/PILI_stealth_killer/pili_stealth_ws/install/command_interfaces/local/lib/python3.10/dist-packages/command_interfaces/_command_interfaces_s.ep.rosidl_typesupport_fastrtps_c.c
[4.764s] -- Up-to-date: /root/PILI_stealth_killer/pili_stealth_ws/install/command_interfaces/local/lib/python3.10/dist-packages/command_interfaces/srv
[4.764s] -- Up-to-date: /root/PILI_stealth_killer/pili_stealth_ws/install/command_interfaces/local/lib/python3.10/dist-packages/command_interfaces/srv/_command.py
[4.764s] -- Up-to-date: /root/PILI_stealth_killer/pili_stealth_ws/install/command_interfaces/local/lib/python3.10/dist-packages/command_interfaces/srv/_command_s.c
[4.764s] -- Up-to-date: /root/PILI_stealth_killer/pili_stealth_ws/install/command_interfaces/local/lib/python3.10/dist-packages/command_interfaces/srv/__init__.py
[4.764s] -- Up-to-date: /root/PILI_stealth_killer/pili_stealth_ws/install/command_interfaces/local/lib/python3.10/dist-packages/command_interfaces/command_interfaces_s__rosidl_typesupport_fastrtps_c.cpython-310-aarch64-linux-gnu.so
[4.764s] -- Up-to-date: /root/PILI_stealth_killer/pili_stealth_ws/install/command_interfaces/local/lib/python3.10/dist-packages/command_interfaces/command_interfaces_s__rosidl_typesupport_introspection_c.cpython-310-aarch64-linux-gnu.so
[4.764s] -- Installing: /root/PILI_stealth_killer/pili_stealth_ws/install/command_interfaces/local/lib/python3.10/dist-packages/command_interfaces/__init__.py
[4.764s] -- Up-to-date: /root/PILI_stealth_killer/pili_stealth_ws/install/command_interfaces/local/lib/python3.10/dist-packages/command_interfaces/command_interfaces_s__rosidl_typesupport_c.cpython-310-aarch64-linux-gnu.so
[4.764s] -- Up-to-date: /root/PILI_stealth_killer/pili_stealth_ws/install/command_interfaces/local/lib/python3.10/dist-packages/command_interfaces/_command_interfaces_s.ep.rosidl_typesupport_c.c
[4.798s] Listing '/root/PILI_stealth_killer/pili_stealth_ws/install/command_interfaces/local/lib/python3.10/dist-packages/command_interfaces'...
[4.799s] Compiling '/root/PILI_stealth_killer/pili_stealth_ws/install/command_interfaces/local/lib/python3.10/dist-packages/command_interfaces/__init__.py'...
[4.799s] Listing '/root/PILI_stealth_killer/pili_stealth_ws/install/command_interfaces/local/lib/python3.10/dist-packages/command_interfaces/srv'...
[4.806s] -- Up-to-date: /root/PILI_stealth_killer/pili_stealth_ws/install/command_interfaces/local/lib/python3.10/dist-packages/command_interfaces/command_interfaces_s__rosidl_typesupport_fastrtps_c.cpython-310-aarch64-linux-gnu.so
[4.807s] -- Up-to-date: /root/PILI_stealth_killer/pili_stealth_ws/install/command_interfaces/local/lib/python3.10/dist-packages/command_interfaces/command_interfaces_s__rosidl_typesupport_introspection_c.cpython-310-aarch64-linux-gnu.so
[4.807s] -- Up-to-date: /root/PILI_stealth_killer/pili_stealth_ws/install/command_interfaces/local/lib/python3.10/dist-packages/command_interfaces/command_interfaces_s__rosidl_typesupport_c.cpython-310-aarch64-linux-gnu.so
[4.807s] -- Up-to-date: /root/PILI_stealth_killer/pili_stealth_ws/install/command_interfaces/lib/libcommand_interfaces__rosidl_generator_py.so
[4.807s] -- Up-to-date: /root/PILI_stealth_killer/pili_stealth_ws/install/command_interfaces/share/command_interfaces/srv/Command.idl
[4.807s] -- Up-to-date: /root/PILI_stealth_killer/pili_stealth_ws/install/command_interfaces/share/command_interfaces/srv/Command.srv
[4.808s] -- Up-to-date: /root/PILI_stealth_killer/pili_stealth_ws/install/command_interfaces/share/command_interfaces/srv/Command_Request.msg
[4.808s] -- Up-to-date: /root/PILI_stealth_killer/pili_stealth_ws/install/command_interfaces/share/command_interfaces/srv/Command_Response.msg
[4.808s] -- Up-to-date: /root/PILI_stealth_killer/pili_stealth_ws/install/command_interfaces/lib/command_interfaces/server
[4.808s] -- Installing: /root/PILI_stealth_killer/pili_stealth_ws/install/command_interfaces/lib/command_interfaces/client
[4.809s] -- Set runtime path of "/root/PILI_stealth_killer/pili_stealth_ws/install/command_interfaces/lib/command_interfaces/client" to ""
[4.809s] -- Up-to-date: /root/PILI_stealth_killer/pili_stealth_ws/install/command_interfaces/share/ament_index/resource_index/package_run_dependencies/command_interfaces
[4.809s] -- Up-to-date: /root/PILI_stealth_killer/pili_stealth_ws/install/command_interfaces/share/ament_index/resource_index/parent_prefix_path/command_interfaces
[4.809s] -- Up-to-date: /root/PILI_stealth_killer/pili_stealth_ws/install/command_interfaces/share/command_interfaces/environment/ament_prefix_path.sh
[4.809s] -- Installing: /root/PILI_stealth_killer/pili_stealth_ws/install/command_interfaces/share/command_interfaces/environment/ament_prefix_path.dsv
[4.809s] -- Up-to-date: /root/PILI_stealth_killer/pili_stealth_ws/install/command_interfaces/share/command_interfaces/environment/path.sh
[4.809s] -- Installing: /root/PILI_stealth_killer/pili_stealth_ws/install/command_interfaces/share/command_interfaces/environment/path.dsv
[4.810s] -- Up-to-date: /root/PILI_stealth_killer/pili_stealth_ws/install/command_interfaces/share/command_interfaces/local_setup.bash
[4.810s] -- Up-to-date: /root/PILI_stealth_killer/pili_stealth_ws/install/command_interfaces/share/command_interfaces/local_setup.sh
[4.810s] -- Up-to-date: /root/PILI_stealth_killer/pili_stealth_ws/install/command_interfaces/share/command_interfaces/local_setup.zsh
[4.810s] -- Installing: /root/PILI_stealth_killer/pili_stealth_ws/install/command_interfaces/share/command_interfaces/local_setup.dsv
[4.810s] -- Installing: /root/PILI_stealth_killer/pili_stealth_ws/install/command_interfaces/share/command_interfaces/package.dsv
[4.810s] -- Up-to-date: /root/PILI_stealth_killer/pili_stealth_ws/install/command_interfaces/share/ament_index/resource_index/packages/command_interfaces
[4.810s] -- Up-to-date: /root/PILI_stealth_killer/pili_stealth_ws/install/command_interfaces/share/command_interfaces/cmake/export_command_interfaces__rosidl_generator_cExport.cmake
[4.810s] -- Up-to-date: /root/PILI_stealth_killer/pili_stealth_ws/install/command_interfaces/share/command_interfaces/cmake/export_command_interfaces__rosidl_generator_cExport-noconfig.cmake
[4.810s] -- Up-to-date: /root/PILI_stealth_killer/pili_stealth_ws/install/command_interfaces/share/command_interfaces/cmake/export_command_interfaces__rosidl_typesupport_fastrtps_cExport.cmake
[4.810s] -- Up-to-date: /root/PILI_stealth_killer/pili_stealth_ws/install/command_interfaces/share/command_interfaces/cmake/export_command_interfaces__rosidl_typesupport_fastrtps_cExport-noconfig.cmake
[4.811s] -- Up-to-date: /root/PILI_stealth_killer/pili_stealth_ws/install/command_interfaces/share/command_interfaces/cmake/export_command_interfaces__rosidl_generator_cppExport.cmake
[4.811s] -- Up-to-date: /root/PILI_stealth_killer/pili_stealth_ws/install/command_interfaces/share/command_interfaces/cmake/export_command_interfaces__rosidl_typesupport_fastrtps_cppExport.cmake
[4.811s] -- Up-to-date: /root/PILI_stealth_killer/pili_stealth_ws/install/command_interfaces/share/command_interfaces/cmake/export_command_interfaces__rosidl_typesupport_fastrtps_cppExport-noconfig.cmake
[4.811s] -- Up-to-date: /root/PILI_stealth_killer/pili_stealth_ws/install/command_interfaces/share/command_interfaces/cmake/command_interfaces__rosidl_typesupport_introspection_cExport.cmake
[4.811s] -- Up-to-date: /root/PILI_stealth_killer/pili_stealth_ws/install/command_interfaces/share/command_interfaces/cmake/command_interfaces__rosidl_typesupport_introspection_cExport-noconfig.cmake
[4.811s] -- Up-to-date: /root/PILI_stealth_killer/pili_stealth_ws/install/command_interfaces/share/command_interfaces/cmake/command_interfaces__rosidl_typesupport_cExport.cmake
[4.811s] -- Up-to-date: /root/PILI_stealth_killer/pili_stealth_ws/install/command_interfaces/share/command_interfaces/cmake/command_interfaces__rosidl_typesupport_cExport-noconfig.cmake
[4.811s] -- Up-to-date: /root/PILI_stealth_killer/pili_stealth_ws/install/command_interfaces/share/command_interfaces/cmake/command_interfaces__rosidl_typesupport_introspection_cppExport.cmake
[4.811s] -- Up-to-date: /root/PILI_stealth_killer/pili_stealth_ws/install/command_interfaces/share/command_interfaces/cmake/command_interfaces__rosidl_typesupport_introspection_cppExport-noconfig.cmake
[4.811s] -- Up-to-date: /root/PILI_stealth_killer/pili_stealth_ws/install/command_interfaces/share/command_interfaces/cmake/command_interfaces__rosidl_typesupport_cppExport.cmake
[4.811s] -- Up-to-date: /root/PILI_stealth_killer/pili_stealth_ws/install/command_interfaces/share/command_interfaces/cmake/command_interfaces__rosidl_typesupport_cppExport-noconfig.cmake
[4.812s] -- Up-to-date: /root/PILI_stealth_killer/pili_stealth_ws/install/command_interfaces/share/command_interfaces/cmake/export_command_interfaces__rosidl_generator_pyExport.cmake
[4.812s] -- Up-to-date: /root/PILI_stealth_killer/pili_stealth_ws/install/command_interfaces/share/command_interfaces/cmake/export_command_interfaces__rosidl_generator_pyExport-noconfig.cmake
[4.812s] -- Up-to-date: /root/PILI_stealth_killer/pili_stealth_ws/install/command_interfaces/share/command_interfaces/cmake/rosidl_cmake-extras.cmake
[4.812s] -- Up-to-date: /root/PILI_stealth_killer/pili_stealth_ws/install/command_interfaces/share/command_interfaces/cmake/ament_cmake_export_include_directories-extras.cmake
[4.812s] -- Up-to-date: /root/PILI_stealth_killer/pili_stealth_ws/install/command_interfaces/share/command_interfaces/cmake/ament_cmake_export_libraries-extras.cmake
[4.812s] -- Up-to-date: /root/PILI_stealth_killer/pili_stealth_ws/install/command_interfaces/share/command_interfaces/cmake/ament_cmake_export_targets-extras.cmake
[4.812s] -- Up-to-date: /root/PILI_stealth_killer/pili_stealth_ws/install/command_interfaces/share/command_interfaces/cmake/rosidl_cmake_export_typesupport_targets-extras.cmake
[4.812s] -- Up-to-date: /root/PILI_stealth_killer/pili_stealth_ws/install/command_interfaces/share/command_interfaces/cmake/ament_cmake_export_dependencies-extras.cmake
[4.812s] -- Up-to-date: /root/PILI_stealth_killer/pili_stealth_ws/install/command_interfaces/share/command_interfaces/cmake/rosidl_cmake_export_typesupport_libraries-extras.cmake
[4.812s] -- Up-to-date: /root/PILI_stealth_killer/pili_stealth_ws/install/command_interfaces/share/command_interfaces/cmake/command_interfacesConfig.cmake
[4.812s] -- Up-to-date: /root/PILI_stealth_killer/pili_stealth_ws/install/command_interfaces/share/command_interfaces/cmake/command_interfacesConfig-version.cmake
[4.812s] -- Up-to-date: /root/PILI_stealth_killer/pili_stealth_ws/install/command_interfaces/share/command_interfaces/package.xml
[4.814s] Invoked command in '/root/PILI_stealth_killer/pili_stealth_ws/build/command_interfaces' returned '0': CMAKE_PREFIX_PATH=${CMAKE_PREFIX_PATH}:/opt/ros/humble /usr/bin/cmake --install /root/PILI_stealth_killer/pili_stealth_ws/build/command_interfaces
