[0.033s] Invoking command in '/root/PILI_stealth_killer/pili_stealth_ws/build/command_interfaces': CMAKE_PREFIX_PATH=/opt/ros/humble /usr/bin/cmake /root/PILI_stealth_killer/pili_stealth_ws/src/command_interfaces -DCMAKE_INSTALL_PREFIX=/root/PILI_stealth_killer/pili_stealth_ws/install/command_interfaces
[0.146s] -- The C compiler identification is GNU 11.4.0
[0.264s] -- The CXX compiler identification is GNU 11.4.0
[0.273s] -- Detecting C compiler ABI info
[0.328s] -- Detecting C compiler ABI info - done
[0.334s] -- Check for working C compiler: /usr/bin/cc - skipped
[0.334s] -- Detecting C compile features
[0.334s] -- Detecting C compile features - done
[0.337s] -- Detecting CXX compiler ABI info
[0.395s] -- Detecting CXX compiler ABI info - done
[0.400s] -- Check for working CXX compiler: /usr/bin/c++ - skipped
[0.400s] -- Detecting CXX compile features
[0.400s] -- Detecting CXX compile features - done
[0.412s] -- Found ament_cmake: 1.3.5 (/opt/ros/humble/share/ament_cmake/cmake)
[0.520s] -- Found Python3: /usr/bin/python3.10 (found version "3.10.12") found components: Interpreter 
[0.598s] -- Found rosidl_default_generators: 1.2.0 (/opt/ros/humble/share/rosidl_default_generators/cmake)
[0.602s] -- Using all available rosidl_typesupport_c: rosidl_typesupport_fastrtps_c;rosidl_typesupport_introspection_c
[0.609s] -- Found rosidl_adapter: 3.1.5 (/opt/ros/humble/share/rosidl_adapter/cmake)
[0.646s] -- Using all available rosidl_typesupport_cpp: rosidl_typesupport_fastrtps_cpp;rosidl_typesupport_introspection_cpp
[0.750s] [31mCMake Error at /opt/ros/humble/share/rosidl_adapter/cmake/rosidl_adapt_interfaces.cmake:59 (message):
[0.750s]   execute_process(/usr/bin/python3.10 -m rosidl_adapter --package-name
[0.750s]   command_interfaces --arguments-file
[0.750s]   /root/PILI_stealth_killer/pili_stealth_ws/build/command_interfaces/rosidl_adapter__arguments__command_interfaces.json
[0.750s]   --output-dir
[0.750s]   /root/PILI_stealth_killer/pili_stealth_ws/build/command_interfaces/rosidl_adapter/command_interfaces
[0.750s]   --output-file
[0.750s]   /root/PILI_stealth_killer/pili_stealth_ws/build/command_interfaces/rosidl_adapter/command_interfaces.idls)
[0.750s]   returned error code 1:
[0.750s] 
[0.751s]   Error processing 'uint8_t mode' of 'command_interfaces/Commands':
[0.751s]   ''uint8_t' is an invalid message name.  It should have the pattern
[0.751s]   '^[A-Z][A-Za-z0-9]*$''
[0.751s] 
[0.751s]   Traceback (most recent call last):
[0.751s] 
[0.751s]     File "/usr/lib/python3.10/runpy.py", line 196, in _run_module_as_main
[0.751s]       return _run_code(code, main_globals, None,
[0.751s]     File "/usr/lib/python3.10/runpy.py", line 86, in _run_code
[0.751s]       exec(code, run_globals)
[0.751s]     File "/opt/ros/humble/local/lib/python3.10/dist-packages/rosidl_adapter/__main__.py", line 19, in <module>
[0.751s]       sys.exit(main())
[0.751s]     File "/opt/ros/humble/local/lib/python3.10/dist-packages/rosidl_adapter/main.py", line 53, in main
[0.751s]       abs_idl_file = convert_to_idl(
[0.751s]     File "/opt/ros/humble/local/lib/python3.10/dist-packages/rosidl_adapter/__init__.py", line 19, in convert_to_idl
[0.751s]       return convert_msg_to_idl(
[0.751s]     File "/opt/ros/humble/local/lib/python3.10/dist-packages/rosidl_adapter/msg/__init__.py", line 28, in convert_msg_to_idl
[0.751s]       msg = parse_message_string(package_name, input_file.stem, content)
[0.751s]     File "/opt/ros/humble/local/lib/python3.10/dist-packages/rosidl_adapter/parser.py", line 520, in parse_message_string
[0.751s]       Type(type_string, context_package_name=pkg_name),
[0.751s]     File "/opt/ros/humble/local/lib/python3.10/dist-packages/rosidl_adapter/parser.py", line 277, in __init__
[0.751s]       super(Type, self).__init__(
[0.751s]     File "/opt/ros/humble/local/lib/python3.10/dist-packages/rosidl_adapter/parser.py", line 205, in __init__
[0.751s]       raise InvalidResourceName(
[0.751s] 
[0.752s]   rosidl_adapter.parser.InvalidResourceName: 'uint8_t' is an invalid message
[0.752s]   name.  It should have the pattern '^[A-Z][A-Za-z0-9]*$'
[0.752s] 
[0.752s] Call Stack (most recent call first):
[0.752s]   /opt/ros/humble/share/rosidl_cmake/cmake/rosidl_generate_interfaces.cmake:130 (rosidl_adapt_interfaces)
[0.752s]   CMakeLists.txt:12 (rosidl_generate_interfaces)
[0.752s] 
[0.752s] [0m
[0.752s] -- Configuring incomplete, errors occurred!
[0.752s] See also "/root/PILI_stealth_killer/pili_stealth_ws/build/command_interfaces/CMakeFiles/CMakeOutput.log".
[0.754s] Invoked command in '/root/PILI_stealth_killer/pili_stealth_ws/build/command_interfaces' returned '1': CMAKE_PREFIX_PATH=/opt/ros/humble /usr/bin/cmake /root/PILI_stealth_killer/pili_stealth_ws/src/command_interfaces -DCMAKE_INSTALL_PREFIX=/root/PILI_stealth_killer/pili_stealth_ws/install/command_interfaces
