[0.033s] Invoking command in '/root/PILI_stealth_killer/pili_stealth_ws/build/userPkg': CMAKE_PREFIX_PATH=/root/PILI_stealth_killer/pili_stealth_ws/install/more_interfaces:/root/PILI_stealth_killer/pili_stealth_ws/install/userPkg:/opt/ros/humble /usr/bin/cmake --build /root/PILI_stealth_killer/pili_stealth_ws/build/userPkg -- -j8 -l8
[0.064s] [35m[1mConsolidate compiler generated dependencies of target command_service_server[0m
[0.064s] [35m[1mConsolidate compiler generated dependencies of target command_service_client[0m
[0.077s] [ 50%] [32mBuilding CXX object CMakeFiles/command_service_server.dir/src/command_service_server.cpp.o[0m
[0.077s] [ 50%] [32mBuilding CXX object CMakeFiles/command_service_client.dir/src/command_service_client.cpp.o[0m
[1.777s] In file included from [01m[K/opt/ros/humble/include/rclcpp/rclcpp/logging.hpp:24[m[K,
[1.777s]                  from [01m[K/opt/ros/humble/include/rclcpp/rclcpp/client.hpp:40[m[K,
[1.777s]                  from [01m[K/opt/ros/humble/include/rclcpp/rclcpp/callback_group.hpp:24[m[K,
[1.777s]                  from [01m[K/opt/ros/humble/include/rclcpp/rclcpp/any_executable.hpp:20[m[K,
[1.777s]                  from [01m[K/opt/ros/humble/include/rclcpp/rclcpp/memory_strategy.hpp:25[m[K,
[1.777s]                  from [01m[K/opt/ros/humble/include/rclcpp/rclcpp/memory_strategies.hpp:18[m[K,
[1.777s]                  from [01m[K/opt/ros/humble/include/rclcpp/rclcpp/executor_options.hpp:20[m[K,
[1.777s]                  from [01m[K/opt/ros/humble/include/rclcpp/rclcpp/executor.hpp:37[m[K,
[1.777s]                  from [01m[K/opt/ros/humble/include/rclcpp/rclcpp/executors/multi_threaded_executor.hpp:25[m[K,
[1.777s]                  from [01m[K/opt/ros/humble/include/rclcpp/rclcpp/executors.hpp:21[m[K,
[1.777s]                  from [01m[K/opt/ros/humble/include/rclcpp/rclcpp/rclcpp.hpp:155[m[K,
[1.777s]                  from [01m[K/root/PILI_stealth_killer/pili_stealth_ws/src/userPkg/src/command_service_server.cpp:2[m[K:
[1.777s] [01m[K/root/PILI_stealth_killer/pili_stealth_ws/src/userPkg/src/command_service_server.cpp:[m[K In member function ‘[01m[Kvoid CommandServiceServer::handle_request(std::shared_ptr<more_interfaces::srv::CommandService_Request_<std::allocator<void> > >, std::shared_ptr<more_interfaces::srv::CommandService_Response_<std::allocator<void> > >)[m[K’:
[1.777s] [01m[K/root/PILI_stealth_killer/pili_stealth_ws/src/userPkg/src/command_service_server.cpp:40:58:[m[K [01;31m[Kerror: [m[K‘[01m[Kallcmd[m[K’ was not declared in this scope
[1.777s]    40 |         RCLCPP_INFO(get_logger(), "Received request %u", [01;31m[Kallcmd[m[K);
[1.777s]       |                                                          [01;31m[K^~~~~~[m[K
[2.243s] gmake[2]: *** [CMakeFiles/command_service_server.dir/build.make:76: CMakeFiles/command_service_server.dir/src/command_service_server.cpp.o] Error 1
[2.243s] gmake[1]: *** [CMakeFiles/Makefile2:139: CMakeFiles/command_service_server.dir/all] Error 2
[2.243s] gmake[1]: *** Waiting for unfinished jobs....
[2.624s] [ 75%] [32m[1mLinking CXX executable command_service_client[0m
[2.731s] [ 75%] Built target command_service_client
[2.731s] gmake: *** [Makefile:146: all] Error 2
[2.733s] Invoked command in '/root/PILI_stealth_killer/pili_stealth_ws/build/userPkg' returned '2': CMAKE_PREFIX_PATH=/root/PILI_stealth_killer/pili_stealth_ws/install/more_interfaces:/root/PILI_stealth_killer/pili_stealth_ws/install/userPkg:/opt/ros/humble /usr/bin/cmake --build /root/PILI_stealth_killer/pili_stealth_ws/build/userPkg -- -j8 -l8
