[0.049s] Invoking command in '/root/PILI_stealth_killer/pili_stealth_ws/build/more_interfaces': CMAKE_PREFIX_PATH=${CMAKE_PREFIX_PATH}:/opt/ros/humble /usr/bin/cmake --build /root/PILI_stealth_killer/pili_stealth_ws/build/more_interfaces -- -j8 -l8
[0.137s] [  2%] Built target more_interfaces__cpp
[0.140s] [ 12%] Built target more_interfaces__rosidl_generator_c
[0.152s] [ 12%] Built target ament_cmake_python_copy_more_interfaces
[0.165s] [ 33%] Built target more_interfaces__rosidl_typesupport_introspection_c
[0.166s] [ 33%] Built target more_interfaces__rosidl_typesupport_c
[0.168s] [ 43%] Built target more_interfaces__rosidl_typesupport_cpp
[0.168s] [ 56%] Built target more_interfaces__rosidl_typesupport_introspection_cpp
[0.168s] [ 64%] Built target more_interfaces__rosidl_typesupport_fastrtps_cpp
[0.168s] [ 74%] Built target more_interfaces__rosidl_typesupport_fastrtps_c
[0.185s] [ 74%] Built target more_interfaces
[0.203s] [ 76%] Built target more_interfaces__py
[0.228s] [ 84%] Built target more_interfaces__rosidl_generator_py
[0.249s] [100%] Built target more_interfaces__rosidl_typesupport_introspection_c__pyext
[0.249s] [100%] Built target more_interfaces__rosidl_typesupport_c__pyext
[0.249s] [100%] Built target more_interfaces__rosidl_typesupport_fastrtps_c__pyext
[0.316s] running egg_info
[0.317s] writing more_interfaces.egg-info/PKG-INFO
[0.318s] writing dependency_links to more_interfaces.egg-info/dependency_links.txt
[0.318s] writing top-level names to more_interfaces.egg-info/top_level.txt
[0.321s] reading manifest file 'more_interfaces.egg-info/SOURCES.txt'
[0.322s] writing manifest file 'more_interfaces.egg-info/SOURCES.txt'
[0.345s] [100%] Built target ament_cmake_python_build_more_interfaces_egg
[0.354s] Invoked command in '/root/PILI_stealth_killer/pili_stealth_ws/build/more_interfaces' returned '0': CMAKE_PREFIX_PATH=${CMAKE_PREFIX_PATH}:/opt/ros/humble /usr/bin/cmake --build /root/PILI_stealth_killer/pili_stealth_ws/build/more_interfaces -- -j8 -l8
[0.411s] Invoking command in '/root/PILI_stealth_killer/pili_stealth_ws/build/more_interfaces': CMAKE_PREFIX_PATH=${CMAKE_PREFIX_PATH}:/opt/ros/humble /usr/bin/cmake --install /root/PILI_stealth_killer/pili_stealth_ws/build/more_interfaces
[0.418s] -- Install configuration: ""
[0.418s] -- Up-to-date: /root/PILI_stealth_killer/pili_stealth_ws/install/more_interfaces/share/ament_index/resource_index/rosidl_interfaces/more_interfaces
[0.418s] -- Up-to-date: /root/PILI_stealth_killer/pili_stealth_ws/install/more_interfaces/include/more_interfaces/more_interfaces
[0.418s] -- Up-to-date: /root/PILI_stealth_killer/pili_stealth_ws/install/more_interfaces/include/more_interfaces/more_interfaces/msg
[0.418s] -- Up-to-date: /root/PILI_stealth_killer/pili_stealth_ws/install/more_interfaces/include/more_interfaces/more_interfaces/msg/rosidl_generator_c__visibility_control.h
[0.418s] -- Up-to-date: /root/PILI_stealth_killer/pili_stealth_ws/install/more_interfaces/include/more_interfaces/more_interfaces/msg/detail
[0.418s] -- Up-to-date: /root/PILI_stealth_killer/pili_stealth_ws/install/more_interfaces/include/more_interfaces/more_interfaces/msg/detail/command__functions.c
[0.418s] -- Up-to-date: /root/PILI_stealth_killer/pili_stealth_ws/install/more_interfaces/include/more_interfaces/more_interfaces/msg/detail/command__struct.h
[0.419s] -- Up-to-date: /root/PILI_stealth_killer/pili_stealth_ws/install/more_interfaces/include/more_interfaces/more_interfaces/msg/detail/command__functions.h
[0.419s] -- Up-to-date: /root/PILI_stealth_killer/pili_stealth_ws/install/more_interfaces/include/more_interfaces/more_interfaces/msg/detail/command__type_support.h
[0.419s] -- Up-to-date: /root/PILI_stealth_killer/pili_stealth_ws/install/more_interfaces/include/more_interfaces/more_interfaces/msg/command.h
[0.419s] -- Up-to-date: /root/PILI_stealth_killer/pili_stealth_ws/install/more_interfaces/include/more_interfaces/more_interfaces/srv
[0.419s] -- Up-to-date: /root/PILI_stealth_killer/pili_stealth_ws/install/more_interfaces/include/more_interfaces/more_interfaces/srv/detail
[0.419s] -- Up-to-date: /root/PILI_stealth_killer/pili_stealth_ws/install/more_interfaces/include/more_interfaces/more_interfaces/srv/detail/command_service__type_support.h
[0.419s] -- Up-to-date: /root/PILI_stealth_killer/pili_stealth_ws/install/more_interfaces/include/more_interfaces/more_interfaces/srv/detail/command_service__struct.h
[0.419s] -- Up-to-date: /root/PILI_stealth_killer/pili_stealth_ws/install/more_interfaces/include/more_interfaces/more_interfaces/srv/detail/command_service__functions.c
[0.419s] -- Up-to-date: /root/PILI_stealth_killer/pili_stealth_ws/install/more_interfaces/include/more_interfaces/more_interfaces/srv/detail/command_service__functions.h
[0.419s] -- Up-to-date: /root/PILI_stealth_killer/pili_stealth_ws/install/more_interfaces/include/more_interfaces/more_interfaces/srv/command_service.h
[0.420s] -- Up-to-date: /root/PILI_stealth_killer/pili_stealth_ws/install/more_interfaces/share/more_interfaces/environment/library_path.sh
[0.420s] -- Up-to-date: /root/PILI_stealth_killer/pili_stealth_ws/install/more_interfaces/share/more_interfaces/environment/library_path.dsv
[0.420s] -- Up-to-date: /root/PILI_stealth_killer/pili_stealth_ws/install/more_interfaces/lib/libmore_interfaces__rosidl_generator_c.so
[0.420s] -- Up-to-date: /root/PILI_stealth_killer/pili_stealth_ws/install/more_interfaces/include/more_interfaces/more_interfaces
[0.420s] -- Up-to-date: /root/PILI_stealth_killer/pili_stealth_ws/install/more_interfaces/include/more_interfaces/more_interfaces/msg
[0.420s] -- Up-to-date: /root/PILI_stealth_killer/pili_stealth_ws/install/more_interfaces/include/more_interfaces/more_interfaces/msg/rosidl_typesupport_fastrtps_c__visibility_control.h
[0.420s] -- Up-to-date: /root/PILI_stealth_killer/pili_stealth_ws/install/more_interfaces/include/more_interfaces/more_interfaces/msg/detail
[0.420s] -- Up-to-date: /root/PILI_stealth_killer/pili_stealth_ws/install/more_interfaces/include/more_interfaces/more_interfaces/msg/detail/command__rosidl_typesupport_fastrtps_c.h
[0.420s] -- Up-to-date: /root/PILI_stealth_killer/pili_stealth_ws/install/more_interfaces/include/more_interfaces/more_interfaces/srv
[0.420s] -- Up-to-date: /root/PILI_stealth_killer/pili_stealth_ws/install/more_interfaces/include/more_interfaces/more_interfaces/srv/detail
[0.420s] -- Up-to-date: /root/PILI_stealth_killer/pili_stealth_ws/install/more_interfaces/include/more_interfaces/more_interfaces/srv/detail/command_service__rosidl_typesupport_fastrtps_c.h
[0.420s] -- Up-to-date: /root/PILI_stealth_killer/pili_stealth_ws/install/more_interfaces/lib/libmore_interfaces__rosidl_typesupport_fastrtps_c.so
[0.420s] -- Up-to-date: /root/PILI_stealth_killer/pili_stealth_ws/install/more_interfaces/include/more_interfaces/more_interfaces
[0.420s] -- Up-to-date: /root/PILI_stealth_killer/pili_stealth_ws/install/more_interfaces/include/more_interfaces/more_interfaces/msg
[0.420s] -- Up-to-date: /root/PILI_stealth_killer/pili_stealth_ws/install/more_interfaces/include/more_interfaces/more_interfaces/msg/detail
[0.421s] -- Up-to-date: /root/PILI_stealth_killer/pili_stealth_ws/install/more_interfaces/include/more_interfaces/more_interfaces/msg/detail/command__rosidl_typesupport_introspection_c.h
[0.421s] -- Up-to-date: /root/PILI_stealth_killer/pili_stealth_ws/install/more_interfaces/include/more_interfaces/more_interfaces/msg/detail/command__type_support.c
[0.421s] -- Up-to-date: /root/PILI_stealth_killer/pili_stealth_ws/install/more_interfaces/include/more_interfaces/more_interfaces/msg/rosidl_typesupport_introspection_c__visibility_control.h
[0.421s] -- Up-to-date: /root/PILI_stealth_killer/pili_stealth_ws/install/more_interfaces/include/more_interfaces/more_interfaces/srv
[0.421s] -- Up-to-date: /root/PILI_stealth_killer/pili_stealth_ws/install/more_interfaces/include/more_interfaces/more_interfaces/srv/detail
[0.421s] -- Up-to-date: /root/PILI_stealth_killer/pili_stealth_ws/install/more_interfaces/include/more_interfaces/more_interfaces/srv/detail/command_service__type_support.c
[0.421s] -- Up-to-date: /root/PILI_stealth_killer/pili_stealth_ws/install/more_interfaces/include/more_interfaces/more_interfaces/srv/detail/command_service__rosidl_typesupport_introspection_c.h
[0.421s] -- Up-to-date: /root/PILI_stealth_killer/pili_stealth_ws/install/more_interfaces/lib/libmore_interfaces__rosidl_typesupport_introspection_c.so
[0.421s] -- Up-to-date: /root/PILI_stealth_killer/pili_stealth_ws/install/more_interfaces/lib/libmore_interfaces__rosidl_typesupport_c.so
[0.421s] -- Up-to-date: /root/PILI_stealth_killer/pili_stealth_ws/install/more_interfaces/include/more_interfaces/more_interfaces
[0.421s] -- Up-to-date: /root/PILI_stealth_killer/pili_stealth_ws/install/more_interfaces/include/more_interfaces/more_interfaces/msg
[0.422s] -- Up-to-date: /root/PILI_stealth_killer/pili_stealth_ws/install/more_interfaces/include/more_interfaces/more_interfaces/msg/command.hpp
[0.422s] -- Up-to-date: /root/PILI_stealth_killer/pili_stealth_ws/install/more_interfaces/include/more_interfaces/more_interfaces/msg/detail
[0.422s] -- Up-to-date: /root/PILI_stealth_killer/pili_stealth_ws/install/more_interfaces/include/more_interfaces/more_interfaces/msg/detail/command__traits.hpp
[0.422s] -- Up-to-date: /root/PILI_stealth_killer/pili_stealth_ws/install/more_interfaces/include/more_interfaces/more_interfaces/msg/detail/command__struct.hpp
[0.422s] -- Up-to-date: /root/PILI_stealth_killer/pili_stealth_ws/install/more_interfaces/include/more_interfaces/more_interfaces/msg/detail/command__builder.hpp
[0.422s] -- Up-to-date: /root/PILI_stealth_killer/pili_stealth_ws/install/more_interfaces/include/more_interfaces/more_interfaces/srv
[0.422s] -- Up-to-date: /root/PILI_stealth_killer/pili_stealth_ws/install/more_interfaces/include/more_interfaces/more_interfaces/srv/detail
[0.422s] -- Up-to-date: /root/PILI_stealth_killer/pili_stealth_ws/install/more_interfaces/include/more_interfaces/more_interfaces/srv/detail/command_service__traits.hpp
[0.422s] -- Up-to-date: /root/PILI_stealth_killer/pili_stealth_ws/install/more_interfaces/include/more_interfaces/more_interfaces/srv/detail/command_service__builder.hpp
[0.422s] -- Up-to-date: /root/PILI_stealth_killer/pili_stealth_ws/install/more_interfaces/include/more_interfaces/more_interfaces/srv/detail/command_service__struct.hpp
[0.422s] -- Up-to-date: /root/PILI_stealth_killer/pili_stealth_ws/install/more_interfaces/include/more_interfaces/more_interfaces/srv/command_service.hpp
[0.422s] -- Up-to-date: /root/PILI_stealth_killer/pili_stealth_ws/install/more_interfaces/include/more_interfaces/more_interfaces
[0.422s] -- Up-to-date: /root/PILI_stealth_killer/pili_stealth_ws/install/more_interfaces/include/more_interfaces/more_interfaces/msg
[0.422s] -- Up-to-date: /root/PILI_stealth_killer/pili_stealth_ws/install/more_interfaces/include/more_interfaces/more_interfaces/msg/detail
[0.422s] -- Up-to-date: /root/PILI_stealth_killer/pili_stealth_ws/install/more_interfaces/include/more_interfaces/more_interfaces/msg/detail/command__rosidl_typesupport_fastrtps_cpp.hpp
[0.422s] -- Up-to-date: /root/PILI_stealth_killer/pili_stealth_ws/install/more_interfaces/include/more_interfaces/more_interfaces/msg/detail/dds_fastrtps
[0.422s] -- Up-to-date: /root/PILI_stealth_killer/pili_stealth_ws/install/more_interfaces/include/more_interfaces/more_interfaces/msg/rosidl_typesupport_fastrtps_cpp__visibility_control.h
[0.422s] -- Up-to-date: /root/PILI_stealth_killer/pili_stealth_ws/install/more_interfaces/include/more_interfaces/more_interfaces/srv
[0.423s] -- Up-to-date: /root/PILI_stealth_killer/pili_stealth_ws/install/more_interfaces/include/more_interfaces/more_interfaces/srv/detail
[0.423s] -- Up-to-date: /root/PILI_stealth_killer/pili_stealth_ws/install/more_interfaces/include/more_interfaces/more_interfaces/srv/detail/dds_fastrtps
[0.423s] -- Up-to-date: /root/PILI_stealth_killer/pili_stealth_ws/install/more_interfaces/include/more_interfaces/more_interfaces/srv/detail/command_service__rosidl_typesupport_fastrtps_cpp.hpp
[0.423s] -- Up-to-date: /root/PILI_stealth_killer/pili_stealth_ws/install/more_interfaces/lib/libmore_interfaces__rosidl_typesupport_fastrtps_cpp.so
[0.423s] -- Up-to-date: /root/PILI_stealth_killer/pili_stealth_ws/install/more_interfaces/include/more_interfaces/more_interfaces
[0.423s] -- Up-to-date: /root/PILI_stealth_killer/pili_stealth_ws/install/more_interfaces/include/more_interfaces/more_interfaces/msg
[0.423s] -- Up-to-date: /root/PILI_stealth_killer/pili_stealth_ws/install/more_interfaces/include/more_interfaces/more_interfaces/msg/detail
[0.423s] -- Up-to-date: /root/PILI_stealth_killer/pili_stealth_ws/install/more_interfaces/include/more_interfaces/more_interfaces/msg/detail/command__rosidl_typesupport_introspection_cpp.hpp
[0.423s] -- Up-to-date: /root/PILI_stealth_killer/pili_stealth_ws/install/more_interfaces/include/more_interfaces/more_interfaces/msg/detail/command__type_support.cpp
[0.423s] -- Up-to-date: /root/PILI_stealth_killer/pili_stealth_ws/install/more_interfaces/include/more_interfaces/more_interfaces/srv
[0.423s] -- Up-to-date: /root/PILI_stealth_killer/pili_stealth_ws/install/more_interfaces/include/more_interfaces/more_interfaces/srv/detail
[0.423s] -- Up-to-date: /root/PILI_stealth_killer/pili_stealth_ws/install/more_interfaces/include/more_interfaces/more_interfaces/srv/detail/command_service__type_support.cpp
[0.423s] -- Up-to-date: /root/PILI_stealth_killer/pili_stealth_ws/install/more_interfaces/include/more_interfaces/more_interfaces/srv/detail/command_service__rosidl_typesupport_introspection_cpp.hpp
[0.423s] -- Up-to-date: /root/PILI_stealth_killer/pili_stealth_ws/install/more_interfaces/lib/libmore_interfaces__rosidl_typesupport_introspection_cpp.so
[0.423s] -- Up-to-date: /root/PILI_stealth_killer/pili_stealth_ws/install/more_interfaces/lib/libmore_interfaces__rosidl_typesupport_cpp.so
[0.423s] -- Up-to-date: /root/PILI_stealth_killer/pili_stealth_ws/install/more_interfaces/share/more_interfaces/environment/pythonpath.sh
[0.423s] -- Up-to-date: /root/PILI_stealth_killer/pili_stealth_ws/install/more_interfaces/share/more_interfaces/environment/pythonpath.dsv
[0.423s] -- Up-to-date: /root/PILI_stealth_killer/pili_stealth_ws/install/more_interfaces/local/lib/python3.10/dist-packages/more_interfaces-0.0.0-py3.10.egg-info
[0.424s] -- Installing: /root/PILI_stealth_killer/pili_stealth_ws/install/more_interfaces/local/lib/python3.10/dist-packages/more_interfaces-0.0.0-py3.10.egg-info/SOURCES.txt
[0.424s] -- Installing: /root/PILI_stealth_killer/pili_stealth_ws/install/more_interfaces/local/lib/python3.10/dist-packages/more_interfaces-0.0.0-py3.10.egg-info/top_level.txt
[0.424s] -- Installing: /root/PILI_stealth_killer/pili_stealth_ws/install/more_interfaces/local/lib/python3.10/dist-packages/more_interfaces-0.0.0-py3.10.egg-info/dependency_links.txt
[0.424s] -- Installing: /root/PILI_stealth_killer/pili_stealth_ws/install/more_interfaces/local/lib/python3.10/dist-packages/more_interfaces-0.0.0-py3.10.egg-info/PKG-INFO
[0.424s] -- Up-to-date: /root/PILI_stealth_killer/pili_stealth_ws/install/more_interfaces/local/lib/python3.10/dist-packages/more_interfaces
[0.424s] -- Up-to-date: /root/PILI_stealth_killer/pili_stealth_ws/install/more_interfaces/local/lib/python3.10/dist-packages/more_interfaces/__init__.py
[0.424s] -- Up-to-date: /root/PILI_stealth_killer/pili_stealth_ws/install/more_interfaces/local/lib/python3.10/dist-packages/more_interfaces/more_interfaces_s__rosidl_typesupport_introspection_c.cpython-310-x86_64-linux-gnu.so
[0.424s] -- Up-to-date: /root/PILI_stealth_killer/pili_stealth_ws/install/more_interfaces/local/lib/python3.10/dist-packages/more_interfaces/more_interfaces_s__rosidl_typesupport_c.cpython-310-x86_64-linux-gnu.so
[0.424s] -- Up-to-date: /root/PILI_stealth_killer/pili_stealth_ws/install/more_interfaces/local/lib/python3.10/dist-packages/more_interfaces/msg
[0.424s] -- Up-to-date: /root/PILI_stealth_killer/pili_stealth_ws/install/more_interfaces/local/lib/python3.10/dist-packages/more_interfaces/msg/_command.py
[0.424s] -- Up-to-date: /root/PILI_stealth_killer/pili_stealth_ws/install/more_interfaces/local/lib/python3.10/dist-packages/more_interfaces/msg/_command_s.c
[0.424s] -- Up-to-date: /root/PILI_stealth_killer/pili_stealth_ws/install/more_interfaces/local/lib/python3.10/dist-packages/more_interfaces/msg/__init__.py
[0.424s] -- Up-to-date: /root/PILI_stealth_killer/pili_stealth_ws/install/more_interfaces/local/lib/python3.10/dist-packages/more_interfaces/more_interfaces_s__rosidl_typesupport_fastrtps_c.cpython-310-x86_64-linux-gnu.so
[0.424s] -- Up-to-date: /root/PILI_stealth_killer/pili_stealth_ws/install/more_interfaces/local/lib/python3.10/dist-packages/more_interfaces/srv
[0.424s] -- Up-to-date: /root/PILI_stealth_killer/pili_stealth_ws/install/more_interfaces/local/lib/python3.10/dist-packages/more_interfaces/srv/__init__.py
[0.425s] -- Up-to-date: /root/PILI_stealth_killer/pili_stealth_ws/install/more_interfaces/local/lib/python3.10/dist-packages/more_interfaces/srv/_command_service_s.c
[0.425s] -- Up-to-date: /root/PILI_stealth_killer/pili_stealth_ws/install/more_interfaces/local/lib/python3.10/dist-packages/more_interfaces/srv/_command_service.py
[0.425s] -- Up-to-date: /root/PILI_stealth_killer/pili_stealth_ws/install/more_interfaces/local/lib/python3.10/dist-packages/more_interfaces/libmore_interfaces__rosidl_generator_py.so
[0.425s] -- Up-to-date: /root/PILI_stealth_killer/pili_stealth_ws/install/more_interfaces/local/lib/python3.10/dist-packages/more_interfaces/_more_interfaces_s.ep.rosidl_typesupport_introspection_c.c
[0.425s] -- Up-to-date: /root/PILI_stealth_killer/pili_stealth_ws/install/more_interfaces/local/lib/python3.10/dist-packages/more_interfaces/_more_interfaces_s.ep.rosidl_typesupport_fastrtps_c.c
[0.425s] -- Up-to-date: /root/PILI_stealth_killer/pili_stealth_ws/install/more_interfaces/local/lib/python3.10/dist-packages/more_interfaces/_more_interfaces_s.ep.rosidl_typesupport_c.c
[0.449s] Listing '/root/PILI_stealth_killer/pili_stealth_ws/install/more_interfaces/local/lib/python3.10/dist-packages/more_interfaces'...
[0.449s] Listing '/root/PILI_stealth_killer/pili_stealth_ws/install/more_interfaces/local/lib/python3.10/dist-packages/more_interfaces/msg'...
[0.449s] Listing '/root/PILI_stealth_killer/pili_stealth_ws/install/more_interfaces/local/lib/python3.10/dist-packages/more_interfaces/srv'...
[0.453s] -- Up-to-date: /root/PILI_stealth_killer/pili_stealth_ws/install/more_interfaces/local/lib/python3.10/dist-packages/more_interfaces/more_interfaces_s__rosidl_typesupport_fastrtps_c.cpython-310-x86_64-linux-gnu.so
[0.454s] -- Up-to-date: /root/PILI_stealth_killer/pili_stealth_ws/install/more_interfaces/local/lib/python3.10/dist-packages/more_interfaces/more_interfaces_s__rosidl_typesupport_introspection_c.cpython-310-x86_64-linux-gnu.so
[0.454s] -- Up-to-date: /root/PILI_stealth_killer/pili_stealth_ws/install/more_interfaces/local/lib/python3.10/dist-packages/more_interfaces/more_interfaces_s__rosidl_typesupport_c.cpython-310-x86_64-linux-gnu.so
[0.455s] -- Up-to-date: /root/PILI_stealth_killer/pili_stealth_ws/install/more_interfaces/lib/libmore_interfaces__rosidl_generator_py.so
[0.455s] -- Up-to-date: /root/PILI_stealth_killer/pili_stealth_ws/install/more_interfaces/share/more_interfaces/msg/Command.idl
[0.455s] -- Up-to-date: /root/PILI_stealth_killer/pili_stealth_ws/install/more_interfaces/share/more_interfaces/srv/CommandService.idl
[0.455s] -- Up-to-date: /root/PILI_stealth_killer/pili_stealth_ws/install/more_interfaces/share/more_interfaces/msg/Command.msg
[0.455s] -- Up-to-date: /root/PILI_stealth_killer/pili_stealth_ws/install/more_interfaces/share/more_interfaces/srv/CommandService.srv
[0.455s] -- Up-to-date: /root/PILI_stealth_killer/pili_stealth_ws/install/more_interfaces/share/more_interfaces/srv/CommandService_Request.msg
[0.455s] -- Up-to-date: /root/PILI_stealth_killer/pili_stealth_ws/install/more_interfaces/share/more_interfaces/srv/CommandService_Response.msg
[0.456s] -- Up-to-date: /root/PILI_stealth_killer/pili_stealth_ws/install/more_interfaces/share/ament_index/resource_index/package_run_dependencies/more_interfaces
[0.456s] -- Up-to-date: /root/PILI_stealth_killer/pili_stealth_ws/install/more_interfaces/share/ament_index/resource_index/parent_prefix_path/more_interfaces
[0.456s] -- Up-to-date: /root/PILI_stealth_killer/pili_stealth_ws/install/more_interfaces/share/more_interfaces/environment/ament_prefix_path.sh
[0.456s] -- Up-to-date: /root/PILI_stealth_killer/pili_stealth_ws/install/more_interfaces/share/more_interfaces/environment/ament_prefix_path.dsv
[0.456s] -- Up-to-date: /root/PILI_stealth_killer/pili_stealth_ws/install/more_interfaces/share/more_interfaces/environment/path.sh
[0.456s] -- Up-to-date: /root/PILI_stealth_killer/pili_stealth_ws/install/more_interfaces/share/more_interfaces/environment/path.dsv
[0.456s] -- Up-to-date: /root/PILI_stealth_killer/pili_stealth_ws/install/more_interfaces/share/more_interfaces/local_setup.bash
[0.456s] -- Up-to-date: /root/PILI_stealth_killer/pili_stealth_ws/install/more_interfaces/share/more_interfaces/local_setup.sh
[0.456s] -- Up-to-date: /root/PILI_stealth_killer/pili_stealth_ws/install/more_interfaces/share/more_interfaces/local_setup.zsh
[0.456s] -- Up-to-date: /root/PILI_stealth_killer/pili_stealth_ws/install/more_interfaces/share/more_interfaces/local_setup.dsv
[0.456s] -- Installing: /root/PILI_stealth_killer/pili_stealth_ws/install/more_interfaces/share/more_interfaces/package.dsv
[0.456s] -- Up-to-date: /root/PILI_stealth_killer/pili_stealth_ws/install/more_interfaces/share/ament_index/resource_index/packages/more_interfaces
[0.456s] -- Up-to-date: /root/PILI_stealth_killer/pili_stealth_ws/install/more_interfaces/share/more_interfaces/cmake/export_more_interfaces__rosidl_generator_cExport.cmake
[0.456s] -- Up-to-date: /root/PILI_stealth_killer/pili_stealth_ws/install/more_interfaces/share/more_interfaces/cmake/export_more_interfaces__rosidl_generator_cExport-noconfig.cmake
[0.457s] -- Up-to-date: /root/PILI_stealth_killer/pili_stealth_ws/install/more_interfaces/share/more_interfaces/cmake/export_more_interfaces__rosidl_typesupport_fastrtps_cExport.cmake
[0.457s] -- Up-to-date: /root/PILI_stealth_killer/pili_stealth_ws/install/more_interfaces/share/more_interfaces/cmake/export_more_interfaces__rosidl_typesupport_fastrtps_cExport-noconfig.cmake
[0.457s] -- Up-to-date: /root/PILI_stealth_killer/pili_stealth_ws/install/more_interfaces/share/more_interfaces/cmake/more_interfaces__rosidl_typesupport_introspection_cExport.cmake
[0.457s] -- Up-to-date: /root/PILI_stealth_killer/pili_stealth_ws/install/more_interfaces/share/more_interfaces/cmake/more_interfaces__rosidl_typesupport_introspection_cExport-noconfig.cmake
[0.458s] -- Up-to-date: /root/PILI_stealth_killer/pili_stealth_ws/install/more_interfaces/share/more_interfaces/cmake/more_interfaces__rosidl_typesupport_cExport.cmake
[0.458s] -- Up-to-date: /root/PILI_stealth_killer/pili_stealth_ws/install/more_interfaces/share/more_interfaces/cmake/more_interfaces__rosidl_typesupport_cExport-noconfig.cmake
[0.458s] -- Up-to-date: /root/PILI_stealth_killer/pili_stealth_ws/install/more_interfaces/share/more_interfaces/cmake/export_more_interfaces__rosidl_generator_cppExport.cmake
[0.458s] -- Up-to-date: /root/PILI_stealth_killer/pili_stealth_ws/install/more_interfaces/share/more_interfaces/cmake/export_more_interfaces__rosidl_typesupport_fastrtps_cppExport.cmake
[0.458s] -- Up-to-date: /root/PILI_stealth_killer/pili_stealth_ws/install/more_interfaces/share/more_interfaces/cmake/export_more_interfaces__rosidl_typesupport_fastrtps_cppExport-noconfig.cmake
[0.459s] -- Up-to-date: /root/PILI_stealth_killer/pili_stealth_ws/install/more_interfaces/share/more_interfaces/cmake/more_interfaces__rosidl_typesupport_introspection_cppExport.cmake
[0.459s] -- Up-to-date: /root/PILI_stealth_killer/pili_stealth_ws/install/more_interfaces/share/more_interfaces/cmake/more_interfaces__rosidl_typesupport_introspection_cppExport-noconfig.cmake
[0.459s] -- Up-to-date: /root/PILI_stealth_killer/pili_stealth_ws/install/more_interfaces/share/more_interfaces/cmake/more_interfaces__rosidl_typesupport_cppExport.cmake
[0.459s] -- Up-to-date: /root/PILI_stealth_killer/pili_stealth_ws/install/more_interfaces/share/more_interfaces/cmake/more_interfaces__rosidl_typesupport_cppExport-noconfig.cmake
[0.460s] -- Up-to-date: /root/PILI_stealth_killer/pili_stealth_ws/install/more_interfaces/share/more_interfaces/cmake/export_more_interfaces__rosidl_generator_pyExport.cmake
[0.460s] -- Up-to-date: /root/PILI_stealth_killer/pili_stealth_ws/install/more_interfaces/share/more_interfaces/cmake/export_more_interfaces__rosidl_generator_pyExport-noconfig.cmake
[0.460s] -- Up-to-date: /root/PILI_stealth_killer/pili_stealth_ws/install/more_interfaces/share/more_interfaces/cmake/rosidl_cmake-extras.cmake
[0.460s] -- Up-to-date: /root/PILI_stealth_killer/pili_stealth_ws/install/more_interfaces/share/more_interfaces/cmake/ament_cmake_export_include_directories-extras.cmake
[0.460s] -- Up-to-date: /root/PILI_stealth_killer/pili_stealth_ws/install/more_interfaces/share/more_interfaces/cmake/ament_cmake_export_libraries-extras.cmake
[0.460s] -- Up-to-date: /root/PILI_stealth_killer/pili_stealth_ws/install/more_interfaces/share/more_interfaces/cmake/ament_cmake_export_targets-extras.cmake
[0.460s] -- Up-to-date: /root/PILI_stealth_killer/pili_stealth_ws/install/more_interfaces/share/more_interfaces/cmake/rosidl_cmake_export_typesupport_targets-extras.cmake
[0.460s] -- Up-to-date: /root/PILI_stealth_killer/pili_stealth_ws/install/more_interfaces/share/more_interfaces/cmake/ament_cmake_export_dependencies-extras.cmake
[0.460s] -- Up-to-date: /root/PILI_stealth_killer/pili_stealth_ws/install/more_interfaces/share/more_interfaces/cmake/rosidl_cmake_export_typesupport_libraries-extras.cmake
[0.460s] -- Up-to-date: /root/PILI_stealth_killer/pili_stealth_ws/install/more_interfaces/share/more_interfaces/cmake/more_interfacesConfig.cmake
[0.460s] -- Up-to-date: /root/PILI_stealth_killer/pili_stealth_ws/install/more_interfaces/share/more_interfaces/cmake/more_interfacesConfig-version.cmake
[0.460s] -- Up-to-date: /root/PILI_stealth_killer/pili_stealth_ws/install/more_interfaces/share/more_interfaces/package.xml
[0.462s] Invoked command in '/root/PILI_stealth_killer/pili_stealth_ws/build/more_interfaces' returned '0': CMAKE_PREFIX_PATH=${CMAKE_PREFIX_PATH}:/opt/ros/humble /usr/bin/cmake --install /root/PILI_stealth_killer/pili_stealth_ws/build/more_interfaces
