[0.030s] Invoking command in '/root/PILI_stealth_killer/pili_stealth_ws/build/command_interfaces': CMAKE_PREFIX_PATH=/opt/ros/humble /usr/bin/cmake /root/PILI_stealth_killer/pili_stealth_ws/src/command_interfaces -DCMAKE_INSTALL_PREFIX=/root/PILI_stealth_killer/pili_stealth_ws/install/command_interfaces
[0.039s] -- Found ament_cmake: 1.3.5 (/opt/ros/humble/share/ament_cmake/cmake)
[0.131s] -- Found rosidl_default_generators: 1.2.0 (/opt/ros/humble/share/rosidl_default_generators/cmake)
[0.132s] -- Using all available rosidl_typesupport_c: rosidl_typesupport_fastrtps_c;rosidl_typesupport_introspection_c
[0.134s] -- Found rosidl_adapter: 3.1.5 (/opt/ros/humble/share/rosidl_adapter/cmake)
[0.152s] -- Using all available rosidl_typesupport_cpp: rosidl_typesupport_fastrtps_cpp;rosidl_typesupport_introspection_cpp
[0.237s] [31mCMake Error at /opt/ros/humble/share/rosidl_adapter/cmake/rosidl_adapt_interfaces.cmake:59 (message):
[0.237s]   execute_process(/usr/bin/python3.10 -m rosidl_adapter --package-name
[0.237s]   command_interfaces --arguments-file
[0.237s]   /root/PILI_stealth_killer/pili_stealth_ws/build/command_interfaces/rosidl_adapter__arguments__command_interfaces.json
[0.237s]   --output-dir
[0.237s]   /root/PILI_stealth_killer/pili_stealth_ws/build/command_interfaces/rosidl_adapter/command_interfaces
[0.237s]   --output-file
[0.237s]   /root/PILI_stealth_killer/pili_stealth_ws/build/command_interfaces/rosidl_adapter/command_interfaces.idls)
[0.237s]   returned error code 1:
[0.237s] 
[0.237s]   Error processing 'uint8_t mode' of 'command_interfaces/Commands':
[0.237s]   ''uint8_t' is an invalid message name.  It should have the pattern
[0.237s]   '^[A-Z][A-Za-z0-9]*$''
[0.237s] 
[0.237s]   Traceback (most recent call last):
[0.237s] 
[0.237s]     File "/usr/lib/python3.10/runpy.py", line 196, in _run_module_as_main
[0.237s]       return _run_code(code, main_globals, None,
[0.237s]     File "/usr/lib/python3.10/runpy.py", line 86, in _run_code
[0.237s]       exec(code, run_globals)
[0.237s]     File "/opt/ros/humble/local/lib/python3.10/dist-packages/rosidl_adapter/__main__.py", line 19, in <module>
[0.237s]       sys.exit(main())
[0.237s]     File "/opt/ros/humble/local/lib/python3.10/dist-packages/rosidl_adapter/main.py", line 53, in main
[0.238s]       abs_idl_file = convert_to_idl(
[0.238s]     File "/opt/ros/humble/local/lib/python3.10/dist-packages/rosidl_adapter/__init__.py", line 19, in convert_to_idl
[0.238s]       return convert_msg_to_idl(
[0.238s]     File "/opt/ros/humble/local/lib/python3.10/dist-packages/rosidl_adapter/msg/__init__.py", line 28, in convert_msg_to_idl
[0.238s]       msg = parse_message_string(package_name, input_file.stem, content)
[0.238s]     File "/opt/ros/humble/local/lib/python3.10/dist-packages/rosidl_adapter/parser.py", line 520, in parse_message_string
[0.238s]       Type(type_string, context_package_name=pkg_name),
[0.238s]     File "/opt/ros/humble/local/lib/python3.10/dist-packages/rosidl_adapter/parser.py", line 277, in __init__
[0.238s]       super(Type, self).__init__(
[0.238s]     File "/opt/ros/humble/local/lib/python3.10/dist-packages/rosidl_adapter/parser.py", line 205, in __init__
[0.238s]       raise InvalidResourceName(
[0.238s] 
[0.238s]   rosidl_adapter.parser.InvalidResourceName: 'uint8_t' is an invalid message
[0.238s]   name.  It should have the pattern '^[A-Z][A-Za-z0-9]*$'
[0.238s] 
[0.238s] Call Stack (most recent call first):
[0.238s]   /opt/ros/humble/share/rosidl_cmake/cmake/rosidl_generate_interfaces.cmake:130 (rosidl_adapt_interfaces)
[0.238s]   CMakeLists.txt:12 (rosidl_generate_interfaces)
[0.238s] 
[0.238s] [0m
[0.238s] -- Configuring incomplete, errors occurred!
[0.238s] See also "/root/PILI_stealth_killer/pili_stealth_ws/build/command_interfaces/CMakeFiles/CMakeOutput.log".
[0.240s] Invoked command in '/root/PILI_stealth_killer/pili_stealth_ws/build/command_interfaces' returned '1': CMAKE_PREFIX_PATH=/opt/ros/humble /usr/bin/cmake /root/PILI_stealth_killer/pili_stealth_ws/src/command_interfaces -DCMAKE_INSTALL_PREFIX=/root/PILI_stealth_killer/pili_stealth_ws/install/command_interfaces
