[35m[1mConsolidate compiler generated dependencies of target command_service_server[0m
[ 50%] Built target command_service_client
[ 75%] [32mBuilding CXX object CMakeFiles/command_service_server.dir/src/command_service_server.cpp.o[0m
[01m[K/root/PILI_stealth_killer/pili_stealth_ws/src/userPkg/src/command_service_server.cpp:[m[K In member function ‘[01m[Kvoid CommandServiceServer::handle_request(std::shared_ptr<more_interfaces::srv::CommandService_Request_<std::allocator<void> > >, std::shared_ptr<more_interfaces::srv::CommandService_Response_<std::allocator<void> > >)[m[K’:
[01m[K/root/PILI_stealth_killer/pili_stealth_ws/src/userPkg/src/command_service_server.cpp:43:17:[m[K [01;35m[Kwarning: [m[Kunused variable ‘[01m[Ksendcmd[m[K’ [[01;35m[K-Wunused-variable[m[K]
   43 |         uint8_t [01;35m[Ksendcmd[m[K[8] = {response->allcmd[0],response->allcmd[1],response->allcmd[2],response->allcmd[3],response->allcmd[4],response->allcmd[5],response->allcmd[6],response->allcmd[7]};
      |                 [01;35m[K^~~~~~~[m[K
[100%] [32m[1mLinking CXX executable command_service_server[0m
[100%] Built target command_service_server
-- Install configuration: ""
-- Installing: /root/PILI_stealth_killer/pili_stealth_ws/install/userPkg/lib/userPkg/command_service_server
-- Set runtime path of "/root/PILI_stealth_killer/pili_stealth_ws/install/userPkg/lib/userPkg/command_service_server" to ""
-- Up-to-date: /root/PILI_stealth_killer/pili_stealth_ws/install/userPkg/lib/userPkg/command_service_client
-- Up-to-date: /root/PILI_stealth_killer/pili_stealth_ws/install/userPkg/share/ament_index/resource_index/package_run_dependencies/userPkg
-- Up-to-date: /root/PILI_stealth_killer/pili_stealth_ws/install/userPkg/share/ament_index/resource_index/parent_prefix_path/userPkg
-- Up-to-date: /root/PILI_stealth_killer/pili_stealth_ws/install/userPkg/share/userPkg/environment/ament_prefix_path.sh
-- Up-to-date: /root/PILI_stealth_killer/pili_stealth_ws/install/userPkg/share/userPkg/environment/ament_prefix_path.dsv
-- Up-to-date: /root/PILI_stealth_killer/pili_stealth_ws/install/userPkg/share/userPkg/environment/path.sh
-- Up-to-date: /root/PILI_stealth_killer/pili_stealth_ws/install/userPkg/share/userPkg/environment/path.dsv
-- Up-to-date: /root/PILI_stealth_killer/pili_stealth_ws/install/userPkg/share/userPkg/local_setup.bash
-- Up-to-date: /root/PILI_stealth_killer/pili_stealth_ws/install/userPkg/share/userPkg/local_setup.sh
-- Up-to-date: /root/PILI_stealth_killer/pili_stealth_ws/install/userPkg/share/userPkg/local_setup.zsh
-- Up-to-date: /root/PILI_stealth_killer/pili_stealth_ws/install/userPkg/share/userPkg/local_setup.dsv
-- Installing: /root/PILI_stealth_killer/pili_stealth_ws/install/userPkg/share/userPkg/package.dsv
-- Up-to-date: /root/PILI_stealth_killer/pili_stealth_ws/install/userPkg/share/ament_index/resource_index/packages/userPkg
-- Up-to-date: /root/PILI_stealth_killer/pili_stealth_ws/install/userPkg/share/userPkg/cmake/userPkgConfig.cmake
-- Up-to-date: /root/PILI_stealth_killer/pili_stealth_ws/install/userPkg/share/userPkg/cmake/userPkgConfig-version.cmake
-- Up-to-date: /root/PILI_stealth_killer/pili_stealth_ws/install/userPkg/share/userPkg/package.xml
