[0.032s] Invoking command in '/root/PILI_stealth_killer/pili_stealth_ws/build/userPkg': CMAKE_PREFIX_PATH=/root/PILI_stealth_killer/pili_stealth_ws/install/more_interfaces:/root/PILI_stealth_killer/pili_stealth_ws/install/userPkg:/opt/ros/humble /usr/bin/cmake --build /root/PILI_stealth_killer/pili_stealth_ws/build/userPkg -- -j8 -l8
[0.067s] [35m[1mConsolidate compiler generated dependencies of target command_service_server[0m
[0.078s] [ 50%] Built target command_service_client
[0.081s] [ 75%] [32mBuilding CXX object CMakeFiles/command_service_server.dir/src/command_service_server.cpp.o[0m
[1.780s] [01m[K/root/PILI_stealth_killer/pili_stealth_ws/src/userPkg/src/command_service_server.cpp:[m[K In member function ‘[01m[Kvoid CommandServiceServer::handle_request(std::shared_ptr<more_interfaces::srv::CommandService_Request_<std::allocator<void> > >, std::shared_ptr<more_interfaces::srv::CommandService_Response_<std::allocator<void> > >)[m[K’:
[1.780s] [01m[K/root/PILI_stealth_killer/pili_stealth_ws/src/userPkg/src/command_service_server.cpp:43:17:[m[K [01;35m[Kwarning: [m[Kunused variable ‘[01m[Ksendcmd[m[K’ [[01;35m[K-Wunused-variable[m[K]
[1.780s]    43 |         uint8_t [01;35m[Ksendcmd[m[K[8] = {response->allcmd[0],response->allcmd[1],response->allcmd[2],response->allcmd[3],response->allcmd[4],response->allcmd[5],response->allcmd[6],response->allcmd[7]};
[1.780s]       |                 [01;35m[K^~~~~~~[m[K
[2.692s] [100%] [32m[1mLinking CXX executable command_service_server[0m
[2.804s] [100%] Built target command_service_server
[2.813s] Invoked command in '/root/PILI_stealth_killer/pili_stealth_ws/build/userPkg' returned '0': CMAKE_PREFIX_PATH=/root/PILI_stealth_killer/pili_stealth_ws/install/more_interfaces:/root/PILI_stealth_killer/pili_stealth_ws/install/userPkg:/opt/ros/humble /usr/bin/cmake --build /root/PILI_stealth_killer/pili_stealth_ws/build/userPkg -- -j8 -l8
[2.835s] Invoking command in '/root/PILI_stealth_killer/pili_stealth_ws/build/userPkg': CMAKE_PREFIX_PATH=/root/PILI_stealth_killer/pili_stealth_ws/install/more_interfaces:/root/PILI_stealth_killer/pili_stealth_ws/install/userPkg:/opt/ros/humble /usr/bin/cmake --install /root/PILI_stealth_killer/pili_stealth_ws/build/userPkg
[2.841s] -- Install configuration: ""
[2.841s] -- Installing: /root/PILI_stealth_killer/pili_stealth_ws/install/userPkg/lib/userPkg/command_service_server
[2.842s] -- Set runtime path of "/root/PILI_stealth_killer/pili_stealth_ws/install/userPkg/lib/userPkg/command_service_server" to ""
[2.842s] -- Up-to-date: /root/PILI_stealth_killer/pili_stealth_ws/install/userPkg/lib/userPkg/command_service_client
[2.842s] -- Up-to-date: /root/PILI_stealth_killer/pili_stealth_ws/install/userPkg/share/ament_index/resource_index/package_run_dependencies/userPkg
[2.842s] -- Up-to-date: /root/PILI_stealth_killer/pili_stealth_ws/install/userPkg/share/ament_index/resource_index/parent_prefix_path/userPkg
[2.842s] -- Up-to-date: /root/PILI_stealth_killer/pili_stealth_ws/install/userPkg/share/userPkg/environment/ament_prefix_path.sh
[2.842s] -- Up-to-date: /root/PILI_stealth_killer/pili_stealth_ws/install/userPkg/share/userPkg/environment/ament_prefix_path.dsv
[2.842s] -- Up-to-date: /root/PILI_stealth_killer/pili_stealth_ws/install/userPkg/share/userPkg/environment/path.sh
[2.842s] -- Up-to-date: /root/PILI_stealth_killer/pili_stealth_ws/install/userPkg/share/userPkg/environment/path.dsv
[2.842s] -- Up-to-date: /root/PILI_stealth_killer/pili_stealth_ws/install/userPkg/share/userPkg/local_setup.bash
[2.842s] -- Up-to-date: /root/PILI_stealth_killer/pili_stealth_ws/install/userPkg/share/userPkg/local_setup.sh
[2.843s] -- Up-to-date: /root/PILI_stealth_killer/pili_stealth_ws/install/userPkg/share/userPkg/local_setup.zsh
[2.843s] -- Up-to-date: /root/PILI_stealth_killer/pili_stealth_ws/install/userPkg/share/userPkg/local_setup.dsv
[2.843s] -- Installing: /root/PILI_stealth_killer/pili_stealth_ws/install/userPkg/share/userPkg/package.dsv
[2.843s] -- Up-to-date: /root/PILI_stealth_killer/pili_stealth_ws/install/userPkg/share/ament_index/resource_index/packages/userPkg
[2.843s] -- Up-to-date: /root/PILI_stealth_killer/pili_stealth_ws/install/userPkg/share/userPkg/cmake/userPkgConfig.cmake
[2.843s] -- Up-to-date: /root/PILI_stealth_killer/pili_stealth_ws/install/userPkg/share/userPkg/cmake/userPkgConfig-version.cmake
[2.843s] -- Up-to-date: /root/PILI_stealth_killer/pili_stealth_ws/install/userPkg/share/userPkg/package.xml
[2.844s] Invoked command in '/root/PILI_stealth_killer/pili_stealth_ws/build/userPkg' returned '0': CMAKE_PREFIX_PATH=/root/PILI_stealth_killer/pili_stealth_ws/install/more_interfaces:/root/PILI_stealth_killer/pili_stealth_ws/install/userPkg:/opt/ros/humble /usr/bin/cmake --install /root/PILI_stealth_killer/pili_stealth_ws/build/userPkg
