-- Found ament_cmake: 1.3.10 (/opt/ros/humble/share/ament_cmake/cmake)
-- Found rclcpp: 16.0.10 (/opt/ros/humble/share/rclcpp/cmake)
-- Found rosidl_generator_c: 3.1.5 (/opt/ros/humble/share/rosidl_generator_c/cmake)
-- Found rosidl_adapter: 3.1.5 (/opt/ros/humble/share/rosidl_adapter/cmake)
-- Found rosidl_generator_cpp: 3.1.5 (/opt/ros/humble/share/rosidl_generator_cpp/cmake)
-- Using all available rosidl_typesupport_c: rosidl_typesupport_fastrtps_c;rosidl_typesupport_introspection_c
-- Using all available rosidl_typesupport_cpp: rosidl_typesupport_fastrtps_cpp;rosidl_typesupport_introspection_cpp
-- Found rmw_implementation_cmake: 6.1.2 (/opt/ros/humble/share/rmw_implementation_cmake/cmake)
-- Found rmw_fastrtps_cpp: 6.2.7 (/opt/ros/humble/share/rmw_fastrtps_cpp/cmake)
-- Using RMW implementation 'rmw_fastrtps_cpp' as default
-- Found rosidl_default_generators: 1.2.0 (/opt/ros/humble/share/rosidl_default_generators/cmake)
-- Found ament_cmake_ros: 0.10.0 (/opt/ros/humble/share/ament_cmake_ros/cmake)
-- Using all available rosidl_typesupport_c: rosidl_typesupport_fastrtps_c;rosidl_typesupport_introspection_c
-- Using all available rosidl_typesupport_cpp: rosidl_typesupport_fastrtps_cpp;rosidl_typesupport_introspection_cpp
-- Found PythonInterp: /usr/bin/python3 (found suitable version "3.10.12", minimum required is "3.6") 
-- Found python_cmake_module: 0.10.0 (/opt/ros/humble/share/python_cmake_module/cmake)
-- Found PythonLibs: /usr/lib/aarch64-linux-gnu/libpython3.10.so (found suitable version "3.10.12", minimum required is "3.5") 
-- Using PYTHON_EXECUTABLE: /usr/bin/python3
-- Using PYTHON_INCLUDE_DIRS: /usr/include/python3.10
-- Using PYTHON_LIBRARIES: /usr/lib/aarch64-linux-gnu/libpython3.10.so
-- Found PythonExtra: .so  
-- Found ament_lint_auto: 0.12.11 (/opt/ros/humble/share/ament_lint_auto/cmake)
-- Added test 'cppcheck' to perform static code analysis on C / C++ code
-- Configured cppcheck include dirs: 
-- Configured cppcheck exclude dirs and/or files: 
-- Added test 'lint_cmake' to check CMake code style
-- Added test 'uncrustify' to check C / C++ code style
-- Configured uncrustify additional arguments: 
-- Added test 'xmllint' to check XML markup files
-- Configuring done
-- Generating done
-- Build files have been written to: /root/PILI_stealth_killer/pili_stealth_ws/build/command_interfaces
[  3%] [34m[1mGenerating C code for ROS interfaces[0m
[  6%] [34m[1mGenerating C++ code for ROS interfaces[0m
[  6%] Built target ament_cmake_python_copy_command_interfaces
running egg_info
creating command_interfaces.egg-info
writing command_interfaces.egg-info/PKG-INFO
writing dependency_links to command_interfaces.egg-info/dependency_links.txt
writing top-level names to command_interfaces.egg-info/top_level.txt
writing manifest file 'command_interfaces.egg-info/SOURCES.txt'
reading manifest file 'command_interfaces.egg-info/SOURCES.txt'
writing manifest file 'command_interfaces.egg-info/SOURCES.txt'
[  6%] Built target ament_cmake_python_build_command_interfaces_egg
[  9%] [32mBuilding C object CMakeFiles/command_interfaces__rosidl_generator_c.dir/rosidl_generator_c/command_interfaces/srv/detail/command__functions.c.o[0m
[  9%] Built target command_interfaces__cpp
[ 12%] [34m[1mGenerating C++ type support dispatch for ROS interfaces[0m
[ 16%] [34m[1mGenerating C++ type support for eProsima Fast-RTPS[0m
[ 19%] [34m[1mGenerating C++ introspection for ROS interfaces[0m
[ 22%] [32m[1mLinking C shared library libcommand_interfaces__rosidl_generator_c.so[0m
[ 22%] Built target command_interfaces__rosidl_generator_c
[ 25%] [34m[1mGenerating C type support for eProsima Fast-RTPS[0m
[ 29%] [32mBuilding CXX object CMakeFiles/command_interfaces__rosidl_typesupport_cpp.dir/rosidl_typesupport_cpp/command_interfaces/srv/command__type_support.cpp.o[0m
[ 32%] [32mBuilding CXX object CMakeFiles/command_interfaces__rosidl_typesupport_fastrtps_cpp.dir/rosidl_typesupport_fastrtps_cpp/command_interfaces/srv/detail/dds_fastrtps/command__type_support.cpp.o[0m
[ 35%] [32mBuilding CXX object CMakeFiles/command_interfaces__rosidl_typesupport_introspection_cpp.dir/rosidl_typesupport_introspection_cpp/command_interfaces/srv/detail/command__type_support.cpp.o[0m
[ 38%] [32mBuilding CXX object CMakeFiles/command_interfaces__rosidl_typesupport_fastrtps_c.dir/rosidl_typesupport_fastrtps_c/command_interfaces/srv/detail/command__type_support_c.cpp.o[0m
[ 41%] [32m[1mLinking CXX shared library libcommand_interfaces__rosidl_typesupport_cpp.so[0m
[ 41%] Built target command_interfaces__rosidl_typesupport_cpp
[ 45%] [34m[1mGenerating C introspection for ROS interfaces[0m
[ 48%] [32m[1mLinking CXX shared library libcommand_interfaces__rosidl_typesupport_introspection_cpp.so[0m
[ 51%] [32m[1mLinking CXX shared library libcommand_interfaces__rosidl_typesupport_fastrtps_cpp.so[0m
[ 54%] [32m[1mLinking CXX shared library libcommand_interfaces__rosidl_typesupport_fastrtps_c.so[0m
[ 54%] Built target command_interfaces__rosidl_typesupport_introspection_cpp
[ 58%] [34m[1mGenerating C type support dispatch for ROS interfaces[0m
[ 58%] Built target command_interfaces__rosidl_typesupport_fastrtps_cpp
[ 58%] Built target command_interfaces__rosidl_typesupport_fastrtps_c
[ 61%] [32mBuilding C object CMakeFiles/command_interfaces__rosidl_typesupport_introspection_c.dir/rosidl_typesupport_introspection_c/command_interfaces/srv/detail/command__type_support.c.o[0m
[ 64%] [32m[1mLinking C shared library libcommand_interfaces__rosidl_typesupport_introspection_c.so[0m
[ 64%] Built target command_interfaces__rosidl_typesupport_introspection_c
[ 67%] [32mBuilding CXX object CMakeFiles/command_interfaces__rosidl_typesupport_c.dir/rosidl_typesupport_c/command_interfaces/srv/command__type_support.cpp.o[0m
[ 70%] [32m[1mLinking CXX shared library libcommand_interfaces__rosidl_typesupport_c.so[0m
[ 70%] Built target command_interfaces__rosidl_typesupport_c
[ 70%] Built target command_interfaces
[ 74%] [34m[1mGenerating Python code for ROS interfaces[0m
[ 74%] Built target command_interfaces__py
[ 77%] [32mBuilding C object CMakeFiles/command_interfaces__rosidl_generator_py.dir/rosidl_generator_py/command_interfaces/srv/_command_s.c.o[0m
[ 80%] [32m[1mLinking C shared library rosidl_generator_py/command_interfaces/libcommand_interfaces__rosidl_generator_py.so[0m
[ 80%] Built target command_interfaces__rosidl_generator_py
[ 90%] [32mBuilding C object CMakeFiles/command_interfaces__rosidl_typesupport_fastrtps_c__pyext.dir/rosidl_generator_py/command_interfaces/_command_interfaces_s.ep.rosidl_typesupport_fastrtps_c.c.o[0m
[ 90%] [32mBuilding C object CMakeFiles/command_interfaces__rosidl_typesupport_introspection_c__pyext.dir/rosidl_generator_py/command_interfaces/_command_interfaces_s.ep.rosidl_typesupport_introspection_c.c.o[0m
[ 90%] [32mBuilding C object CMakeFiles/command_interfaces__rosidl_typesupport_c__pyext.dir/rosidl_generator_py/command_interfaces/_command_interfaces_s.ep.rosidl_typesupport_c.c.o[0m
[ 96%] [32m[1mLinking C shared library rosidl_generator_py/command_interfaces/command_interfaces_s__rosidl_typesupport_introspection_c.cpython-310-aarch64-linux-gnu.so[0m
[ 96%] [32m[1mLinking C shared library rosidl_generator_py/command_interfaces/command_interfaces_s__rosidl_typesupport_c.cpython-310-aarch64-linux-gnu.so[0m
[100%] [32m[1mLinking C shared library rosidl_generator_py/command_interfaces/command_interfaces_s__rosidl_typesupport_fastrtps_c.cpython-310-aarch64-linux-gnu.so[0m
[100%] Built target command_interfaces__rosidl_typesupport_c__pyext
[100%] Built target command_interfaces__rosidl_typesupport_introspection_c__pyext
[100%] Built target command_interfaces__rosidl_typesupport_fastrtps_c__pyext
-- Install configuration: ""
-- Installing: /root/PILI_stealth_killer/pili_stealth_ws/install/command_interfaces/share/ament_index/resource_index/rosidl_interfaces/command_interfaces
-- Installing: /root/PILI_stealth_killer/pili_stealth_ws/install/command_interfaces/include/command_interfaces/command_interfaces
-- Installing: /root/PILI_stealth_killer/pili_stealth_ws/install/command_interfaces/include/command_interfaces/command_interfaces/msg
-- Installing: /root/PILI_stealth_killer/pili_stealth_ws/install/command_interfaces/include/command_interfaces/command_interfaces/msg/rosidl_generator_c__visibility_control.h
-- Installing: /root/PILI_stealth_killer/pili_stealth_ws/install/command_interfaces/include/command_interfaces/command_interfaces/srv
-- Installing: /root/PILI_stealth_killer/pili_stealth_ws/install/command_interfaces/include/command_interfaces/command_interfaces/srv/command.h
-- Installing: /root/PILI_stealth_killer/pili_stealth_ws/install/command_interfaces/include/command_interfaces/command_interfaces/srv/detail
-- Installing: /root/PILI_stealth_killer/pili_stealth_ws/install/command_interfaces/include/command_interfaces/command_interfaces/srv/detail/command__struct.h
-- Installing: /root/PILI_stealth_killer/pili_stealth_ws/install/command_interfaces/include/command_interfaces/command_interfaces/srv/detail/command__functions.c
-- Installing: /root/PILI_stealth_killer/pili_stealth_ws/install/command_interfaces/include/command_interfaces/command_interfaces/srv/detail/command__functions.h
-- Installing: /root/PILI_stealth_killer/pili_stealth_ws/install/command_interfaces/include/command_interfaces/command_interfaces/srv/detail/command__type_support.h
-- Installing: /root/PILI_stealth_killer/pili_stealth_ws/install/command_interfaces/share/command_interfaces/environment/library_path.sh
-- Installing: /root/PILI_stealth_killer/pili_stealth_ws/install/command_interfaces/share/command_interfaces/environment/library_path.dsv
-- Installing: /root/PILI_stealth_killer/pili_stealth_ws/install/command_interfaces/lib/libcommand_interfaces__rosidl_generator_c.so
-- Set runtime path of "/root/PILI_stealth_killer/pili_stealth_ws/install/command_interfaces/lib/libcommand_interfaces__rosidl_generator_c.so" to ""
-- Up-to-date: /root/PILI_stealth_killer/pili_stealth_ws/install/command_interfaces/include/command_interfaces/command_interfaces
-- Up-to-date: /root/PILI_stealth_killer/pili_stealth_ws/install/command_interfaces/include/command_interfaces/command_interfaces/msg
-- Installing: /root/PILI_stealth_killer/pili_stealth_ws/install/command_interfaces/include/command_interfaces/command_interfaces/msg/rosidl_typesupport_fastrtps_c__visibility_control.h
-- Up-to-date: /root/PILI_stealth_killer/pili_stealth_ws/install/command_interfaces/include/command_interfaces/command_interfaces/srv
-- Up-to-date: /root/PILI_stealth_killer/pili_stealth_ws/install/command_interfaces/include/command_interfaces/command_interfaces/srv/detail
-- Installing: /root/PILI_stealth_killer/pili_stealth_ws/install/command_interfaces/include/command_interfaces/command_interfaces/srv/detail/command__rosidl_typesupport_fastrtps_c.h
-- Installing: /root/PILI_stealth_killer/pili_stealth_ws/install/command_interfaces/lib/libcommand_interfaces__rosidl_typesupport_fastrtps_c.so
-- Set runtime path of "/root/PILI_stealth_killer/pili_stealth_ws/install/command_interfaces/lib/libcommand_interfaces__rosidl_typesupport_fastrtps_c.so" to ""
-- Up-to-date: /root/PILI_stealth_killer/pili_stealth_ws/install/command_interfaces/include/command_interfaces/command_interfaces
-- Up-to-date: /root/PILI_stealth_killer/pili_stealth_ws/install/command_interfaces/include/command_interfaces/command_interfaces/srv
-- Installing: /root/PILI_stealth_killer/pili_stealth_ws/install/command_interfaces/include/command_interfaces/command_interfaces/srv/command.hpp
-- Up-to-date: /root/PILI_stealth_killer/pili_stealth_ws/install/command_interfaces/include/command_interfaces/command_interfaces/srv/detail
-- Installing: /root/PILI_stealth_killer/pili_stealth_ws/install/command_interfaces/include/command_interfaces/command_interfaces/srv/detail/command__traits.hpp
-- Installing: /root/PILI_stealth_killer/pili_stealth_ws/install/command_interfaces/include/command_interfaces/command_interfaces/srv/detail/command__builder.hpp
-- Installing: /root/PILI_stealth_killer/pili_stealth_ws/install/command_interfaces/include/command_interfaces/command_interfaces/srv/detail/command__struct.hpp
-- Up-to-date: /root/PILI_stealth_killer/pili_stealth_ws/install/command_interfaces/include/command_interfaces/command_interfaces
-- Up-to-date: /root/PILI_stealth_killer/pili_stealth_ws/install/command_interfaces/include/command_interfaces/command_interfaces/msg
-- Installing: /root/PILI_stealth_killer/pili_stealth_ws/install/command_interfaces/include/command_interfaces/command_interfaces/msg/rosidl_typesupport_fastrtps_cpp__visibility_control.h
-- Up-to-date: /root/PILI_stealth_killer/pili_stealth_ws/install/command_interfaces/include/command_interfaces/command_interfaces/srv
-- Up-to-date: /root/PILI_stealth_killer/pili_stealth_ws/install/command_interfaces/include/command_interfaces/command_interfaces/srv/detail
-- Installing: /root/PILI_stealth_killer/pili_stealth_ws/install/command_interfaces/include/command_interfaces/command_interfaces/srv/detail/dds_fastrtps
-- Installing: /root/PILI_stealth_killer/pili_stealth_ws/install/command_interfaces/include/command_interfaces/command_interfaces/srv/detail/command__rosidl_typesupport_fastrtps_cpp.hpp
-- Installing: /root/PILI_stealth_killer/pili_stealth_ws/install/command_interfaces/lib/libcommand_interfaces__rosidl_typesupport_fastrtps_cpp.so
-- Set runtime path of "/root/PILI_stealth_killer/pili_stealth_ws/install/command_interfaces/lib/libcommand_interfaces__rosidl_typesupport_fastrtps_cpp.so" to ""
-- Up-to-date: /root/PILI_stealth_killer/pili_stealth_ws/install/command_interfaces/include/command_interfaces/command_interfaces
-- Up-to-date: /root/PILI_stealth_killer/pili_stealth_ws/install/command_interfaces/include/command_interfaces/command_interfaces/msg
-- Installing: /root/PILI_stealth_killer/pili_stealth_ws/install/command_interfaces/include/command_interfaces/command_interfaces/msg/rosidl_typesupport_introspection_c__visibility_control.h
-- Up-to-date: /root/PILI_stealth_killer/pili_stealth_ws/install/command_interfaces/include/command_interfaces/command_interfaces/srv
-- Up-to-date: /root/PILI_stealth_killer/pili_stealth_ws/install/command_interfaces/include/command_interfaces/command_interfaces/srv/detail
-- Installing: /root/PILI_stealth_killer/pili_stealth_ws/install/command_interfaces/include/command_interfaces/command_interfaces/srv/detail/command__rosidl_typesupport_introspection_c.h
-- Installing: /root/PILI_stealth_killer/pili_stealth_ws/install/command_interfaces/include/command_interfaces/command_interfaces/srv/detail/command__type_support.c
-- Installing: /root/PILI_stealth_killer/pili_stealth_ws/install/command_interfaces/lib/libcommand_interfaces__rosidl_typesupport_introspection_c.so
-- Set runtime path of "/root/PILI_stealth_killer/pili_stealth_ws/install/command_interfaces/lib/libcommand_interfaces__rosidl_typesupport_introspection_c.so" to ""
-- Installing: /root/PILI_stealth_killer/pili_stealth_ws/install/command_interfaces/lib/libcommand_interfaces__rosidl_typesupport_c.so
-- Set runtime path of "/root/PILI_stealth_killer/pili_stealth_ws/install/command_interfaces/lib/libcommand_interfaces__rosidl_typesupport_c.so" to ""
-- Up-to-date: /root/PILI_stealth_killer/pili_stealth_ws/install/command_interfaces/include/command_interfaces/command_interfaces
-- Up-to-date: /root/PILI_stealth_killer/pili_stealth_ws/install/command_interfaces/include/command_interfaces/command_interfaces/srv
-- Up-to-date: /root/PILI_stealth_killer/pili_stealth_ws/install/command_interfaces/include/command_interfaces/command_interfaces/srv/detail
-- Installing: /root/PILI_stealth_killer/pili_stealth_ws/install/command_interfaces/include/command_interfaces/command_interfaces/srv/detail/command__rosidl_typesupport_introspection_cpp.hpp
-- Installing: /root/PILI_stealth_killer/pili_stealth_ws/install/command_interfaces/include/command_interfaces/command_interfaces/srv/detail/command__type_support.cpp
-- Installing: /root/PILI_stealth_killer/pili_stealth_ws/install/command_interfaces/lib/libcommand_interfaces__rosidl_typesupport_introspection_cpp.so
-- Set runtime path of "/root/PILI_stealth_killer/pili_stealth_ws/install/command_interfaces/lib/libcommand_interfaces__rosidl_typesupport_introspection_cpp.so" to ""
-- Installing: /root/PILI_stealth_killer/pili_stealth_ws/install/command_interfaces/lib/libcommand_interfaces__rosidl_typesupport_cpp.so
-- Set runtime path of "/root/PILI_stealth_killer/pili_stealth_ws/install/command_interfaces/lib/libcommand_interfaces__rosidl_typesupport_cpp.so" to ""
-- Installing: /root/PILI_stealth_killer/pili_stealth_ws/install/command_interfaces/share/command_interfaces/environment/pythonpath.sh
-- Installing: /root/PILI_stealth_killer/pili_stealth_ws/install/command_interfaces/share/command_interfaces/environment/pythonpath.dsv
-- Installing: /root/PILI_stealth_killer/pili_stealth_ws/install/command_interfaces/local/lib/python3.10/dist-packages/command_interfaces-0.0.0-py3.10.egg-info
-- Installing: /root/PILI_stealth_killer/pili_stealth_ws/install/command_interfaces/local/lib/python3.10/dist-packages/command_interfaces-0.0.0-py3.10.egg-info/PKG-INFO
-- Installing: /root/PILI_stealth_killer/pili_stealth_ws/install/command_interfaces/local/lib/python3.10/dist-packages/command_interfaces-0.0.0-py3.10.egg-info/top_level.txt
-- Installing: /root/PILI_stealth_killer/pili_stealth_ws/install/command_interfaces/local/lib/python3.10/dist-packages/command_interfaces-0.0.0-py3.10.egg-info/dependency_links.txt
-- Installing: /root/PILI_stealth_killer/pili_stealth_ws/install/command_interfaces/local/lib/python3.10/dist-packages/command_interfaces-0.0.0-py3.10.egg-info/SOURCES.txt
-- Installing: /root/PILI_stealth_killer/pili_stealth_ws/install/command_interfaces/local/lib/python3.10/dist-packages/command_interfaces
-- Installing: /root/PILI_stealth_killer/pili_stealth_ws/install/command_interfaces/local/lib/python3.10/dist-packages/command_interfaces/libcommand_interfaces__rosidl_generator_py.so
-- Installing: /root/PILI_stealth_killer/pili_stealth_ws/install/command_interfaces/local/lib/python3.10/dist-packages/command_interfaces/_command_interfaces_s.ep.rosidl_typesupport_introspection_c.c
-- Installing: /root/PILI_stealth_killer/pili_stealth_ws/install/command_interfaces/local/lib/python3.10/dist-packages/command_interfaces/_command_interfaces_s.ep.rosidl_typesupport_fastrtps_c.c
-- Installing: /root/PILI_stealth_killer/pili_stealth_ws/install/command_interfaces/local/lib/python3.10/dist-packages/command_interfaces/srv
-- Installing: /root/PILI_stealth_killer/pili_stealth_ws/install/command_interfaces/local/lib/python3.10/dist-packages/command_interfaces/srv/_command.py
-- Installing: /root/PILI_stealth_killer/pili_stealth_ws/install/command_interfaces/local/lib/python3.10/dist-packages/command_interfaces/srv/_command_s.c
-- Installing: /root/PILI_stealth_killer/pili_stealth_ws/install/command_interfaces/local/lib/python3.10/dist-packages/command_interfaces/srv/__init__.py
-- Installing: /root/PILI_stealth_killer/pili_stealth_ws/install/command_interfaces/local/lib/python3.10/dist-packages/command_interfaces/command_interfaces_s__rosidl_typesupport_fastrtps_c.cpython-310-aarch64-linux-gnu.so
-- Installing: /root/PILI_stealth_killer/pili_stealth_ws/install/command_interfaces/local/lib/python3.10/dist-packages/command_interfaces/command_interfaces_s__rosidl_typesupport_introspection_c.cpython-310-aarch64-linux-gnu.so
-- Installing: /root/PILI_stealth_killer/pili_stealth_ws/install/command_interfaces/local/lib/python3.10/dist-packages/command_interfaces/__init__.py
-- Installing: /root/PILI_stealth_killer/pili_stealth_ws/install/command_interfaces/local/lib/python3.10/dist-packages/command_interfaces/command_interfaces_s__rosidl_typesupport_c.cpython-310-aarch64-linux-gnu.so
-- Installing: /root/PILI_stealth_killer/pili_stealth_ws/install/command_interfaces/local/lib/python3.10/dist-packages/command_interfaces/_command_interfaces_s.ep.rosidl_typesupport_c.c
Listing '/root/PILI_stealth_killer/pili_stealth_ws/install/command_interfaces/local/lib/python3.10/dist-packages/command_interfaces'...
Compiling '/root/PILI_stealth_killer/pili_stealth_ws/install/command_interfaces/local/lib/python3.10/dist-packages/command_interfaces/__init__.py'...
Listing '/root/PILI_stealth_killer/pili_stealth_ws/install/command_interfaces/local/lib/python3.10/dist-packages/command_interfaces/srv'...
Compiling '/root/PILI_stealth_killer/pili_stealth_ws/install/command_interfaces/local/lib/python3.10/dist-packages/command_interfaces/srv/__init__.py'...
Compiling '/root/PILI_stealth_killer/pili_stealth_ws/install/command_interfaces/local/lib/python3.10/dist-packages/command_interfaces/srv/_command.py'...
-- Installing: /root/PILI_stealth_killer/pili_stealth_ws/install/command_interfaces/local/lib/python3.10/dist-packages/command_interfaces/command_interfaces_s__rosidl_typesupport_fastrtps_c.cpython-310-aarch64-linux-gnu.so
-- Set runtime path of "/root/PILI_stealth_killer/pili_stealth_ws/install/command_interfaces/local/lib/python3.10/dist-packages/command_interfaces/command_interfaces_s__rosidl_typesupport_fastrtps_c.cpython-310-aarch64-linux-gnu.so" to ""
-- Installing: /root/PILI_stealth_killer/pili_stealth_ws/install/command_interfaces/local/lib/python3.10/dist-packages/command_interfaces/command_interfaces_s__rosidl_typesupport_introspection_c.cpython-310-aarch64-linux-gnu.so
-- Set runtime path of "/root/PILI_stealth_killer/pili_stealth_ws/install/command_interfaces/local/lib/python3.10/dist-packages/command_interfaces/command_interfaces_s__rosidl_typesupport_introspection_c.cpython-310-aarch64-linux-gnu.so" to ""
-- Installing: /root/PILI_stealth_killer/pili_stealth_ws/install/command_interfaces/local/lib/python3.10/dist-packages/command_interfaces/command_interfaces_s__rosidl_typesupport_c.cpython-310-aarch64-linux-gnu.so
-- Set runtime path of "/root/PILI_stealth_killer/pili_stealth_ws/install/command_interfaces/local/lib/python3.10/dist-packages/command_interfaces/command_interfaces_s__rosidl_typesupport_c.cpython-310-aarch64-linux-gnu.so" to ""
-- Installing: /root/PILI_stealth_killer/pili_stealth_ws/install/command_interfaces/lib/libcommand_interfaces__rosidl_generator_py.so
-- Set runtime path of "/root/PILI_stealth_killer/pili_stealth_ws/install/command_interfaces/lib/libcommand_interfaces__rosidl_generator_py.so" to ""
-- Installing: /root/PILI_stealth_killer/pili_stealth_ws/install/command_interfaces/share/command_interfaces/srv/Command.idl
-- Installing: /root/PILI_stealth_killer/pili_stealth_ws/install/command_interfaces/share/command_interfaces/srv/Command.srv
-- Installing: /root/PILI_stealth_killer/pili_stealth_ws/install/command_interfaces/share/command_interfaces/srv/Command_Request.msg
-- Installing: /root/PILI_stealth_killer/pili_stealth_ws/install/command_interfaces/share/command_interfaces/srv/Command_Response.msg
-- Installing: /root/PILI_stealth_killer/pili_stealth_ws/install/command_interfaces/share/ament_index/resource_index/package_run_dependencies/command_interfaces
-- Installing: /root/PILI_stealth_killer/pili_stealth_ws/install/command_interfaces/share/ament_index/resource_index/parent_prefix_path/command_interfaces
-- Installing: /root/PILI_stealth_killer/pili_stealth_ws/install/command_interfaces/share/command_interfaces/environment/ament_prefix_path.sh
-- Installing: /root/PILI_stealth_killer/pili_stealth_ws/install/command_interfaces/share/command_interfaces/environment/ament_prefix_path.dsv
-- Installing: /root/PILI_stealth_killer/pili_stealth_ws/install/command_interfaces/share/command_interfaces/environment/path.sh
-- Installing: /root/PILI_stealth_killer/pili_stealth_ws/install/command_interfaces/share/command_interfaces/environment/path.dsv
-- Installing: /root/PILI_stealth_killer/pili_stealth_ws/install/command_interfaces/share/command_interfaces/local_setup.bash
-- Installing: /root/PILI_stealth_killer/pili_stealth_ws/install/command_interfaces/share/command_interfaces/local_setup.sh
-- Installing: /root/PILI_stealth_killer/pili_stealth_ws/install/command_interfaces/share/command_interfaces/local_setup.zsh
-- Installing: /root/PILI_stealth_killer/pili_stealth_ws/install/command_interfaces/share/command_interfaces/local_setup.dsv
-- Installing: /root/PILI_stealth_killer/pili_stealth_ws/install/command_interfaces/share/command_interfaces/package.dsv
-- Installing: /root/PILI_stealth_killer/pili_stealth_ws/install/command_interfaces/share/ament_index/resource_index/packages/command_interfaces
-- Installing: /root/PILI_stealth_killer/pili_stealth_ws/install/command_interfaces/share/command_interfaces/cmake/export_command_interfaces__rosidl_generator_cExport.cmake
-- Installing: /root/PILI_stealth_killer/pili_stealth_ws/install/command_interfaces/share/command_interfaces/cmake/export_command_interfaces__rosidl_generator_cExport-noconfig.cmake
-- Installing: /root/PILI_stealth_killer/pili_stealth_ws/install/command_interfaces/share/command_interfaces/cmake/export_command_interfaces__rosidl_typesupport_fastrtps_cExport.cmake
-- Installing: /root/PILI_stealth_killer/pili_stealth_ws/install/command_interfaces/share/command_interfaces/cmake/export_command_interfaces__rosidl_typesupport_fastrtps_cExport-noconfig.cmake
-- Installing: /root/PILI_stealth_killer/pili_stealth_ws/install/command_interfaces/share/command_interfaces/cmake/export_command_interfaces__rosidl_generator_cppExport.cmake
-- Installing: /root/PILI_stealth_killer/pili_stealth_ws/install/command_interfaces/share/command_interfaces/cmake/export_command_interfaces__rosidl_typesupport_fastrtps_cppExport.cmake
-- Installing: /root/PILI_stealth_killer/pili_stealth_ws/install/command_interfaces/share/command_interfaces/cmake/export_command_interfaces__rosidl_typesupport_fastrtps_cppExport-noconfig.cmake
-- Installing: /root/PILI_stealth_killer/pili_stealth_ws/install/command_interfaces/share/command_interfaces/cmake/command_interfaces__rosidl_typesupport_introspection_cExport.cmake
-- Installing: /root/PILI_stealth_killer/pili_stealth_ws/install/command_interfaces/share/command_interfaces/cmake/command_interfaces__rosidl_typesupport_introspection_cExport-noconfig.cmake
-- Installing: /root/PILI_stealth_killer/pili_stealth_ws/install/command_interfaces/share/command_interfaces/cmake/command_interfaces__rosidl_typesupport_cExport.cmake
-- Installing: /root/PILI_stealth_killer/pili_stealth_ws/install/command_interfaces/share/command_interfaces/cmake/command_interfaces__rosidl_typesupport_cExport-noconfig.cmake
-- Installing: /root/PILI_stealth_killer/pili_stealth_ws/install/command_interfaces/share/command_interfaces/cmake/command_interfaces__rosidl_typesupport_introspection_cppExport.cmake
-- Installing: /root/PILI_stealth_killer/pili_stealth_ws/install/command_interfaces/share/command_interfaces/cmake/command_interfaces__rosidl_typesupport_introspection_cppExport-noconfig.cmake
-- Installing: /root/PILI_stealth_killer/pili_stealth_ws/install/command_interfaces/share/command_interfaces/cmake/command_interfaces__rosidl_typesupport_cppExport.cmake
-- Installing: /root/PILI_stealth_killer/pili_stealth_ws/install/command_interfaces/share/command_interfaces/cmake/command_interfaces__rosidl_typesupport_cppExport-noconfig.cmake
-- Installing: /root/PILI_stealth_killer/pili_stealth_ws/install/command_interfaces/share/command_interfaces/cmake/export_command_interfaces__rosidl_generator_pyExport.cmake
-- Installing: /root/PILI_stealth_killer/pili_stealth_ws/install/command_interfaces/share/command_interfaces/cmake/export_command_interfaces__rosidl_generator_pyExport-noconfig.cmake
-- Installing: /root/PILI_stealth_killer/pili_stealth_ws/install/command_interfaces/share/command_interfaces/cmake/rosidl_cmake-extras.cmake
-- Installing: /root/PILI_stealth_killer/pili_stealth_ws/install/command_interfaces/share/command_interfaces/cmake/ament_cmake_export_include_directories-extras.cmake
-- Installing: /root/PILI_stealth_killer/pili_stealth_ws/install/command_interfaces/share/command_interfaces/cmake/ament_cmake_export_libraries-extras.cmake
-- Installing: /root/PILI_stealth_killer/pili_stealth_ws/install/command_interfaces/share/command_interfaces/cmake/ament_cmake_export_targets-extras.cmake
-- Installing: /root/PILI_stealth_killer/pili_stealth_ws/install/command_interfaces/share/command_interfaces/cmake/rosidl_cmake_export_typesupport_targets-extras.cmake
-- Installing: /root/PILI_stealth_killer/pili_stealth_ws/install/command_interfaces/share/command_interfaces/cmake/ament_cmake_export_dependencies-extras.cmake
-- Installing: /root/PILI_stealth_killer/pili_stealth_ws/install/command_interfaces/share/command_interfaces/cmake/rosidl_cmake_export_typesupport_libraries-extras.cmake
-- Installing: /root/PILI_stealth_killer/pili_stealth_ws/install/command_interfaces/share/command_interfaces/cmake/command_interfacesConfig.cmake
-- Installing: /root/PILI_stealth_killer/pili_stealth_ws/install/command_interfaces/share/command_interfaces/cmake/command_interfacesConfig-version.cmake
-- Installing: /root/PILI_stealth_killer/pili_stealth_ws/install/command_interfaces/share/command_interfaces/package.xml
