[1.271s] DEBUG:colcon:Command line arguments: ['/usr/bin/colcon', 'build']
[1.271s] DEBUG:colcon:Parsed command line arguments: Namespace(log_base=None, log_level=None, verb_name='build', build_base='build', install_base='install', merge_install=False, symlink_install=False, test_result_base=None, continue_on_error=False, executor='parallel', parallel_workers=8, event_handlers=None, ignore_user_meta=False, metas=['./colcon.meta'], base_paths=['.'], packages_ignore=None, packages_ignore_regex=None, paths=None, packages_up_to=None, packages_up_to_regex=None, packages_above=None, packages_above_and_dependencies=None, packages_above_depth=None, packages_select_by_dep=None, packages_skip_by_dep=None, packages_skip_up_to=None, packages_select_build_failed=False, packages_skip_build_finished=False, packages_select_test_failures=False, packages_skip_test_passed=False, packages_select=None, packages_skip=None, packages_select_regex=None, packages_skip_regex=None, packages_start=None, packages_end=None, cmake_args=None, cmake_target=None, cmake_target_skip_unavailable=False, cmake_clean_cache=False, cmake_clean_first=False, cmake_force_configure=False, ament_cmake_args=None, catkin_cmake_args=None, catkin_skip_building_tests=False, mixin_files=None, mixin=None, verb_parser=<colcon_mixin.mixin.mixin_argument.MixinArgumentDecorator object at 0x7f244c479330>, verb_extension=<colcon_core.verb.build.BuildVerb object at 0x7f244c4aa560>, main=<bound method BuildVerb.main of <colcon_core.verb.build.BuildVerb object at 0x7f244c4aa560>>, mixin_verb=('build',))
[1.329s] Level 1:colcon.colcon_core.package_discovery:discover_packages(colcon_meta) check parameters
[1.330s] INFO:colcon.colcon_metadata.package_discovery.colcon_meta:Using configuration from '/root/.colcon/metadata/default/Gazebo.meta'
[1.331s] INFO:colcon.colcon_metadata.package_discovery.colcon_meta:Using configuration from '/root/.colcon/metadata/default/fastrtps.meta'
[1.331s] Level 1:colcon.colcon_core.package_discovery:discover_packages(recursive) check parameters
[1.331s] Level 1:colcon.colcon_core.package_discovery:discover_packages(ignore) check parameters
[1.331s] Level 1:colcon.colcon_core.package_discovery:discover_packages(path) check parameters
[1.331s] Level 1:colcon.colcon_core.package_discovery:discover_packages(colcon_meta) discover
[1.331s] Level 1:colcon.colcon_core.package_discovery:discover_packages(recursive) discover
[1.331s] INFO:colcon.colcon_core.package_discovery:Crawling recursively for packages in '/root/PILI_stealth_killer/pili_stealth_ws'
[1.332s] Level 1:colcon.colcon_core.package_identification:_identify(.) by extensions ['ignore', 'ignore_ament_install']
[1.332s] Level 1:colcon.colcon_core.package_identification:_identify(.) by extension 'ignore'
[1.332s] Level 1:colcon.colcon_core.package_identification:_identify(.) by extension 'ignore_ament_install'
[1.332s] Level 1:colcon.colcon_core.package_identification:_identify(.) by extensions ['colcon_pkg']
[1.332s] Level 1:colcon.colcon_core.package_identification:_identify(.) by extension 'colcon_pkg'
[1.332s] Level 1:colcon.colcon_core.package_identification:_identify(.) by extensions ['colcon_meta']
[1.332s] Level 1:colcon.colcon_core.package_identification:_identify(.) by extension 'colcon_meta'
[1.332s] Level 1:colcon.colcon_core.package_identification:_identify(.) by extensions ['ros']
[1.332s] Level 1:colcon.colcon_core.package_identification:_identify(.) by extension 'ros'
[1.351s] Level 1:colcon.colcon_core.package_identification:_identify(.) by extensions ['cmake', 'python']
[1.351s] Level 1:colcon.colcon_core.package_identification:_identify(.) by extension 'cmake'
[1.351s] Level 1:colcon.colcon_core.package_identification:_identify(.) by extension 'python'
[1.351s] Level 1:colcon.colcon_core.package_identification:_identify(.) by extensions ['python_setup_py']
[1.351s] Level 1:colcon.colcon_core.package_identification:_identify(.) by extension 'python_setup_py'
[1.351s] Level 1:colcon.colcon_core.package_identification:_identify(build) by extensions ['ignore', 'ignore_ament_install']
[1.352s] Level 1:colcon.colcon_core.package_identification:_identify(build) by extension 'ignore'
[1.352s] Level 1:colcon.colcon_core.package_identification:_identify(build) ignored
[1.352s] Level 1:colcon.colcon_core.package_identification:_identify(install) by extensions ['ignore', 'ignore_ament_install']
[1.352s] Level 1:colcon.colcon_core.package_identification:_identify(install) by extension 'ignore'
[1.352s] Level 1:colcon.colcon_core.package_identification:_identify(install) ignored
[1.352s] Level 1:colcon.colcon_core.package_identification:_identify(log) by extensions ['ignore', 'ignore_ament_install']
[1.352s] Level 1:colcon.colcon_core.package_identification:_identify(log) by extension 'ignore'
[1.352s] Level 1:colcon.colcon_core.package_identification:_identify(log) ignored
[1.353s] Level 1:colcon.colcon_core.package_identification:_identify(src) by extensions ['ignore', 'ignore_ament_install']
[1.353s] Level 1:colcon.colcon_core.package_identification:_identify(src) by extension 'ignore'
[1.353s] Level 1:colcon.colcon_core.package_identification:_identify(src) by extension 'ignore_ament_install'
[1.353s] Level 1:colcon.colcon_core.package_identification:_identify(src) by extensions ['colcon_pkg']
[1.353s] Level 1:colcon.colcon_core.package_identification:_identify(src) by extension 'colcon_pkg'
[1.353s] Level 1:colcon.colcon_core.package_identification:_identify(src) by extensions ['colcon_meta']
[1.353s] Level 1:colcon.colcon_core.package_identification:_identify(src) by extension 'colcon_meta'
[1.353s] Level 1:colcon.colcon_core.package_identification:_identify(src) by extensions ['ros']
[1.353s] Level 1:colcon.colcon_core.package_identification:_identify(src) by extension 'ros'
[1.353s] Level 1:colcon.colcon_core.package_identification:_identify(src) by extensions ['cmake', 'python']
[1.353s] Level 1:colcon.colcon_core.package_identification:_identify(src) by extension 'cmake'
[1.353s] Level 1:colcon.colcon_core.package_identification:_identify(src) by extension 'python'
[1.353s] Level 1:colcon.colcon_core.package_identification:_identify(src) by extensions ['python_setup_py']
[1.353s] Level 1:colcon.colcon_core.package_identification:_identify(src) by extension 'python_setup_py'
[1.354s] Level 1:colcon.colcon_core.package_identification:_identify(src/more_interfaces) by extensions ['ignore', 'ignore_ament_install']
[1.354s] Level 1:colcon.colcon_core.package_identification:_identify(src/more_interfaces) by extension 'ignore'
[1.354s] Level 1:colcon.colcon_core.package_identification:_identify(src/more_interfaces) by extension 'ignore_ament_install'
[1.354s] Level 1:colcon.colcon_core.package_identification:_identify(src/more_interfaces) by extensions ['colcon_pkg']
[1.354s] Level 1:colcon.colcon_core.package_identification:_identify(src/more_interfaces) by extension 'colcon_pkg'
[1.354s] Level 1:colcon.colcon_core.package_identification:_identify(src/more_interfaces) by extensions ['colcon_meta']
[1.354s] Level 1:colcon.colcon_core.package_identification:_identify(src/more_interfaces) by extension 'colcon_meta'
[1.354s] Level 1:colcon.colcon_core.package_identification:_identify(src/more_interfaces) by extensions ['ros']
[1.354s] Level 1:colcon.colcon_core.package_identification:_identify(src/more_interfaces) by extension 'ros'
[1.359s] DEBUG:colcon.colcon_core.package_identification:Package 'src/more_interfaces' with type 'ros.ament_cmake' and name 'more_interfaces'
[1.359s] Level 1:colcon.colcon_core.package_identification:_identify(src/userPkg) by extensions ['ignore', 'ignore_ament_install']
[1.359s] Level 1:colcon.colcon_core.package_identification:_identify(src/userPkg) by extension 'ignore'
[1.360s] Level 1:colcon.colcon_core.package_identification:_identify(src/userPkg) by extension 'ignore_ament_install'
[1.360s] Level 1:colcon.colcon_core.package_identification:_identify(src/userPkg) by extensions ['colcon_pkg']
[1.360s] Level 1:colcon.colcon_core.package_identification:_identify(src/userPkg) by extension 'colcon_pkg'
[1.360s] Level 1:colcon.colcon_core.package_identification:_identify(src/userPkg) by extensions ['colcon_meta']
[1.360s] Level 1:colcon.colcon_core.package_identification:_identify(src/userPkg) by extension 'colcon_meta'
[1.360s] Level 1:colcon.colcon_core.package_identification:_identify(src/userPkg) by extensions ['ros']
[1.360s] Level 1:colcon.colcon_core.package_identification:_identify(src/userPkg) by extension 'ros'
[1.361s] DEBUG:colcon.colcon_core.package_identification:Package 'src/userPkg' with type 'ros.ament_cmake' and name 'userPkg'
[1.361s] Level 1:colcon.colcon_core.package_discovery:discover_packages(recursive) using defaults
[1.361s] Level 1:colcon.colcon_core.package_discovery:discover_packages(ignore) discover
[1.361s] Level 1:colcon.colcon_core.package_discovery:discover_packages(ignore) using defaults
[1.361s] Level 1:colcon.colcon_core.package_discovery:discover_packages(path) discover
[1.361s] Level 1:colcon.colcon_core.package_discovery:discover_packages(path) using defaults
[1.444s] Level 5:colcon.colcon_core.verb:set package 'more_interfaces' build argument 'cmake_args' from command line to 'None'
[1.444s] Level 5:colcon.colcon_core.verb:set package 'more_interfaces' build argument 'cmake_target' from command line to 'None'
[1.444s] Level 5:colcon.colcon_core.verb:set package 'more_interfaces' build argument 'cmake_target_skip_unavailable' from command line to 'False'
[1.444s] Level 5:colcon.colcon_core.verb:set package 'more_interfaces' build argument 'cmake_clean_cache' from command line to 'False'
[1.444s] Level 5:colcon.colcon_core.verb:set package 'more_interfaces' build argument 'cmake_clean_first' from command line to 'False'
[1.444s] Level 5:colcon.colcon_core.verb:set package 'more_interfaces' build argument 'cmake_force_configure' from command line to 'False'
[1.444s] Level 5:colcon.colcon_core.verb:set package 'more_interfaces' build argument 'ament_cmake_args' from command line to 'None'
[1.444s] Level 5:colcon.colcon_core.verb:set package 'more_interfaces' build argument 'catkin_cmake_args' from command line to 'None'
[1.444s] Level 5:colcon.colcon_core.verb:set package 'more_interfaces' build argument 'catkin_skip_building_tests' from command line to 'False'
[1.444s] DEBUG:colcon.colcon_core.verb:Building package 'more_interfaces' with the following arguments: {'ament_cmake_args': None, 'build_base': '/root/PILI_stealth_killer/pili_stealth_ws/build/more_interfaces', 'catkin_cmake_args': None, 'catkin_skip_building_tests': False, 'cmake_args': None, 'cmake_clean_cache': False, 'cmake_clean_first': False, 'cmake_force_configure': False, 'cmake_target': None, 'cmake_target_skip_unavailable': False, 'install_base': '/root/PILI_stealth_killer/pili_stealth_ws/install/more_interfaces', 'merge_install': False, 'path': '/root/PILI_stealth_killer/pili_stealth_ws/src/more_interfaces', 'symlink_install': False, 'test_result_base': None}
[1.466s] Level 5:colcon.colcon_core.verb:set package 'userPkg' build argument 'cmake_args' from command line to 'None'
[1.466s] Level 5:colcon.colcon_core.verb:set package 'userPkg' build argument 'cmake_target' from command line to 'None'
[1.466s] Level 5:colcon.colcon_core.verb:set package 'userPkg' build argument 'cmake_target_skip_unavailable' from command line to 'False'
[1.466s] Level 5:colcon.colcon_core.verb:set package 'userPkg' build argument 'cmake_clean_cache' from command line to 'False'
[1.466s] Level 5:colcon.colcon_core.verb:set package 'userPkg' build argument 'cmake_clean_first' from command line to 'False'
[1.466s] Level 5:colcon.colcon_core.verb:set package 'userPkg' build argument 'cmake_force_configure' from command line to 'False'
[1.466s] Level 5:colcon.colcon_core.verb:set package 'userPkg' build argument 'ament_cmake_args' from command line to 'None'
[1.466s] Level 5:colcon.colcon_core.verb:set package 'userPkg' build argument 'catkin_cmake_args' from command line to 'None'
[1.466s] Level 5:colcon.colcon_core.verb:set package 'userPkg' build argument 'catkin_skip_building_tests' from command line to 'False'
[1.466s] DEBUG:colcon.colcon_core.verb:Building package 'userPkg' with the following arguments: {'ament_cmake_args': None, 'build_base': '/root/PILI_stealth_killer/pili_stealth_ws/build/userPkg', 'catkin_cmake_args': None, 'catkin_skip_building_tests': False, 'cmake_args': None, 'cmake_clean_cache': False, 'cmake_clean_first': False, 'cmake_force_configure': False, 'cmake_target': None, 'cmake_target_skip_unavailable': False, 'install_base': '/root/PILI_stealth_killer/pili_stealth_ws/install/userPkg', 'merge_install': False, 'path': '/root/PILI_stealth_killer/pili_stealth_ws/src/userPkg', 'symlink_install': False, 'test_result_base': None}
[1.479s] INFO:colcon.colcon_core.executor:Executing jobs using 'parallel' executor
[1.492s] DEBUG:colcon.colcon_parallel_executor.executor.parallel:run_until_complete
[1.492s] INFO:colcon.colcon_ros.task.ament_cmake.build:Building ROS package in '/root/PILI_stealth_killer/pili_stealth_ws/src/more_interfaces' with build type 'ament_cmake'
[1.492s] INFO:colcon.colcon_cmake.task.cmake.build:Building CMake package in '/root/PILI_stealth_killer/pili_stealth_ws/src/more_interfaces'
[1.509s] INFO:colcon.colcon_core.plugin_system:Skipping extension 'colcon_core.shell.bat': Not used on non-Windows systems
[1.510s] INFO:colcon.colcon_core.shell:Skip shell extension 'powershell' for command environment: Not usable outside of PowerShell
[1.510s] DEBUG:colcon.colcon_core.shell:Skip shell extension 'dsv' for command environment
[1.584s] DEBUG:colcon.colcon_core.event_handler.log_command:Invoking command in '/root/PILI_stealth_killer/pili_stealth_ws/build/more_interfaces': CMAKE_PREFIX_PATH=${CMAKE_PREFIX_PATH}:/opt/ros/humble /usr/bin/cmake --build /root/PILI_stealth_killer/pili_stealth_ws/build/more_interfaces -- -j8 -l8
[2.245s] DEBUG:colcon.colcon_core.event_handler.log_command:Invoked command in '/root/PILI_stealth_killer/pili_stealth_ws/build/more_interfaces' returned '0': CMAKE_PREFIX_PATH=${CMAKE_PREFIX_PATH}:/opt/ros/humble /usr/bin/cmake --build /root/PILI_stealth_killer/pili_stealth_ws/build/more_interfaces -- -j8 -l8
[2.412s] DEBUG:colcon.colcon_core.event_handler.log_command:Invoking command in '/root/PILI_stealth_killer/pili_stealth_ws/build/more_interfaces': CMAKE_PREFIX_PATH=${CMAKE_PREFIX_PATH}:/opt/ros/humble /usr/bin/cmake --install /root/PILI_stealth_killer/pili_stealth_ws/build/more_interfaces
[2.503s] Level 1:colcon.colcon_core.environment:create_environment_scripts_only(more_interfaces)
[2.504s] DEBUG:colcon.colcon_core.event_handler.log_command:Invoked command in '/root/PILI_stealth_killer/pili_stealth_ws/build/more_interfaces' returned '0': CMAKE_PREFIX_PATH=${CMAKE_PREFIX_PATH}:/opt/ros/humble /usr/bin/cmake --install /root/PILI_stealth_killer/pili_stealth_ws/build/more_interfaces
[2.519s] Level 1:colcon.colcon_core.environment:checking '/root/PILI_stealth_killer/pili_stealth_ws/install/more_interfaces' for CMake module files
[2.520s] Level 1:colcon.colcon_core.environment:checking '/root/PILI_stealth_killer/pili_stealth_ws/install/more_interfaces' for CMake config files
[2.520s] Level 1:colcon.colcon_core.shell:create_environment_hook('more_interfaces', 'cmake_prefix_path')
[2.558s] INFO:colcon.colcon_core.shell:Creating environment hook '/root/PILI_stealth_killer/pili_stealth_ws/install/more_interfaces/share/more_interfaces/hook/cmake_prefix_path.ps1'
[2.559s] INFO:colcon.colcon_core.shell:Creating environment descriptor '/root/PILI_stealth_killer/pili_stealth_ws/install/more_interfaces/share/more_interfaces/hook/cmake_prefix_path.dsv'
[2.560s] INFO:colcon.colcon_core.shell:Creating environment hook '/root/PILI_stealth_killer/pili_stealth_ws/install/more_interfaces/share/more_interfaces/hook/cmake_prefix_path.sh'
[2.561s] Level 1:colcon.colcon_core.environment:checking '/root/PILI_stealth_killer/pili_stealth_ws/install/more_interfaces/lib'
[2.561s] Level 1:colcon.colcon_core.shell:create_environment_hook('more_interfaces', 'ld_library_path_lib')
[2.583s] INFO:colcon.colcon_core.shell:Creating environment hook '/root/PILI_stealth_killer/pili_stealth_ws/install/more_interfaces/share/more_interfaces/hook/ld_library_path_lib.ps1'
[2.584s] INFO:colcon.colcon_core.shell:Creating environment descriptor '/root/PILI_stealth_killer/pili_stealth_ws/install/more_interfaces/share/more_interfaces/hook/ld_library_path_lib.dsv'
[2.584s] INFO:colcon.colcon_core.shell:Creating environment hook '/root/PILI_stealth_killer/pili_stealth_ws/install/more_interfaces/share/more_interfaces/hook/ld_library_path_lib.sh'
[2.585s] Level 1:colcon.colcon_core.environment:checking '/root/PILI_stealth_killer/pili_stealth_ws/install/more_interfaces/bin'
[2.585s] Level 1:colcon.colcon_core.environment:checking '/root/PILI_stealth_killer/pili_stealth_ws/install/more_interfaces/lib/pkgconfig/more_interfaces.pc'
[2.587s] Level 1:colcon.colcon_core.environment:checking '/root/PILI_stealth_killer/pili_stealth_ws/install/more_interfaces/lib/python3.10/site-packages'
[2.587s] Level 1:colcon.colcon_core.environment:checking '/root/PILI_stealth_killer/pili_stealth_ws/install/more_interfaces/bin'
[2.624s] INFO:colcon.colcon_core.shell:Creating package script '/root/PILI_stealth_killer/pili_stealth_ws/install/more_interfaces/share/more_interfaces/package.ps1'
[2.625s] INFO:colcon.colcon_core.shell:Creating package descriptor '/root/PILI_stealth_killer/pili_stealth_ws/install/more_interfaces/share/more_interfaces/package.dsv'
[2.627s] INFO:colcon.colcon_core.shell:Creating package script '/root/PILI_stealth_killer/pili_stealth_ws/install/more_interfaces/share/more_interfaces/package.sh'
[2.628s] INFO:colcon.colcon_core.shell:Creating package script '/root/PILI_stealth_killer/pili_stealth_ws/install/more_interfaces/share/more_interfaces/package.bash'
[2.629s] INFO:colcon.colcon_core.shell:Creating package script '/root/PILI_stealth_killer/pili_stealth_ws/install/more_interfaces/share/more_interfaces/package.zsh'
[2.630s] Level 1:colcon.colcon_core.environment:create_file_with_runtime_dependencies(/root/PILI_stealth_killer/pili_stealth_ws/install/more_interfaces/share/colcon-core/packages/more_interfaces)
[2.950s] Level 1:colcon.colcon_core.environment:create_environment_scripts_only(more_interfaces)
[2.974s] Level 1:colcon.colcon_core.environment:checking '/root/PILI_stealth_killer/pili_stealth_ws/install/more_interfaces' for CMake module files
[2.975s] Level 1:colcon.colcon_core.environment:checking '/root/PILI_stealth_killer/pili_stealth_ws/install/more_interfaces' for CMake config files
[2.975s] Level 1:colcon.colcon_core.shell:create_environment_hook('more_interfaces', 'cmake_prefix_path')
[2.992s] INFO:colcon.colcon_core.shell:Creating environment hook '/root/PILI_stealth_killer/pili_stealth_ws/install/more_interfaces/share/more_interfaces/hook/cmake_prefix_path.ps1'
[2.993s] INFO:colcon.colcon_core.shell:Creating environment descriptor '/root/PILI_stealth_killer/pili_stealth_ws/install/more_interfaces/share/more_interfaces/hook/cmake_prefix_path.dsv'
[2.993s] INFO:colcon.colcon_core.shell:Creating environment hook '/root/PILI_stealth_killer/pili_stealth_ws/install/more_interfaces/share/more_interfaces/hook/cmake_prefix_path.sh'
[2.994s] Level 1:colcon.colcon_core.environment:checking '/root/PILI_stealth_killer/pili_stealth_ws/install/more_interfaces/lib'
[2.994s] Level 1:colcon.colcon_core.shell:create_environment_hook('more_interfaces', 'ld_library_path_lib')
[3.005s] INFO:colcon.colcon_core.shell:Creating environment hook '/root/PILI_stealth_killer/pili_stealth_ws/install/more_interfaces/share/more_interfaces/hook/ld_library_path_lib.ps1'
[3.006s] INFO:colcon.colcon_core.shell:Creating environment descriptor '/root/PILI_stealth_killer/pili_stealth_ws/install/more_interfaces/share/more_interfaces/hook/ld_library_path_lib.dsv'
[3.007s] INFO:colcon.colcon_core.shell:Creating environment hook '/root/PILI_stealth_killer/pili_stealth_ws/install/more_interfaces/share/more_interfaces/hook/ld_library_path_lib.sh'
[3.008s] Level 1:colcon.colcon_core.environment:checking '/root/PILI_stealth_killer/pili_stealth_ws/install/more_interfaces/bin'
[3.008s] Level 1:colcon.colcon_core.environment:checking '/root/PILI_stealth_killer/pili_stealth_ws/install/more_interfaces/lib/pkgconfig/more_interfaces.pc'
[3.008s] Level 1:colcon.colcon_core.environment:checking '/root/PILI_stealth_killer/pili_stealth_ws/install/more_interfaces/lib/python3.10/site-packages'
[3.009s] Level 1:colcon.colcon_core.environment:checking '/root/PILI_stealth_killer/pili_stealth_ws/install/more_interfaces/bin'
[3.020s] INFO:colcon.colcon_core.shell:Creating package script '/root/PILI_stealth_killer/pili_stealth_ws/install/more_interfaces/share/more_interfaces/package.ps1'
[3.021s] INFO:colcon.colcon_core.shell:Creating package descriptor '/root/PILI_stealth_killer/pili_stealth_ws/install/more_interfaces/share/more_interfaces/package.dsv'
[3.021s] INFO:colcon.colcon_core.shell:Creating package script '/root/PILI_stealth_killer/pili_stealth_ws/install/more_interfaces/share/more_interfaces/package.sh'
[3.022s] INFO:colcon.colcon_core.shell:Creating package script '/root/PILI_stealth_killer/pili_stealth_ws/install/more_interfaces/share/more_interfaces/package.bash'
[3.022s] INFO:colcon.colcon_core.shell:Creating package script '/root/PILI_stealth_killer/pili_stealth_ws/install/more_interfaces/share/more_interfaces/package.zsh'
[3.022s] Level 1:colcon.colcon_core.environment:create_file_with_runtime_dependencies(/root/PILI_stealth_killer/pili_stealth_ws/install/more_interfaces/share/colcon-core/packages/more_interfaces)
[3.023s] INFO:colcon.colcon_ros.task.ament_cmake.build:Building ROS package in '/root/PILI_stealth_killer/pili_stealth_ws/src/userPkg' with build type 'ament_cmake'
[3.024s] INFO:colcon.colcon_cmake.task.cmake.build:Building CMake package in '/root/PILI_stealth_killer/pili_stealth_ws/src/userPkg'
[3.036s] INFO:colcon.colcon_core.shell:Skip shell extension 'powershell' for command environment: Not usable outside of PowerShell
[3.036s] DEBUG:colcon.colcon_core.shell:Skip shell extension 'dsv' for command environment
[3.095s] DEBUG:colcon.colcon_core.event_handler.log_command:Invoking command in '/root/PILI_stealth_killer/pili_stealth_ws/build/userPkg': CMAKE_PREFIX_PATH=/root/PILI_stealth_killer/pili_stealth_ws/install/more_interfaces:/root/PILI_stealth_killer/pili_stealth_ws/install/userPkg:/opt/ros/humble /usr/bin/cmake --build /root/PILI_stealth_killer/pili_stealth_ws/build/userPkg -- -j8 -l8
[8.303s] DEBUG:colcon.colcon_core.event_handler.log_command:Invoked command in '/root/PILI_stealth_killer/pili_stealth_ws/build/userPkg' returned '0': CMAKE_PREFIX_PATH=/root/PILI_stealth_killer/pili_stealth_ws/install/more_interfaces:/root/PILI_stealth_killer/pili_stealth_ws/install/userPkg:/opt/ros/humble /usr/bin/cmake --build /root/PILI_stealth_killer/pili_stealth_ws/build/userPkg -- -j8 -l8
[8.365s] DEBUG:colcon.colcon_core.event_handler.log_command:Invoking command in '/root/PILI_stealth_killer/pili_stealth_ws/build/userPkg': CMAKE_PREFIX_PATH=/root/PILI_stealth_killer/pili_stealth_ws/install/more_interfaces:/root/PILI_stealth_killer/pili_stealth_ws/install/userPkg:/opt/ros/humble /usr/bin/cmake --install /root/PILI_stealth_killer/pili_stealth_ws/build/userPkg
[8.393s] Level 1:colcon.colcon_core.environment:create_environment_scripts_only(userPkg)
[8.395s] DEBUG:colcon.colcon_core.event_handler.log_command:Invoked command in '/root/PILI_stealth_killer/pili_stealth_ws/build/userPkg' returned '0': CMAKE_PREFIX_PATH=/root/PILI_stealth_killer/pili_stealth_ws/install/more_interfaces:/root/PILI_stealth_killer/pili_stealth_ws/install/userPkg:/opt/ros/humble /usr/bin/cmake --install /root/PILI_stealth_killer/pili_stealth_ws/build/userPkg
[8.410s] Level 1:colcon.colcon_core.environment:checking '/root/PILI_stealth_killer/pili_stealth_ws/install/userPkg' for CMake module files
[8.411s] Level 1:colcon.colcon_core.environment:checking '/root/PILI_stealth_killer/pili_stealth_ws/install/userPkg' for CMake config files
[8.411s] Level 1:colcon.colcon_core.shell:create_environment_hook('userPkg', 'cmake_prefix_path')
[8.427s] INFO:colcon.colcon_core.shell:Creating environment hook '/root/PILI_stealth_killer/pili_stealth_ws/install/userPkg/share/userPkg/hook/cmake_prefix_path.ps1'
[8.427s] INFO:colcon.colcon_core.shell:Creating environment descriptor '/root/PILI_stealth_killer/pili_stealth_ws/install/userPkg/share/userPkg/hook/cmake_prefix_path.dsv'
[8.428s] INFO:colcon.colcon_core.shell:Creating environment hook '/root/PILI_stealth_killer/pili_stealth_ws/install/userPkg/share/userPkg/hook/cmake_prefix_path.sh'
[8.429s] Level 1:colcon.colcon_core.environment:checking '/root/PILI_stealth_killer/pili_stealth_ws/install/userPkg/lib'
[8.429s] Level 1:colcon.colcon_core.environment:checking '/root/PILI_stealth_killer/pili_stealth_ws/install/userPkg/bin'
[8.429s] Level 1:colcon.colcon_core.environment:checking '/root/PILI_stealth_killer/pili_stealth_ws/install/userPkg/lib/pkgconfig/userPkg.pc'
[8.429s] Level 1:colcon.colcon_core.environment:checking '/root/PILI_stealth_killer/pili_stealth_ws/install/userPkg/lib/python3.10/site-packages'
[8.430s] Level 1:colcon.colcon_core.environment:checking '/root/PILI_stealth_killer/pili_stealth_ws/install/userPkg/bin'
[8.445s] INFO:colcon.colcon_core.shell:Creating package script '/root/PILI_stealth_killer/pili_stealth_ws/install/userPkg/share/userPkg/package.ps1'
[8.446s] INFO:colcon.colcon_core.shell:Creating package descriptor '/root/PILI_stealth_killer/pili_stealth_ws/install/userPkg/share/userPkg/package.dsv'
[8.446s] INFO:colcon.colcon_core.shell:Creating package script '/root/PILI_stealth_killer/pili_stealth_ws/install/userPkg/share/userPkg/package.sh'
[8.447s] INFO:colcon.colcon_core.shell:Creating package script '/root/PILI_stealth_killer/pili_stealth_ws/install/userPkg/share/userPkg/package.bash'
[8.447s] INFO:colcon.colcon_core.shell:Creating package script '/root/PILI_stealth_killer/pili_stealth_ws/install/userPkg/share/userPkg/package.zsh'
[8.448s] Level 1:colcon.colcon_core.environment:create_file_with_runtime_dependencies(/root/PILI_stealth_killer/pili_stealth_ws/install/userPkg/share/colcon-core/packages/userPkg)
[8.614s] Level 1:colcon.colcon_core.environment:create_environment_scripts_only(userPkg)
[8.638s] Level 1:colcon.colcon_core.environment:checking '/root/PILI_stealth_killer/pili_stealth_ws/install/userPkg' for CMake module files
[8.639s] Level 1:colcon.colcon_core.environment:checking '/root/PILI_stealth_killer/pili_stealth_ws/install/userPkg' for CMake config files
[8.640s] Level 1:colcon.colcon_core.shell:create_environment_hook('userPkg', 'cmake_prefix_path')
[8.654s] INFO:colcon.colcon_core.shell:Creating environment hook '/root/PILI_stealth_killer/pili_stealth_ws/install/userPkg/share/userPkg/hook/cmake_prefix_path.ps1'
[8.655s] INFO:colcon.colcon_core.shell:Creating environment descriptor '/root/PILI_stealth_killer/pili_stealth_ws/install/userPkg/share/userPkg/hook/cmake_prefix_path.dsv'
[8.655s] INFO:colcon.colcon_core.shell:Creating environment hook '/root/PILI_stealth_killer/pili_stealth_ws/install/userPkg/share/userPkg/hook/cmake_prefix_path.sh'
[8.656s] Level 1:colcon.colcon_core.environment:checking '/root/PILI_stealth_killer/pili_stealth_ws/install/userPkg/lib'
[8.656s] Level 1:colcon.colcon_core.environment:checking '/root/PILI_stealth_killer/pili_stealth_ws/install/userPkg/bin'
[8.657s] Level 1:colcon.colcon_core.environment:checking '/root/PILI_stealth_killer/pili_stealth_ws/install/userPkg/lib/pkgconfig/userPkg.pc'
[8.657s] Level 1:colcon.colcon_core.environment:checking '/root/PILI_stealth_killer/pili_stealth_ws/install/userPkg/lib/python3.10/site-packages'
[8.657s] Level 1:colcon.colcon_core.environment:checking '/root/PILI_stealth_killer/pili_stealth_ws/install/userPkg/bin'
[8.678s] INFO:colcon.colcon_core.shell:Creating package script '/root/PILI_stealth_killer/pili_stealth_ws/install/userPkg/share/userPkg/package.ps1'
[8.679s] INFO:colcon.colcon_core.shell:Creating package descriptor '/root/PILI_stealth_killer/pili_stealth_ws/install/userPkg/share/userPkg/package.dsv'
[8.680s] INFO:colcon.colcon_core.shell:Creating package script '/root/PILI_stealth_killer/pili_stealth_ws/install/userPkg/share/userPkg/package.sh'
[8.680s] INFO:colcon.colcon_core.shell:Creating package script '/root/PILI_stealth_killer/pili_stealth_ws/install/userPkg/share/userPkg/package.bash'
[8.681s] INFO:colcon.colcon_core.shell:Creating package script '/root/PILI_stealth_killer/pili_stealth_ws/install/userPkg/share/userPkg/package.zsh'
[8.681s] Level 1:colcon.colcon_core.environment:create_file_with_runtime_dependencies(/root/PILI_stealth_killer/pili_stealth_ws/install/userPkg/share/colcon-core/packages/userPkg)
[8.682s] DEBUG:colcon.colcon_parallel_executor.executor.parallel:closing loop
[8.682s] DEBUG:colcon.colcon_parallel_executor.executor.parallel:loop closed
[8.682s] DEBUG:colcon.colcon_parallel_executor.executor.parallel:run_until_complete finished with '0'
[8.682s] DEBUG:colcon.colcon_core.event_reactor:joining thread
[8.710s] INFO:colcon.colcon_core.plugin_system:Skipping extension 'colcon_notification.desktop_notification.notify_send': Could not find 'notify-send'
[8.710s] INFO:colcon.colcon_core.plugin_system:Skipping extension 'colcon_notification.desktop_notification.terminal_notifier': Not used on non-Darwin systems
[8.711s] INFO:colcon.colcon_core.plugin_system:Skipping extension 'colcon_notification.desktop_notification.win32': Not used on non-Windows systems
[8.711s] INFO:colcon.colcon_notification.desktop_notification:Sending desktop notification using 'notify2'
[8.711s] DEBUG:colcon.colcon_notification.desktop_notification.notify2:Failed to initialize notify2: org.freedesktop.DBus.Error.InvalidFileContent: D-Bus library appears to be incorrectly set up: see the manual page for dbus-uuidgen to correct this issue. (Failed to open "/var/lib/dbus/machine-id": No such file or directory; UUID file '/etc/machine-id' should contain a hex string of length 32, not length 0, with no other text)
[8.711s] DEBUG:colcon.colcon_core.event_reactor:joined thread
[8.731s] INFO:colcon.colcon_core.shell:Creating prefix script '/root/PILI_stealth_killer/pili_stealth_ws/install/local_setup.ps1'
[8.732s] INFO:colcon.colcon_core.shell:Creating prefix util module '/root/PILI_stealth_killer/pili_stealth_ws/install/_local_setup_util_ps1.py'
[8.734s] INFO:colcon.colcon_core.shell:Creating prefix chain script '/root/PILI_stealth_killer/pili_stealth_ws/install/setup.ps1'
[8.752s] INFO:colcon.colcon_core.shell:Creating prefix script '/root/PILI_stealth_killer/pili_stealth_ws/install/local_setup.sh'
[8.753s] INFO:colcon.colcon_core.shell:Creating prefix util module '/root/PILI_stealth_killer/pili_stealth_ws/install/_local_setup_util_sh.py'
[8.754s] INFO:colcon.colcon_core.shell:Creating prefix chain script '/root/PILI_stealth_killer/pili_stealth_ws/install/setup.sh'
[8.773s] INFO:colcon.colcon_core.shell:Creating prefix script '/root/PILI_stealth_killer/pili_stealth_ws/install/local_setup.bash'
[8.777s] INFO:colcon.colcon_core.shell:Creating prefix chain script '/root/PILI_stealth_killer/pili_stealth_ws/install/setup.bash'
[8.791s] INFO:colcon.colcon_core.shell:Creating prefix script '/root/PILI_stealth_killer/pili_stealth_ws/install/local_setup.zsh'
[8.792s] INFO:colcon.colcon_core.shell:Creating prefix chain script '/root/PILI_stealth_killer/pili_stealth_ws/install/setup.zsh'
