[0.027s] Invoking command in '/root/PILI_stealth_killer/pili_stealth_ws/build/more_interfaces': CMAKE_PREFIX_PATH=/opt/ros/humble /usr/bin/cmake /root/PILI_stealth_killer/pili_stealth_ws/src/more_interfaces -DCMAKE_INSTALL_PREFIX=/root/PILI_stealth_killer/pili_stealth_ws/install/more_interfaces
[0.086s] -- The C compiler identification is GNU 11.4.0
[0.189s] -- The CXX compiler identification is GNU 11.4.0
[0.195s] -- Detecting C compiler ABI info
[0.257s] -- Detecting C compiler ABI info - done
[0.262s] -- Check for working C compiler: /usr/bin/cc - skipped
[0.263s] -- Detecting C compile features
[0.263s] -- Detecting C compile features - done
[0.267s] -- Detecting CXX compiler ABI info
[0.323s] -- Detecting CXX compiler ABI info - done
[0.329s] -- Check for working CXX compiler: /usr/bin/c++ - skipped
[0.329s] -- Detecting CXX compile features
[0.329s] -- Detecting CXX compile features - done
[0.331s] -- Found ament_cmake: 1.3.5 (/opt/ros/humble/share/ament_cmake/cmake)
[0.422s] -- Found Python3: /usr/bin/python3.10 (found version "3.10.12") found components: Interpreter 
[0.474s] [31mCMake Error at CMakeLists.txt:11 (rosidl_generate_interfaces):
[0.475s]   Unknown CMake command "rosidl_generate_interfaces".
[0.475s] 
[0.475s] [0m
[0.475s] -- Configuring incomplete, errors occurred!
[0.475s] See also "/root/PILI_stealth_killer/pili_stealth_ws/build/more_interfaces/CMakeFiles/CMakeOutput.log".
[0.478s] Invoked command in '/root/PILI_stealth_killer/pili_stealth_ws/build/more_interfaces' returned '1': CMAKE_PREFIX_PATH=/opt/ros/humble /usr/bin/cmake /root/PILI_stealth_killer/pili_stealth_ws/src/more_interfaces -DCMAKE_INSTALL_PREFIX=/root/PILI_stealth_killer/pili_stealth_ws/install/more_interfaces
