-- Found ament_cmake: 1.3.10 (/opt/ros/humble/share/ament_cmake/cmake)
-- Found rclcpp: 16.0.10 (/opt/ros/humble/share/rclcpp/cmake)
-- Found rosidl_generator_c: 3.1.5 (/opt/ros/humble/share/rosidl_generator_c/cmake)
-- Found rosidl_adapter: 3.1.5 (/opt/ros/humble/share/rosidl_adapter/cmake)
-- Found rosidl_generator_cpp: 3.1.5 (/opt/ros/humble/share/rosidl_generator_cpp/cmake)
-- Using all available rosidl_typesupport_c: rosidl_typesupport_fastrtps_c;rosidl_typesupport_introspection_c
-- Using all available rosidl_typesupport_cpp: rosidl_typesupport_fastrtps_cpp;rosidl_typesupport_introspection_cpp
-- Found rmw_implementation_cmake: 6.1.2 (/opt/ros/humble/share/rmw_implementation_cmake/cmake)
-- Found rmw_fastrtps_cpp: 6.2.7 (/opt/ros/humble/share/rmw_fastrtps_cpp/cmake)
-- Using RMW implementation 'rmw_fastrtps_cpp' as default
-- Found rosidl_default_generators: 1.2.0 (/opt/ros/humble/share/rosidl_default_generators/cmake)
-- Found command_interfaces: 0.0.0 (/root/PILI_stealth_killer/pili_stealth_ws/install/command_interfaces/share/command_interfaces/cmake)
-- Found ament_cmake_ros: 0.10.0 (/opt/ros/humble/share/ament_cmake_ros/cmake)
-- Using all available rosidl_typesupport_c: rosidl_typesupport_fastrtps_c;rosidl_typesupport_introspection_c
-- Using all available rosidl_typesupport_cpp: rosidl_typesupport_fastrtps_cpp;rosidl_typesupport_introspection_cpp
-- Found python_cmake_module: 0.10.0 (/opt/ros/humble/share/python_cmake_module/cmake)
-- Using PYTHON_EXECUTABLE: /usr/bin/python3
-- Using PYTHON_INCLUDE_DIRS: /usr/include/python3.10
-- Using PYTHON_LIBRARIES: /usr/lib/aarch64-linux-gnu/libpython3.10.so
-- Found ament_lint_auto: 0.12.11 (/opt/ros/humble/share/ament_lint_auto/cmake)
-- Added test 'cppcheck' to perform static code analysis on C / C++ code
-- Configured cppcheck include dirs: 
-- Configured cppcheck exclude dirs and/or files: 
-- Added test 'lint_cmake' to check CMake code style
-- Added test 'uncrustify' to check C / C++ code style
-- Configured uncrustify additional arguments: 
-- Added test 'xmllint' to check XML markup files
-- Configuring done
-- Generating done
-- Build files have been written to: /root/PILI_stealth_killer/pili_stealth_ws/build/command_interfaces
[35m[1mConsolidate compiler generated dependencies of target command_interfaces__rosidl_generator_c[0m
[35m[1mConsolidate compiler generated dependencies of target server[0m
[  8%] Built target command_interfaces__rosidl_generator_c
[ 11%] Built target command_interfaces__cpp
[ 17%] Built target server
[ 17%] Built target ament_cmake_python_copy_command_interfaces
[35m[1mConsolidate compiler generated dependencies of target command_interfaces__rosidl_typesupport_cpp[0m
[35m[1mConsolidate compiler generated dependencies of target command_interfaces__rosidl_typesupport_fastrtps_c[0m
[35m[1mConsolidate compiler generated dependencies of target command_interfaces__rosidl_typesupport_fastrtps_cpp[0m
[ 20%] [32mBuilding CXX object CMakeFiles/client.dir/src/send_command_client.cpp.o[0m
[ 28%] Built target command_interfaces__rosidl_typesupport_fastrtps_c
[ 37%] Built target command_interfaces__rosidl_typesupport_cpp
[35m[1mConsolidate compiler generated dependencies of target command_interfaces__rosidl_typesupport_c[0m
[35m[1mConsolidate compiler generated dependencies of target command_interfaces__rosidl_typesupport_introspection_c[0m
[ 45%] Built target command_interfaces__rosidl_typesupport_fastrtps_cpp
[35m[1mConsolidate compiler generated dependencies of target command_interfaces__rosidl_typesupport_introspection_cpp[0m
[ 54%] Built target command_interfaces__rosidl_typesupport_introspection_c
[ 62%] Built target command_interfaces__rosidl_typesupport_c
[ 71%] Built target command_interfaces__rosidl_typesupport_introspection_cpp
[ 71%] Built target command_interfaces
[ 74%] Built target command_interfaces__py
[35m[1mConsolidate compiler generated dependencies of target command_interfaces__rosidl_generator_py[0m
[ 80%] Built target command_interfaces__rosidl_generator_py
[35m[1mConsolidate compiler generated dependencies of target command_interfaces__rosidl_typesupport_fastrtps_c__pyext[0m
[35m[1mConsolidate compiler generated dependencies of target command_interfaces__rosidl_typesupport_introspection_c__pyext[0m
[ 85%] Built target command_interfaces__rosidl_typesupport_introspection_c__pyext
[ 91%] Built target command_interfaces__rosidl_typesupport_fastrtps_c__pyext
[35m[1mConsolidate compiler generated dependencies of target command_interfaces__rosidl_typesupport_c__pyext[0m
[ 97%] Built target command_interfaces__rosidl_typesupport_c__pyext
running egg_info
writing command_interfaces.egg-info/PKG-INFO
writing dependency_links to command_interfaces.egg-info/dependency_links.txt
writing top-level names to command_interfaces.egg-info/top_level.txt
reading manifest file 'command_interfaces.egg-info/SOURCES.txt'
writing manifest file 'command_interfaces.egg-info/SOURCES.txt'
[ 97%] Built target ament_cmake_python_build_command_interfaces_egg
