[0.490s] DEBUG:colcon:Command line arguments: ['/usr/bin/colcon', 'build']
[0.490s] DEBUG:colcon:Parsed command line arguments: Namespace(log_base=None, log_level=None, verb_name='build', build_base='build', install_base='install', merge_install=False, symlink_install=False, test_result_base=None, continue_on_error=False, executor='parallel', parallel_workers=8, event_handlers=None, ignore_user_meta=False, metas=['./colcon.meta'], base_paths=['.'], packages_ignore=None, packages_ignore_regex=None, paths=None, packages_up_to=None, packages_up_to_regex=None, packages_above=None, packages_above_and_dependencies=None, packages_above_depth=None, packages_select_by_dep=None, packages_skip_by_dep=None, packages_skip_up_to=None, packages_select_build_failed=False, packages_skip_build_finished=False, packages_select_test_failures=False, packages_skip_test_passed=False, packages_select=None, packages_skip=None, packages_select_regex=None, packages_skip_regex=None, packages_start=None, packages_end=None, cmake_args=None, cmake_target=None, cmake_target_skip_unavailable=False, cmake_clean_cache=False, cmake_clean_first=False, cmake_force_configure=False, ament_cmake_args=None, catkin_cmake_args=None, catkin_skip_building_tests=False, mixin_files=None, mixin=None, verb_parser=<colcon_mixin.mixin.mixin_argument.MixinArgumentDecorator object at 0x7f82a93713f0>, verb_extension=<colcon_core.verb.build.BuildVerb object at 0x7f82a9195150>, main=<bound method BuildVerb.main of <colcon_core.verb.build.BuildVerb object at 0x7f82a9195150>>, mixin_verb=('build',))
[0.513s] Level 1:colcon.colcon_core.package_discovery:discover_packages(colcon_meta) check parameters
[0.514s] INFO:colcon.colcon_metadata.package_discovery.colcon_meta:Using configuration from '/root/.colcon/metadata/default/Gazebo.meta'
[0.514s] INFO:colcon.colcon_metadata.package_discovery.colcon_meta:Using configuration from '/root/.colcon/metadata/default/fastrtps.meta'
[0.514s] Level 1:colcon.colcon_core.package_discovery:discover_packages(recursive) check parameters
[0.514s] Level 1:colcon.colcon_core.package_discovery:discover_packages(ignore) check parameters
[0.514s] Level 1:colcon.colcon_core.package_discovery:discover_packages(path) check parameters
[0.514s] Level 1:colcon.colcon_core.package_discovery:discover_packages(colcon_meta) discover
[0.514s] Level 1:colcon.colcon_core.package_discovery:discover_packages(recursive) discover
[0.514s] INFO:colcon.colcon_core.package_discovery:Crawling recursively for packages in '/root/PILI_stealth_killer/pili_stealth_ws'
[0.514s] Level 1:colcon.colcon_core.package_identification:_identify(.) by extensions ['ignore', 'ignore_ament_install']
[0.514s] Level 1:colcon.colcon_core.package_identification:_identify(.) by extension 'ignore'
[0.515s] Level 1:colcon.colcon_core.package_identification:_identify(.) by extension 'ignore_ament_install'
[0.515s] Level 1:colcon.colcon_core.package_identification:_identify(.) by extensions ['colcon_pkg']
[0.515s] Level 1:colcon.colcon_core.package_identification:_identify(.) by extension 'colcon_pkg'
[0.515s] Level 1:colcon.colcon_core.package_identification:_identify(.) by extensions ['colcon_meta']
[0.515s] Level 1:colcon.colcon_core.package_identification:_identify(.) by extension 'colcon_meta'
[0.515s] Level 1:colcon.colcon_core.package_identification:_identify(.) by extensions ['ros']
[0.515s] Level 1:colcon.colcon_core.package_identification:_identify(.) by extension 'ros'
[0.523s] Level 1:colcon.colcon_core.package_identification:_identify(.) by extensions ['cmake', 'python']
[0.523s] Level 1:colcon.colcon_core.package_identification:_identify(.) by extension 'cmake'
[0.523s] Level 1:colcon.colcon_core.package_identification:_identify(.) by extension 'python'
[0.523s] Level 1:colcon.colcon_core.package_identification:_identify(.) by extensions ['python_setup_py']
[0.523s] Level 1:colcon.colcon_core.package_identification:_identify(.) by extension 'python_setup_py'
[0.523s] Level 1:colcon.colcon_core.package_identification:_identify(build) by extensions ['ignore', 'ignore_ament_install']
[0.523s] Level 1:colcon.colcon_core.package_identification:_identify(build) by extension 'ignore'
[0.523s] Level 1:colcon.colcon_core.package_identification:_identify(build) ignored
[0.523s] Level 1:colcon.colcon_core.package_identification:_identify(install) by extensions ['ignore', 'ignore_ament_install']
[0.523s] Level 1:colcon.colcon_core.package_identification:_identify(install) by extension 'ignore'
[0.523s] Level 1:colcon.colcon_core.package_identification:_identify(install) ignored
[0.523s] Level 1:colcon.colcon_core.package_identification:_identify(log) by extensions ['ignore', 'ignore_ament_install']
[0.524s] Level 1:colcon.colcon_core.package_identification:_identify(log) by extension 'ignore'
[0.524s] Level 1:colcon.colcon_core.package_identification:_identify(log) ignored
[0.524s] Level 1:colcon.colcon_core.package_identification:_identify(src) by extensions ['ignore', 'ignore_ament_install']
[0.524s] Level 1:colcon.colcon_core.package_identification:_identify(src) by extension 'ignore'
[0.524s] Level 1:colcon.colcon_core.package_identification:_identify(src) by extension 'ignore_ament_install'
[0.524s] Level 1:colcon.colcon_core.package_identification:_identify(src) by extensions ['colcon_pkg']
[0.524s] Level 1:colcon.colcon_core.package_identification:_identify(src) by extension 'colcon_pkg'
[0.524s] Level 1:colcon.colcon_core.package_identification:_identify(src) by extensions ['colcon_meta']
[0.524s] Level 1:colcon.colcon_core.package_identification:_identify(src) by extension 'colcon_meta'
[0.524s] Level 1:colcon.colcon_core.package_identification:_identify(src) by extensions ['ros']
[0.524s] Level 1:colcon.colcon_core.package_identification:_identify(src) by extension 'ros'
[0.524s] Level 1:colcon.colcon_core.package_identification:_identify(src) by extensions ['cmake', 'python']
[0.524s] Level 1:colcon.colcon_core.package_identification:_identify(src) by extension 'cmake'
[0.524s] Level 1:colcon.colcon_core.package_identification:_identify(src) by extension 'python'
[0.524s] Level 1:colcon.colcon_core.package_identification:_identify(src) by extensions ['python_setup_py']
[0.524s] Level 1:colcon.colcon_core.package_identification:_identify(src) by extension 'python_setup_py'
[0.524s] Level 1:colcon.colcon_core.package_identification:_identify(src/more_interfaces) by extensions ['ignore', 'ignore_ament_install']
[0.524s] Level 1:colcon.colcon_core.package_identification:_identify(src/more_interfaces) by extension 'ignore'
[0.524s] Level 1:colcon.colcon_core.package_identification:_identify(src/more_interfaces) by extension 'ignore_ament_install'
[0.524s] Level 1:colcon.colcon_core.package_identification:_identify(src/more_interfaces) by extensions ['colcon_pkg']
[0.524s] Level 1:colcon.colcon_core.package_identification:_identify(src/more_interfaces) by extension 'colcon_pkg'
[0.524s] Level 1:colcon.colcon_core.package_identification:_identify(src/more_interfaces) by extensions ['colcon_meta']
[0.524s] Level 1:colcon.colcon_core.package_identification:_identify(src/more_interfaces) by extension 'colcon_meta'
[0.524s] Level 1:colcon.colcon_core.package_identification:_identify(src/more_interfaces) by extensions ['ros']
[0.524s] Level 1:colcon.colcon_core.package_identification:_identify(src/more_interfaces) by extension 'ros'
[0.527s] DEBUG:colcon.colcon_core.package_identification:Package 'src/more_interfaces' with type 'ros.ament_cmake' and name 'more_interfaces'
[0.527s] Level 1:colcon.colcon_core.package_identification:_identify(src/userPkg) by extensions ['ignore', 'ignore_ament_install']
[0.527s] Level 1:colcon.colcon_core.package_identification:_identify(src/userPkg) by extension 'ignore'
[0.527s] Level 1:colcon.colcon_core.package_identification:_identify(src/userPkg) by extension 'ignore_ament_install'
[0.527s] Level 1:colcon.colcon_core.package_identification:_identify(src/userPkg) by extensions ['colcon_pkg']
[0.527s] Level 1:colcon.colcon_core.package_identification:_identify(src/userPkg) by extension 'colcon_pkg'
[0.527s] Level 1:colcon.colcon_core.package_identification:_identify(src/userPkg) by extensions ['colcon_meta']
[0.527s] Level 1:colcon.colcon_core.package_identification:_identify(src/userPkg) by extension 'colcon_meta'
[0.527s] Level 1:colcon.colcon_core.package_identification:_identify(src/userPkg) by extensions ['ros']
[0.527s] Level 1:colcon.colcon_core.package_identification:_identify(src/userPkg) by extension 'ros'
[0.528s] DEBUG:colcon.colcon_core.package_identification:Package 'src/userPkg' with type 'ros.ament_cmake' and name 'userPkg'
[0.528s] Level 1:colcon.colcon_core.package_discovery:discover_packages(recursive) using defaults
[0.528s] Level 1:colcon.colcon_core.package_discovery:discover_packages(ignore) discover
[0.528s] Level 1:colcon.colcon_core.package_discovery:discover_packages(ignore) using defaults
[0.528s] Level 1:colcon.colcon_core.package_discovery:discover_packages(path) discover
[0.528s] Level 1:colcon.colcon_core.package_discovery:discover_packages(path) using defaults
[0.575s] Level 5:colcon.colcon_core.verb:set package 'more_interfaces' build argument 'cmake_args' from command line to 'None'
[0.575s] Level 5:colcon.colcon_core.verb:set package 'more_interfaces' build argument 'cmake_target' from command line to 'None'
[0.575s] Level 5:colcon.colcon_core.verb:set package 'more_interfaces' build argument 'cmake_target_skip_unavailable' from command line to 'False'
[0.575s] Level 5:colcon.colcon_core.verb:set package 'more_interfaces' build argument 'cmake_clean_cache' from command line to 'False'
[0.575s] Level 5:colcon.colcon_core.verb:set package 'more_interfaces' build argument 'cmake_clean_first' from command line to 'False'
[0.575s] Level 5:colcon.colcon_core.verb:set package 'more_interfaces' build argument 'cmake_force_configure' from command line to 'False'
[0.575s] Level 5:colcon.colcon_core.verb:set package 'more_interfaces' build argument 'ament_cmake_args' from command line to 'None'
[0.575s] Level 5:colcon.colcon_core.verb:set package 'more_interfaces' build argument 'catkin_cmake_args' from command line to 'None'
[0.575s] Level 5:colcon.colcon_core.verb:set package 'more_interfaces' build argument 'catkin_skip_building_tests' from command line to 'False'
[0.575s] DEBUG:colcon.colcon_core.verb:Building package 'more_interfaces' with the following arguments: {'ament_cmake_args': None, 'build_base': '/root/PILI_stealth_killer/pili_stealth_ws/build/more_interfaces', 'catkin_cmake_args': None, 'catkin_skip_building_tests': False, 'cmake_args': None, 'cmake_clean_cache': False, 'cmake_clean_first': False, 'cmake_force_configure': False, 'cmake_target': None, 'cmake_target_skip_unavailable': False, 'install_base': '/root/PILI_stealth_killer/pili_stealth_ws/install/more_interfaces', 'merge_install': False, 'path': '/root/PILI_stealth_killer/pili_stealth_ws/src/more_interfaces', 'symlink_install': False, 'test_result_base': None}
[0.581s] Level 5:colcon.colcon_core.verb:set package 'userPkg' build argument 'cmake_args' from command line to 'None'
[0.581s] Level 5:colcon.colcon_core.verb:set package 'userPkg' build argument 'cmake_target' from command line to 'None'
[0.581s] Level 5:colcon.colcon_core.verb:set package 'userPkg' build argument 'cmake_target_skip_unavailable' from command line to 'False'
[0.581s] Level 5:colcon.colcon_core.verb:set package 'userPkg' build argument 'cmake_clean_cache' from command line to 'False'
[0.581s] Level 5:colcon.colcon_core.verb:set package 'userPkg' build argument 'cmake_clean_first' from command line to 'False'
[0.581s] Level 5:colcon.colcon_core.verb:set package 'userPkg' build argument 'cmake_force_configure' from command line to 'False'
[0.581s] Level 5:colcon.colcon_core.verb:set package 'userPkg' build argument 'ament_cmake_args' from command line to 'None'
[0.581s] Level 5:colcon.colcon_core.verb:set package 'userPkg' build argument 'catkin_cmake_args' from command line to 'None'
[0.581s] Level 5:colcon.colcon_core.verb:set package 'userPkg' build argument 'catkin_skip_building_tests' from command line to 'False'
[0.581s] DEBUG:colcon.colcon_core.verb:Building package 'userPkg' with the following arguments: {'ament_cmake_args': None, 'build_base': '/root/PILI_stealth_killer/pili_stealth_ws/build/userPkg', 'catkin_cmake_args': None, 'catkin_skip_building_tests': False, 'cmake_args': None, 'cmake_clean_cache': False, 'cmake_clean_first': False, 'cmake_force_configure': False, 'cmake_target': None, 'cmake_target_skip_unavailable': False, 'install_base': '/root/PILI_stealth_killer/pili_stealth_ws/install/userPkg', 'merge_install': False, 'path': '/root/PILI_stealth_killer/pili_stealth_ws/src/userPkg', 'symlink_install': False, 'test_result_base': None}
[0.587s] INFO:colcon.colcon_core.executor:Executing jobs using 'parallel' executor
[0.594s] DEBUG:colcon.colcon_parallel_executor.executor.parallel:run_until_complete
[0.594s] INFO:colcon.colcon_ros.task.ament_cmake.build:Building ROS package in '/root/PILI_stealth_killer/pili_stealth_ws/src/more_interfaces' with build type 'ament_cmake'
[0.594s] INFO:colcon.colcon_cmake.task.cmake.build:Building CMake package in '/root/PILI_stealth_killer/pili_stealth_ws/src/more_interfaces'
[0.602s] INFO:colcon.colcon_core.plugin_system:Skipping extension 'colcon_core.shell.bat': Not used on non-Windows systems
[0.602s] INFO:colcon.colcon_core.shell:Skip shell extension 'powershell' for command environment: Not usable outside of PowerShell
[0.602s] DEBUG:colcon.colcon_core.shell:Skip shell extension 'dsv' for command environment
[0.627s] DEBUG:colcon.colcon_core.event_handler.log_command:Invoking command in '/root/PILI_stealth_killer/pili_stealth_ws/build/more_interfaces': CMAKE_PREFIX_PATH=${CMAKE_PREFIX_PATH}:/opt/ros/humble /usr/bin/cmake --build /root/PILI_stealth_killer/pili_stealth_ws/build/more_interfaces -- -j8 -l8
[0.851s] DEBUG:colcon.colcon_core.event_handler.log_command:Invoked command in '/root/PILI_stealth_killer/pili_stealth_ws/build/more_interfaces' returned '0': CMAKE_PREFIX_PATH=${CMAKE_PREFIX_PATH}:/opt/ros/humble /usr/bin/cmake --build /root/PILI_stealth_killer/pili_stealth_ws/build/more_interfaces -- -j8 -l8
[0.919s] DEBUG:colcon.colcon_core.event_handler.log_command:Invoking command in '/root/PILI_stealth_killer/pili_stealth_ws/build/more_interfaces': CMAKE_PREFIX_PATH=${CMAKE_PREFIX_PATH}:/opt/ros/humble /usr/bin/cmake --install /root/PILI_stealth_killer/pili_stealth_ws/build/more_interfaces
[0.963s] Level 1:colcon.colcon_core.environment:create_environment_scripts_only(more_interfaces)
[0.963s] DEBUG:colcon.colcon_core.event_handler.log_command:Invoked command in '/root/PILI_stealth_killer/pili_stealth_ws/build/more_interfaces' returned '0': CMAKE_PREFIX_PATH=${CMAKE_PREFIX_PATH}:/opt/ros/humble /usr/bin/cmake --install /root/PILI_stealth_killer/pili_stealth_ws/build/more_interfaces
[0.970s] Level 1:colcon.colcon_core.environment:checking '/root/PILI_stealth_killer/pili_stealth_ws/install/more_interfaces' for CMake module files
[0.970s] Level 1:colcon.colcon_core.environment:checking '/root/PILI_stealth_killer/pili_stealth_ws/install/more_interfaces' for CMake config files
[0.971s] Level 1:colcon.colcon_core.shell:create_environment_hook('more_interfaces', 'cmake_prefix_path')
[0.976s] INFO:colcon.colcon_core.shell:Creating environment hook '/root/PILI_stealth_killer/pili_stealth_ws/install/more_interfaces/share/more_interfaces/hook/cmake_prefix_path.ps1'
[0.977s] INFO:colcon.colcon_core.shell:Creating environment descriptor '/root/PILI_stealth_killer/pili_stealth_ws/install/more_interfaces/share/more_interfaces/hook/cmake_prefix_path.dsv'
[0.977s] INFO:colcon.colcon_core.shell:Creating environment hook '/root/PILI_stealth_killer/pili_stealth_ws/install/more_interfaces/share/more_interfaces/hook/cmake_prefix_path.sh'
[0.977s] Level 1:colcon.colcon_core.environment:checking '/root/PILI_stealth_killer/pili_stealth_ws/install/more_interfaces/lib'
[0.977s] Level 1:colcon.colcon_core.shell:create_environment_hook('more_interfaces', 'ld_library_path_lib')
[0.983s] INFO:colcon.colcon_core.shell:Creating environment hook '/root/PILI_stealth_killer/pili_stealth_ws/install/more_interfaces/share/more_interfaces/hook/ld_library_path_lib.ps1'
[0.983s] INFO:colcon.colcon_core.shell:Creating environment descriptor '/root/PILI_stealth_killer/pili_stealth_ws/install/more_interfaces/share/more_interfaces/hook/ld_library_path_lib.dsv'
[0.983s] INFO:colcon.colcon_core.shell:Creating environment hook '/root/PILI_stealth_killer/pili_stealth_ws/install/more_interfaces/share/more_interfaces/hook/ld_library_path_lib.sh'
[0.983s] Level 1:colcon.colcon_core.environment:checking '/root/PILI_stealth_killer/pili_stealth_ws/install/more_interfaces/bin'
[0.983s] Level 1:colcon.colcon_core.environment:checking '/root/PILI_stealth_killer/pili_stealth_ws/install/more_interfaces/lib/pkgconfig/more_interfaces.pc'
[0.985s] Level 1:colcon.colcon_core.environment:checking '/root/PILI_stealth_killer/pili_stealth_ws/install/more_interfaces/lib/python3.10/site-packages'
[0.985s] Level 1:colcon.colcon_core.environment:checking '/root/PILI_stealth_killer/pili_stealth_ws/install/more_interfaces/bin'
[0.990s] INFO:colcon.colcon_core.shell:Creating package script '/root/PILI_stealth_killer/pili_stealth_ws/install/more_interfaces/share/more_interfaces/package.ps1'
[0.991s] INFO:colcon.colcon_core.shell:Creating package descriptor '/root/PILI_stealth_killer/pili_stealth_ws/install/more_interfaces/share/more_interfaces/package.dsv'
[0.991s] INFO:colcon.colcon_core.shell:Creating package script '/root/PILI_stealth_killer/pili_stealth_ws/install/more_interfaces/share/more_interfaces/package.sh'
[0.992s] INFO:colcon.colcon_core.shell:Creating package script '/root/PILI_stealth_killer/pili_stealth_ws/install/more_interfaces/share/more_interfaces/package.bash'
[0.992s] INFO:colcon.colcon_core.shell:Creating package script '/root/PILI_stealth_killer/pili_stealth_ws/install/more_interfaces/share/more_interfaces/package.zsh'
[0.993s] Level 1:colcon.colcon_core.environment:create_file_with_runtime_dependencies(/root/PILI_stealth_killer/pili_stealth_ws/install/more_interfaces/share/colcon-core/packages/more_interfaces)
[1.054s] Level 1:colcon.colcon_core.environment:create_environment_scripts_only(more_interfaces)
[1.062s] Level 1:colcon.colcon_core.environment:checking '/root/PILI_stealth_killer/pili_stealth_ws/install/more_interfaces' for CMake module files
[1.062s] Level 1:colcon.colcon_core.environment:checking '/root/PILI_stealth_killer/pili_stealth_ws/install/more_interfaces' for CMake config files
[1.062s] Level 1:colcon.colcon_core.shell:create_environment_hook('more_interfaces', 'cmake_prefix_path')
[1.068s] INFO:colcon.colcon_core.shell:Creating environment hook '/root/PILI_stealth_killer/pili_stealth_ws/install/more_interfaces/share/more_interfaces/hook/cmake_prefix_path.ps1'
[1.068s] INFO:colcon.colcon_core.shell:Creating environment descriptor '/root/PILI_stealth_killer/pili_stealth_ws/install/more_interfaces/share/more_interfaces/hook/cmake_prefix_path.dsv'
[1.068s] INFO:colcon.colcon_core.shell:Creating environment hook '/root/PILI_stealth_killer/pili_stealth_ws/install/more_interfaces/share/more_interfaces/hook/cmake_prefix_path.sh'
[1.069s] Level 1:colcon.colcon_core.environment:checking '/root/PILI_stealth_killer/pili_stealth_ws/install/more_interfaces/lib'
[1.069s] Level 1:colcon.colcon_core.shell:create_environment_hook('more_interfaces', 'ld_library_path_lib')
[1.074s] INFO:colcon.colcon_core.shell:Creating environment hook '/root/PILI_stealth_killer/pili_stealth_ws/install/more_interfaces/share/more_interfaces/hook/ld_library_path_lib.ps1'
[1.074s] INFO:colcon.colcon_core.shell:Creating environment descriptor '/root/PILI_stealth_killer/pili_stealth_ws/install/more_interfaces/share/more_interfaces/hook/ld_library_path_lib.dsv'
[1.074s] INFO:colcon.colcon_core.shell:Creating environment hook '/root/PILI_stealth_killer/pili_stealth_ws/install/more_interfaces/share/more_interfaces/hook/ld_library_path_lib.sh'
[1.074s] Level 1:colcon.colcon_core.environment:checking '/root/PILI_stealth_killer/pili_stealth_ws/install/more_interfaces/bin'
[1.075s] Level 1:colcon.colcon_core.environment:checking '/root/PILI_stealth_killer/pili_stealth_ws/install/more_interfaces/lib/pkgconfig/more_interfaces.pc'
[1.075s] Level 1:colcon.colcon_core.environment:checking '/root/PILI_stealth_killer/pili_stealth_ws/install/more_interfaces/lib/python3.10/site-packages'
[1.075s] Level 1:colcon.colcon_core.environment:checking '/root/PILI_stealth_killer/pili_stealth_ws/install/more_interfaces/bin'
[1.080s] INFO:colcon.colcon_core.shell:Creating package script '/root/PILI_stealth_killer/pili_stealth_ws/install/more_interfaces/share/more_interfaces/package.ps1'
[1.081s] INFO:colcon.colcon_core.shell:Creating package descriptor '/root/PILI_stealth_killer/pili_stealth_ws/install/more_interfaces/share/more_interfaces/package.dsv'
[1.081s] INFO:colcon.colcon_core.shell:Creating package script '/root/PILI_stealth_killer/pili_stealth_ws/install/more_interfaces/share/more_interfaces/package.sh'
[1.081s] INFO:colcon.colcon_core.shell:Creating package script '/root/PILI_stealth_killer/pili_stealth_ws/install/more_interfaces/share/more_interfaces/package.bash'
[1.082s] INFO:colcon.colcon_core.shell:Creating package script '/root/PILI_stealth_killer/pili_stealth_ws/install/more_interfaces/share/more_interfaces/package.zsh'
[1.082s] Level 1:colcon.colcon_core.environment:create_file_with_runtime_dependencies(/root/PILI_stealth_killer/pili_stealth_ws/install/more_interfaces/share/colcon-core/packages/more_interfaces)
[1.082s] INFO:colcon.colcon_ros.task.ament_cmake.build:Building ROS package in '/root/PILI_stealth_killer/pili_stealth_ws/src/userPkg' with build type 'ament_cmake'
[1.082s] INFO:colcon.colcon_cmake.task.cmake.build:Building CMake package in '/root/PILI_stealth_killer/pili_stealth_ws/src/userPkg'
[1.089s] INFO:colcon.colcon_core.shell:Skip shell extension 'powershell' for command environment: Not usable outside of PowerShell
[1.089s] DEBUG:colcon.colcon_core.shell:Skip shell extension 'dsv' for command environment
[1.115s] DEBUG:colcon.colcon_core.event_handler.log_command:Invoking command in '/root/PILI_stealth_killer/pili_stealth_ws/build/userPkg': CMAKE_PREFIX_PATH=/root/PILI_stealth_killer/pili_stealth_ws/install/more_interfaces:/root/PILI_stealth_killer/pili_stealth_ws/install/userPkg:/opt/ros/humble /usr/bin/cmake --build /root/PILI_stealth_killer/pili_stealth_ws/build/userPkg -- -j8 -l8
[3.896s] DEBUG:colcon.colcon_core.event_handler.log_command:Invoked command in '/root/PILI_stealth_killer/pili_stealth_ws/build/userPkg' returned '0': CMAKE_PREFIX_PATH=/root/PILI_stealth_killer/pili_stealth_ws/install/more_interfaces:/root/PILI_stealth_killer/pili_stealth_ws/install/userPkg:/opt/ros/humble /usr/bin/cmake --build /root/PILI_stealth_killer/pili_stealth_ws/build/userPkg -- -j8 -l8
[3.918s] DEBUG:colcon.colcon_core.event_handler.log_command:Invoking command in '/root/PILI_stealth_killer/pili_stealth_ws/build/userPkg': CMAKE_PREFIX_PATH=/root/PILI_stealth_killer/pili_stealth_ws/install/more_interfaces:/root/PILI_stealth_killer/pili_stealth_ws/install/userPkg:/opt/ros/humble /usr/bin/cmake --install /root/PILI_stealth_killer/pili_stealth_ws/build/userPkg
[3.927s] Level 1:colcon.colcon_core.environment:create_environment_scripts_only(userPkg)
[3.927s] DEBUG:colcon.colcon_core.event_handler.log_command:Invoked command in '/root/PILI_stealth_killer/pili_stealth_ws/build/userPkg' returned '0': CMAKE_PREFIX_PATH=/root/PILI_stealth_killer/pili_stealth_ws/install/more_interfaces:/root/PILI_stealth_killer/pili_stealth_ws/install/userPkg:/opt/ros/humble /usr/bin/cmake --install /root/PILI_stealth_killer/pili_stealth_ws/build/userPkg
[3.933s] Level 1:colcon.colcon_core.environment:checking '/root/PILI_stealth_killer/pili_stealth_ws/install/userPkg' for CMake module files
[3.934s] Level 1:colcon.colcon_core.environment:checking '/root/PILI_stealth_killer/pili_stealth_ws/install/userPkg' for CMake config files
[3.934s] Level 1:colcon.colcon_core.shell:create_environment_hook('userPkg', 'cmake_prefix_path')
[3.939s] INFO:colcon.colcon_core.shell:Creating environment hook '/root/PILI_stealth_killer/pili_stealth_ws/install/userPkg/share/userPkg/hook/cmake_prefix_path.ps1'
[3.940s] INFO:colcon.colcon_core.shell:Creating environment descriptor '/root/PILI_stealth_killer/pili_stealth_ws/install/userPkg/share/userPkg/hook/cmake_prefix_path.dsv'
[3.940s] INFO:colcon.colcon_core.shell:Creating environment hook '/root/PILI_stealth_killer/pili_stealth_ws/install/userPkg/share/userPkg/hook/cmake_prefix_path.sh'
[3.940s] Level 1:colcon.colcon_core.environment:checking '/root/PILI_stealth_killer/pili_stealth_ws/install/userPkg/lib'
[3.941s] Level 1:colcon.colcon_core.environment:checking '/root/PILI_stealth_killer/pili_stealth_ws/install/userPkg/bin'
[3.941s] Level 1:colcon.colcon_core.environment:checking '/root/PILI_stealth_killer/pili_stealth_ws/install/userPkg/lib/pkgconfig/userPkg.pc'
[3.941s] Level 1:colcon.colcon_core.environment:checking '/root/PILI_stealth_killer/pili_stealth_ws/install/userPkg/lib/python3.10/site-packages'
[3.941s] Level 1:colcon.colcon_core.environment:checking '/root/PILI_stealth_killer/pili_stealth_ws/install/userPkg/bin'
[3.946s] INFO:colcon.colcon_core.shell:Creating package script '/root/PILI_stealth_killer/pili_stealth_ws/install/userPkg/share/userPkg/package.ps1'
[3.947s] INFO:colcon.colcon_core.shell:Creating package descriptor '/root/PILI_stealth_killer/pili_stealth_ws/install/userPkg/share/userPkg/package.dsv'
[3.947s] INFO:colcon.colcon_core.shell:Creating package script '/root/PILI_stealth_killer/pili_stealth_ws/install/userPkg/share/userPkg/package.sh'
[3.947s] INFO:colcon.colcon_core.shell:Creating package script '/root/PILI_stealth_killer/pili_stealth_ws/install/userPkg/share/userPkg/package.bash'
[3.947s] INFO:colcon.colcon_core.shell:Creating package script '/root/PILI_stealth_killer/pili_stealth_ws/install/userPkg/share/userPkg/package.zsh'
[3.948s] Level 1:colcon.colcon_core.environment:create_file_with_runtime_dependencies(/root/PILI_stealth_killer/pili_stealth_ws/install/userPkg/share/colcon-core/packages/userPkg)
[3.976s] Level 1:colcon.colcon_core.environment:create_environment_scripts_only(userPkg)
[3.982s] Level 1:colcon.colcon_core.environment:checking '/root/PILI_stealth_killer/pili_stealth_ws/install/userPkg' for CMake module files
[3.982s] Level 1:colcon.colcon_core.environment:checking '/root/PILI_stealth_killer/pili_stealth_ws/install/userPkg' for CMake config files
[3.983s] Level 1:colcon.colcon_core.shell:create_environment_hook('userPkg', 'cmake_prefix_path')
[3.988s] INFO:colcon.colcon_core.shell:Creating environment hook '/root/PILI_stealth_killer/pili_stealth_ws/install/userPkg/share/userPkg/hook/cmake_prefix_path.ps1'
[3.988s] INFO:colcon.colcon_core.shell:Creating environment descriptor '/root/PILI_stealth_killer/pili_stealth_ws/install/userPkg/share/userPkg/hook/cmake_prefix_path.dsv'
[3.988s] INFO:colcon.colcon_core.shell:Creating environment hook '/root/PILI_stealth_killer/pili_stealth_ws/install/userPkg/share/userPkg/hook/cmake_prefix_path.sh'
[3.989s] Level 1:colcon.colcon_core.environment:checking '/root/PILI_stealth_killer/pili_stealth_ws/install/userPkg/lib'
[3.989s] Level 1:colcon.colcon_core.environment:checking '/root/PILI_stealth_killer/pili_stealth_ws/install/userPkg/bin'
[3.989s] Level 1:colcon.colcon_core.environment:checking '/root/PILI_stealth_killer/pili_stealth_ws/install/userPkg/lib/pkgconfig/userPkg.pc'
[3.989s] Level 1:colcon.colcon_core.environment:checking '/root/PILI_stealth_killer/pili_stealth_ws/install/userPkg/lib/python3.10/site-packages'
[3.989s] Level 1:colcon.colcon_core.environment:checking '/root/PILI_stealth_killer/pili_stealth_ws/install/userPkg/bin'
[3.994s] INFO:colcon.colcon_core.shell:Creating package script '/root/PILI_stealth_killer/pili_stealth_ws/install/userPkg/share/userPkg/package.ps1'
[3.995s] INFO:colcon.colcon_core.shell:Creating package descriptor '/root/PILI_stealth_killer/pili_stealth_ws/install/userPkg/share/userPkg/package.dsv'
[3.995s] INFO:colcon.colcon_core.shell:Creating package script '/root/PILI_stealth_killer/pili_stealth_ws/install/userPkg/share/userPkg/package.sh'
[3.995s] INFO:colcon.colcon_core.shell:Creating package script '/root/PILI_stealth_killer/pili_stealth_ws/install/userPkg/share/userPkg/package.bash'
[3.995s] INFO:colcon.colcon_core.shell:Creating package script '/root/PILI_stealth_killer/pili_stealth_ws/install/userPkg/share/userPkg/package.zsh'
[3.996s] Level 1:colcon.colcon_core.environment:create_file_with_runtime_dependencies(/root/PILI_stealth_killer/pili_stealth_ws/install/userPkg/share/colcon-core/packages/userPkg)
[3.996s] DEBUG:colcon.colcon_parallel_executor.executor.parallel:closing loop
[3.996s] DEBUG:colcon.colcon_parallel_executor.executor.parallel:loop closed
[3.996s] DEBUG:colcon.colcon_parallel_executor.executor.parallel:run_until_complete finished with '0'
[3.996s] DEBUG:colcon.colcon_core.event_reactor:joining thread
[4.006s] INFO:colcon.colcon_core.plugin_system:Skipping extension 'colcon_notification.desktop_notification.notify_send': Could not find 'notify-send'
[4.006s] INFO:colcon.colcon_core.plugin_system:Skipping extension 'colcon_notification.desktop_notification.terminal_notifier': Not used on non-Darwin systems
[4.006s] INFO:colcon.colcon_core.plugin_system:Skipping extension 'colcon_notification.desktop_notification.win32': Not used on non-Windows systems
[4.006s] INFO:colcon.colcon_notification.desktop_notification:Sending desktop notification using 'notify2'
[4.006s] DEBUG:colcon.colcon_notification.desktop_notification.notify2:Failed to initialize notify2: org.freedesktop.DBus.Error.NotSupported: Unable to autolaunch a dbus-daemon without a $DISPLAY for X11
[4.006s] DEBUG:colcon.colcon_core.event_reactor:joined thread
[4.013s] INFO:colcon.colcon_core.shell:Creating prefix script '/root/PILI_stealth_killer/pili_stealth_ws/install/local_setup.ps1'
[4.014s] INFO:colcon.colcon_core.shell:Creating prefix util module '/root/PILI_stealth_killer/pili_stealth_ws/install/_local_setup_util_ps1.py'
[4.015s] INFO:colcon.colcon_core.shell:Creating prefix chain script '/root/PILI_stealth_killer/pili_stealth_ws/install/setup.ps1'
[4.022s] INFO:colcon.colcon_core.shell:Creating prefix script '/root/PILI_stealth_killer/pili_stealth_ws/install/local_setup.sh'
[4.022s] INFO:colcon.colcon_core.shell:Creating prefix util module '/root/PILI_stealth_killer/pili_stealth_ws/install/_local_setup_util_sh.py'
[4.023s] INFO:colcon.colcon_core.shell:Creating prefix chain script '/root/PILI_stealth_killer/pili_stealth_ws/install/setup.sh'
[4.029s] INFO:colcon.colcon_core.shell:Creating prefix script '/root/PILI_stealth_killer/pili_stealth_ws/install/local_setup.bash'
[4.030s] INFO:colcon.colcon_core.shell:Creating prefix chain script '/root/PILI_stealth_killer/pili_stealth_ws/install/setup.bash'
[4.037s] INFO:colcon.colcon_core.shell:Creating prefix script '/root/PILI_stealth_killer/pili_stealth_ws/install/local_setup.zsh'
[4.037s] INFO:colcon.colcon_core.shell:Creating prefix chain script '/root/PILI_stealth_killer/pili_stealth_ws/install/setup.zsh'
