-- Found ament_cmake: 1.3.10 (/opt/ros/humble/share/ament_cmake/cmake)
-- Found rclcpp: 16.0.10 (/opt/ros/humble/share/rclcpp/cmake)
-- Found rosidl_generator_c: 3.1.5 (/opt/ros/humble/share/rosidl_generator_c/cmake)
-- Found rosidl_adapter: 3.1.5 (/opt/ros/humble/share/rosidl_adapter/cmake)
-- Found rosidl_generator_cpp: 3.1.5 (/opt/ros/humble/share/rosidl_generator_cpp/cmake)
-- Using all available rosidl_typesupport_c: rosidl_typesupport_fastrtps_c;rosidl_typesupport_introspection_c
-- Using all available rosidl_typesupport_cpp: rosidl_typesupport_fastrtps_cpp;rosidl_typesupport_introspection_cpp
-- Found rmw_implementation_cmake: 6.1.2 (/opt/ros/humble/share/rmw_implementation_cmake/cmake)
-- Found rmw_fastrtps_cpp: 6.2.7 (/opt/ros/humble/share/rmw_fastrtps_cpp/cmake)
-- Using RMW implementation 'rmw_fastrtps_cpp' as default
-- Found rosidl_default_generators: 1.2.0 (/opt/ros/humble/share/rosidl_default_generators/cmake)
-- Found command_interfaces: 0.0.0 (/root/PILI_stealth_killer/pili_stealth_ws/install/command_interfaces/share/command_interfaces/cmake)
-- Found ament_cmake_ros: 0.10.0 (/opt/ros/humble/share/ament_cmake_ros/cmake)
-- Using all available rosidl_typesupport_c: rosidl_typesupport_fastrtps_c;rosidl_typesupport_introspection_c
-- Using all available rosidl_typesupport_cpp: rosidl_typesupport_fastrtps_cpp;rosidl_typesupport_introspection_cpp
-- Found python_cmake_module: 0.10.0 (/opt/ros/humble/share/python_cmake_module/cmake)
-- Using PYTHON_EXECUTABLE: /usr/bin/python3
-- Using PYTHON_INCLUDE_DIRS: /usr/include/python3.10
-- Using PYTHON_LIBRARIES: /usr/lib/aarch64-linux-gnu/libpython3.10.so
-- Found ament_lint_auto: 0.12.11 (/opt/ros/humble/share/ament_lint_auto/cmake)
-- Added test 'cppcheck' to perform static code analysis on C / C++ code
-- Configured cppcheck include dirs: 
-- Configured cppcheck exclude dirs and/or files: 
-- Added test 'lint_cmake' to check CMake code style
-- Added test 'uncrustify' to check C / C++ code style
-- Configured uncrustify additional arguments: 
-- Added test 'xmllint' to check XML markup files
-- Configuring done
-- Generating done
-- Build files have been written to: /root/PILI_stealth_killer/pili_stealth_ws/build/command_interfaces
[35m[1mConsolidate compiler generated dependencies of target command_interfaces__rosidl_generator_c[0m
[  3%] [32mBuilding CXX object CMakeFiles/server.dir/src/send_command_service.cpp.o[0m
[  6%] Built target command_interfaces__cpp
[ 15%] Built target command_interfaces__rosidl_generator_c
[35m[1mConsolidate compiler generated dependencies of target command_interfaces__rosidl_typesupport_fastrtps_cpp[0m
[35m[1mConsolidate compiler generated dependencies of target command_interfaces__rosidl_typesupport_cpp[0m
[ 15%] Built target ament_cmake_python_copy_command_interfaces
[ 24%] Built target command_interfaces__rosidl_typesupport_fastrtps_cpp
[35m[1mConsolidate compiler generated dependencies of target command_interfaces__rosidl_typesupport_introspection_c[0m
[ 33%] Built target command_interfaces__rosidl_typesupport_cpp
[35m[1mConsolidate compiler generated dependencies of target command_interfaces__rosidl_typesupport_c[0m
[35m[1mConsolidate compiler generated dependencies of target command_interfaces__rosidl_typesupport_introspection_cpp[0m
[ 42%] Built target command_interfaces__rosidl_typesupport_c
[ 51%] Built target command_interfaces__rosidl_typesupport_introspection_c
[ 60%] Built target command_interfaces__rosidl_typesupport_introspection_cpp
[35m[1mConsolidate compiler generated dependencies of target command_interfaces__rosidl_typesupport_fastrtps_c[0m
[ 69%] Built target command_interfaces__rosidl_typesupport_fastrtps_c
[ 69%] Built target command_interfaces
[ 72%] Built target command_interfaces__py
[35m[1mConsolidate compiler generated dependencies of target command_interfaces__rosidl_generator_py[0m
[ 78%] Built target command_interfaces__rosidl_generator_py
[35m[1mConsolidate compiler generated dependencies of target command_interfaces__rosidl_typesupport_introspection_c__pyext[0m
[35m[1mConsolidate compiler generated dependencies of target command_interfaces__rosidl_typesupport_fastrtps_c__pyext[0m
[ 84%] Built target command_interfaces__rosidl_typesupport_fastrtps_c__pyext
[ 90%] Built target command_interfaces__rosidl_typesupport_introspection_c__pyext
[35m[1mConsolidate compiler generated dependencies of target command_interfaces__rosidl_typesupport_c__pyext[0m
[ 96%] Built target command_interfaces__rosidl_typesupport_c__pyext
running egg_info
writing command_interfaces.egg-info/PKG-INFO
writing dependency_links to command_interfaces.egg-info/dependency_links.txt
writing top-level names to command_interfaces.egg-info/top_level.txt
reading manifest file 'command_interfaces.egg-info/SOURCES.txt'
writing manifest file 'command_interfaces.egg-info/SOURCES.txt'
[ 96%] Built target ament_cmake_python_build_command_interfaces_egg
[01m[K/root/PILI_stealth_killer/pili_stealth_ws/src/command_interfaces/src/send_command_service.cpp:[m[K In function ‘[01m[Kint HandleCommand(std::shared_ptr<command_interfaces::srv::Command_Request_<std::allocator<void> > >, std::shared_ptr<command_interfaces::srv::Command_Response_<std::allocator<void> > >)[m[K’:
[01m[K/root/PILI_stealth_killer/pili_stealth_ws/src/command_interfaces/src/send_command_service.cpp:73:1:[m[K [01;35m[Kwarning: [m[Kcontrol reaches end of non-void function [[01;35m[K-Wreturn-type[m[K]
   73 | [01;35m[K}[m[K
      | [01;35m[K^[m[K
[100%] [32m[1mLinking CXX executable server[0m
[100%] Built target server
-- Install configuration: ""
-- Up-to-date: /root/PILI_stealth_killer/pili_stealth_ws/install/command_interfaces/share/ament_index/resource_index/rosidl_interfaces/command_interfaces
-- Up-to-date: /root/PILI_stealth_killer/pili_stealth_ws/install/command_interfaces/include/command_interfaces/command_interfaces
-- Up-to-date: /root/PILI_stealth_killer/pili_stealth_ws/install/command_interfaces/include/command_interfaces/command_interfaces/msg
-- Up-to-date: /root/PILI_stealth_killer/pili_stealth_ws/install/command_interfaces/include/command_interfaces/command_interfaces/msg/rosidl_generator_c__visibility_control.h
-- Up-to-date: /root/PILI_stealth_killer/pili_stealth_ws/install/command_interfaces/include/command_interfaces/command_interfaces/srv
-- Up-to-date: /root/PILI_stealth_killer/pili_stealth_ws/install/command_interfaces/include/command_interfaces/command_interfaces/srv/command.h
-- Up-to-date: /root/PILI_stealth_killer/pili_stealth_ws/install/command_interfaces/include/command_interfaces/command_interfaces/srv/detail
-- Up-to-date: /root/PILI_stealth_killer/pili_stealth_ws/install/command_interfaces/include/command_interfaces/command_interfaces/srv/detail/command__struct.h
-- Up-to-date: /root/PILI_stealth_killer/pili_stealth_ws/install/command_interfaces/include/command_interfaces/command_interfaces/srv/detail/command__functions.c
-- Up-to-date: /root/PILI_stealth_killer/pili_stealth_ws/install/command_interfaces/include/command_interfaces/command_interfaces/srv/detail/command__functions.h
-- Up-to-date: /root/PILI_stealth_killer/pili_stealth_ws/install/command_interfaces/include/command_interfaces/command_interfaces/srv/detail/command__type_support.h
-- Up-to-date: /root/PILI_stealth_killer/pili_stealth_ws/install/command_interfaces/share/command_interfaces/environment/library_path.sh
-- Installing: /root/PILI_stealth_killer/pili_stealth_ws/install/command_interfaces/share/command_interfaces/environment/library_path.dsv
-- Up-to-date: /root/PILI_stealth_killer/pili_stealth_ws/install/command_interfaces/lib/libcommand_interfaces__rosidl_generator_c.so
-- Up-to-date: /root/PILI_stealth_killer/pili_stealth_ws/install/command_interfaces/include/command_interfaces/command_interfaces
-- Up-to-date: /root/PILI_stealth_killer/pili_stealth_ws/install/command_interfaces/include/command_interfaces/command_interfaces/msg
-- Up-to-date: /root/PILI_stealth_killer/pili_stealth_ws/install/command_interfaces/include/command_interfaces/command_interfaces/msg/rosidl_typesupport_fastrtps_c__visibility_control.h
-- Up-to-date: /root/PILI_stealth_killer/pili_stealth_ws/install/command_interfaces/include/command_interfaces/command_interfaces/srv
-- Up-to-date: /root/PILI_stealth_killer/pili_stealth_ws/install/command_interfaces/include/command_interfaces/command_interfaces/srv/detail
-- Up-to-date: /root/PILI_stealth_killer/pili_stealth_ws/install/command_interfaces/include/command_interfaces/command_interfaces/srv/detail/command__rosidl_typesupport_fastrtps_c.h
-- Up-to-date: /root/PILI_stealth_killer/pili_stealth_ws/install/command_interfaces/lib/libcommand_interfaces__rosidl_typesupport_fastrtps_c.so
-- Up-to-date: /root/PILI_stealth_killer/pili_stealth_ws/install/command_interfaces/include/command_interfaces/command_interfaces
-- Up-to-date: /root/PILI_stealth_killer/pili_stealth_ws/install/command_interfaces/include/command_interfaces/command_interfaces/srv
-- Up-to-date: /root/PILI_stealth_killer/pili_stealth_ws/install/command_interfaces/include/command_interfaces/command_interfaces/srv/command.hpp
-- Up-to-date: /root/PILI_stealth_killer/pili_stealth_ws/install/command_interfaces/include/command_interfaces/command_interfaces/srv/detail
-- Up-to-date: /root/PILI_stealth_killer/pili_stealth_ws/install/command_interfaces/include/command_interfaces/command_interfaces/srv/detail/command__traits.hpp
-- Up-to-date: /root/PILI_stealth_killer/pili_stealth_ws/install/command_interfaces/include/command_interfaces/command_interfaces/srv/detail/command__builder.hpp
-- Up-to-date: /root/PILI_stealth_killer/pili_stealth_ws/install/command_interfaces/include/command_interfaces/command_interfaces/srv/detail/command__struct.hpp
-- Up-to-date: /root/PILI_stealth_killer/pili_stealth_ws/install/command_interfaces/include/command_interfaces/command_interfaces
-- Up-to-date: /root/PILI_stealth_killer/pili_stealth_ws/install/command_interfaces/include/command_interfaces/command_interfaces/msg
-- Up-to-date: /root/PILI_stealth_killer/pili_stealth_ws/install/command_interfaces/include/command_interfaces/command_interfaces/msg/rosidl_typesupport_fastrtps_cpp__visibility_control.h
-- Up-to-date: /root/PILI_stealth_killer/pili_stealth_ws/install/command_interfaces/include/command_interfaces/command_interfaces/srv
-- Up-to-date: /root/PILI_stealth_killer/pili_stealth_ws/install/command_interfaces/include/command_interfaces/command_interfaces/srv/detail
-- Up-to-date: /root/PILI_stealth_killer/pili_stealth_ws/install/command_interfaces/include/command_interfaces/command_interfaces/srv/detail/dds_fastrtps
-- Up-to-date: /root/PILI_stealth_killer/pili_stealth_ws/install/command_interfaces/include/command_interfaces/command_interfaces/srv/detail/command__rosidl_typesupport_fastrtps_cpp.hpp
-- Up-to-date: /root/PILI_stealth_killer/pili_stealth_ws/install/command_interfaces/lib/libcommand_interfaces__rosidl_typesupport_fastrtps_cpp.so
-- Up-to-date: /root/PILI_stealth_killer/pili_stealth_ws/install/command_interfaces/include/command_interfaces/command_interfaces
-- Up-to-date: /root/PILI_stealth_killer/pili_stealth_ws/install/command_interfaces/include/command_interfaces/command_interfaces/msg
-- Up-to-date: /root/PILI_stealth_killer/pili_stealth_ws/install/command_interfaces/include/command_interfaces/command_interfaces/msg/rosidl_typesupport_introspection_c__visibility_control.h
-- Up-to-date: /root/PILI_stealth_killer/pili_stealth_ws/install/command_interfaces/include/command_interfaces/command_interfaces/srv
-- Up-to-date: /root/PILI_stealth_killer/pili_stealth_ws/install/command_interfaces/include/command_interfaces/command_interfaces/srv/detail
-- Up-to-date: /root/PILI_stealth_killer/pili_stealth_ws/install/command_interfaces/include/command_interfaces/command_interfaces/srv/detail/command__rosidl_typesupport_introspection_c.h
-- Up-to-date: /root/PILI_stealth_killer/pili_stealth_ws/install/command_interfaces/include/command_interfaces/command_interfaces/srv/detail/command__type_support.c
-- Up-to-date: /root/PILI_stealth_killer/pili_stealth_ws/install/command_interfaces/lib/libcommand_interfaces__rosidl_typesupport_introspection_c.so
-- Up-to-date: /root/PILI_stealth_killer/pili_stealth_ws/install/command_interfaces/lib/libcommand_interfaces__rosidl_typesupport_c.so
-- Up-to-date: /root/PILI_stealth_killer/pili_stealth_ws/install/command_interfaces/include/command_interfaces/command_interfaces
-- Up-to-date: /root/PILI_stealth_killer/pili_stealth_ws/install/command_interfaces/include/command_interfaces/command_interfaces/srv
-- Up-to-date: /root/PILI_stealth_killer/pili_stealth_ws/install/command_interfaces/include/command_interfaces/command_interfaces/srv/detail
-- Up-to-date: /root/PILI_stealth_killer/pili_stealth_ws/install/command_interfaces/include/command_interfaces/command_interfaces/srv/detail/command__rosidl_typesupport_introspection_cpp.hpp
-- Up-to-date: /root/PILI_stealth_killer/pili_stealth_ws/install/command_interfaces/include/command_interfaces/command_interfaces/srv/detail/command__type_support.cpp
-- Up-to-date: /root/PILI_stealth_killer/pili_stealth_ws/install/command_interfaces/lib/libcommand_interfaces__rosidl_typesupport_introspection_cpp.so
-- Up-to-date: /root/PILI_stealth_killer/pili_stealth_ws/install/command_interfaces/lib/libcommand_interfaces__rosidl_typesupport_cpp.so
-- Up-to-date: /root/PILI_stealth_killer/pili_stealth_ws/install/command_interfaces/share/command_interfaces/environment/pythonpath.sh
-- Installing: /root/PILI_stealth_killer/pili_stealth_ws/install/command_interfaces/share/command_interfaces/environment/pythonpath.dsv
-- Up-to-date: /root/PILI_stealth_killer/pili_stealth_ws/install/command_interfaces/local/lib/python3.10/dist-packages/command_interfaces-0.0.0-py3.10.egg-info
-- Installing: /root/PILI_stealth_killer/pili_stealth_ws/install/command_interfaces/local/lib/python3.10/dist-packages/command_interfaces-0.0.0-py3.10.egg-info/PKG-INFO
-- Installing: /root/PILI_stealth_killer/pili_stealth_ws/install/command_interfaces/local/lib/python3.10/dist-packages/command_interfaces-0.0.0-py3.10.egg-info/top_level.txt
-- Installing: /root/PILI_stealth_killer/pili_stealth_ws/install/command_interfaces/local/lib/python3.10/dist-packages/command_interfaces-0.0.0-py3.10.egg-info/dependency_links.txt
-- Installing: /root/PILI_stealth_killer/pili_stealth_ws/install/command_interfaces/local/lib/python3.10/dist-packages/command_interfaces-0.0.0-py3.10.egg-info/SOURCES.txt
-- Up-to-date: /root/PILI_stealth_killer/pili_stealth_ws/install/command_interfaces/local/lib/python3.10/dist-packages/command_interfaces
-- Up-to-date: /root/PILI_stealth_killer/pili_stealth_ws/install/command_interfaces/local/lib/python3.10/dist-packages/command_interfaces/libcommand_interfaces__rosidl_generator_py.so
-- Up-to-date: /root/PILI_stealth_killer/pili_stealth_ws/install/command_interfaces/local/lib/python3.10/dist-packages/command_interfaces/_command_interfaces_s.ep.rosidl_typesupport_introspection_c.c
-- Up-to-date: /root/PILI_stealth_killer/pili_stealth_ws/install/command_interfaces/local/lib/python3.10/dist-packages/command_interfaces/_command_interfaces_s.ep.rosidl_typesupport_fastrtps_c.c
-- Up-to-date: /root/PILI_stealth_killer/pili_stealth_ws/install/command_interfaces/local/lib/python3.10/dist-packages/command_interfaces/srv
-- Up-to-date: /root/PILI_stealth_killer/pili_stealth_ws/install/command_interfaces/local/lib/python3.10/dist-packages/command_interfaces/srv/_command.py
-- Up-to-date: /root/PILI_stealth_killer/pili_stealth_ws/install/command_interfaces/local/lib/python3.10/dist-packages/command_interfaces/srv/_command_s.c
-- Up-to-date: /root/PILI_stealth_killer/pili_stealth_ws/install/command_interfaces/local/lib/python3.10/dist-packages/command_interfaces/srv/__init__.py
-- Up-to-date: /root/PILI_stealth_killer/pili_stealth_ws/install/command_interfaces/local/lib/python3.10/dist-packages/command_interfaces/command_interfaces_s__rosidl_typesupport_fastrtps_c.cpython-310-aarch64-linux-gnu.so
-- Up-to-date: /root/PILI_stealth_killer/pili_stealth_ws/install/command_interfaces/local/lib/python3.10/dist-packages/command_interfaces/command_interfaces_s__rosidl_typesupport_introspection_c.cpython-310-aarch64-linux-gnu.so
-- Installing: /root/PILI_stealth_killer/pili_stealth_ws/install/command_interfaces/local/lib/python3.10/dist-packages/command_interfaces/__init__.py
-- Up-to-date: /root/PILI_stealth_killer/pili_stealth_ws/install/command_interfaces/local/lib/python3.10/dist-packages/command_interfaces/command_interfaces_s__rosidl_typesupport_c.cpython-310-aarch64-linux-gnu.so
-- Up-to-date: /root/PILI_stealth_killer/pili_stealth_ws/install/command_interfaces/local/lib/python3.10/dist-packages/command_interfaces/_command_interfaces_s.ep.rosidl_typesupport_c.c
Listing '/root/PILI_stealth_killer/pili_stealth_ws/install/command_interfaces/local/lib/python3.10/dist-packages/command_interfaces'...
Compiling '/root/PILI_stealth_killer/pili_stealth_ws/install/command_interfaces/local/lib/python3.10/dist-packages/command_interfaces/__init__.py'...
Listing '/root/PILI_stealth_killer/pili_stealth_ws/install/command_interfaces/local/lib/python3.10/dist-packages/command_interfaces/srv'...
-- Up-to-date: /root/PILI_stealth_killer/pili_stealth_ws/install/command_interfaces/local/lib/python3.10/dist-packages/command_interfaces/command_interfaces_s__rosidl_typesupport_fastrtps_c.cpython-310-aarch64-linux-gnu.so
-- Up-to-date: /root/PILI_stealth_killer/pili_stealth_ws/install/command_interfaces/local/lib/python3.10/dist-packages/command_interfaces/command_interfaces_s__rosidl_typesupport_introspection_c.cpython-310-aarch64-linux-gnu.so
-- Up-to-date: /root/PILI_stealth_killer/pili_stealth_ws/install/command_interfaces/local/lib/python3.10/dist-packages/command_interfaces/command_interfaces_s__rosidl_typesupport_c.cpython-310-aarch64-linux-gnu.so
-- Up-to-date: /root/PILI_stealth_killer/pili_stealth_ws/install/command_interfaces/lib/libcommand_interfaces__rosidl_generator_py.so
-- Up-to-date: /root/PILI_stealth_killer/pili_stealth_ws/install/command_interfaces/share/command_interfaces/srv/Command.idl
-- Up-to-date: /root/PILI_stealth_killer/pili_stealth_ws/install/command_interfaces/share/command_interfaces/srv/Command.srv
-- Up-to-date: /root/PILI_stealth_killer/pili_stealth_ws/install/command_interfaces/share/command_interfaces/srv/Command_Request.msg
-- Up-to-date: /root/PILI_stealth_killer/pili_stealth_ws/install/command_interfaces/share/command_interfaces/srv/Command_Response.msg
-- Installing: /root/PILI_stealth_killer/pili_stealth_ws/install/command_interfaces/lib/command_interfaces/server
-- Set runtime path of "/root/PILI_stealth_killer/pili_stealth_ws/install/command_interfaces/lib/command_interfaces/server" to ""
-- Up-to-date: /root/PILI_stealth_killer/pili_stealth_ws/install/command_interfaces/share/ament_index/resource_index/package_run_dependencies/command_interfaces
-- Up-to-date: /root/PILI_stealth_killer/pili_stealth_ws/install/command_interfaces/share/ament_index/resource_index/parent_prefix_path/command_interfaces
-- Up-to-date: /root/PILI_stealth_killer/pili_stealth_ws/install/command_interfaces/share/command_interfaces/environment/ament_prefix_path.sh
-- Installing: /root/PILI_stealth_killer/pili_stealth_ws/install/command_interfaces/share/command_interfaces/environment/ament_prefix_path.dsv
-- Up-to-date: /root/PILI_stealth_killer/pili_stealth_ws/install/command_interfaces/share/command_interfaces/environment/path.sh
-- Installing: /root/PILI_stealth_killer/pili_stealth_ws/install/command_interfaces/share/command_interfaces/environment/path.dsv
-- Up-to-date: /root/PILI_stealth_killer/pili_stealth_ws/install/command_interfaces/share/command_interfaces/local_setup.bash
-- Up-to-date: /root/PILI_stealth_killer/pili_stealth_ws/install/command_interfaces/share/command_interfaces/local_setup.sh
-- Up-to-date: /root/PILI_stealth_killer/pili_stealth_ws/install/command_interfaces/share/command_interfaces/local_setup.zsh
-- Installing: /root/PILI_stealth_killer/pili_stealth_ws/install/command_interfaces/share/command_interfaces/local_setup.dsv
-- Installing: /root/PILI_stealth_killer/pili_stealth_ws/install/command_interfaces/share/command_interfaces/package.dsv
-- Up-to-date: /root/PILI_stealth_killer/pili_stealth_ws/install/command_interfaces/share/ament_index/resource_index/packages/command_interfaces
-- Up-to-date: /root/PILI_stealth_killer/pili_stealth_ws/install/command_interfaces/share/command_interfaces/cmake/export_command_interfaces__rosidl_generator_cExport.cmake
-- Up-to-date: /root/PILI_stealth_killer/pili_stealth_ws/install/command_interfaces/share/command_interfaces/cmake/export_command_interfaces__rosidl_generator_cExport-noconfig.cmake
-- Up-to-date: /root/PILI_stealth_killer/pili_stealth_ws/install/command_interfaces/share/command_interfaces/cmake/export_command_interfaces__rosidl_typesupport_fastrtps_cExport.cmake
-- Up-to-date: /root/PILI_stealth_killer/pili_stealth_ws/install/command_interfaces/share/command_interfaces/cmake/export_command_interfaces__rosidl_typesupport_fastrtps_cExport-noconfig.cmake
-- Up-to-date: /root/PILI_stealth_killer/pili_stealth_ws/install/command_interfaces/share/command_interfaces/cmake/export_command_interfaces__rosidl_generator_cppExport.cmake
-- Up-to-date: /root/PILI_stealth_killer/pili_stealth_ws/install/command_interfaces/share/command_interfaces/cmake/export_command_interfaces__rosidl_typesupport_fastrtps_cppExport.cmake
-- Up-to-date: /root/PILI_stealth_killer/pili_stealth_ws/install/command_interfaces/share/command_interfaces/cmake/export_command_interfaces__rosidl_typesupport_fastrtps_cppExport-noconfig.cmake
-- Up-to-date: /root/PILI_stealth_killer/pili_stealth_ws/install/command_interfaces/share/command_interfaces/cmake/command_interfaces__rosidl_typesupport_introspection_cExport.cmake
-- Up-to-date: /root/PILI_stealth_killer/pili_stealth_ws/install/command_interfaces/share/command_interfaces/cmake/command_interfaces__rosidl_typesupport_introspection_cExport-noconfig.cmake
-- Up-to-date: /root/PILI_stealth_killer/pili_stealth_ws/install/command_interfaces/share/command_interfaces/cmake/command_interfaces__rosidl_typesupport_cExport.cmake
-- Up-to-date: /root/PILI_stealth_killer/pili_stealth_ws/install/command_interfaces/share/command_interfaces/cmake/command_interfaces__rosidl_typesupport_cExport-noconfig.cmake
-- Up-to-date: /root/PILI_stealth_killer/pili_stealth_ws/install/command_interfaces/share/command_interfaces/cmake/command_interfaces__rosidl_typesupport_introspection_cppExport.cmake
-- Up-to-date: /root/PILI_stealth_killer/pili_stealth_ws/install/command_interfaces/share/command_interfaces/cmake/command_interfaces__rosidl_typesupport_introspection_cppExport-noconfig.cmake
-- Up-to-date: /root/PILI_stealth_killer/pili_stealth_ws/install/command_interfaces/share/command_interfaces/cmake/command_interfaces__rosidl_typesupport_cppExport.cmake
-- Up-to-date: /root/PILI_stealth_killer/pili_stealth_ws/install/command_interfaces/share/command_interfaces/cmake/command_interfaces__rosidl_typesupport_cppExport-noconfig.cmake
-- Up-to-date: /root/PILI_stealth_killer/pili_stealth_ws/install/command_interfaces/share/command_interfaces/cmake/export_command_interfaces__rosidl_generator_pyExport.cmake
-- Up-to-date: /root/PILI_stealth_killer/pili_stealth_ws/install/command_interfaces/share/command_interfaces/cmake/export_command_interfaces__rosidl_generator_pyExport-noconfig.cmake
-- Up-to-date: /root/PILI_stealth_killer/pili_stealth_ws/install/command_interfaces/share/command_interfaces/cmake/rosidl_cmake-extras.cmake
-- Up-to-date: /root/PILI_stealth_killer/pili_stealth_ws/install/command_interfaces/share/command_interfaces/cmake/ament_cmake_export_include_directories-extras.cmake
-- Up-to-date: /root/PILI_stealth_killer/pili_stealth_ws/install/command_interfaces/share/command_interfaces/cmake/ament_cmake_export_libraries-extras.cmake
-- Up-to-date: /root/PILI_stealth_killer/pili_stealth_ws/install/command_interfaces/share/command_interfaces/cmake/ament_cmake_export_targets-extras.cmake
-- Up-to-date: /root/PILI_stealth_killer/pili_stealth_ws/install/command_interfaces/share/command_interfaces/cmake/rosidl_cmake_export_typesupport_targets-extras.cmake
-- Up-to-date: /root/PILI_stealth_killer/pili_stealth_ws/install/command_interfaces/share/command_interfaces/cmake/ament_cmake_export_dependencies-extras.cmake
-- Up-to-date: /root/PILI_stealth_killer/pili_stealth_ws/install/command_interfaces/share/command_interfaces/cmake/rosidl_cmake_export_typesupport_libraries-extras.cmake
-- Up-to-date: /root/PILI_stealth_killer/pili_stealth_ws/install/command_interfaces/share/command_interfaces/cmake/command_interfacesConfig.cmake
-- Up-to-date: /root/PILI_stealth_killer/pili_stealth_ws/install/command_interfaces/share/command_interfaces/cmake/command_interfacesConfig-version.cmake
-- Up-to-date: /root/PILI_stealth_killer/pili_stealth_ws/install/command_interfaces/share/command_interfaces/package.xml
