[0.028s] Invoking command in '/root/PILI_stealth_killer/pili_stealth_ws/build/more_interfaces': CMAKE_PREFIX_PATH=/opt/ros/humble /usr/bin/cmake /root/PILI_stealth_killer/pili_stealth_ws/src/more_interfaces -DCMAKE_INSTALL_PREFIX=/root/PILI_stealth_killer/pili_stealth_ws/install/more_interfaces
[0.036s] -- Found ament_cmake: 1.3.5 (/opt/ros/humble/share/ament_cmake/cmake)
[0.128s] [31mCMake Error at CMakeLists.txt:10 (find_package):
[0.128s]   By not providing "Findrosidl_default_generatorss.cmake" in
[0.128s]   CMAKE_MODULE_PATH this project has asked CMake to find a package
[0.128s]   configuration file provided by "rosidl_default_generatorss", but CMake did
[0.128s]   not find one.
[0.128s] 
[0.128s]   Could not find a package configuration file provided by
[0.128s]   "rosidl_default_generatorss" with any of the following names:
[0.128s] 
[0.128s]     rosidl_default_generatorssConfig.cmake
[0.128s]     rosidl_default_generatorss-config.cmake
[0.128s] 
[0.128s]   Add the installation prefix of "rosidl_default_generatorss" to
[0.129s]   CMAKE_PREFIX_PATH or set "rosidl_default_generatorss_DIR" to a directory
[0.129s]   containing one of the above files.  If "rosidl_default_generatorss"
[0.129s]   provides a separate development package or SDK, be sure it has been
[0.129s]   installed.
[0.129s] 
[0.129s] [0m
[0.129s] -- Configuring incomplete, errors occurred!
[0.129s] See also "/root/PILI_stealth_killer/pili_stealth_ws/build/more_interfaces/CMakeFiles/CMakeOutput.log".
[0.130s] Invoked command in '/root/PILI_stealth_killer/pili_stealth_ws/build/more_interfaces' returned '1': CMAKE_PREFIX_PATH=/opt/ros/humble /usr/bin/cmake /root/PILI_stealth_killer/pili_stealth_ws/src/more_interfaces -DCMAKE_INSTALL_PREFIX=/root/PILI_stealth_killer/pili_stealth_ws/install/more_interfaces
