[0.047s] Invoking command in '/root/PILI_stealth_killer/pili_stealth_ws/build/more_interfaces': CMAKE_PREFIX_PATH=${CMAKE_PREFIX_PATH}:/opt/ros/humble /usr/bin/cmake --build /root/PILI_stealth_killer/pili_stealth_ws/build/more_interfaces -- -j8 -l8
[0.210s] [ 10%] Built target more_interfaces__rosidl_generator_c
[0.215s] [ 12%] Built target more_interfaces__cpp
[0.219s] [ 12%] Built target ament_cmake_python_copy_more_interfaces
[0.249s] [ 23%] Built target more_interfaces__rosidl_typesupport_fastrtps_c
[0.252s] [ 33%] Built target more_interfaces__rosidl_typesupport_fastrtps_cpp
[0.256s] [ 43%] Built target more_interfaces__rosidl_typesupport_introspection_c
[0.264s] [ 53%] Built target more_interfaces__rosidl_typesupport_c
[0.271s] [ 64%] Built target more_interfaces__rosidl_typesupport_introspection_cpp
[0.285s] [ 74%] Built target more_interfaces__rosidl_typesupport_cpp
[0.343s] [ 74%] Built target more_interfaces
[0.434s] [ 76%] Built target more_interfaces__py
[0.452s] running egg_info
[0.453s] writing more_interfaces.egg-info/PKG-INFO
[0.453s] writing dependency_links to more_interfaces.egg-info/dependency_links.txt
[0.453s] writing top-level names to more_interfaces.egg-info/top_level.txt
[0.455s] reading manifest file 'more_interfaces.egg-info/SOURCES.txt'
[0.456s] writing manifest file 'more_interfaces.egg-info/SOURCES.txt'
[0.481s] [ 76%] Built target ament_cmake_python_build_more_interfaces_egg
[0.500s] [ 84%] Built target more_interfaces__rosidl_generator_py
[0.535s] [ 89%] Built target more_interfaces__rosidl_typesupport_fastrtps_c__pyext
[0.540s] [ 94%] Built target more_interfaces__rosidl_typesupport_introspection_c__pyext
[0.558s] [100%] Built target more_interfaces__rosidl_typesupport_c__pyext
[0.569s] Invoked command in '/root/PILI_stealth_killer/pili_stealth_ws/build/more_interfaces' returned '0': CMAKE_PREFIX_PATH=${CMAKE_PREFIX_PATH}:/opt/ros/humble /usr/bin/cmake --build /root/PILI_stealth_killer/pili_stealth_ws/build/more_interfaces -- -j8 -l8
[1.019s] Invoking command in '/root/PILI_stealth_killer/pili_stealth_ws/build/more_interfaces': CMAKE_PREFIX_PATH=${CMAKE_PREFIX_PATH}:/opt/ros/humble /usr/bin/cmake --install /root/PILI_stealth_killer/pili_stealth_ws/build/more_interfaces
[1.032s] -- Install configuration: ""
[1.032s] -- Up-to-date: /root/PILI_stealth_killer/pili_stealth_ws/install/more_interfaces/share/ament_index/resource_index/rosidl_interfaces/more_interfaces
[1.032s] -- Up-to-date: /root/PILI_stealth_killer/pili_stealth_ws/install/more_interfaces/include/more_interfaces/more_interfaces
[1.032s] -- Up-to-date: /root/PILI_stealth_killer/pili_stealth_ws/install/more_interfaces/include/more_interfaces/more_interfaces/msg
[1.032s] -- Up-to-date: /root/PILI_stealth_killer/pili_stealth_ws/install/more_interfaces/include/more_interfaces/more_interfaces/msg/rosidl_generator_c__visibility_control.h
[1.032s] -- Up-to-date: /root/PILI_stealth_killer/pili_stealth_ws/install/more_interfaces/include/more_interfaces/more_interfaces/msg/detail
[1.032s] -- Up-to-date: /root/PILI_stealth_killer/pili_stealth_ws/install/more_interfaces/include/more_interfaces/more_interfaces/msg/detail/command__functions.c
[1.032s] -- Up-to-date: /root/PILI_stealth_killer/pili_stealth_ws/install/more_interfaces/include/more_interfaces/more_interfaces/msg/detail/command__struct.h
[1.032s] -- Up-to-date: /root/PILI_stealth_killer/pili_stealth_ws/install/more_interfaces/include/more_interfaces/more_interfaces/msg/detail/command__functions.h
[1.032s] -- Up-to-date: /root/PILI_stealth_killer/pili_stealth_ws/install/more_interfaces/include/more_interfaces/more_interfaces/msg/detail/command__type_support.h
[1.032s] -- Up-to-date: /root/PILI_stealth_killer/pili_stealth_ws/install/more_interfaces/include/more_interfaces/more_interfaces/msg/command.h
[1.032s] -- Up-to-date: /root/PILI_stealth_killer/pili_stealth_ws/install/more_interfaces/include/more_interfaces/more_interfaces/srv
[1.032s] -- Up-to-date: /root/PILI_stealth_killer/pili_stealth_ws/install/more_interfaces/include/more_interfaces/more_interfaces/srv/detail
[1.033s] -- Up-to-date: /root/PILI_stealth_killer/pili_stealth_ws/install/more_interfaces/include/more_interfaces/more_interfaces/srv/detail/command_service__type_support.h
[1.033s] -- Up-to-date: /root/PILI_stealth_killer/pili_stealth_ws/install/more_interfaces/include/more_interfaces/more_interfaces/srv/detail/command_service__struct.h
[1.033s] -- Up-to-date: /root/PILI_stealth_killer/pili_stealth_ws/install/more_interfaces/include/more_interfaces/more_interfaces/srv/detail/command_service__functions.c
[1.033s] -- Up-to-date: /root/PILI_stealth_killer/pili_stealth_ws/install/more_interfaces/include/more_interfaces/more_interfaces/srv/detail/command_service__functions.h
[1.033s] -- Up-to-date: /root/PILI_stealth_killer/pili_stealth_ws/install/more_interfaces/include/more_interfaces/more_interfaces/srv/command_service.h
[1.033s] -- Up-to-date: /root/PILI_stealth_killer/pili_stealth_ws/install/more_interfaces/share/more_interfaces/environment/library_path.sh
[1.033s] -- Up-to-date: /root/PILI_stealth_killer/pili_stealth_ws/install/more_interfaces/share/more_interfaces/environment/library_path.dsv
[1.033s] -- Up-to-date: /root/PILI_stealth_killer/pili_stealth_ws/install/more_interfaces/lib/libmore_interfaces__rosidl_generator_c.so
[1.033s] -- Up-to-date: /root/PILI_stealth_killer/pili_stealth_ws/install/more_interfaces/include/more_interfaces/more_interfaces
[1.033s] -- Up-to-date: /root/PILI_stealth_killer/pili_stealth_ws/install/more_interfaces/include/more_interfaces/more_interfaces/msg
[1.033s] -- Up-to-date: /root/PILI_stealth_killer/pili_stealth_ws/install/more_interfaces/include/more_interfaces/more_interfaces/msg/rosidl_typesupport_fastrtps_c__visibility_control.h
[1.033s] -- Up-to-date: /root/PILI_stealth_killer/pili_stealth_ws/install/more_interfaces/include/more_interfaces/more_interfaces/msg/detail
[1.033s] -- Up-to-date: /root/PILI_stealth_killer/pili_stealth_ws/install/more_interfaces/include/more_interfaces/more_interfaces/msg/detail/command__rosidl_typesupport_fastrtps_c.h
[1.033s] -- Up-to-date: /root/PILI_stealth_killer/pili_stealth_ws/install/more_interfaces/include/more_interfaces/more_interfaces/srv
[1.033s] -- Up-to-date: /root/PILI_stealth_killer/pili_stealth_ws/install/more_interfaces/include/more_interfaces/more_interfaces/srv/detail
[1.033s] -- Up-to-date: /root/PILI_stealth_killer/pili_stealth_ws/install/more_interfaces/include/more_interfaces/more_interfaces/srv/detail/command_service__rosidl_typesupport_fastrtps_c.h
[1.033s] -- Up-to-date: /root/PILI_stealth_killer/pili_stealth_ws/install/more_interfaces/lib/libmore_interfaces__rosidl_typesupport_fastrtps_c.so
[1.033s] -- Up-to-date: /root/PILI_stealth_killer/pili_stealth_ws/install/more_interfaces/include/more_interfaces/more_interfaces
[1.034s] -- Up-to-date: /root/PILI_stealth_killer/pili_stealth_ws/install/more_interfaces/include/more_interfaces/more_interfaces/msg
[1.034s] -- Up-to-date: /root/PILI_stealth_killer/pili_stealth_ws/install/more_interfaces/include/more_interfaces/more_interfaces/msg/detail
[1.034s] -- Up-to-date: /root/PILI_stealth_killer/pili_stealth_ws/install/more_interfaces/include/more_interfaces/more_interfaces/msg/detail/command__rosidl_typesupport_introspection_c.h
[1.034s] -- Up-to-date: /root/PILI_stealth_killer/pili_stealth_ws/install/more_interfaces/include/more_interfaces/more_interfaces/msg/detail/command__type_support.c
[1.034s] -- Up-to-date: /root/PILI_stealth_killer/pili_stealth_ws/install/more_interfaces/include/more_interfaces/more_interfaces/msg/rosidl_typesupport_introspection_c__visibility_control.h
[1.034s] -- Up-to-date: /root/PILI_stealth_killer/pili_stealth_ws/install/more_interfaces/include/more_interfaces/more_interfaces/srv
[1.034s] -- Up-to-date: /root/PILI_stealth_killer/pili_stealth_ws/install/more_interfaces/include/more_interfaces/more_interfaces/srv/detail
[1.034s] -- Up-to-date: /root/PILI_stealth_killer/pili_stealth_ws/install/more_interfaces/include/more_interfaces/more_interfaces/srv/detail/command_service__type_support.c
[1.034s] -- Up-to-date: /root/PILI_stealth_killer/pili_stealth_ws/install/more_interfaces/include/more_interfaces/more_interfaces/srv/detail/command_service__rosidl_typesupport_introspection_c.h
[1.034s] -- Up-to-date: /root/PILI_stealth_killer/pili_stealth_ws/install/more_interfaces/lib/libmore_interfaces__rosidl_typesupport_introspection_c.so
[1.034s] -- Up-to-date: /root/PILI_stealth_killer/pili_stealth_ws/install/more_interfaces/lib/libmore_interfaces__rosidl_typesupport_c.so
[1.034s] -- Up-to-date: /root/PILI_stealth_killer/pili_stealth_ws/install/more_interfaces/include/more_interfaces/more_interfaces
[1.034s] -- Up-to-date: /root/PILI_stealth_killer/pili_stealth_ws/install/more_interfaces/include/more_interfaces/more_interfaces/msg
[1.034s] -- Up-to-date: /root/PILI_stealth_killer/pili_stealth_ws/install/more_interfaces/include/more_interfaces/more_interfaces/msg/command.hpp
[1.034s] -- Up-to-date: /root/PILI_stealth_killer/pili_stealth_ws/install/more_interfaces/include/more_interfaces/more_interfaces/msg/detail
[1.034s] -- Up-to-date: /root/PILI_stealth_killer/pili_stealth_ws/install/more_interfaces/include/more_interfaces/more_interfaces/msg/detail/command__traits.hpp
[1.034s] -- Up-to-date: /root/PILI_stealth_killer/pili_stealth_ws/install/more_interfaces/include/more_interfaces/more_interfaces/msg/detail/command__struct.hpp
[1.034s] -- Up-to-date: /root/PILI_stealth_killer/pili_stealth_ws/install/more_interfaces/include/more_interfaces/more_interfaces/msg/detail/command__builder.hpp
[1.035s] -- Up-to-date: /root/PILI_stealth_killer/pili_stealth_ws/install/more_interfaces/include/more_interfaces/more_interfaces/srv
[1.035s] -- Up-to-date: /root/PILI_stealth_killer/pili_stealth_ws/install/more_interfaces/include/more_interfaces/more_interfaces/srv/detail
[1.035s] -- Up-to-date: /root/PILI_stealth_killer/pili_stealth_ws/install/more_interfaces/include/more_interfaces/more_interfaces/srv/detail/command_service__traits.hpp
[1.035s] -- Up-to-date: /root/PILI_stealth_killer/pili_stealth_ws/install/more_interfaces/include/more_interfaces/more_interfaces/srv/detail/command_service__builder.hpp
[1.035s] -- Up-to-date: /root/PILI_stealth_killer/pili_stealth_ws/install/more_interfaces/include/more_interfaces/more_interfaces/srv/detail/command_service__struct.hpp
[1.035s] -- Up-to-date: /root/PILI_stealth_killer/pili_stealth_ws/install/more_interfaces/include/more_interfaces/more_interfaces/srv/command_service.hpp
[1.035s] -- Up-to-date: /root/PILI_stealth_killer/pili_stealth_ws/install/more_interfaces/include/more_interfaces/more_interfaces
[1.035s] -- Up-to-date: /root/PILI_stealth_killer/pili_stealth_ws/install/more_interfaces/include/more_interfaces/more_interfaces/msg
[1.035s] -- Up-to-date: /root/PILI_stealth_killer/pili_stealth_ws/install/more_interfaces/include/more_interfaces/more_interfaces/msg/detail
[1.035s] -- Up-to-date: /root/PILI_stealth_killer/pili_stealth_ws/install/more_interfaces/include/more_interfaces/more_interfaces/msg/detail/command__rosidl_typesupport_fastrtps_cpp.hpp
[1.035s] -- Up-to-date: /root/PILI_stealth_killer/pili_stealth_ws/install/more_interfaces/include/more_interfaces/more_interfaces/msg/detail/dds_fastrtps
[1.035s] -- Up-to-date: /root/PILI_stealth_killer/pili_stealth_ws/install/more_interfaces/include/more_interfaces/more_interfaces/msg/rosidl_typesupport_fastrtps_cpp__visibility_control.h
[1.035s] -- Up-to-date: /root/PILI_stealth_killer/pili_stealth_ws/install/more_interfaces/include/more_interfaces/more_interfaces/srv
[1.035s] -- Up-to-date: /root/PILI_stealth_killer/pili_stealth_ws/install/more_interfaces/include/more_interfaces/more_interfaces/srv/detail
[1.035s] -- Up-to-date: /root/PILI_stealth_killer/pili_stealth_ws/install/more_interfaces/include/more_interfaces/more_interfaces/srv/detail/dds_fastrtps
[1.035s] -- Up-to-date: /root/PILI_stealth_killer/pili_stealth_ws/install/more_interfaces/include/more_interfaces/more_interfaces/srv/detail/command_service__rosidl_typesupport_fastrtps_cpp.hpp
[1.035s] -- Up-to-date: /root/PILI_stealth_killer/pili_stealth_ws/install/more_interfaces/lib/libmore_interfaces__rosidl_typesupport_fastrtps_cpp.so
[1.035s] -- Up-to-date: /root/PILI_stealth_killer/pili_stealth_ws/install/more_interfaces/include/more_interfaces/more_interfaces
[1.036s] -- Up-to-date: /root/PILI_stealth_killer/pili_stealth_ws/install/more_interfaces/include/more_interfaces/more_interfaces/msg
[1.036s] -- Up-to-date: /root/PILI_stealth_killer/pili_stealth_ws/install/more_interfaces/include/more_interfaces/more_interfaces/msg/detail
[1.036s] -- Up-to-date: /root/PILI_stealth_killer/pili_stealth_ws/install/more_interfaces/include/more_interfaces/more_interfaces/msg/detail/command__rosidl_typesupport_introspection_cpp.hpp
[1.036s] -- Up-to-date: /root/PILI_stealth_killer/pili_stealth_ws/install/more_interfaces/include/more_interfaces/more_interfaces/msg/detail/command__type_support.cpp
[1.036s] -- Up-to-date: /root/PILI_stealth_killer/pili_stealth_ws/install/more_interfaces/include/more_interfaces/more_interfaces/srv
[1.036s] -- Up-to-date: /root/PILI_stealth_killer/pili_stealth_ws/install/more_interfaces/include/more_interfaces/more_interfaces/srv/detail
[1.036s] -- Up-to-date: /root/PILI_stealth_killer/pili_stealth_ws/install/more_interfaces/include/more_interfaces/more_interfaces/srv/detail/command_service__type_support.cpp
[1.036s] -- Up-to-date: /root/PILI_stealth_killer/pili_stealth_ws/install/more_interfaces/include/more_interfaces/more_interfaces/srv/detail/command_service__rosidl_typesupport_introspection_cpp.hpp
[1.036s] -- Up-to-date: /root/PILI_stealth_killer/pili_stealth_ws/install/more_interfaces/lib/libmore_interfaces__rosidl_typesupport_introspection_cpp.so
[1.036s] -- Up-to-date: /root/PILI_stealth_killer/pili_stealth_ws/install/more_interfaces/lib/libmore_interfaces__rosidl_typesupport_cpp.so
[1.036s] -- Up-to-date: /root/PILI_stealth_killer/pili_stealth_ws/install/more_interfaces/share/more_interfaces/environment/pythonpath.sh
[1.036s] -- Up-to-date: /root/PILI_stealth_killer/pili_stealth_ws/install/more_interfaces/share/more_interfaces/environment/pythonpath.dsv
[1.037s] -- Up-to-date: /root/PILI_stealth_killer/pili_stealth_ws/install/more_interfaces/local/lib/python3.10/dist-packages/more_interfaces-0.0.0-py3.10.egg-info
[1.037s] -- Installing: /root/PILI_stealth_killer/pili_stealth_ws/install/more_interfaces/local/lib/python3.10/dist-packages/more_interfaces-0.0.0-py3.10.egg-info/SOURCES.txt
[1.037s] -- Installing: /root/PILI_stealth_killer/pili_stealth_ws/install/more_interfaces/local/lib/python3.10/dist-packages/more_interfaces-0.0.0-py3.10.egg-info/top_level.txt
[1.037s] -- Installing: /root/PILI_stealth_killer/pili_stealth_ws/install/more_interfaces/local/lib/python3.10/dist-packages/more_interfaces-0.0.0-py3.10.egg-info/dependency_links.txt
[1.037s] -- Installing: /root/PILI_stealth_killer/pili_stealth_ws/install/more_interfaces/local/lib/python3.10/dist-packages/more_interfaces-0.0.0-py3.10.egg-info/PKG-INFO
[1.037s] -- Up-to-date: /root/PILI_stealth_killer/pili_stealth_ws/install/more_interfaces/local/lib/python3.10/dist-packages/more_interfaces
[1.037s] -- Up-to-date: /root/PILI_stealth_killer/pili_stealth_ws/install/more_interfaces/local/lib/python3.10/dist-packages/more_interfaces/__init__.py
[1.037s] -- Up-to-date: /root/PILI_stealth_killer/pili_stealth_ws/install/more_interfaces/local/lib/python3.10/dist-packages/more_interfaces/more_interfaces_s__rosidl_typesupport_introspection_c.cpython-310-x86_64-linux-gnu.so
[1.037s] -- Up-to-date: /root/PILI_stealth_killer/pili_stealth_ws/install/more_interfaces/local/lib/python3.10/dist-packages/more_interfaces/more_interfaces_s__rosidl_typesupport_c.cpython-310-x86_64-linux-gnu.so
[1.038s] -- Up-to-date: /root/PILI_stealth_killer/pili_stealth_ws/install/more_interfaces/local/lib/python3.10/dist-packages/more_interfaces/msg
[1.038s] -- Up-to-date: /root/PILI_stealth_killer/pili_stealth_ws/install/more_interfaces/local/lib/python3.10/dist-packages/more_interfaces/msg/_command.py
[1.038s] -- Up-to-date: /root/PILI_stealth_killer/pili_stealth_ws/install/more_interfaces/local/lib/python3.10/dist-packages/more_interfaces/msg/_command_s.c
[1.038s] -- Up-to-date: /root/PILI_stealth_killer/pili_stealth_ws/install/more_interfaces/local/lib/python3.10/dist-packages/more_interfaces/msg/__init__.py
[1.038s] -- Up-to-date: /root/PILI_stealth_killer/pili_stealth_ws/install/more_interfaces/local/lib/python3.10/dist-packages/more_interfaces/more_interfaces_s__rosidl_typesupport_fastrtps_c.cpython-310-x86_64-linux-gnu.so
[1.038s] -- Up-to-date: /root/PILI_stealth_killer/pili_stealth_ws/install/more_interfaces/local/lib/python3.10/dist-packages/more_interfaces/srv
[1.038s] -- Up-to-date: /root/PILI_stealth_killer/pili_stealth_ws/install/more_interfaces/local/lib/python3.10/dist-packages/more_interfaces/srv/__init__.py
[1.038s] -- Up-to-date: /root/PILI_stealth_killer/pili_stealth_ws/install/more_interfaces/local/lib/python3.10/dist-packages/more_interfaces/srv/_command_service_s.c
[1.038s] -- Up-to-date: /root/PILI_stealth_killer/pili_stealth_ws/install/more_interfaces/local/lib/python3.10/dist-packages/more_interfaces/srv/_command_service.py
[1.038s] -- Up-to-date: /root/PILI_stealth_killer/pili_stealth_ws/install/more_interfaces/local/lib/python3.10/dist-packages/more_interfaces/libmore_interfaces__rosidl_generator_py.so
[1.038s] -- Up-to-date: /root/PILI_stealth_killer/pili_stealth_ws/install/more_interfaces/local/lib/python3.10/dist-packages/more_interfaces/_more_interfaces_s.ep.rosidl_typesupport_introspection_c.c
[1.038s] -- Up-to-date: /root/PILI_stealth_killer/pili_stealth_ws/install/more_interfaces/local/lib/python3.10/dist-packages/more_interfaces/_more_interfaces_s.ep.rosidl_typesupport_fastrtps_c.c
[1.038s] -- Up-to-date: /root/PILI_stealth_killer/pili_stealth_ws/install/more_interfaces/local/lib/python3.10/dist-packages/more_interfaces/_more_interfaces_s.ep.rosidl_typesupport_c.c
[1.066s] Listing '/root/PILI_stealth_killer/pili_stealth_ws/install/more_interfaces/local/lib/python3.10/dist-packages/more_interfaces'...
[1.066s] Listing '/root/PILI_stealth_killer/pili_stealth_ws/install/more_interfaces/local/lib/python3.10/dist-packages/more_interfaces/msg'...
[1.066s] Listing '/root/PILI_stealth_killer/pili_stealth_ws/install/more_interfaces/local/lib/python3.10/dist-packages/more_interfaces/srv'...
[1.070s] -- Up-to-date: /root/PILI_stealth_killer/pili_stealth_ws/install/more_interfaces/local/lib/python3.10/dist-packages/more_interfaces/more_interfaces_s__rosidl_typesupport_fastrtps_c.cpython-310-x86_64-linux-gnu.so
[1.070s] -- Up-to-date: /root/PILI_stealth_killer/pili_stealth_ws/install/more_interfaces/local/lib/python3.10/dist-packages/more_interfaces/more_interfaces_s__rosidl_typesupport_introspection_c.cpython-310-x86_64-linux-gnu.so
[1.071s] -- Up-to-date: /root/PILI_stealth_killer/pili_stealth_ws/install/more_interfaces/local/lib/python3.10/dist-packages/more_interfaces/more_interfaces_s__rosidl_typesupport_c.cpython-310-x86_64-linux-gnu.so
[1.071s] -- Up-to-date: /root/PILI_stealth_killer/pili_stealth_ws/install/more_interfaces/lib/libmore_interfaces__rosidl_generator_py.so
[1.071s] -- Up-to-date: /root/PILI_stealth_killer/pili_stealth_ws/install/more_interfaces/share/more_interfaces/msg/Command.idl
[1.071s] -- Up-to-date: /root/PILI_stealth_killer/pili_stealth_ws/install/more_interfaces/share/more_interfaces/srv/CommandService.idl
[1.071s] -- Up-to-date: /root/PILI_stealth_killer/pili_stealth_ws/install/more_interfaces/share/more_interfaces/msg/Command.msg
[1.071s] -- Up-to-date: /root/PILI_stealth_killer/pili_stealth_ws/install/more_interfaces/share/more_interfaces/srv/CommandService.srv
[1.071s] -- Up-to-date: /root/PILI_stealth_killer/pili_stealth_ws/install/more_interfaces/share/more_interfaces/srv/CommandService_Request.msg
[1.071s] -- Up-to-date: /root/PILI_stealth_killer/pili_stealth_ws/install/more_interfaces/share/more_interfaces/srv/CommandService_Response.msg
[1.071s] -- Up-to-date: /root/PILI_stealth_killer/pili_stealth_ws/install/more_interfaces/share/ament_index/resource_index/package_run_dependencies/more_interfaces
[1.071s] -- Up-to-date: /root/PILI_stealth_killer/pili_stealth_ws/install/more_interfaces/share/ament_index/resource_index/parent_prefix_path/more_interfaces
[1.071s] -- Up-to-date: /root/PILI_stealth_killer/pili_stealth_ws/install/more_interfaces/share/more_interfaces/environment/ament_prefix_path.sh
[1.072s] -- Up-to-date: /root/PILI_stealth_killer/pili_stealth_ws/install/more_interfaces/share/more_interfaces/environment/ament_prefix_path.dsv
[1.072s] -- Up-to-date: /root/PILI_stealth_killer/pili_stealth_ws/install/more_interfaces/share/more_interfaces/environment/path.sh
[1.072s] -- Up-to-date: /root/PILI_stealth_killer/pili_stealth_ws/install/more_interfaces/share/more_interfaces/environment/path.dsv
[1.072s] -- Up-to-date: /root/PILI_stealth_killer/pili_stealth_ws/install/more_interfaces/share/more_interfaces/local_setup.bash
[1.072s] -- Up-to-date: /root/PILI_stealth_killer/pili_stealth_ws/install/more_interfaces/share/more_interfaces/local_setup.sh
[1.072s] -- Up-to-date: /root/PILI_stealth_killer/pili_stealth_ws/install/more_interfaces/share/more_interfaces/local_setup.zsh
[1.072s] -- Up-to-date: /root/PILI_stealth_killer/pili_stealth_ws/install/more_interfaces/share/more_interfaces/local_setup.dsv
[1.072s] -- Installing: /root/PILI_stealth_killer/pili_stealth_ws/install/more_interfaces/share/more_interfaces/package.dsv
[1.072s] -- Up-to-date: /root/PILI_stealth_killer/pili_stealth_ws/install/more_interfaces/share/ament_index/resource_index/packages/more_interfaces
[1.072s] -- Up-to-date: /root/PILI_stealth_killer/pili_stealth_ws/install/more_interfaces/share/more_interfaces/cmake/export_more_interfaces__rosidl_generator_cExport.cmake
[1.072s] -- Up-to-date: /root/PILI_stealth_killer/pili_stealth_ws/install/more_interfaces/share/more_interfaces/cmake/export_more_interfaces__rosidl_generator_cExport-noconfig.cmake
[1.072s] -- Up-to-date: /root/PILI_stealth_killer/pili_stealth_ws/install/more_interfaces/share/more_interfaces/cmake/export_more_interfaces__rosidl_typesupport_fastrtps_cExport.cmake
[1.072s] -- Up-to-date: /root/PILI_stealth_killer/pili_stealth_ws/install/more_interfaces/share/more_interfaces/cmake/export_more_interfaces__rosidl_typesupport_fastrtps_cExport-noconfig.cmake
[1.072s] -- Up-to-date: /root/PILI_stealth_killer/pili_stealth_ws/install/more_interfaces/share/more_interfaces/cmake/more_interfaces__rosidl_typesupport_introspection_cExport.cmake
[1.072s] -- Up-to-date: /root/PILI_stealth_killer/pili_stealth_ws/install/more_interfaces/share/more_interfaces/cmake/more_interfaces__rosidl_typesupport_introspection_cExport-noconfig.cmake
[1.073s] -- Up-to-date: /root/PILI_stealth_killer/pili_stealth_ws/install/more_interfaces/share/more_interfaces/cmake/more_interfaces__rosidl_typesupport_cExport.cmake
[1.073s] -- Up-to-date: /root/PILI_stealth_killer/pili_stealth_ws/install/more_interfaces/share/more_interfaces/cmake/more_interfaces__rosidl_typesupport_cExport-noconfig.cmake
[1.073s] -- Up-to-date: /root/PILI_stealth_killer/pili_stealth_ws/install/more_interfaces/share/more_interfaces/cmake/export_more_interfaces__rosidl_generator_cppExport.cmake
[1.073s] -- Up-to-date: /root/PILI_stealth_killer/pili_stealth_ws/install/more_interfaces/share/more_interfaces/cmake/export_more_interfaces__rosidl_typesupport_fastrtps_cppExport.cmake
[1.073s] -- Up-to-date: /root/PILI_stealth_killer/pili_stealth_ws/install/more_interfaces/share/more_interfaces/cmake/export_more_interfaces__rosidl_typesupport_fastrtps_cppExport-noconfig.cmake
[1.073s] -- Up-to-date: /root/PILI_stealth_killer/pili_stealth_ws/install/more_interfaces/share/more_interfaces/cmake/more_interfaces__rosidl_typesupport_introspection_cppExport.cmake
[1.073s] -- Up-to-date: /root/PILI_stealth_killer/pili_stealth_ws/install/more_interfaces/share/more_interfaces/cmake/more_interfaces__rosidl_typesupport_introspection_cppExport-noconfig.cmake
[1.073s] -- Up-to-date: /root/PILI_stealth_killer/pili_stealth_ws/install/more_interfaces/share/more_interfaces/cmake/more_interfaces__rosidl_typesupport_cppExport.cmake
[1.073s] -- Up-to-date: /root/PILI_stealth_killer/pili_stealth_ws/install/more_interfaces/share/more_interfaces/cmake/more_interfaces__rosidl_typesupport_cppExport-noconfig.cmake
[1.073s] -- Up-to-date: /root/PILI_stealth_killer/pili_stealth_ws/install/more_interfaces/share/more_interfaces/cmake/export_more_interfaces__rosidl_generator_pyExport.cmake
[1.073s] -- Up-to-date: /root/PILI_stealth_killer/pili_stealth_ws/install/more_interfaces/share/more_interfaces/cmake/export_more_interfaces__rosidl_generator_pyExport-noconfig.cmake
[1.073s] -- Up-to-date: /root/PILI_stealth_killer/pili_stealth_ws/install/more_interfaces/share/more_interfaces/cmake/rosidl_cmake-extras.cmake
[1.073s] -- Up-to-date: /root/PILI_stealth_killer/pili_stealth_ws/install/more_interfaces/share/more_interfaces/cmake/ament_cmake_export_include_directories-extras.cmake
[1.073s] -- Up-to-date: /root/PILI_stealth_killer/pili_stealth_ws/install/more_interfaces/share/more_interfaces/cmake/ament_cmake_export_libraries-extras.cmake
[1.073s] -- Up-to-date: /root/PILI_stealth_killer/pili_stealth_ws/install/more_interfaces/share/more_interfaces/cmake/ament_cmake_export_targets-extras.cmake
[1.074s] -- Up-to-date: /root/PILI_stealth_killer/pili_stealth_ws/install/more_interfaces/share/more_interfaces/cmake/rosidl_cmake_export_typesupport_targets-extras.cmake
[1.074s] -- Up-to-date: /root/PILI_stealth_killer/pili_stealth_ws/install/more_interfaces/share/more_interfaces/cmake/ament_cmake_export_dependencies-extras.cmake
[1.074s] -- Up-to-date: /root/PILI_stealth_killer/pili_stealth_ws/install/more_interfaces/share/more_interfaces/cmake/rosidl_cmake_export_typesupport_libraries-extras.cmake
[1.074s] -- Up-to-date: /root/PILI_stealth_killer/pili_stealth_ws/install/more_interfaces/share/more_interfaces/cmake/more_interfacesConfig.cmake
[1.074s] -- Up-to-date: /root/PILI_stealth_killer/pili_stealth_ws/install/more_interfaces/share/more_interfaces/cmake/more_interfacesConfig-version.cmake
[1.074s] -- Up-to-date: /root/PILI_stealth_killer/pili_stealth_ws/install/more_interfaces/share/more_interfaces/package.xml
[1.076s] Invoked command in '/root/PILI_stealth_killer/pili_stealth_ws/build/more_interfaces' returned '0': CMAKE_PREFIX_PATH=${CMAKE_PREFIX_PATH}:/opt/ros/humble /usr/bin/cmake --install /root/PILI_stealth_killer/pili_stealth_ws/build/more_interfaces
