-- Found ament_cmake: 1.3.5 (/opt/ros/humble/share/ament_cmake/cmake)
-- Found rosidl_default_generators: 1.2.0 (/opt/ros/humble/share/rosidl_default_generators/cmake)
-- Using all available rosidl_typesupport_c: rosidl_typesupport_fastrtps_c;rosidl_typesupport_introspection_c
-- Found rosidl_adapter: 3.1.5 (/opt/ros/humble/share/rosidl_adapter/cmake)
-- Using all available rosidl_typesupport_cpp: rosidl_typesupport_fastrtps_cpp;rosidl_typesupport_introspection_cpp
-- Found ament_cmake_ros: 0.10.0 (/opt/ros/humble/share/ament_cmake_ros/cmake)
-- Using all available rosidl_typesupport_c: rosidl_typesupport_fastrtps_c;rosidl_typesupport_introspection_c
-- Using all available rosidl_typesupport_cpp: rosidl_typesupport_fastrtps_cpp;rosidl_typesupport_introspection_cpp
-- Found PythonInterp: /usr/bin/python3 (found suitable version "3.10.12", minimum required is "3.6") 
-- Found python_cmake_module: 0.10.0 (/opt/ros/humble/share/python_cmake_module/cmake)
-- Found PythonLibs: /usr/lib/x86_64-linux-gnu/libpython3.10.so (found suitable version "3.10.12", minimum required is "3.5") 
-- Using PYTHON_EXECUTABLE: /usr/bin/python3
-- Using PYTHON_INCLUDE_DIRS: /usr/include/python3.10
-- Using PYTHON_LIBRARIES: /usr/lib/x86_64-linux-gnu/libpython3.10.so
-- Found PythonExtra: .so  
-- Found ament_lint_auto: 0.12.8 (/opt/ros/humble/share/ament_lint_auto/cmake)
-- Added test 'lint_cmake' to check CMake code style
-- Added test 'xmllint' to check XML markup files
-- Configuring done
-- Generating done
-- Build files have been written to: /root/PILI_stealth_killer/pili_stealth_ws/build/more_interfaces
[  2%] [34m[1mGenerating C code for ROS interfaces[0m
[  5%] [34m[1mGenerating C++ code for ROS interfaces[0m
[  5%] Built target ament_cmake_python_copy_more_interfaces
running egg_info
creating more_interfaces.egg-info
writing more_interfaces.egg-info/PKG-INFO
writing dependency_links to more_interfaces.egg-info/dependency_links.txt
writing top-level names to more_interfaces.egg-info/top_level.txt
writing manifest file 'more_interfaces.egg-info/SOURCES.txt'
reading manifest file 'more_interfaces.egg-info/SOURCES.txt'
writing manifest file 'more_interfaces.egg-info/SOURCES.txt'
[  5%] Built target ament_cmake_python_build_more_interfaces_egg
[  5%] Built target more_interfaces__cpp
[ 12%] [34m[1mGenerating C++ type support dispatch for ROS interfaces[0m
[ 12%] [32mBuilding C object CMakeFiles/more_interfaces__rosidl_generator_c.dir/rosidl_generator_c/more_interfaces/srv/detail/command_service__functions.c.o[0m
[ 12%] [34m[1mGenerating C++ introspection for ROS interfaces[0m
[ 15%] [34m[1mGenerating C++ type support for eProsima Fast-RTPS[0m
[ 17%] [32mBuilding C object CMakeFiles/more_interfaces__rosidl_generator_c.dir/rosidl_generator_c/more_interfaces/msg/detail/command__functions.c.o[0m
[ 20%] [32m[1mLinking C shared library libmore_interfaces__rosidl_generator_c.so[0m
[ 20%] Built target more_interfaces__rosidl_generator_c
[ 23%] [34m[1mGenerating C introspection for ROS interfaces[0m
[ 28%] [34m[1mGenerating C type support dispatch for ROS interfaces[0m
[ 28%] [34m[1mGenerating C type support for eProsima Fast-RTPS[0m
[ 33%] [32mBuilding CXX object CMakeFiles/more_interfaces__rosidl_typesupport_cpp.dir/rosidl_typesupport_cpp/more_interfaces/srv/command_service__type_support.cpp.o[0m
[ 33%] [32mBuilding CXX object CMakeFiles/more_interfaces__rosidl_typesupport_cpp.dir/rosidl_typesupport_cpp/more_interfaces/msg/command__type_support.cpp.o[0m
[ 35%] [32mBuilding CXX object CMakeFiles/more_interfaces__rosidl_typesupport_introspection_cpp.dir/rosidl_typesupport_introspection_cpp/more_interfaces/msg/detail/command__type_support.cpp.o[0m
[ 38%] [32mBuilding CXX object CMakeFiles/more_interfaces__rosidl_typesupport_introspection_cpp.dir/rosidl_typesupport_introspection_cpp/more_interfaces/srv/detail/command_service__type_support.cpp.o[0m
[ 41%] [32mBuilding CXX object CMakeFiles/more_interfaces__rosidl_typesupport_fastrtps_cpp.dir/rosidl_typesupport_fastrtps_cpp/more_interfaces/msg/detail/dds_fastrtps/command__type_support.cpp.o[0m
[ 43%] [32mBuilding CXX object CMakeFiles/more_interfaces__rosidl_typesupport_c.dir/rosidl_typesupport_c/more_interfaces/msg/command__type_support.cpp.o[0m
[ 46%] [32mBuilding CXX object CMakeFiles/more_interfaces__rosidl_typesupport_c.dir/rosidl_typesupport_c/more_interfaces/srv/command_service__type_support.cpp.o[0m
[ 48%] [32m[1mLinking CXX shared library libmore_interfaces__rosidl_typesupport_c.so[0m
[ 51%] [32mBuilding C object CMakeFiles/more_interfaces__rosidl_typesupport_introspection_c.dir/rosidl_typesupport_introspection_c/more_interfaces/msg/detail/command__type_support.c.o[0m
[ 53%] [32mBuilding C object CMakeFiles/more_interfaces__rosidl_typesupport_introspection_c.dir/rosidl_typesupport_introspection_c/more_interfaces/srv/detail/command_service__type_support.c.o[0m
[ 56%] [32mBuilding CXX object CMakeFiles/more_interfaces__rosidl_typesupport_fastrtps_c.dir/rosidl_typesupport_fastrtps_c/more_interfaces/msg/detail/command__type_support_c.cpp.o[0m
[ 58%] [32m[1mLinking CXX shared library libmore_interfaces__rosidl_typesupport_cpp.so[0m
[ 61%] [32mBuilding CXX object CMakeFiles/more_interfaces__rosidl_typesupport_fastrtps_c.dir/rosidl_typesupport_fastrtps_c/more_interfaces/srv/detail/command_service__type_support_c.cpp.o[0m
[ 61%] Built target more_interfaces__rosidl_typesupport_c
[ 64%] [32mBuilding CXX object CMakeFiles/more_interfaces__rosidl_typesupport_fastrtps_cpp.dir/rosidl_typesupport_fastrtps_cpp/more_interfaces/srv/detail/dds_fastrtps/command_service__type_support.cpp.o[0m
[ 66%] [32m[1mLinking C shared library libmore_interfaces__rosidl_typesupport_introspection_c.so[0m
[ 66%] Built target more_interfaces__rosidl_typesupport_cpp
[ 66%] Built target more_interfaces__rosidl_typesupport_introspection_c
[ 69%] [32m[1mLinking CXX shared library libmore_interfaces__rosidl_typesupport_introspection_cpp.so[0m
[ 69%] Built target more_interfaces__rosidl_typesupport_introspection_cpp
[ 71%] [32m[1mLinking CXX shared library libmore_interfaces__rosidl_typesupport_fastrtps_c.so[0m
[ 74%] [32m[1mLinking CXX shared library libmore_interfaces__rosidl_typesupport_fastrtps_cpp.so[0m
[ 74%] Built target more_interfaces__rosidl_typesupport_fastrtps_c
[ 74%] Built target more_interfaces__rosidl_typesupport_fastrtps_cpp
[ 74%] Built target more_interfaces
[ 76%] [34m[1mGenerating Python code for ROS interfaces[0m
[ 76%] Built target more_interfaces__py
[ 82%] [32mBuilding C object CMakeFiles/more_interfaces__rosidl_generator_py.dir/rosidl_generator_py/more_interfaces/srv/_command_service_s.c.o[0m
[ 82%] [32mBuilding C object CMakeFiles/more_interfaces__rosidl_generator_py.dir/rosidl_generator_py/more_interfaces/msg/_command_s.c.o[0m
[ 84%] [32m[1mLinking C shared library rosidl_generator_py/more_interfaces/libmore_interfaces__rosidl_generator_py.so[0m
[ 84%] Built target more_interfaces__rosidl_generator_py
[ 92%] [32mBuilding C object CMakeFiles/more_interfaces__rosidl_typesupport_fastrtps_c__pyext.dir/rosidl_generator_py/more_interfaces/_more_interfaces_s.ep.rosidl_typesupport_fastrtps_c.c.o[0m
[ 92%] [32mBuilding C object CMakeFiles/more_interfaces__rosidl_typesupport_introspection_c__pyext.dir/rosidl_generator_py/more_interfaces/_more_interfaces_s.ep.rosidl_typesupport_introspection_c.c.o[0m
[ 92%] [32mBuilding C object CMakeFiles/more_interfaces__rosidl_typesupport_c__pyext.dir/rosidl_generator_py/more_interfaces/_more_interfaces_s.ep.rosidl_typesupport_c.c.o[0m
[ 97%] [32m[1mLinking C shared library rosidl_generator_py/more_interfaces/more_interfaces_s__rosidl_typesupport_c.cpython-310-x86_64-linux-gnu.so[0m
[ 97%] [32m[1mLinking C shared library rosidl_generator_py/more_interfaces/more_interfaces_s__rosidl_typesupport_introspection_c.cpython-310-x86_64-linux-gnu.so[0m
[100%] [32m[1mLinking C shared library rosidl_generator_py/more_interfaces/more_interfaces_s__rosidl_typesupport_fastrtps_c.cpython-310-x86_64-linux-gnu.so[0m
[100%] Built target more_interfaces__rosidl_typesupport_c__pyext
[100%] Built target more_interfaces__rosidl_typesupport_introspection_c__pyext
[100%] Built target more_interfaces__rosidl_typesupport_fastrtps_c__pyext
-- Install configuration: ""
-- Installing: /root/PILI_stealth_killer/pili_stealth_ws/install/more_interfaces/share/ament_index/resource_index/rosidl_interfaces/more_interfaces
-- Installing: /root/PILI_stealth_killer/pili_stealth_ws/install/more_interfaces/include/more_interfaces/more_interfaces
-- Installing: /root/PILI_stealth_killer/pili_stealth_ws/install/more_interfaces/include/more_interfaces/more_interfaces/msg
-- Installing: /root/PILI_stealth_killer/pili_stealth_ws/install/more_interfaces/include/more_interfaces/more_interfaces/msg/rosidl_generator_c__visibility_control.h
-- Installing: /root/PILI_stealth_killer/pili_stealth_ws/install/more_interfaces/include/more_interfaces/more_interfaces/msg/detail
-- Installing: /root/PILI_stealth_killer/pili_stealth_ws/install/more_interfaces/include/more_interfaces/more_interfaces/msg/detail/command__functions.c
-- Installing: /root/PILI_stealth_killer/pili_stealth_ws/install/more_interfaces/include/more_interfaces/more_interfaces/msg/detail/command__struct.h
-- Installing: /root/PILI_stealth_killer/pili_stealth_ws/install/more_interfaces/include/more_interfaces/more_interfaces/msg/detail/command__functions.h
-- Installing: /root/PILI_stealth_killer/pili_stealth_ws/install/more_interfaces/include/more_interfaces/more_interfaces/msg/detail/command__type_support.h
-- Installing: /root/PILI_stealth_killer/pili_stealth_ws/install/more_interfaces/include/more_interfaces/more_interfaces/msg/command.h
-- Installing: /root/PILI_stealth_killer/pili_stealth_ws/install/more_interfaces/include/more_interfaces/more_interfaces/srv
-- Installing: /root/PILI_stealth_killer/pili_stealth_ws/install/more_interfaces/include/more_interfaces/more_interfaces/srv/detail
-- Installing: /root/PILI_stealth_killer/pili_stealth_ws/install/more_interfaces/include/more_interfaces/more_interfaces/srv/detail/command_service__type_support.h
-- Installing: /root/PILI_stealth_killer/pili_stealth_ws/install/more_interfaces/include/more_interfaces/more_interfaces/srv/detail/command_service__struct.h
-- Installing: /root/PILI_stealth_killer/pili_stealth_ws/install/more_interfaces/include/more_interfaces/more_interfaces/srv/detail/command_service__functions.c
-- Installing: /root/PILI_stealth_killer/pili_stealth_ws/install/more_interfaces/include/more_interfaces/more_interfaces/srv/detail/command_service__functions.h
-- Installing: /root/PILI_stealth_killer/pili_stealth_ws/install/more_interfaces/include/more_interfaces/more_interfaces/srv/command_service.h
-- Installing: /root/PILI_stealth_killer/pili_stealth_ws/install/more_interfaces/share/more_interfaces/environment/library_path.sh
-- Installing: /root/PILI_stealth_killer/pili_stealth_ws/install/more_interfaces/share/more_interfaces/environment/library_path.dsv
-- Installing: /root/PILI_stealth_killer/pili_stealth_ws/install/more_interfaces/lib/libmore_interfaces__rosidl_generator_c.so
-- Set runtime path of "/root/PILI_stealth_killer/pili_stealth_ws/install/more_interfaces/lib/libmore_interfaces__rosidl_generator_c.so" to ""
-- Up-to-date: /root/PILI_stealth_killer/pili_stealth_ws/install/more_interfaces/include/more_interfaces/more_interfaces
-- Up-to-date: /root/PILI_stealth_killer/pili_stealth_ws/install/more_interfaces/include/more_interfaces/more_interfaces/msg
-- Installing: /root/PILI_stealth_killer/pili_stealth_ws/install/more_interfaces/include/more_interfaces/more_interfaces/msg/rosidl_typesupport_fastrtps_c__visibility_control.h
-- Up-to-date: /root/PILI_stealth_killer/pili_stealth_ws/install/more_interfaces/include/more_interfaces/more_interfaces/msg/detail
-- Installing: /root/PILI_stealth_killer/pili_stealth_ws/install/more_interfaces/include/more_interfaces/more_interfaces/msg/detail/command__rosidl_typesupport_fastrtps_c.h
-- Up-to-date: /root/PILI_stealth_killer/pili_stealth_ws/install/more_interfaces/include/more_interfaces/more_interfaces/srv
-- Up-to-date: /root/PILI_stealth_killer/pili_stealth_ws/install/more_interfaces/include/more_interfaces/more_interfaces/srv/detail
-- Installing: /root/PILI_stealth_killer/pili_stealth_ws/install/more_interfaces/include/more_interfaces/more_interfaces/srv/detail/command_service__rosidl_typesupport_fastrtps_c.h
-- Installing: /root/PILI_stealth_killer/pili_stealth_ws/install/more_interfaces/lib/libmore_interfaces__rosidl_typesupport_fastrtps_c.so
-- Set runtime path of "/root/PILI_stealth_killer/pili_stealth_ws/install/more_interfaces/lib/libmore_interfaces__rosidl_typesupport_fastrtps_c.so" to ""
-- Up-to-date: /root/PILI_stealth_killer/pili_stealth_ws/install/more_interfaces/include/more_interfaces/more_interfaces
-- Up-to-date: /root/PILI_stealth_killer/pili_stealth_ws/install/more_interfaces/include/more_interfaces/more_interfaces/msg
-- Up-to-date: /root/PILI_stealth_killer/pili_stealth_ws/install/more_interfaces/include/more_interfaces/more_interfaces/msg/detail
-- Installing: /root/PILI_stealth_killer/pili_stealth_ws/install/more_interfaces/include/more_interfaces/more_interfaces/msg/detail/command__rosidl_typesupport_introspection_c.h
-- Installing: /root/PILI_stealth_killer/pili_stealth_ws/install/more_interfaces/include/more_interfaces/more_interfaces/msg/detail/command__type_support.c
-- Installing: /root/PILI_stealth_killer/pili_stealth_ws/install/more_interfaces/include/more_interfaces/more_interfaces/msg/rosidl_typesupport_introspection_c__visibility_control.h
-- Up-to-date: /root/PILI_stealth_killer/pili_stealth_ws/install/more_interfaces/include/more_interfaces/more_interfaces/srv
-- Up-to-date: /root/PILI_stealth_killer/pili_stealth_ws/install/more_interfaces/include/more_interfaces/more_interfaces/srv/detail
-- Installing: /root/PILI_stealth_killer/pili_stealth_ws/install/more_interfaces/include/more_interfaces/more_interfaces/srv/detail/command_service__type_support.c
-- Installing: /root/PILI_stealth_killer/pili_stealth_ws/install/more_interfaces/include/more_interfaces/more_interfaces/srv/detail/command_service__rosidl_typesupport_introspection_c.h
-- Installing: /root/PILI_stealth_killer/pili_stealth_ws/install/more_interfaces/lib/libmore_interfaces__rosidl_typesupport_introspection_c.so
-- Set runtime path of "/root/PILI_stealth_killer/pili_stealth_ws/install/more_interfaces/lib/libmore_interfaces__rosidl_typesupport_introspection_c.so" to ""
-- Installing: /root/PILI_stealth_killer/pili_stealth_ws/install/more_interfaces/lib/libmore_interfaces__rosidl_typesupport_c.so
-- Set runtime path of "/root/PILI_stealth_killer/pili_stealth_ws/install/more_interfaces/lib/libmore_interfaces__rosidl_typesupport_c.so" to ""
-- Up-to-date: /root/PILI_stealth_killer/pili_stealth_ws/install/more_interfaces/include/more_interfaces/more_interfaces
-- Up-to-date: /root/PILI_stealth_killer/pili_stealth_ws/install/more_interfaces/include/more_interfaces/more_interfaces/msg
-- Installing: /root/PILI_stealth_killer/pili_stealth_ws/install/more_interfaces/include/more_interfaces/more_interfaces/msg/command.hpp
-- Up-to-date: /root/PILI_stealth_killer/pili_stealth_ws/install/more_interfaces/include/more_interfaces/more_interfaces/msg/detail
-- Installing: /root/PILI_stealth_killer/pili_stealth_ws/install/more_interfaces/include/more_interfaces/more_interfaces/msg/detail/command__traits.hpp
-- Installing: /root/PILI_stealth_killer/pili_stealth_ws/install/more_interfaces/include/more_interfaces/more_interfaces/msg/detail/command__struct.hpp
-- Installing: /root/PILI_stealth_killer/pili_stealth_ws/install/more_interfaces/include/more_interfaces/more_interfaces/msg/detail/command__builder.hpp
-- Up-to-date: /root/PILI_stealth_killer/pili_stealth_ws/install/more_interfaces/include/more_interfaces/more_interfaces/srv
-- Up-to-date: /root/PILI_stealth_killer/pili_stealth_ws/install/more_interfaces/include/more_interfaces/more_interfaces/srv/detail
-- Installing: /root/PILI_stealth_killer/pili_stealth_ws/install/more_interfaces/include/more_interfaces/more_interfaces/srv/detail/command_service__traits.hpp
-- Installing: /root/PILI_stealth_killer/pili_stealth_ws/install/more_interfaces/include/more_interfaces/more_interfaces/srv/detail/command_service__builder.hpp
-- Installing: /root/PILI_stealth_killer/pili_stealth_ws/install/more_interfaces/include/more_interfaces/more_interfaces/srv/detail/command_service__struct.hpp
-- Installing: /root/PILI_stealth_killer/pili_stealth_ws/install/more_interfaces/include/more_interfaces/more_interfaces/srv/command_service.hpp
-- Up-to-date: /root/PILI_stealth_killer/pili_stealth_ws/install/more_interfaces/include/more_interfaces/more_interfaces
-- Up-to-date: /root/PILI_stealth_killer/pili_stealth_ws/install/more_interfaces/include/more_interfaces/more_interfaces/msg
-- Up-to-date: /root/PILI_stealth_killer/pili_stealth_ws/install/more_interfaces/include/more_interfaces/more_interfaces/msg/detail
-- Installing: /root/PILI_stealth_killer/pili_stealth_ws/install/more_interfaces/include/more_interfaces/more_interfaces/msg/detail/command__rosidl_typesupport_fastrtps_cpp.hpp
-- Installing: /root/PILI_stealth_killer/pili_stealth_ws/install/more_interfaces/include/more_interfaces/more_interfaces/msg/detail/dds_fastrtps
-- Installing: /root/PILI_stealth_killer/pili_stealth_ws/install/more_interfaces/include/more_interfaces/more_interfaces/msg/rosidl_typesupport_fastrtps_cpp__visibility_control.h
-- Up-to-date: /root/PILI_stealth_killer/pili_stealth_ws/install/more_interfaces/include/more_interfaces/more_interfaces/srv
-- Up-to-date: /root/PILI_stealth_killer/pili_stealth_ws/install/more_interfaces/include/more_interfaces/more_interfaces/srv/detail
-- Installing: /root/PILI_stealth_killer/pili_stealth_ws/install/more_interfaces/include/more_interfaces/more_interfaces/srv/detail/dds_fastrtps
-- Installing: /root/PILI_stealth_killer/pili_stealth_ws/install/more_interfaces/include/more_interfaces/more_interfaces/srv/detail/command_service__rosidl_typesupport_fastrtps_cpp.hpp
-- Installing: /root/PILI_stealth_killer/pili_stealth_ws/install/more_interfaces/lib/libmore_interfaces__rosidl_typesupport_fastrtps_cpp.so
-- Set runtime path of "/root/PILI_stealth_killer/pili_stealth_ws/install/more_interfaces/lib/libmore_interfaces__rosidl_typesupport_fastrtps_cpp.so" to ""
-- Up-to-date: /root/PILI_stealth_killer/pili_stealth_ws/install/more_interfaces/include/more_interfaces/more_interfaces
-- Up-to-date: /root/PILI_stealth_killer/pili_stealth_ws/install/more_interfaces/include/more_interfaces/more_interfaces/msg
-- Up-to-date: /root/PILI_stealth_killer/pili_stealth_ws/install/more_interfaces/include/more_interfaces/more_interfaces/msg/detail
-- Installing: /root/PILI_stealth_killer/pili_stealth_ws/install/more_interfaces/include/more_interfaces/more_interfaces/msg/detail/command__rosidl_typesupport_introspection_cpp.hpp
-- Installing: /root/PILI_stealth_killer/pili_stealth_ws/install/more_interfaces/include/more_interfaces/more_interfaces/msg/detail/command__type_support.cpp
-- Up-to-date: /root/PILI_stealth_killer/pili_stealth_ws/install/more_interfaces/include/more_interfaces/more_interfaces/srv
-- Up-to-date: /root/PILI_stealth_killer/pili_stealth_ws/install/more_interfaces/include/more_interfaces/more_interfaces/srv/detail
-- Installing: /root/PILI_stealth_killer/pili_stealth_ws/install/more_interfaces/include/more_interfaces/more_interfaces/srv/detail/command_service__type_support.cpp
-- Installing: /root/PILI_stealth_killer/pili_stealth_ws/install/more_interfaces/include/more_interfaces/more_interfaces/srv/detail/command_service__rosidl_typesupport_introspection_cpp.hpp
-- Installing: /root/PILI_stealth_killer/pili_stealth_ws/install/more_interfaces/lib/libmore_interfaces__rosidl_typesupport_introspection_cpp.so
-- Set runtime path of "/root/PILI_stealth_killer/pili_stealth_ws/install/more_interfaces/lib/libmore_interfaces__rosidl_typesupport_introspection_cpp.so" to ""
-- Installing: /root/PILI_stealth_killer/pili_stealth_ws/install/more_interfaces/lib/libmore_interfaces__rosidl_typesupport_cpp.so
-- Set runtime path of "/root/PILI_stealth_killer/pili_stealth_ws/install/more_interfaces/lib/libmore_interfaces__rosidl_typesupport_cpp.so" to ""
-- Installing: /root/PILI_stealth_killer/pili_stealth_ws/install/more_interfaces/share/more_interfaces/environment/pythonpath.sh
-- Installing: /root/PILI_stealth_killer/pili_stealth_ws/install/more_interfaces/share/more_interfaces/environment/pythonpath.dsv
-- Installing: /root/PILI_stealth_killer/pili_stealth_ws/install/more_interfaces/local/lib/python3.10/dist-packages/more_interfaces-0.0.0-py3.10.egg-info
-- Installing: /root/PILI_stealth_killer/pili_stealth_ws/install/more_interfaces/local/lib/python3.10/dist-packages/more_interfaces-0.0.0-py3.10.egg-info/SOURCES.txt
-- Installing: /root/PILI_stealth_killer/pili_stealth_ws/install/more_interfaces/local/lib/python3.10/dist-packages/more_interfaces-0.0.0-py3.10.egg-info/top_level.txt
-- Installing: /root/PILI_stealth_killer/pili_stealth_ws/install/more_interfaces/local/lib/python3.10/dist-packages/more_interfaces-0.0.0-py3.10.egg-info/dependency_links.txt
-- Installing: /root/PILI_stealth_killer/pili_stealth_ws/install/more_interfaces/local/lib/python3.10/dist-packages/more_interfaces-0.0.0-py3.10.egg-info/PKG-INFO
-- Installing: /root/PILI_stealth_killer/pili_stealth_ws/install/more_interfaces/local/lib/python3.10/dist-packages/more_interfaces
-- Installing: /root/PILI_stealth_killer/pili_stealth_ws/install/more_interfaces/local/lib/python3.10/dist-packages/more_interfaces/__init__.py
-- Installing: /root/PILI_stealth_killer/pili_stealth_ws/install/more_interfaces/local/lib/python3.10/dist-packages/more_interfaces/more_interfaces_s__rosidl_typesupport_introspection_c.cpython-310-x86_64-linux-gnu.so
-- Installing: /root/PILI_stealth_killer/pili_stealth_ws/install/more_interfaces/local/lib/python3.10/dist-packages/more_interfaces/more_interfaces_s__rosidl_typesupport_c.cpython-310-x86_64-linux-gnu.so
-- Installing: /root/PILI_stealth_killer/pili_stealth_ws/install/more_interfaces/local/lib/python3.10/dist-packages/more_interfaces/msg
-- Installing: /root/PILI_stealth_killer/pili_stealth_ws/install/more_interfaces/local/lib/python3.10/dist-packages/more_interfaces/msg/_command.py
-- Installing: /root/PILI_stealth_killer/pili_stealth_ws/install/more_interfaces/local/lib/python3.10/dist-packages/more_interfaces/msg/_command_s.c
-- Installing: /root/PILI_stealth_killer/pili_stealth_ws/install/more_interfaces/local/lib/python3.10/dist-packages/more_interfaces/msg/__init__.py
-- Installing: /root/PILI_stealth_killer/pili_stealth_ws/install/more_interfaces/local/lib/python3.10/dist-packages/more_interfaces/more_interfaces_s__rosidl_typesupport_fastrtps_c.cpython-310-x86_64-linux-gnu.so
-- Installing: /root/PILI_stealth_killer/pili_stealth_ws/install/more_interfaces/local/lib/python3.10/dist-packages/more_interfaces/srv
-- Installing: /root/PILI_stealth_killer/pili_stealth_ws/install/more_interfaces/local/lib/python3.10/dist-packages/more_interfaces/srv/__init__.py
-- Installing: /root/PILI_stealth_killer/pili_stealth_ws/install/more_interfaces/local/lib/python3.10/dist-packages/more_interfaces/srv/_command_service_s.c
-- Installing: /root/PILI_stealth_killer/pili_stealth_ws/install/more_interfaces/local/lib/python3.10/dist-packages/more_interfaces/srv/_command_service.py
-- Installing: /root/PILI_stealth_killer/pili_stealth_ws/install/more_interfaces/local/lib/python3.10/dist-packages/more_interfaces/libmore_interfaces__rosidl_generator_py.so
-- Installing: /root/PILI_stealth_killer/pili_stealth_ws/install/more_interfaces/local/lib/python3.10/dist-packages/more_interfaces/_more_interfaces_s.ep.rosidl_typesupport_introspection_c.c
-- Installing: /root/PILI_stealth_killer/pili_stealth_ws/install/more_interfaces/local/lib/python3.10/dist-packages/more_interfaces/_more_interfaces_s.ep.rosidl_typesupport_fastrtps_c.c
-- Installing: /root/PILI_stealth_killer/pili_stealth_ws/install/more_interfaces/local/lib/python3.10/dist-packages/more_interfaces/_more_interfaces_s.ep.rosidl_typesupport_c.c
Listing '/root/PILI_stealth_killer/pili_stealth_ws/install/more_interfaces/local/lib/python3.10/dist-packages/more_interfaces'...
Compiling '/root/PILI_stealth_killer/pili_stealth_ws/install/more_interfaces/local/lib/python3.10/dist-packages/more_interfaces/__init__.py'...
Listing '/root/PILI_stealth_killer/pili_stealth_ws/install/more_interfaces/local/lib/python3.10/dist-packages/more_interfaces/msg'...
Compiling '/root/PILI_stealth_killer/pili_stealth_ws/install/more_interfaces/local/lib/python3.10/dist-packages/more_interfaces/msg/__init__.py'...
Compiling '/root/PILI_stealth_killer/pili_stealth_ws/install/more_interfaces/local/lib/python3.10/dist-packages/more_interfaces/msg/_command.py'...
Listing '/root/PILI_stealth_killer/pili_stealth_ws/install/more_interfaces/local/lib/python3.10/dist-packages/more_interfaces/srv'...
Compiling '/root/PILI_stealth_killer/pili_stealth_ws/install/more_interfaces/local/lib/python3.10/dist-packages/more_interfaces/srv/__init__.py'...
Compiling '/root/PILI_stealth_killer/pili_stealth_ws/install/more_interfaces/local/lib/python3.10/dist-packages/more_interfaces/srv/_command_service.py'...
-- Installing: /root/PILI_stealth_killer/pili_stealth_ws/install/more_interfaces/local/lib/python3.10/dist-packages/more_interfaces/more_interfaces_s__rosidl_typesupport_fastrtps_c.cpython-310-x86_64-linux-gnu.so
-- Set runtime path of "/root/PILI_stealth_killer/pili_stealth_ws/install/more_interfaces/local/lib/python3.10/dist-packages/more_interfaces/more_interfaces_s__rosidl_typesupport_fastrtps_c.cpython-310-x86_64-linux-gnu.so" to ""
-- Installing: /root/PILI_stealth_killer/pili_stealth_ws/install/more_interfaces/local/lib/python3.10/dist-packages/more_interfaces/more_interfaces_s__rosidl_typesupport_introspection_c.cpython-310-x86_64-linux-gnu.so
-- Set runtime path of "/root/PILI_stealth_killer/pili_stealth_ws/install/more_interfaces/local/lib/python3.10/dist-packages/more_interfaces/more_interfaces_s__rosidl_typesupport_introspection_c.cpython-310-x86_64-linux-gnu.so" to ""
-- Installing: /root/PILI_stealth_killer/pili_stealth_ws/install/more_interfaces/local/lib/python3.10/dist-packages/more_interfaces/more_interfaces_s__rosidl_typesupport_c.cpython-310-x86_64-linux-gnu.so
-- Set runtime path of "/root/PILI_stealth_killer/pili_stealth_ws/install/more_interfaces/local/lib/python3.10/dist-packages/more_interfaces/more_interfaces_s__rosidl_typesupport_c.cpython-310-x86_64-linux-gnu.so" to ""
-- Installing: /root/PILI_stealth_killer/pili_stealth_ws/install/more_interfaces/lib/libmore_interfaces__rosidl_generator_py.so
-- Set runtime path of "/root/PILI_stealth_killer/pili_stealth_ws/install/more_interfaces/lib/libmore_interfaces__rosidl_generator_py.so" to ""
-- Installing: /root/PILI_stealth_killer/pili_stealth_ws/install/more_interfaces/share/more_interfaces/msg/Command.idl
-- Installing: /root/PILI_stealth_killer/pili_stealth_ws/install/more_interfaces/share/more_interfaces/srv/CommandService.idl
-- Installing: /root/PILI_stealth_killer/pili_stealth_ws/install/more_interfaces/share/more_interfaces/msg/Command.msg
-- Installing: /root/PILI_stealth_killer/pili_stealth_ws/install/more_interfaces/share/more_interfaces/srv/CommandService.srv
-- Installing: /root/PILI_stealth_killer/pili_stealth_ws/install/more_interfaces/share/more_interfaces/srv/CommandService_Request.msg
-- Installing: /root/PILI_stealth_killer/pili_stealth_ws/install/more_interfaces/share/more_interfaces/srv/CommandService_Response.msg
-- Installing: /root/PILI_stealth_killer/pili_stealth_ws/install/more_interfaces/share/ament_index/resource_index/package_run_dependencies/more_interfaces
-- Installing: /root/PILI_stealth_killer/pili_stealth_ws/install/more_interfaces/share/ament_index/resource_index/parent_prefix_path/more_interfaces
-- Installing: /root/PILI_stealth_killer/pili_stealth_ws/install/more_interfaces/share/more_interfaces/environment/ament_prefix_path.sh
-- Installing: /root/PILI_stealth_killer/pili_stealth_ws/install/more_interfaces/share/more_interfaces/environment/ament_prefix_path.dsv
-- Installing: /root/PILI_stealth_killer/pili_stealth_ws/install/more_interfaces/share/more_interfaces/environment/path.sh
-- Installing: /root/PILI_stealth_killer/pili_stealth_ws/install/more_interfaces/share/more_interfaces/environment/path.dsv
-- Installing: /root/PILI_stealth_killer/pili_stealth_ws/install/more_interfaces/share/more_interfaces/local_setup.bash
-- Installing: /root/PILI_stealth_killer/pili_stealth_ws/install/more_interfaces/share/more_interfaces/local_setup.sh
-- Installing: /root/PILI_stealth_killer/pili_stealth_ws/install/more_interfaces/share/more_interfaces/local_setup.zsh
-- Installing: /root/PILI_stealth_killer/pili_stealth_ws/install/more_interfaces/share/more_interfaces/local_setup.dsv
-- Installing: /root/PILI_stealth_killer/pili_stealth_ws/install/more_interfaces/share/more_interfaces/package.dsv
-- Installing: /root/PILI_stealth_killer/pili_stealth_ws/install/more_interfaces/share/ament_index/resource_index/packages/more_interfaces
-- Installing: /root/PILI_stealth_killer/pili_stealth_ws/install/more_interfaces/share/more_interfaces/cmake/export_more_interfaces__rosidl_generator_cExport.cmake
-- Installing: /root/PILI_stealth_killer/pili_stealth_ws/install/more_interfaces/share/more_interfaces/cmake/export_more_interfaces__rosidl_generator_cExport-noconfig.cmake
-- Installing: /root/PILI_stealth_killer/pili_stealth_ws/install/more_interfaces/share/more_interfaces/cmake/export_more_interfaces__rosidl_typesupport_fastrtps_cExport.cmake
-- Installing: /root/PILI_stealth_killer/pili_stealth_ws/install/more_interfaces/share/more_interfaces/cmake/export_more_interfaces__rosidl_typesupport_fastrtps_cExport-noconfig.cmake
-- Installing: /root/PILI_stealth_killer/pili_stealth_ws/install/more_interfaces/share/more_interfaces/cmake/more_interfaces__rosidl_typesupport_introspection_cExport.cmake
-- Installing: /root/PILI_stealth_killer/pili_stealth_ws/install/more_interfaces/share/more_interfaces/cmake/more_interfaces__rosidl_typesupport_introspection_cExport-noconfig.cmake
-- Installing: /root/PILI_stealth_killer/pili_stealth_ws/install/more_interfaces/share/more_interfaces/cmake/more_interfaces__rosidl_typesupport_cExport.cmake
-- Installing: /root/PILI_stealth_killer/pili_stealth_ws/install/more_interfaces/share/more_interfaces/cmake/more_interfaces__rosidl_typesupport_cExport-noconfig.cmake
-- Installing: /root/PILI_stealth_killer/pili_stealth_ws/install/more_interfaces/share/more_interfaces/cmake/export_more_interfaces__rosidl_generator_cppExport.cmake
-- Installing: /root/PILI_stealth_killer/pili_stealth_ws/install/more_interfaces/share/more_interfaces/cmake/export_more_interfaces__rosidl_typesupport_fastrtps_cppExport.cmake
-- Installing: /root/PILI_stealth_killer/pili_stealth_ws/install/more_interfaces/share/more_interfaces/cmake/export_more_interfaces__rosidl_typesupport_fastrtps_cppExport-noconfig.cmake
-- Installing: /root/PILI_stealth_killer/pili_stealth_ws/install/more_interfaces/share/more_interfaces/cmake/more_interfaces__rosidl_typesupport_introspection_cppExport.cmake
-- Installing: /root/PILI_stealth_killer/pili_stealth_ws/install/more_interfaces/share/more_interfaces/cmake/more_interfaces__rosidl_typesupport_introspection_cppExport-noconfig.cmake
-- Installing: /root/PILI_stealth_killer/pili_stealth_ws/install/more_interfaces/share/more_interfaces/cmake/more_interfaces__rosidl_typesupport_cppExport.cmake
-- Installing: /root/PILI_stealth_killer/pili_stealth_ws/install/more_interfaces/share/more_interfaces/cmake/more_interfaces__rosidl_typesupport_cppExport-noconfig.cmake
-- Installing: /root/PILI_stealth_killer/pili_stealth_ws/install/more_interfaces/share/more_interfaces/cmake/export_more_interfaces__rosidl_generator_pyExport.cmake
-- Installing: /root/PILI_stealth_killer/pili_stealth_ws/install/more_interfaces/share/more_interfaces/cmake/export_more_interfaces__rosidl_generator_pyExport-noconfig.cmake
-- Installing: /root/PILI_stealth_killer/pili_stealth_ws/install/more_interfaces/share/more_interfaces/cmake/rosidl_cmake-extras.cmake
-- Installing: /root/PILI_stealth_killer/pili_stealth_ws/install/more_interfaces/share/more_interfaces/cmake/ament_cmake_export_include_directories-extras.cmake
-- Installing: /root/PILI_stealth_killer/pili_stealth_ws/install/more_interfaces/share/more_interfaces/cmake/ament_cmake_export_libraries-extras.cmake
-- Installing: /root/PILI_stealth_killer/pili_stealth_ws/install/more_interfaces/share/more_interfaces/cmake/ament_cmake_export_targets-extras.cmake
-- Installing: /root/PILI_stealth_killer/pili_stealth_ws/install/more_interfaces/share/more_interfaces/cmake/rosidl_cmake_export_typesupport_targets-extras.cmake
-- Installing: /root/PILI_stealth_killer/pili_stealth_ws/install/more_interfaces/share/more_interfaces/cmake/ament_cmake_export_dependencies-extras.cmake
-- Installing: /root/PILI_stealth_killer/pili_stealth_ws/install/more_interfaces/share/more_interfaces/cmake/rosidl_cmake_export_typesupport_libraries-extras.cmake
-- Installing: /root/PILI_stealth_killer/pili_stealth_ws/install/more_interfaces/share/more_interfaces/cmake/more_interfacesConfig.cmake
-- Installing: /root/PILI_stealth_killer/pili_stealth_ws/install/more_interfaces/share/more_interfaces/cmake/more_interfacesConfig-version.cmake
-- Installing: /root/PILI_stealth_killer/pili_stealth_ws/install/more_interfaces/share/more_interfaces/package.xml
