[ 11%] Built target command_interfaces__rosidl_generator_c
[  8%] Built target command_interfaces__cpp
[ 17%] Built target server
[ 17%] Built target ament_cmake_python_copy_command_interfaces
[35m[1mConsolidate compiler generated dependencies of target client[0m
[ 25%] Built target command_interfaces__rosidl_typesupport_cpp
[ 31%] [32mBuilding CXX object CMakeFiles/client.dir/src/send_command_client.cpp.o[0m
[ 37%] Built target command_interfaces__rosidl_typesupport_fastrtps_c
[ 45%] Built target command_interfaces__rosidl_typesupport_fastrtps_cpp
[ 54%] Built target command_interfaces__rosidl_typesupport_introspection_c
[ 62%] Built target command_interfaces__rosidl_typesupport_c
[ 71%] Built target command_interfaces__rosidl_typesupport_introspection_cpp
[ 71%] Built target command_interfaces
[ 74%] Built target command_interfaces__py
[ 80%] Built target command_interfaces__rosidl_generator_py
[ 91%] Built target command_interfaces__rosidl_typesupport_introspection_c__pyext
[ 91%] Built target command_interfaces__rosidl_typesupport_fastrtps_c__pyext
[ 97%] Built target command_interfaces__rosidl_typesupport_c__pyext
running egg_info
writing command_interfaces.egg-info/PKG-INFO
writing dependency_links to command_interfaces.egg-info/dependency_links.txt
writing top-level names to command_interfaces.egg-info/top_level.txt
reading manifest file 'command_interfaces.egg-info/SOURCES.txt'
writing manifest file 'command_interfaces.egg-info/SOURCES.txt'
[ 97%] Built target ament_cmake_python_build_command_interfaces_egg
[01m[K/root/PILI_stealth_killer/pili_stealth_ws/src/command_interfaces/src/send_command_client.cpp:[m[K In function ‘[01m[Kint main(int, char**)[m[K’:
[01m[K/root/PILI_stealth_killer/pili_stealth_ws/src/command_interfaces/src/send_command_client.cpp:28:41:[m[K [01;31m[Kerror: [m[K‘[01m[Ks[m[K’ was not declared in this scope
   28 |     while (!client->wait_for_service(1, [01;31m[Ks[m[K)) {
      |                                         [01;31m[K^[m[K
gmake[2]: *** [CMakeFiles/client.dir/build.make:76: CMakeFiles/client.dir/src/send_command_client.cpp.o] Error 1
gmake[1]: *** [CMakeFiles/Makefile2:620: CMakeFiles/client.dir/all] Error 2
gmake: *** [Makefile:146: all] Error 2
