[0.013s] Invoking command in '/root/PILI_stealth_killer/pili_stealth_ws/build/command_interfaces': CMAKE_PREFIX_PATH=${CMAKE_PREFIX_PATH}:/opt/ros/humble /usr/bin/cmake --build /root/PILI_stealth_killer/pili_stealth_ws/build/command_interfaces -- -j4 -l4
[0.072s] [ 11%] Built target command_interfaces__rosidl_generator_c
[0.072s] [  8%] Built target command_interfaces__cpp
[0.086s] [ 17%] Built target server
[0.089s] [ 17%] Built target ament_cmake_python_copy_command_interfaces
[0.091s] [35m[1mConsolidate compiler generated dependencies of target client[0m
[0.103s] [ 25%] Built target command_interfaces__rosidl_typesupport_cpp
[0.120s] [ 31%] [32mBuilding CXX object CMakeFiles/client.dir/src/send_command_client.cpp.o[0m
[0.120s] [ 37%] Built target command_interfaces__rosidl_typesupport_fastrtps_c
[0.128s] [ 45%] Built target command_interfaces__rosidl_typesupport_fastrtps_cpp
[0.137s] [ 54%] Built target command_interfaces__rosidl_typesupport_introspection_c
[0.148s] [ 62%] Built target command_interfaces__rosidl_typesupport_c
[0.161s] [ 71%] Built target command_interfaces__rosidl_typesupport_introspection_cpp
[0.182s] [ 71%] Built target command_interfaces
[0.205s] [ 74%] Built target command_interfaces__py
[0.231s] [ 80%] Built target command_interfaces__rosidl_generator_py
[0.259s] [ 91%] Built target command_interfaces__rosidl_typesupport_introspection_c__pyext
[0.259s] [ 91%] Built target command_interfaces__rosidl_typesupport_fastrtps_c__pyext
[0.284s] [ 97%] Built target command_interfaces__rosidl_typesupport_c__pyext
[0.395s] running egg_info
[0.396s] writing command_interfaces.egg-info/PKG-INFO
[0.396s] writing dependency_links to command_interfaces.egg-info/dependency_links.txt
[0.400s] writing top-level names to command_interfaces.egg-info/top_level.txt
[0.404s] reading manifest file 'command_interfaces.egg-info/SOURCES.txt'
[0.405s] writing manifest file 'command_interfaces.egg-info/SOURCES.txt'
[0.462s] [ 97%] Built target ament_cmake_python_build_command_interfaces_egg
[2.953s] [01m[K/root/PILI_stealth_killer/pili_stealth_ws/src/command_interfaces/src/send_command_client.cpp:[m[K In function ‘[01m[Kint main(int, char**)[m[K’:
[2.953s] [01m[K/root/PILI_stealth_killer/pili_stealth_ws/src/command_interfaces/src/send_command_client.cpp:28:41:[m[K [01;31m[Kerror: [m[K‘[01m[Ks[m[K’ was not declared in this scope
[2.954s]    28 |     while (!client->wait_for_service(1, [01;31m[Ks[m[K)) {
[2.954s]       |                                         [01;31m[K^[m[K
[3.668s] gmake[2]: *** [CMakeFiles/client.dir/build.make:76: CMakeFiles/client.dir/src/send_command_client.cpp.o] Error 1
[3.668s] gmake[1]: *** [CMakeFiles/Makefile2:620: CMakeFiles/client.dir/all] Error 2
[3.669s] gmake: *** [Makefile:146: all] Error 2
[3.671s] Invoked command in '/root/PILI_stealth_killer/pili_stealth_ws/build/command_interfaces' returned '2': CMAKE_PREFIX_PATH=${CMAKE_PREFIX_PATH}:/opt/ros/humble /usr/bin/cmake --build /root/PILI_stealth_killer/pili_stealth_ws/build/command_interfaces -- -j4 -l4
