[0.013s] Invoking command in '/root/PILI_stealth_killer/pili_stealth_ws/build/command_interfaces': CMAKE_PREFIX_PATH=${CMAKE_PREFIX_PATH}:/opt/ros/humble /usr/bin/cmake --build /root/PILI_stealth_killer/pili_stealth_ws/build/command_interfaces -- -j4 -l4
[0.078s] [  5%] Built target command_interfaces__cpp
[0.078s] [ 11%] Built target command_interfaces__rosidl_generator_c
[0.088s] [ 11%] Built target ament_cmake_python_copy_command_interfaces
[0.090s] [35m[1mConsolidate compiler generated dependencies of target client[0m
[0.096s] [ 17%] Built target server
[0.115s] [ 20%] [32mBuilding CXX object CMakeFiles/client.dir/src/send_command_client.cpp.o[0m
[0.120s] [ 28%] Built target command_interfaces__rosidl_typesupport_cpp
[0.126s] [ 37%] Built target command_interfaces__rosidl_typesupport_fastrtps_c
[0.133s] [ 45%] Built target command_interfaces__rosidl_typesupport_fastrtps_cpp
[0.154s] [ 54%] Built target command_interfaces__rosidl_typesupport_introspection_c
[0.154s] [ 62%] Built target command_interfaces__rosidl_typesupport_c
[0.163s] [ 71%] Built target command_interfaces__rosidl_typesupport_introspection_cpp
[0.185s] [ 71%] Built target command_interfaces
[0.209s] [ 74%] Built target command_interfaces__py
[0.235s] [ 80%] Built target command_interfaces__rosidl_generator_py
[0.262s] [ 91%] Built target command_interfaces__rosidl_typesupport_fastrtps_c__pyext
[0.264s] [ 91%] Built target command_interfaces__rosidl_typesupport_introspection_c__pyext
[0.288s] [ 97%] Built target command_interfaces__rosidl_typesupport_c__pyext
[0.405s] running egg_info
[0.406s] writing command_interfaces.egg-info/PKG-INFO
[0.406s] writing dependency_links to command_interfaces.egg-info/dependency_links.txt
[0.409s] writing top-level names to command_interfaces.egg-info/top_level.txt
[0.412s] reading manifest file 'command_interfaces.egg-info/SOURCES.txt'
[0.413s] writing manifest file 'command_interfaces.egg-info/SOURCES.txt'
[0.420s] [01m[K/root/PILI_stealth_killer/pili_stealth_ws/src/command_interfaces/src/send_command_client.cpp:28:38:[m[K [01;35m[Kwarning: [m[Kmulti-character character constant [[01;35m[K-Wmultichar[m[K]
[0.420s]    28 |     while (!client->wait_for_service([01;35m[K'1s'[m[K)) {
[0.420s]       |                                      [01;35m[K^~~~[m[K
[0.470s] [ 97%] Built target ament_cmake_python_build_command_interfaces_egg
[2.956s] [01m[K/root/PILI_stealth_killer/pili_stealth_ws/src/command_interfaces/src/send_command_client.cpp:[m[K In function ‘[01m[Kint main(int, char**)[m[K’:
[2.956s] [01m[K/root/PILI_stealth_killer/pili_stealth_ws/src/command_interfaces/src/send_command_client.cpp:28:37:[m[K [01;31m[Kerror: [m[Kno matching function for call to ‘[01m[Krclcpp::Client<command_interfaces::srv::Command>::wait_for_service(int)[m[K’
[2.956s]    28 |     while (![01;31m[Kclient->wait_for_service('1s')[m[K) {
[2.956s]       |             [01;31m[K~~~~~~~~~~~~~~~~~~~~~~~~^~~~~~[m[K
[2.956s] In file included from [01m[K/opt/ros/humble/include/rclcpp/rclcpp/callback_group.hpp:24[m[K,
[2.956s]                  from [01m[K/opt/ros/humble/include/rclcpp/rclcpp/any_executable.hpp:20[m[K,
[2.957s]                  from [01m[K/opt/ros/humble/include/rclcpp/rclcpp/memory_strategy.hpp:25[m[K,
[2.957s]                  from [01m[K/opt/ros/humble/include/rclcpp/rclcpp/memory_strategies.hpp:18[m[K,
[2.957s]                  from [01m[K/opt/ros/humble/include/rclcpp/rclcpp/executor_options.hpp:20[m[K,
[2.957s]                  from [01m[K/opt/ros/humble/include/rclcpp/rclcpp/executor.hpp:37[m[K,
[2.957s]                  from [01m[K/opt/ros/humble/include/rclcpp/rclcpp/executors/multi_threaded_executor.hpp:25[m[K,
[2.957s]                  from [01m[K/opt/ros/humble/include/rclcpp/rclcpp/executors.hpp:21[m[K,
[2.957s]                  from [01m[K/opt/ros/humble/include/rclcpp/rclcpp/rclcpp.hpp:155[m[K,
[2.957s]                  from [01m[K/root/PILI_stealth_killer/pili_stealth_ws/src/command_interfaces/src/send_command_client.cpp:6[m[K:
[2.957s] [01m[K/opt/ros/humble/include/rclcpp/rclcpp/client.hpp:195:3:[m[K [01;36m[Knote: [m[Kcandidate: ‘[01m[Ktemplate<class RepT, class RatioT> bool rclcpp::ClientBase::wait_for_service(std::chrono::duration<_Rep1, _Period1>)[m[K’
[2.957s]   195 |   [01;36m[Kwait_for_service[m[K(
[2.957s]       |   [01;36m[K^~~~~~~~~~~~~~~~[m[K
[2.957s] [01m[K/opt/ros/humble/include/rclcpp/rclcpp/client.hpp:195:3:[m[K [01;36m[Knote: [m[K  template argument deduction/substitution failed:
[2.957s] [01m[K/root/PILI_stealth_killer/pili_stealth_ws/src/command_interfaces/src/send_command_client.cpp:28:37:[m[K [01;36m[Knote: [m[K  mismatched types ‘[01m[Kstd::chrono::duration<_Rep1, _Period1>[m[K’ and ‘[01m[Kint[m[K’
[2.957s]    28 |     while (![01;36m[Kclient->wait_for_service('1s')[m[K) {
[2.957s]       |             [01;36m[K~~~~~~~~~~~~~~~~~~~~~~~~^~~~~~[m[K
[3.670s] gmake[2]: *** [CMakeFiles/client.dir/build.make:76: CMakeFiles/client.dir/src/send_command_client.cpp.o] Error 1
[3.670s] gmake[1]: *** [CMakeFiles/Makefile2:620: CMakeFiles/client.dir/all] Error 2
[3.671s] gmake: *** [Makefile:146: all] Error 2
[3.673s] Invoked command in '/root/PILI_stealth_killer/pili_stealth_ws/build/command_interfaces' returned '2': CMAKE_PREFIX_PATH=${CMAKE_PREFIX_PATH}:/opt/ros/humble /usr/bin/cmake --build /root/PILI_stealth_killer/pili_stealth_ws/build/command_interfaces -- -j4 -l4
