[0.039s] Invoking command in '/root/PILI_stealth_killer/pili_stealth_ws/build/more_interfaces': CMAKE_PREFIX_PATH=${CMAKE_PREFIX_PATH}:/opt/ros/humble /usr/bin/cmake --build /root/PILI_stealth_killer/pili_stealth_ws/build/more_interfaces -- -j8 -l8
[0.075s] [  2%] Built target more_interfaces__cpp
[0.075s] [ 12%] Built target more_interfaces__rosidl_generator_c
[0.082s] [ 12%] Built target ament_cmake_python_copy_more_interfaces
[0.092s] [ 23%] Built target more_interfaces__rosidl_typesupport_cpp
[0.092s] [ 33%] Built target more_interfaces__rosidl_typesupport_introspection_cpp
[0.093s] [ 43%] Built target more_interfaces__rosidl_typesupport_fastrtps_cpp
[0.099s] [ 53%] Built target more_interfaces__rosidl_typesupport_c
[0.099s] [ 64%] Built target more_interfaces__rosidl_typesupport_introspection_c
[0.100s] [ 74%] Built target more_interfaces__rosidl_typesupport_fastrtps_c
[0.116s] [ 74%] Built target more_interfaces
[0.131s] [ 76%] Built target more_interfaces__py
[0.148s] [ 84%] Built target more_interfaces__rosidl_generator_py
[0.164s] [100%] Built target more_interfaces__rosidl_typesupport_introspection_c__pyext
[0.164s] [100%] Built target more_interfaces__rosidl_typesupport_fastrtps_c__pyext
[0.164s] [100%] Built target more_interfaces__rosidl_typesupport_c__pyext
[0.215s] running egg_info
[0.215s] writing more_interfaces.egg-info/PKG-INFO
[0.215s] writing dependency_links to more_interfaces.egg-info/dependency_links.txt
[0.216s] writing top-level names to more_interfaces.egg-info/top_level.txt
[0.217s] reading manifest file 'more_interfaces.egg-info/SOURCES.txt'
[0.218s] writing manifest file 'more_interfaces.egg-info/SOURCES.txt'
[0.238s] [100%] Built target ament_cmake_python_build_more_interfaces_egg
[0.246s] Invoked command in '/root/PILI_stealth_killer/pili_stealth_ws/build/more_interfaces' returned '0': CMAKE_PREFIX_PATH=${CMAKE_PREFIX_PATH}:/opt/ros/humble /usr/bin/cmake --build /root/PILI_stealth_killer/pili_stealth_ws/build/more_interfaces -- -j8 -l8
[0.300s] Invoking command in '/root/PILI_stealth_killer/pili_stealth_ws/build/more_interfaces': CMAKE_PREFIX_PATH=${CMAKE_PREFIX_PATH}:/opt/ros/humble /usr/bin/cmake --install /root/PILI_stealth_killer/pili_stealth_ws/build/more_interfaces
[0.308s] -- Install configuration: ""
[0.308s] -- Up-to-date: /root/PILI_stealth_killer/pili_stealth_ws/install/more_interfaces/share/ament_index/resource_index/rosidl_interfaces/more_interfaces
[0.309s] -- Up-to-date: /root/PILI_stealth_killer/pili_stealth_ws/install/more_interfaces/include/more_interfaces/more_interfaces
[0.309s] -- Up-to-date: /root/PILI_stealth_killer/pili_stealth_ws/install/more_interfaces/include/more_interfaces/more_interfaces/msg
[0.309s] -- Up-to-date: /root/PILI_stealth_killer/pili_stealth_ws/install/more_interfaces/include/more_interfaces/more_interfaces/msg/rosidl_generator_c__visibility_control.h
[0.309s] -- Up-to-date: /root/PILI_stealth_killer/pili_stealth_ws/install/more_interfaces/include/more_interfaces/more_interfaces/msg/detail
[0.309s] -- Up-to-date: /root/PILI_stealth_killer/pili_stealth_ws/install/more_interfaces/include/more_interfaces/more_interfaces/msg/detail/command__functions.c
[0.309s] -- Up-to-date: /root/PILI_stealth_killer/pili_stealth_ws/install/more_interfaces/include/more_interfaces/more_interfaces/msg/detail/command__struct.h
[0.309s] -- Up-to-date: /root/PILI_stealth_killer/pili_stealth_ws/install/more_interfaces/include/more_interfaces/more_interfaces/msg/detail/command__functions.h
[0.309s] -- Up-to-date: /root/PILI_stealth_killer/pili_stealth_ws/install/more_interfaces/include/more_interfaces/more_interfaces/msg/detail/command__type_support.h
[0.309s] -- Up-to-date: /root/PILI_stealth_killer/pili_stealth_ws/install/more_interfaces/include/more_interfaces/more_interfaces/msg/command.h
[0.309s] -- Up-to-date: /root/PILI_stealth_killer/pili_stealth_ws/install/more_interfaces/include/more_interfaces/more_interfaces/srv
[0.309s] -- Up-to-date: /root/PILI_stealth_killer/pili_stealth_ws/install/more_interfaces/include/more_interfaces/more_interfaces/srv/detail
[0.309s] -- Up-to-date: /root/PILI_stealth_killer/pili_stealth_ws/install/more_interfaces/include/more_interfaces/more_interfaces/srv/detail/command_service__type_support.h
[0.309s] -- Up-to-date: /root/PILI_stealth_killer/pili_stealth_ws/install/more_interfaces/include/more_interfaces/more_interfaces/srv/detail/command_service__struct.h
[0.309s] -- Up-to-date: /root/PILI_stealth_killer/pili_stealth_ws/install/more_interfaces/include/more_interfaces/more_interfaces/srv/detail/command_service__functions.c
[0.309s] -- Up-to-date: /root/PILI_stealth_killer/pili_stealth_ws/install/more_interfaces/include/more_interfaces/more_interfaces/srv/detail/command_service__functions.h
[0.310s] -- Up-to-date: /root/PILI_stealth_killer/pili_stealth_ws/install/more_interfaces/include/more_interfaces/more_interfaces/srv/command_service.h
[0.310s] -- Up-to-date: /root/PILI_stealth_killer/pili_stealth_ws/install/more_interfaces/share/more_interfaces/environment/library_path.sh
[0.310s] -- Up-to-date: /root/PILI_stealth_killer/pili_stealth_ws/install/more_interfaces/share/more_interfaces/environment/library_path.dsv
[0.310s] -- Up-to-date: /root/PILI_stealth_killer/pili_stealth_ws/install/more_interfaces/lib/libmore_interfaces__rosidl_generator_c.so
[0.310s] -- Up-to-date: /root/PILI_stealth_killer/pili_stealth_ws/install/more_interfaces/include/more_interfaces/more_interfaces
[0.310s] -- Up-to-date: /root/PILI_stealth_killer/pili_stealth_ws/install/more_interfaces/include/more_interfaces/more_interfaces/msg
[0.310s] -- Up-to-date: /root/PILI_stealth_killer/pili_stealth_ws/install/more_interfaces/include/more_interfaces/more_interfaces/msg/rosidl_typesupport_fastrtps_c__visibility_control.h
[0.310s] -- Up-to-date: /root/PILI_stealth_killer/pili_stealth_ws/install/more_interfaces/include/more_interfaces/more_interfaces/msg/detail
[0.310s] -- Up-to-date: /root/PILI_stealth_killer/pili_stealth_ws/install/more_interfaces/include/more_interfaces/more_interfaces/msg/detail/command__rosidl_typesupport_fastrtps_c.h
[0.310s] -- Up-to-date: /root/PILI_stealth_killer/pili_stealth_ws/install/more_interfaces/include/more_interfaces/more_interfaces/srv
[0.310s] -- Up-to-date: /root/PILI_stealth_killer/pili_stealth_ws/install/more_interfaces/include/more_interfaces/more_interfaces/srv/detail
[0.310s] -- Up-to-date: /root/PILI_stealth_killer/pili_stealth_ws/install/more_interfaces/include/more_interfaces/more_interfaces/srv/detail/command_service__rosidl_typesupport_fastrtps_c.h
[0.310s] -- Up-to-date: /root/PILI_stealth_killer/pili_stealth_ws/install/more_interfaces/lib/libmore_interfaces__rosidl_typesupport_fastrtps_c.so
[0.310s] -- Up-to-date: /root/PILI_stealth_killer/pili_stealth_ws/install/more_interfaces/include/more_interfaces/more_interfaces
[0.310s] -- Up-to-date: /root/PILI_stealth_killer/pili_stealth_ws/install/more_interfaces/include/more_interfaces/more_interfaces/msg
[0.310s] -- Up-to-date: /root/PILI_stealth_killer/pili_stealth_ws/install/more_interfaces/include/more_interfaces/more_interfaces/msg/detail
[0.310s] -- Up-to-date: /root/PILI_stealth_killer/pili_stealth_ws/install/more_interfaces/include/more_interfaces/more_interfaces/msg/detail/command__rosidl_typesupport_introspection_c.h
[0.310s] -- Up-to-date: /root/PILI_stealth_killer/pili_stealth_ws/install/more_interfaces/include/more_interfaces/more_interfaces/msg/detail/command__type_support.c
[0.310s] -- Up-to-date: /root/PILI_stealth_killer/pili_stealth_ws/install/more_interfaces/include/more_interfaces/more_interfaces/msg/rosidl_typesupport_introspection_c__visibility_control.h
[0.311s] -- Up-to-date: /root/PILI_stealth_killer/pili_stealth_ws/install/more_interfaces/include/more_interfaces/more_interfaces/srv
[0.311s] -- Up-to-date: /root/PILI_stealth_killer/pili_stealth_ws/install/more_interfaces/include/more_interfaces/more_interfaces/srv/detail
[0.311s] -- Up-to-date: /root/PILI_stealth_killer/pili_stealth_ws/install/more_interfaces/include/more_interfaces/more_interfaces/srv/detail/command_service__type_support.c
[0.311s] -- Up-to-date: /root/PILI_stealth_killer/pili_stealth_ws/install/more_interfaces/include/more_interfaces/more_interfaces/srv/detail/command_service__rosidl_typesupport_introspection_c.h
[0.311s] -- Up-to-date: /root/PILI_stealth_killer/pili_stealth_ws/install/more_interfaces/lib/libmore_interfaces__rosidl_typesupport_introspection_c.so
[0.311s] -- Up-to-date: /root/PILI_stealth_killer/pili_stealth_ws/install/more_interfaces/lib/libmore_interfaces__rosidl_typesupport_c.so
[0.311s] -- Up-to-date: /root/PILI_stealth_killer/pili_stealth_ws/install/more_interfaces/include/more_interfaces/more_interfaces
[0.311s] -- Up-to-date: /root/PILI_stealth_killer/pili_stealth_ws/install/more_interfaces/include/more_interfaces/more_interfaces/msg
[0.311s] -- Up-to-date: /root/PILI_stealth_killer/pili_stealth_ws/install/more_interfaces/include/more_interfaces/more_interfaces/msg/command.hpp
[0.311s] -- Up-to-date: /root/PILI_stealth_killer/pili_stealth_ws/install/more_interfaces/include/more_interfaces/more_interfaces/msg/detail
[0.311s] -- Up-to-date: /root/PILI_stealth_killer/pili_stealth_ws/install/more_interfaces/include/more_interfaces/more_interfaces/msg/detail/command__traits.hpp
[0.311s] -- Up-to-date: /root/PILI_stealth_killer/pili_stealth_ws/install/more_interfaces/include/more_interfaces/more_interfaces/msg/detail/command__struct.hpp
[0.311s] -- Up-to-date: /root/PILI_stealth_killer/pili_stealth_ws/install/more_interfaces/include/more_interfaces/more_interfaces/msg/detail/command__builder.hpp
[0.311s] -- Up-to-date: /root/PILI_stealth_killer/pili_stealth_ws/install/more_interfaces/include/more_interfaces/more_interfaces/srv
[0.311s] -- Up-to-date: /root/PILI_stealth_killer/pili_stealth_ws/install/more_interfaces/include/more_interfaces/more_interfaces/srv/detail
[0.311s] -- Up-to-date: /root/PILI_stealth_killer/pili_stealth_ws/install/more_interfaces/include/more_interfaces/more_interfaces/srv/detail/command_service__traits.hpp
[0.311s] -- Up-to-date: /root/PILI_stealth_killer/pili_stealth_ws/install/more_interfaces/include/more_interfaces/more_interfaces/srv/detail/command_service__builder.hpp
[0.311s] -- Up-to-date: /root/PILI_stealth_killer/pili_stealth_ws/install/more_interfaces/include/more_interfaces/more_interfaces/srv/detail/command_service__struct.hpp
[0.312s] -- Up-to-date: /root/PILI_stealth_killer/pili_stealth_ws/install/more_interfaces/include/more_interfaces/more_interfaces/srv/command_service.hpp
[0.312s] -- Up-to-date: /root/PILI_stealth_killer/pili_stealth_ws/install/more_interfaces/include/more_interfaces/more_interfaces
[0.312s] -- Up-to-date: /root/PILI_stealth_killer/pili_stealth_ws/install/more_interfaces/include/more_interfaces/more_interfaces/msg
[0.312s] -- Up-to-date: /root/PILI_stealth_killer/pili_stealth_ws/install/more_interfaces/include/more_interfaces/more_interfaces/msg/detail
[0.312s] -- Up-to-date: /root/PILI_stealth_killer/pili_stealth_ws/install/more_interfaces/include/more_interfaces/more_interfaces/msg/detail/command__rosidl_typesupport_fastrtps_cpp.hpp
[0.312s] -- Up-to-date: /root/PILI_stealth_killer/pili_stealth_ws/install/more_interfaces/include/more_interfaces/more_interfaces/msg/detail/dds_fastrtps
[0.312s] -- Up-to-date: /root/PILI_stealth_killer/pili_stealth_ws/install/more_interfaces/include/more_interfaces/more_interfaces/msg/rosidl_typesupport_fastrtps_cpp__visibility_control.h
[0.312s] -- Up-to-date: /root/PILI_stealth_killer/pili_stealth_ws/install/more_interfaces/include/more_interfaces/more_interfaces/srv
[0.312s] -- Up-to-date: /root/PILI_stealth_killer/pili_stealth_ws/install/more_interfaces/include/more_interfaces/more_interfaces/srv/detail
[0.312s] -- Up-to-date: /root/PILI_stealth_killer/pili_stealth_ws/install/more_interfaces/include/more_interfaces/more_interfaces/srv/detail/dds_fastrtps
[0.312s] -- Up-to-date: /root/PILI_stealth_killer/pili_stealth_ws/install/more_interfaces/include/more_interfaces/more_interfaces/srv/detail/command_service__rosidl_typesupport_fastrtps_cpp.hpp
[0.312s] -- Up-to-date: /root/PILI_stealth_killer/pili_stealth_ws/install/more_interfaces/lib/libmore_interfaces__rosidl_typesupport_fastrtps_cpp.so
[0.312s] -- Up-to-date: /root/PILI_stealth_killer/pili_stealth_ws/install/more_interfaces/include/more_interfaces/more_interfaces
[0.312s] -- Up-to-date: /root/PILI_stealth_killer/pili_stealth_ws/install/more_interfaces/include/more_interfaces/more_interfaces/msg
[0.312s] -- Up-to-date: /root/PILI_stealth_killer/pili_stealth_ws/install/more_interfaces/include/more_interfaces/more_interfaces/msg/detail
[0.312s] -- Up-to-date: /root/PILI_stealth_killer/pili_stealth_ws/install/more_interfaces/include/more_interfaces/more_interfaces/msg/detail/command__rosidl_typesupport_introspection_cpp.hpp
[0.312s] -- Up-to-date: /root/PILI_stealth_killer/pili_stealth_ws/install/more_interfaces/include/more_interfaces/more_interfaces/msg/detail/command__type_support.cpp
[0.312s] -- Up-to-date: /root/PILI_stealth_killer/pili_stealth_ws/install/more_interfaces/include/more_interfaces/more_interfaces/srv
[0.312s] -- Up-to-date: /root/PILI_stealth_killer/pili_stealth_ws/install/more_interfaces/include/more_interfaces/more_interfaces/srv/detail
[0.312s] -- Up-to-date: /root/PILI_stealth_killer/pili_stealth_ws/install/more_interfaces/include/more_interfaces/more_interfaces/srv/detail/command_service__type_support.cpp
[0.312s] -- Up-to-date: /root/PILI_stealth_killer/pili_stealth_ws/install/more_interfaces/include/more_interfaces/more_interfaces/srv/detail/command_service__rosidl_typesupport_introspection_cpp.hpp
[0.313s] -- Up-to-date: /root/PILI_stealth_killer/pili_stealth_ws/install/more_interfaces/lib/libmore_interfaces__rosidl_typesupport_introspection_cpp.so
[0.313s] -- Up-to-date: /root/PILI_stealth_killer/pili_stealth_ws/install/more_interfaces/lib/libmore_interfaces__rosidl_typesupport_cpp.so
[0.313s] -- Up-to-date: /root/PILI_stealth_killer/pili_stealth_ws/install/more_interfaces/share/more_interfaces/environment/pythonpath.sh
[0.313s] -- Up-to-date: /root/PILI_stealth_killer/pili_stealth_ws/install/more_interfaces/share/more_interfaces/environment/pythonpath.dsv
[0.313s] -- Up-to-date: /root/PILI_stealth_killer/pili_stealth_ws/install/more_interfaces/local/lib/python3.10/dist-packages/more_interfaces-0.0.0-py3.10.egg-info
[0.313s] -- Installing: /root/PILI_stealth_killer/pili_stealth_ws/install/more_interfaces/local/lib/python3.10/dist-packages/more_interfaces-0.0.0-py3.10.egg-info/SOURCES.txt
[0.313s] -- Installing: /root/PILI_stealth_killer/pili_stealth_ws/install/more_interfaces/local/lib/python3.10/dist-packages/more_interfaces-0.0.0-py3.10.egg-info/top_level.txt
[0.313s] -- Installing: /root/PILI_stealth_killer/pili_stealth_ws/install/more_interfaces/local/lib/python3.10/dist-packages/more_interfaces-0.0.0-py3.10.egg-info/dependency_links.txt
[0.313s] -- Installing: /root/PILI_stealth_killer/pili_stealth_ws/install/more_interfaces/local/lib/python3.10/dist-packages/more_interfaces-0.0.0-py3.10.egg-info/PKG-INFO
[0.313s] -- Up-to-date: /root/PILI_stealth_killer/pili_stealth_ws/install/more_interfaces/local/lib/python3.10/dist-packages/more_interfaces
[0.313s] -- Up-to-date: /root/PILI_stealth_killer/pili_stealth_ws/install/more_interfaces/local/lib/python3.10/dist-packages/more_interfaces/__init__.py
[0.313s] -- Up-to-date: /root/PILI_stealth_killer/pili_stealth_ws/install/more_interfaces/local/lib/python3.10/dist-packages/more_interfaces/more_interfaces_s__rosidl_typesupport_introspection_c.cpython-310-x86_64-linux-gnu.so
[0.313s] -- Up-to-date: /root/PILI_stealth_killer/pili_stealth_ws/install/more_interfaces/local/lib/python3.10/dist-packages/more_interfaces/more_interfaces_s__rosidl_typesupport_c.cpython-310-x86_64-linux-gnu.so
[0.313s] -- Up-to-date: /root/PILI_stealth_killer/pili_stealth_ws/install/more_interfaces/local/lib/python3.10/dist-packages/more_interfaces/msg
[0.313s] -- Up-to-date: /root/PILI_stealth_killer/pili_stealth_ws/install/more_interfaces/local/lib/python3.10/dist-packages/more_interfaces/msg/_command.py
[0.313s] -- Up-to-date: /root/PILI_stealth_killer/pili_stealth_ws/install/more_interfaces/local/lib/python3.10/dist-packages/more_interfaces/msg/_command_s.c
[0.313s] -- Up-to-date: /root/PILI_stealth_killer/pili_stealth_ws/install/more_interfaces/local/lib/python3.10/dist-packages/more_interfaces/msg/__init__.py
[0.313s] -- Up-to-date: /root/PILI_stealth_killer/pili_stealth_ws/install/more_interfaces/local/lib/python3.10/dist-packages/more_interfaces/more_interfaces_s__rosidl_typesupport_fastrtps_c.cpython-310-x86_64-linux-gnu.so
[0.313s] -- Up-to-date: /root/PILI_stealth_killer/pili_stealth_ws/install/more_interfaces/local/lib/python3.10/dist-packages/more_interfaces/srv
[0.313s] -- Up-to-date: /root/PILI_stealth_killer/pili_stealth_ws/install/more_interfaces/local/lib/python3.10/dist-packages/more_interfaces/srv/__init__.py
[0.313s] -- Up-to-date: /root/PILI_stealth_killer/pili_stealth_ws/install/more_interfaces/local/lib/python3.10/dist-packages/more_interfaces/srv/_command_service_s.c
[0.313s] -- Up-to-date: /root/PILI_stealth_killer/pili_stealth_ws/install/more_interfaces/local/lib/python3.10/dist-packages/more_interfaces/srv/_command_service.py
[0.313s] -- Up-to-date: /root/PILI_stealth_killer/pili_stealth_ws/install/more_interfaces/local/lib/python3.10/dist-packages/more_interfaces/libmore_interfaces__rosidl_generator_py.so
[0.313s] -- Up-to-date: /root/PILI_stealth_killer/pili_stealth_ws/install/more_interfaces/local/lib/python3.10/dist-packages/more_interfaces/_more_interfaces_s.ep.rosidl_typesupport_introspection_c.c
[0.314s] -- Up-to-date: /root/PILI_stealth_killer/pili_stealth_ws/install/more_interfaces/local/lib/python3.10/dist-packages/more_interfaces/_more_interfaces_s.ep.rosidl_typesupport_fastrtps_c.c
[0.314s] -- Up-to-date: /root/PILI_stealth_killer/pili_stealth_ws/install/more_interfaces/local/lib/python3.10/dist-packages/more_interfaces/_more_interfaces_s.ep.rosidl_typesupport_c.c
[0.334s] Listing '/root/PILI_stealth_killer/pili_stealth_ws/install/more_interfaces/local/lib/python3.10/dist-packages/more_interfaces'...
[0.334s] Listing '/root/PILI_stealth_killer/pili_stealth_ws/install/more_interfaces/local/lib/python3.10/dist-packages/more_interfaces/msg'...
[0.334s] Listing '/root/PILI_stealth_killer/pili_stealth_ws/install/more_interfaces/local/lib/python3.10/dist-packages/more_interfaces/srv'...
[0.337s] -- Up-to-date: /root/PILI_stealth_killer/pili_stealth_ws/install/more_interfaces/local/lib/python3.10/dist-packages/more_interfaces/more_interfaces_s__rosidl_typesupport_fastrtps_c.cpython-310-x86_64-linux-gnu.so
[0.337s] -- Up-to-date: /root/PILI_stealth_killer/pili_stealth_ws/install/more_interfaces/local/lib/python3.10/dist-packages/more_interfaces/more_interfaces_s__rosidl_typesupport_introspection_c.cpython-310-x86_64-linux-gnu.so
[0.337s] -- Up-to-date: /root/PILI_stealth_killer/pili_stealth_ws/install/more_interfaces/local/lib/python3.10/dist-packages/more_interfaces/more_interfaces_s__rosidl_typesupport_c.cpython-310-x86_64-linux-gnu.so
[0.338s] -- Up-to-date: /root/PILI_stealth_killer/pili_stealth_ws/install/more_interfaces/lib/libmore_interfaces__rosidl_generator_py.so
[0.338s] -- Up-to-date: /root/PILI_stealth_killer/pili_stealth_ws/install/more_interfaces/share/more_interfaces/msg/Command.idl
[0.338s] -- Up-to-date: /root/PILI_stealth_killer/pili_stealth_ws/install/more_interfaces/share/more_interfaces/srv/CommandService.idl
[0.338s] -- Up-to-date: /root/PILI_stealth_killer/pili_stealth_ws/install/more_interfaces/share/more_interfaces/msg/Command.msg
[0.338s] -- Up-to-date: /root/PILI_stealth_killer/pili_stealth_ws/install/more_interfaces/share/more_interfaces/srv/CommandService.srv
[0.338s] -- Up-to-date: /root/PILI_stealth_killer/pili_stealth_ws/install/more_interfaces/share/more_interfaces/srv/CommandService_Request.msg
[0.338s] -- Up-to-date: /root/PILI_stealth_killer/pili_stealth_ws/install/more_interfaces/share/more_interfaces/srv/CommandService_Response.msg
[0.338s] -- Up-to-date: /root/PILI_stealth_killer/pili_stealth_ws/install/more_interfaces/share/ament_index/resource_index/package_run_dependencies/more_interfaces
[0.338s] -- Up-to-date: /root/PILI_stealth_killer/pili_stealth_ws/install/more_interfaces/share/ament_index/resource_index/parent_prefix_path/more_interfaces
[0.338s] -- Up-to-date: /root/PILI_stealth_killer/pili_stealth_ws/install/more_interfaces/share/more_interfaces/environment/ament_prefix_path.sh
[0.338s] -- Up-to-date: /root/PILI_stealth_killer/pili_stealth_ws/install/more_interfaces/share/more_interfaces/environment/ament_prefix_path.dsv
[0.338s] -- Up-to-date: /root/PILI_stealth_killer/pili_stealth_ws/install/more_interfaces/share/more_interfaces/environment/path.sh
[0.338s] -- Up-to-date: /root/PILI_stealth_killer/pili_stealth_ws/install/more_interfaces/share/more_interfaces/environment/path.dsv
[0.338s] -- Up-to-date: /root/PILI_stealth_killer/pili_stealth_ws/install/more_interfaces/share/more_interfaces/local_setup.bash
[0.339s] -- Up-to-date: /root/PILI_stealth_killer/pili_stealth_ws/install/more_interfaces/share/more_interfaces/local_setup.sh
[0.339s] -- Up-to-date: /root/PILI_stealth_killer/pili_stealth_ws/install/more_interfaces/share/more_interfaces/local_setup.zsh
[0.339s] -- Up-to-date: /root/PILI_stealth_killer/pili_stealth_ws/install/more_interfaces/share/more_interfaces/local_setup.dsv
[0.339s] -- Installing: /root/PILI_stealth_killer/pili_stealth_ws/install/more_interfaces/share/more_interfaces/package.dsv
[0.339s] -- Up-to-date: /root/PILI_stealth_killer/pili_stealth_ws/install/more_interfaces/share/ament_index/resource_index/packages/more_interfaces
[0.339s] -- Up-to-date: /root/PILI_stealth_killer/pili_stealth_ws/install/more_interfaces/share/more_interfaces/cmake/export_more_interfaces__rosidl_generator_cExport.cmake
[0.339s] -- Up-to-date: /root/PILI_stealth_killer/pili_stealth_ws/install/more_interfaces/share/more_interfaces/cmake/export_more_interfaces__rosidl_generator_cExport-noconfig.cmake
[0.339s] -- Up-to-date: /root/PILI_stealth_killer/pili_stealth_ws/install/more_interfaces/share/more_interfaces/cmake/export_more_interfaces__rosidl_typesupport_fastrtps_cExport.cmake
[0.339s] -- Up-to-date: /root/PILI_stealth_killer/pili_stealth_ws/install/more_interfaces/share/more_interfaces/cmake/export_more_interfaces__rosidl_typesupport_fastrtps_cExport-noconfig.cmake
[0.339s] -- Up-to-date: /root/PILI_stealth_killer/pili_stealth_ws/install/more_interfaces/share/more_interfaces/cmake/more_interfaces__rosidl_typesupport_introspection_cExport.cmake
[0.339s] -- Up-to-date: /root/PILI_stealth_killer/pili_stealth_ws/install/more_interfaces/share/more_interfaces/cmake/more_interfaces__rosidl_typesupport_introspection_cExport-noconfig.cmake
[0.339s] -- Up-to-date: /root/PILI_stealth_killer/pili_stealth_ws/install/more_interfaces/share/more_interfaces/cmake/more_interfaces__rosidl_typesupport_cExport.cmake
[0.339s] -- Up-to-date: /root/PILI_stealth_killer/pili_stealth_ws/install/more_interfaces/share/more_interfaces/cmake/more_interfaces__rosidl_typesupport_cExport-noconfig.cmake
[0.339s] -- Up-to-date: /root/PILI_stealth_killer/pili_stealth_ws/install/more_interfaces/share/more_interfaces/cmake/export_more_interfaces__rosidl_generator_cppExport.cmake
[0.339s] -- Up-to-date: /root/PILI_stealth_killer/pili_stealth_ws/install/more_interfaces/share/more_interfaces/cmake/export_more_interfaces__rosidl_typesupport_fastrtps_cppExport.cmake
[0.339s] -- Up-to-date: /root/PILI_stealth_killer/pili_stealth_ws/install/more_interfaces/share/more_interfaces/cmake/export_more_interfaces__rosidl_typesupport_fastrtps_cppExport-noconfig.cmake
[0.339s] -- Up-to-date: /root/PILI_stealth_killer/pili_stealth_ws/install/more_interfaces/share/more_interfaces/cmake/more_interfaces__rosidl_typesupport_introspection_cppExport.cmake
[0.339s] -- Up-to-date: /root/PILI_stealth_killer/pili_stealth_ws/install/more_interfaces/share/more_interfaces/cmake/more_interfaces__rosidl_typesupport_introspection_cppExport-noconfig.cmake
[0.339s] -- Up-to-date: /root/PILI_stealth_killer/pili_stealth_ws/install/more_interfaces/share/more_interfaces/cmake/more_interfaces__rosidl_typesupport_cppExport.cmake
[0.339s] -- Up-to-date: /root/PILI_stealth_killer/pili_stealth_ws/install/more_interfaces/share/more_interfaces/cmake/more_interfaces__rosidl_typesupport_cppExport-noconfig.cmake
[0.340s] -- Up-to-date: /root/PILI_stealth_killer/pili_stealth_ws/install/more_interfaces/share/more_interfaces/cmake/export_more_interfaces__rosidl_generator_pyExport.cmake
[0.340s] -- Up-to-date: /root/PILI_stealth_killer/pili_stealth_ws/install/more_interfaces/share/more_interfaces/cmake/export_more_interfaces__rosidl_generator_pyExport-noconfig.cmake
[0.340s] -- Up-to-date: /root/PILI_stealth_killer/pili_stealth_ws/install/more_interfaces/share/more_interfaces/cmake/rosidl_cmake-extras.cmake
[0.340s] -- Up-to-date: /root/PILI_stealth_killer/pili_stealth_ws/install/more_interfaces/share/more_interfaces/cmake/ament_cmake_export_include_directories-extras.cmake
[0.340s] -- Up-to-date: /root/PILI_stealth_killer/pili_stealth_ws/install/more_interfaces/share/more_interfaces/cmake/ament_cmake_export_libraries-extras.cmake
[0.340s] -- Up-to-date: /root/PILI_stealth_killer/pili_stealth_ws/install/more_interfaces/share/more_interfaces/cmake/ament_cmake_export_targets-extras.cmake
[0.340s] -- Up-to-date: /root/PILI_stealth_killer/pili_stealth_ws/install/more_interfaces/share/more_interfaces/cmake/rosidl_cmake_export_typesupport_targets-extras.cmake
[0.340s] -- Up-to-date: /root/PILI_stealth_killer/pili_stealth_ws/install/more_interfaces/share/more_interfaces/cmake/ament_cmake_export_dependencies-extras.cmake
[0.340s] -- Up-to-date: /root/PILI_stealth_killer/pili_stealth_ws/install/more_interfaces/share/more_interfaces/cmake/rosidl_cmake_export_typesupport_libraries-extras.cmake
[0.340s] -- Up-to-date: /root/PILI_stealth_killer/pili_stealth_ws/install/more_interfaces/share/more_interfaces/cmake/more_interfacesConfig.cmake
[0.340s] -- Up-to-date: /root/PILI_stealth_killer/pili_stealth_ws/install/more_interfaces/share/more_interfaces/cmake/more_interfacesConfig-version.cmake
[0.340s] -- Up-to-date: /root/PILI_stealth_killer/pili_stealth_ws/install/more_interfaces/share/more_interfaces/package.xml
[0.341s] Invoked command in '/root/PILI_stealth_killer/pili_stealth_ws/build/more_interfaces' returned '0': CMAKE_PREFIX_PATH=${CMAKE_PREFIX_PATH}:/opt/ros/humble /usr/bin/cmake --install /root/PILI_stealth_killer/pili_stealth_ws/build/more_interfaces
