[0.031s] Invoking command in '/root/PILI_stealth_killer/pili_stealth_ws/build/userPkg': CMAKE_PREFIX_PATH=/root/PILI_stealth_killer/pili_stealth_ws/install/more_interfaces:/root/PILI_stealth_killer/pili_stealth_ws/install/userPkg:/opt/ros/humble /usr/bin/cmake --build /root/PILI_stealth_killer/pili_stealth_ws/build/userPkg -- -j8 -l8
[0.072s] [ 75%] [32mBuilding CXX object CMakeFiles/command_service_server.dir/src/command_service_server.cpp.o[0m
[0.072s] [ 75%] Built target command_service_client
[2.563s] [100%] [32m[1mLinking CXX executable command_service_server[0m
[2.668s] [100%] Built target command_service_server
[2.675s] Invoked command in '/root/PILI_stealth_killer/pili_stealth_ws/build/userPkg' returned '0': CMAKE_PREFIX_PATH=/root/PILI_stealth_killer/pili_stealth_ws/install/more_interfaces:/root/PILI_stealth_killer/pili_stealth_ws/install/userPkg:/opt/ros/humble /usr/bin/cmake --build /root/PILI_stealth_killer/pili_stealth_ws/build/userPkg -- -j8 -l8
[2.700s] Invoking command in '/root/PILI_stealth_killer/pili_stealth_ws/build/userPkg': CMAKE_PREFIX_PATH=/root/PILI_stealth_killer/pili_stealth_ws/install/more_interfaces:/root/PILI_stealth_killer/pili_stealth_ws/install/userPkg:/opt/ros/humble /usr/bin/cmake --install /root/PILI_stealth_killer/pili_stealth_ws/build/userPkg
[2.708s] -- Install configuration: ""
[2.708s] -- Installing: /root/PILI_stealth_killer/pili_stealth_ws/install/userPkg/lib/userPkg/command_service_server
[2.709s] -- Set runtime path of "/root/PILI_stealth_killer/pili_stealth_ws/install/userPkg/lib/userPkg/command_service_server" to ""
[2.709s] -- Up-to-date: /root/PILI_stealth_killer/pili_stealth_ws/install/userPkg/lib/userPkg/command_service_client
[2.709s] -- Up-to-date: /root/PILI_stealth_killer/pili_stealth_ws/install/userPkg/share/ament_index/resource_index/package_run_dependencies/userPkg
[2.709s] -- Up-to-date: /root/PILI_stealth_killer/pili_stealth_ws/install/userPkg/share/ament_index/resource_index/parent_prefix_path/userPkg
[2.709s] -- Up-to-date: /root/PILI_stealth_killer/pili_stealth_ws/install/userPkg/share/userPkg/environment/ament_prefix_path.sh
[2.709s] -- Up-to-date: /root/PILI_stealth_killer/pili_stealth_ws/install/userPkg/share/userPkg/environment/ament_prefix_path.dsv
[2.710s] -- Up-to-date: /root/PILI_stealth_killer/pili_stealth_ws/install/userPkg/share/userPkg/environment/path.sh
[2.710s] -- Up-to-date: /root/PILI_stealth_killer/pili_stealth_ws/install/userPkg/share/userPkg/environment/path.dsv
[2.710s] -- Up-to-date: /root/PILI_stealth_killer/pili_stealth_ws/install/userPkg/share/userPkg/local_setup.bash
[2.710s] -- Up-to-date: /root/PILI_stealth_killer/pili_stealth_ws/install/userPkg/share/userPkg/local_setup.sh
[2.710s] -- Up-to-date: /root/PILI_stealth_killer/pili_stealth_ws/install/userPkg/share/userPkg/local_setup.zsh
[2.710s] -- Up-to-date: /root/PILI_stealth_killer/pili_stealth_ws/install/userPkg/share/userPkg/local_setup.dsv
[2.710s] -- Installing: /root/PILI_stealth_killer/pili_stealth_ws/install/userPkg/share/userPkg/package.dsv
[2.710s] -- Up-to-date: /root/PILI_stealth_killer/pili_stealth_ws/install/userPkg/share/ament_index/resource_index/packages/userPkg
[2.710s] -- Up-to-date: /root/PILI_stealth_killer/pili_stealth_ws/install/userPkg/share/userPkg/cmake/userPkgConfig.cmake
[2.710s] -- Up-to-date: /root/PILI_stealth_killer/pili_stealth_ws/install/userPkg/share/userPkg/cmake/userPkgConfig-version.cmake
[2.710s] -- Up-to-date: /root/PILI_stealth_killer/pili_stealth_ws/install/userPkg/share/userPkg/package.xml
[2.711s] Invoked command in '/root/PILI_stealth_killer/pili_stealth_ws/build/userPkg' returned '0': CMAKE_PREFIX_PATH=/root/PILI_stealth_killer/pili_stealth_ws/install/more_interfaces:/root/PILI_stealth_killer/pili_stealth_ws/install/userPkg:/opt/ros/humble /usr/bin/cmake --install /root/PILI_stealth_killer/pili_stealth_ws/build/userPkg
