[0.491s] DEBUG:colcon:Command line arguments: ['/usr/bin/colcon', 'build', '--packages-select', 'command_interfaces']
[0.491s] DEBUG:colcon:Parsed command line arguments: Namespace(log_base=None, log_level=None, verb_name='build', build_base='build', install_base='install', merge_install=False, symlink_install=False, test_result_base=None, continue_on_error=False, executor='parallel', parallel_workers=8, event_handlers=None, ignore_user_meta=False, metas=['./colcon.meta'], base_paths=['.'], packages_ignore=None, packages_ignore_regex=None, paths=None, packages_up_to=None, packages_up_to_regex=None, packages_above=None, packages_above_and_dependencies=None, packages_above_depth=None, packages_select_by_dep=None, packages_skip_by_dep=None, packages_skip_up_to=None, packages_select_build_failed=False, packages_skip_build_finished=False, packages_select_test_failures=False, packages_skip_test_passed=False, packages_select=['command_interfaces'], packages_skip=None, packages_select_regex=None, packages_skip_regex=None, packages_start=None, packages_end=None, cmake_args=None, cmake_target=None, cmake_target_skip_unavailable=False, cmake_clean_cache=False, cmake_clean_first=False, cmake_force_configure=False, ament_cmake_args=None, catkin_cmake_args=None, catkin_skip_building_tests=False, mixin_files=None, mixin=None, verb_parser=<colcon_mixin.mixin.mixin_argument.MixinArgumentDecorator object at 0x705805200f40>, verb_extension=<colcon_core.verb.build.BuildVerb object at 0x705805236fe0>, main=<bound method BuildVerb.main of <colcon_core.verb.build.BuildVerb object at 0x705805236fe0>>, mixin_verb=('build',))
[0.515s] Level 1:colcon.colcon_core.package_discovery:discover_packages(colcon_meta) check parameters
[0.516s] INFO:colcon.colcon_metadata.package_discovery.colcon_meta:Using configuration from '/root/.colcon/metadata/default/Gazebo.meta'
[0.516s] INFO:colcon.colcon_metadata.package_discovery.colcon_meta:Using configuration from '/root/.colcon/metadata/default/fastrtps.meta'
[0.516s] Level 1:colcon.colcon_core.package_discovery:discover_packages(recursive) check parameters
[0.516s] Level 1:colcon.colcon_core.package_discovery:discover_packages(ignore) check parameters
[0.516s] Level 1:colcon.colcon_core.package_discovery:discover_packages(path) check parameters
[0.516s] Level 1:colcon.colcon_core.package_discovery:discover_packages(colcon_meta) discover
[0.516s] Level 1:colcon.colcon_core.package_discovery:discover_packages(recursive) discover
[0.516s] INFO:colcon.colcon_core.package_discovery:Crawling recursively for packages in '/root/PILI_stealth_killer/pili_stealth_ws'
[0.516s] Level 1:colcon.colcon_core.package_identification:_identify(.) by extensions ['ignore', 'ignore_ament_install']
[0.517s] Level 1:colcon.colcon_core.package_identification:_identify(.) by extension 'ignore'
[0.517s] Level 1:colcon.colcon_core.package_identification:_identify(.) by extension 'ignore_ament_install'
[0.517s] Level 1:colcon.colcon_core.package_identification:_identify(.) by extensions ['colcon_pkg']
[0.517s] Level 1:colcon.colcon_core.package_identification:_identify(.) by extension 'colcon_pkg'
[0.517s] Level 1:colcon.colcon_core.package_identification:_identify(.) by extensions ['colcon_meta']
[0.517s] Level 1:colcon.colcon_core.package_identification:_identify(.) by extension 'colcon_meta'
[0.517s] Level 1:colcon.colcon_core.package_identification:_identify(.) by extensions ['ros']
[0.517s] Level 1:colcon.colcon_core.package_identification:_identify(.) by extension 'ros'
[0.524s] Level 1:colcon.colcon_core.package_identification:_identify(.) by extensions ['cmake', 'python']
[0.524s] Level 1:colcon.colcon_core.package_identification:_identify(.) by extension 'cmake'
[0.524s] Level 1:colcon.colcon_core.package_identification:_identify(.) by extension 'python'
[0.524s] Level 1:colcon.colcon_core.package_identification:_identify(.) by extensions ['python_setup_py']
[0.524s] Level 1:colcon.colcon_core.package_identification:_identify(.) by extension 'python_setup_py'
[0.524s] Level 1:colcon.colcon_core.package_identification:_identify(build) by extensions ['ignore', 'ignore_ament_install']
[0.524s] Level 1:colcon.colcon_core.package_identification:_identify(build) by extension 'ignore'
[0.524s] Level 1:colcon.colcon_core.package_identification:_identify(build) ignored
[0.525s] Level 1:colcon.colcon_core.package_identification:_identify(install) by extensions ['ignore', 'ignore_ament_install']
[0.525s] Level 1:colcon.colcon_core.package_identification:_identify(install) by extension 'ignore'
[0.525s] Level 1:colcon.colcon_core.package_identification:_identify(install) ignored
[0.525s] Level 1:colcon.colcon_core.package_identification:_identify(log) by extensions ['ignore', 'ignore_ament_install']
[0.525s] Level 1:colcon.colcon_core.package_identification:_identify(log) by extension 'ignore'
[0.525s] Level 1:colcon.colcon_core.package_identification:_identify(log) ignored
[0.525s] Level 1:colcon.colcon_core.package_identification:_identify(src) by extensions ['ignore', 'ignore_ament_install']
[0.525s] Level 1:colcon.colcon_core.package_identification:_identify(src) by extension 'ignore'
[0.525s] Level 1:colcon.colcon_core.package_identification:_identify(src) by extension 'ignore_ament_install'
[0.525s] Level 1:colcon.colcon_core.package_identification:_identify(src) by extensions ['colcon_pkg']
[0.525s] Level 1:colcon.colcon_core.package_identification:_identify(src) by extension 'colcon_pkg'
[0.525s] Level 1:colcon.colcon_core.package_identification:_identify(src) by extensions ['colcon_meta']
[0.525s] Level 1:colcon.colcon_core.package_identification:_identify(src) by extension 'colcon_meta'
[0.525s] Level 1:colcon.colcon_core.package_identification:_identify(src) by extensions ['ros']
[0.525s] Level 1:colcon.colcon_core.package_identification:_identify(src) by extension 'ros'
[0.525s] Level 1:colcon.colcon_core.package_identification:_identify(src) by extensions ['cmake', 'python']
[0.525s] Level 1:colcon.colcon_core.package_identification:_identify(src) by extension 'cmake'
[0.525s] Level 1:colcon.colcon_core.package_identification:_identify(src) by extension 'python'
[0.525s] Level 1:colcon.colcon_core.package_identification:_identify(src) by extensions ['python_setup_py']
[0.525s] Level 1:colcon.colcon_core.package_identification:_identify(src) by extension 'python_setup_py'
[0.525s] Level 1:colcon.colcon_core.package_identification:_identify(src/command_interfaces) by extensions ['ignore', 'ignore_ament_install']
[0.525s] Level 1:colcon.colcon_core.package_identification:_identify(src/command_interfaces) by extension 'ignore'
[0.525s] Level 1:colcon.colcon_core.package_identification:_identify(src/command_interfaces) by extension 'ignore_ament_install'
[0.525s] Level 1:colcon.colcon_core.package_identification:_identify(src/command_interfaces) by extensions ['colcon_pkg']
[0.525s] Level 1:colcon.colcon_core.package_identification:_identify(src/command_interfaces) by extension 'colcon_pkg'
[0.525s] Level 1:colcon.colcon_core.package_identification:_identify(src/command_interfaces) by extensions ['colcon_meta']
[0.525s] Level 1:colcon.colcon_core.package_identification:_identify(src/command_interfaces) by extension 'colcon_meta'
[0.525s] Level 1:colcon.colcon_core.package_identification:_identify(src/command_interfaces) by extensions ['ros']
[0.525s] Level 1:colcon.colcon_core.package_identification:_identify(src/command_interfaces) by extension 'ros'
[0.527s] DEBUG:colcon.colcon_core.package_identification:Package 'src/command_interfaces' with type 'ros.ament_cmake' and name 'command_interfaces'
[0.527s] Level 1:colcon.colcon_core.package_discovery:discover_packages(recursive) using defaults
[0.527s] Level 1:colcon.colcon_core.package_discovery:discover_packages(ignore) discover
[0.527s] Level 1:colcon.colcon_core.package_discovery:discover_packages(ignore) using defaults
[0.527s] Level 1:colcon.colcon_core.package_discovery:discover_packages(path) discover
[0.527s] Level 1:colcon.colcon_core.package_discovery:discover_packages(path) using defaults
[0.562s] Level 5:colcon.colcon_core.verb:set package 'command_interfaces' build argument 'cmake_args' from command line to 'None'
[0.563s] Level 5:colcon.colcon_core.verb:set package 'command_interfaces' build argument 'cmake_target' from command line to 'None'
[0.563s] Level 5:colcon.colcon_core.verb:set package 'command_interfaces' build argument 'cmake_target_skip_unavailable' from command line to 'False'
[0.563s] Level 5:colcon.colcon_core.verb:set package 'command_interfaces' build argument 'cmake_clean_cache' from command line to 'False'
[0.563s] Level 5:colcon.colcon_core.verb:set package 'command_interfaces' build argument 'cmake_clean_first' from command line to 'False'
[0.563s] Level 5:colcon.colcon_core.verb:set package 'command_interfaces' build argument 'cmake_force_configure' from command line to 'False'
[0.563s] Level 5:colcon.colcon_core.verb:set package 'command_interfaces' build argument 'ament_cmake_args' from command line to 'None'
[0.563s] Level 5:colcon.colcon_core.verb:set package 'command_interfaces' build argument 'catkin_cmake_args' from command line to 'None'
[0.563s] Level 5:colcon.colcon_core.verb:set package 'command_interfaces' build argument 'catkin_skip_building_tests' from command line to 'False'
[0.563s] DEBUG:colcon.colcon_core.verb:Building package 'command_interfaces' with the following arguments: {'ament_cmake_args': None, 'build_base': '/root/PILI_stealth_killer/pili_stealth_ws/build/command_interfaces', 'catkin_cmake_args': None, 'catkin_skip_building_tests': False, 'cmake_args': None, 'cmake_clean_cache': False, 'cmake_clean_first': False, 'cmake_force_configure': False, 'cmake_target': None, 'cmake_target_skip_unavailable': False, 'install_base': '/root/PILI_stealth_killer/pili_stealth_ws/install/command_interfaces', 'merge_install': False, 'path': '/root/PILI_stealth_killer/pili_stealth_ws/src/command_interfaces', 'symlink_install': False, 'test_result_base': None}
[0.568s] INFO:colcon.colcon_core.executor:Executing jobs using 'parallel' executor
[0.575s] DEBUG:colcon.colcon_parallel_executor.executor.parallel:run_until_complete
[0.575s] INFO:colcon.colcon_ros.task.ament_cmake.build:Building ROS package in '/root/PILI_stealth_killer/pili_stealth_ws/src/command_interfaces' with build type 'ament_cmake'
[0.575s] INFO:colcon.colcon_cmake.task.cmake.build:Building CMake package in '/root/PILI_stealth_killer/pili_stealth_ws/src/command_interfaces'
[0.582s] INFO:colcon.colcon_core.plugin_system:Skipping extension 'colcon_core.shell.bat': Not used on non-Windows systems
[0.582s] INFO:colcon.colcon_core.shell:Skip shell extension 'powershell' for command environment: Not usable outside of PowerShell
[0.582s] DEBUG:colcon.colcon_core.shell:Skip shell extension 'dsv' for command environment
[0.605s] DEBUG:colcon.colcon_core.event_handler.log_command:Invoking command in '/root/PILI_stealth_killer/pili_stealth_ws/build/command_interfaces': CMAKE_PREFIX_PATH=/opt/ros/humble /usr/bin/cmake /root/PILI_stealth_killer/pili_stealth_ws/src/command_interfaces -DCMAKE_INSTALL_PREFIX=/root/PILI_stealth_killer/pili_stealth_ws/install/command_interfaces
[1.286s] DEBUG:colcon.colcon_core.event_handler.log_command:Invoked command in '/root/PILI_stealth_killer/pili_stealth_ws/build/command_interfaces' returned '0': CMAKE_PREFIX_PATH=/opt/ros/humble /usr/bin/cmake /root/PILI_stealth_killer/pili_stealth_ws/src/command_interfaces -DCMAKE_INSTALL_PREFIX=/root/PILI_stealth_killer/pili_stealth_ws/install/command_interfaces
[1.287s] DEBUG:colcon.colcon_core.event_handler.log_command:Invoking command in '/root/PILI_stealth_killer/pili_stealth_ws/build/command_interfaces': CMAKE_PREFIX_PATH=/opt/ros/humble /usr/bin/cmake --build /root/PILI_stealth_killer/pili_stealth_ws/build/command_interfaces -- -j8 -l8
[3.198s] DEBUG:colcon.colcon_core.event_handler.log_command:Invoked command in '/root/PILI_stealth_killer/pili_stealth_ws/build/command_interfaces' returned '0': CMAKE_PREFIX_PATH=/opt/ros/humble /usr/bin/cmake --build /root/PILI_stealth_killer/pili_stealth_ws/build/command_interfaces -- -j8 -l8
[3.251s] DEBUG:colcon.colcon_core.event_handler.log_command:Invoking command in '/root/PILI_stealth_killer/pili_stealth_ws/build/command_interfaces': CMAKE_PREFIX_PATH=/opt/ros/humble /usr/bin/cmake --install /root/PILI_stealth_killer/pili_stealth_ws/build/command_interfaces
[3.302s] Level 1:colcon.colcon_core.environment:create_environment_scripts_only(command_interfaces)
[3.303s] DEBUG:colcon.colcon_core.event_handler.log_command:Invoked command in '/root/PILI_stealth_killer/pili_stealth_ws/build/command_interfaces' returned '0': CMAKE_PREFIX_PATH=/opt/ros/humble /usr/bin/cmake --install /root/PILI_stealth_killer/pili_stealth_ws/build/command_interfaces
[3.310s] Level 1:colcon.colcon_core.environment:checking '/root/PILI_stealth_killer/pili_stealth_ws/install/command_interfaces' for CMake module files
[3.310s] Level 1:colcon.colcon_core.environment:checking '/root/PILI_stealth_killer/pili_stealth_ws/install/command_interfaces' for CMake config files
[3.311s] Level 1:colcon.colcon_core.shell:create_environment_hook('command_interfaces', 'cmake_prefix_path')
[3.316s] INFO:colcon.colcon_core.shell:Creating environment hook '/root/PILI_stealth_killer/pili_stealth_ws/install/command_interfaces/share/command_interfaces/hook/cmake_prefix_path.ps1'
[3.317s] INFO:colcon.colcon_core.shell:Creating environment descriptor '/root/PILI_stealth_killer/pili_stealth_ws/install/command_interfaces/share/command_interfaces/hook/cmake_prefix_path.dsv'
[3.317s] INFO:colcon.colcon_core.shell:Creating environment hook '/root/PILI_stealth_killer/pili_stealth_ws/install/command_interfaces/share/command_interfaces/hook/cmake_prefix_path.sh'
[3.318s] Level 1:colcon.colcon_core.environment:checking '/root/PILI_stealth_killer/pili_stealth_ws/install/command_interfaces/lib'
[3.318s] Level 1:colcon.colcon_core.shell:create_environment_hook('command_interfaces', 'ld_library_path_lib')
[3.323s] INFO:colcon.colcon_core.shell:Creating environment hook '/root/PILI_stealth_killer/pili_stealth_ws/install/command_interfaces/share/command_interfaces/hook/ld_library_path_lib.ps1'
[3.324s] INFO:colcon.colcon_core.shell:Creating environment descriptor '/root/PILI_stealth_killer/pili_stealth_ws/install/command_interfaces/share/command_interfaces/hook/ld_library_path_lib.dsv'
[3.324s] INFO:colcon.colcon_core.shell:Creating environment hook '/root/PILI_stealth_killer/pili_stealth_ws/install/command_interfaces/share/command_interfaces/hook/ld_library_path_lib.sh'
[3.324s] Level 1:colcon.colcon_core.environment:checking '/root/PILI_stealth_killer/pili_stealth_ws/install/command_interfaces/bin'
[3.324s] Level 1:colcon.colcon_core.environment:checking '/root/PILI_stealth_killer/pili_stealth_ws/install/command_interfaces/lib/pkgconfig/command_interfaces.pc'
[3.325s] Level 1:colcon.colcon_core.environment:checking '/root/PILI_stealth_killer/pili_stealth_ws/install/command_interfaces/lib/python3.10/site-packages'
[3.325s] Level 1:colcon.colcon_core.environment:checking '/root/PILI_stealth_killer/pili_stealth_ws/install/command_interfaces/bin'
[3.331s] INFO:colcon.colcon_core.shell:Creating package script '/root/PILI_stealth_killer/pili_stealth_ws/install/command_interfaces/share/command_interfaces/package.ps1'
[3.332s] INFO:colcon.colcon_core.shell:Creating package descriptor '/root/PILI_stealth_killer/pili_stealth_ws/install/command_interfaces/share/command_interfaces/package.dsv'
[3.332s] INFO:colcon.colcon_core.shell:Creating package script '/root/PILI_stealth_killer/pili_stealth_ws/install/command_interfaces/share/command_interfaces/package.sh'
[3.333s] INFO:colcon.colcon_core.shell:Creating package script '/root/PILI_stealth_killer/pili_stealth_ws/install/command_interfaces/share/command_interfaces/package.bash'
[3.333s] INFO:colcon.colcon_core.shell:Creating package script '/root/PILI_stealth_killer/pili_stealth_ws/install/command_interfaces/share/command_interfaces/package.zsh'
[3.333s] Level 1:colcon.colcon_core.environment:create_file_with_runtime_dependencies(/root/PILI_stealth_killer/pili_stealth_ws/install/command_interfaces/share/colcon-core/packages/command_interfaces)
[3.383s] Level 1:colcon.colcon_core.environment:create_environment_scripts_only(command_interfaces)
[3.388s] Level 1:colcon.colcon_core.environment:checking '/root/PILI_stealth_killer/pili_stealth_ws/install/command_interfaces' for CMake module files
[3.389s] Level 1:colcon.colcon_core.environment:checking '/root/PILI_stealth_killer/pili_stealth_ws/install/command_interfaces' for CMake config files
[3.389s] Level 1:colcon.colcon_core.shell:create_environment_hook('command_interfaces', 'cmake_prefix_path')
[3.394s] INFO:colcon.colcon_core.shell:Creating environment hook '/root/PILI_stealth_killer/pili_stealth_ws/install/command_interfaces/share/command_interfaces/hook/cmake_prefix_path.ps1'
[3.394s] INFO:colcon.colcon_core.shell:Creating environment descriptor '/root/PILI_stealth_killer/pili_stealth_ws/install/command_interfaces/share/command_interfaces/hook/cmake_prefix_path.dsv'
[3.395s] INFO:colcon.colcon_core.shell:Creating environment hook '/root/PILI_stealth_killer/pili_stealth_ws/install/command_interfaces/share/command_interfaces/hook/cmake_prefix_path.sh'
[3.395s] Level 1:colcon.colcon_core.environment:checking '/root/PILI_stealth_killer/pili_stealth_ws/install/command_interfaces/lib'
[3.395s] Level 1:colcon.colcon_core.shell:create_environment_hook('command_interfaces', 'ld_library_path_lib')
[3.400s] INFO:colcon.colcon_core.shell:Creating environment hook '/root/PILI_stealth_killer/pili_stealth_ws/install/command_interfaces/share/command_interfaces/hook/ld_library_path_lib.ps1'
[3.401s] INFO:colcon.colcon_core.shell:Creating environment descriptor '/root/PILI_stealth_killer/pili_stealth_ws/install/command_interfaces/share/command_interfaces/hook/ld_library_path_lib.dsv'
[3.401s] INFO:colcon.colcon_core.shell:Creating environment hook '/root/PILI_stealth_killer/pili_stealth_ws/install/command_interfaces/share/command_interfaces/hook/ld_library_path_lib.sh'
[3.401s] Level 1:colcon.colcon_core.environment:checking '/root/PILI_stealth_killer/pili_stealth_ws/install/command_interfaces/bin'
[3.401s] Level 1:colcon.colcon_core.environment:checking '/root/PILI_stealth_killer/pili_stealth_ws/install/command_interfaces/lib/pkgconfig/command_interfaces.pc'
[3.401s] Level 1:colcon.colcon_core.environment:checking '/root/PILI_stealth_killer/pili_stealth_ws/install/command_interfaces/lib/python3.10/site-packages'
[3.402s] Level 1:colcon.colcon_core.environment:checking '/root/PILI_stealth_killer/pili_stealth_ws/install/command_interfaces/bin'
[3.407s] INFO:colcon.colcon_core.shell:Creating package script '/root/PILI_stealth_killer/pili_stealth_ws/install/command_interfaces/share/command_interfaces/package.ps1'
[3.408s] INFO:colcon.colcon_core.shell:Creating package descriptor '/root/PILI_stealth_killer/pili_stealth_ws/install/command_interfaces/share/command_interfaces/package.dsv'
[3.408s] INFO:colcon.colcon_core.shell:Creating package script '/root/PILI_stealth_killer/pili_stealth_ws/install/command_interfaces/share/command_interfaces/package.sh'
[3.409s] INFO:colcon.colcon_core.shell:Creating package script '/root/PILI_stealth_killer/pili_stealth_ws/install/command_interfaces/share/command_interfaces/package.bash'
[3.409s] INFO:colcon.colcon_core.shell:Creating package script '/root/PILI_stealth_killer/pili_stealth_ws/install/command_interfaces/share/command_interfaces/package.zsh'
[3.409s] Level 1:colcon.colcon_core.environment:create_file_with_runtime_dependencies(/root/PILI_stealth_killer/pili_stealth_ws/install/command_interfaces/share/colcon-core/packages/command_interfaces)
[3.409s] DEBUG:colcon.colcon_parallel_executor.executor.parallel:closing loop
[3.409s] DEBUG:colcon.colcon_parallel_executor.executor.parallel:loop closed
[3.410s] DEBUG:colcon.colcon_parallel_executor.executor.parallel:run_until_complete finished with '0'
[3.410s] DEBUG:colcon.colcon_core.event_reactor:joining thread
[3.419s] INFO:colcon.colcon_core.plugin_system:Skipping extension 'colcon_notification.desktop_notification.notify_send': Could not find 'notify-send'
[3.419s] INFO:colcon.colcon_core.plugin_system:Skipping extension 'colcon_notification.desktop_notification.terminal_notifier': Not used on non-Darwin systems
[3.419s] INFO:colcon.colcon_core.plugin_system:Skipping extension 'colcon_notification.desktop_notification.win32': Not used on non-Windows systems
[3.419s] INFO:colcon.colcon_notification.desktop_notification:Sending desktop notification using 'notify2'
[3.419s] DEBUG:colcon.colcon_notification.desktop_notification.notify2:Failed to initialize notify2: org.freedesktop.DBus.Error.NotSupported: Unable to autolaunch a dbus-daemon without a $DISPLAY for X11
[3.419s] DEBUG:colcon.colcon_core.event_reactor:joined thread
[3.426s] INFO:colcon.colcon_core.shell:Creating prefix script '/root/PILI_stealth_killer/pili_stealth_ws/install/local_setup.ps1'
[3.426s] INFO:colcon.colcon_core.shell:Creating prefix util module '/root/PILI_stealth_killer/pili_stealth_ws/install/_local_setup_util_ps1.py'
[3.427s] INFO:colcon.colcon_core.shell:Creating prefix chain script '/root/PILI_stealth_killer/pili_stealth_ws/install/setup.ps1'
[3.434s] INFO:colcon.colcon_core.shell:Creating prefix script '/root/PILI_stealth_killer/pili_stealth_ws/install/local_setup.sh'
[3.434s] INFO:colcon.colcon_core.shell:Creating prefix util module '/root/PILI_stealth_killer/pili_stealth_ws/install/_local_setup_util_sh.py'
[3.434s] INFO:colcon.colcon_core.shell:Creating prefix chain script '/root/PILI_stealth_killer/pili_stealth_ws/install/setup.sh'
[3.442s] INFO:colcon.colcon_core.shell:Creating prefix script '/root/PILI_stealth_killer/pili_stealth_ws/install/local_setup.bash'
[3.443s] INFO:colcon.colcon_core.shell:Creating prefix chain script '/root/PILI_stealth_killer/pili_stealth_ws/install/setup.bash'
[3.449s] INFO:colcon.colcon_core.shell:Creating prefix script '/root/PILI_stealth_killer/pili_stealth_ws/install/local_setup.zsh'
[3.449s] INFO:colcon.colcon_core.shell:Creating prefix chain script '/root/PILI_stealth_killer/pili_stealth_ws/install/setup.zsh'
